[35m[Appium][39m Welcome to Appium v1.22.0
[35m[Appium][39m Non-default server args:
[35m[Appium][39m   port: 53901
[35m[Appium][39m   loglevel: info
[35m[Appium][39m   tmpDir: C:\Users\Owner\AppData\Local\Temp\\Katalon\Appium\Temp1638753849346
[35m[Appium][39m   chromedriverPort: 53902
[35m[Appium][39m Deprecated server args:
[35m[Appium][39m   [31m--chromedriver-port[39m => --default-capabilities
[35m[Appium][39m Default capabilities, which will be added to each request unless overridden by desired capabilities:
[35m[Appium][39m   chromedriverPort: 53902
[35m[Appium][39m Appium REST http interface listener started on 0.0.0.0:53901
[35m[HTTP][39m [37m-->[39m [37mGET[39m [37m/wd/hub/status[39m
[35m[HTTP][39m [90m{}[39m
[35m[HTTP][39m [37m<-- GET /wd/hub/status [39m[32m200[39m [90m15 ms - 68[39m
[35m[HTTP][39m [90m[39m
[35m[HTTP][39m [37m-->[39m [37mPOST[39m [37m/wd/hub/session[39m
[35m[HTTP][39m [90m{"desiredCapabilities":{"appActivity":".Settings","appPackage":"com.android.settings","newCommandTimeout":1800,"platformVersion":"11","automationName":"uiautomator2","autoGrantPermissions":true,"platformName":"Android","udid":"RR8M40C9AXE","deviceName":"samsung SM-A205F (Android 11)","platform":"ANDROID","systemPort":8286},"capabilities":{"firstMatch":[{"appium:appActivity":".Settings","appium:appPackage":"com.android.settings","appium:autoGrantPermissions":true,"appium:automationName":"uiautomator2","appium:deviceName":"samsung SM-A205F (Android 11)","appium:newCommandTimeout":1800,"platform":"ANDROID","platformName":"android","appium:platformVersion":"11","appium:systemPort":8286,"appium:udid":"RR8M40C9AXE"}]}}[39m
[35m[BaseDriver][39m The following capabilities are not standard capabilities and should have an extension prefix:
[35m[BaseDriver][39m   platform
[35m[BaseDriver][39m   chromedriverPort
[35m[Appium][39m Appium v1.22.0 creating new AndroidUiautomator2Driver (v1.69.0) session
[35m[BaseDriver][39m The following capabilities were provided, but are not recognized by Appium:
[35m[BaseDriver][39m   platform
[35m[BaseDriver][39m Session created with session id: fa5713db-1623-4b6e-9ae4-82e551c1a3be
[35m[UiAutomator2][39m Starting 'com.android.settings' directly on the device
[35m[ADB][39m Found 1 'build-tools' folders under 'C:\Users\Owner\.katalon\tools\android_sdk' (newest first):
[35m[ADB][39m     C:/Users/Owner/.katalon/tools/android_sdk/build-tools/29.0.3
[35m[ADB][39m Using 'adb.exe' from 'C:\Users\Owner\.katalon\tools\android_sdk\platform-tools\adb.exe'
[35m[AndroidDriver][39m Retrieving device list
[35m[AndroidDriver][39m Using device: RR8M40C9AXE
[35m[ADB][39m Using 'adb.exe' from 'C:\Users\Owner\.katalon\tools\android_sdk\platform-tools\adb.exe'
[35m[ADB][39m Getting device platform version
[35m[UiAutomator2][39m Relaxing hidden api policy
[35m[AndroidDriver][39m No app sent in, not parsing package/activity
[35m[ADB][39m Using 'apksigner.jar' from 'C:\Users\Owner\.katalon\tools\android_sdk\build-tools\29.0.3\lib\apksigner.jar'
[35m[ADB][39m 'C:\Users\Owner\AppData\Roaming\npm\node_modules\appium\node_modules\appium-uiautomator2-server\apks\appium-uiautomator2-server-v4.24.0.apk' is signed with the default certificate
[35m[ADB][39m 'C:\Users\Owner\AppData\Roaming\npm\node_modules\appium\node_modules\appium-uiautomator2-server\apks\appium-uiautomator2-server-debug-androidTest.apk' is signed with the default certificate
[35m[UiAutomator2][39m Server packages are not going to be (re)installed
[35m[ADB][39m Adding packages ["io.appium.settings","io.appium.uiautomator2.server","io.appium.uiautomator2.server.test"] to Doze whitelist
[35m[ADB][39m com.android.settings contains no permissions available for granting
[35m[UiAutomator2][39m Starting UIAutomator2 server 4.24.0
[35m[UiAutomator2][39m Using UIAutomator2 server from 'C:\Users\Owner\AppData\Roaming\npm\node_modules\appium\node_modules\appium-uiautomator2-server\apks\appium-uiautomator2-server-v4.24.0.apk' and test from 'C:\Users\Owner\AppData\Roaming\npm\node_modules\appium\node_modules\appium-uiautomator2-server\apks\appium-uiautomator2-server-debug-androidTest.apk'
[35m[UiAutomator2][39m Waiting up to 30000ms for UiAutomator2 to be online...
[35m[WD Proxy][39m socket hang up
[35m[WD Proxy][39m socket hang up
[35m[WD Proxy][39m socket hang up
[35m[WD Proxy][39m Determined the downstream protocol as 'W3C'
[35m[AndroidDriver][39m Screen already unlocked, doing nothing
[35m[UiAutomator2][39m Starting 'com.android.settings/.Settings and waiting for 'com.android.settings/.Settings'
[35m[Appium][39m New AndroidUiautomator2Driver session created successfully, session fa5713db-1623-4b6e-9ae4-82e551c1a3be added to master session list
[35m[HTTP][39m [37m<-- POST /wd/hub/session [39m[32m200[39m [90m11927 ms - 1155[39m
[35m[HTTP][39m [90m[39m
[35m[HTTP][39m [37m-->[39m [37mGET[39m [37m/wd/hub/session/fa5713db-1623-4b6e-9ae4-82e551c1a3be[39m
[35m[HTTP][39m [90m{}[39m
[35m[HTTP][39m [37m<-- GET /wd/hub/session/fa5713db-1623-4b6e-9ae4-82e551c1a3be [39m[32m200[39m [90m27 ms - 1109[39m
[35m[HTTP][39m [90m[39m
[35m[HTTP][39m [37m-->[39m [37mGET[39m [37m/wd/hub/session/fa5713db-1623-4b6e-9ae4-82e551c1a3be[39m
[35m[HTTP][39m [90m{}[39m
[35m[HTTP][39m [37m<-- GET /wd/hub/session/fa5713db-1623-4b6e-9ae4-82e551c1a3be [39m[32m200[39m [90m17 ms - 1109[39m
[35m[HTTP][39m [90m[39m
[35m[HTTP][39m [37m-->[39m [37mGET[39m [37m/wd/hub/status[39m
[35m[HTTP][39m [90m{}[39m
[35m[HTTP][39m [37m<-- GET /wd/hub/status [39m[32m200[39m [90m1 ms - 68[39m
[35m[HTTP][39m [90m[39m
[35m[HTTP][39m [37m-->[39m [37mPOST[39m [37m/wd/hub/session/fa5713db-1623-4b6e-9ae4-82e551c1a3be/timeouts[39m
[35m[HTTP][39m [90m{"implicit":60000}[39m
[35m[HTTP][39m [37m<-- POST /wd/hub/session/fa5713db-1623-4b6e-9ae4-82e551c1a3be/timeouts [39m[32m200[39m [90m2 ms - 14[39m
[35m[HTTP][39m [90m[39m
[35m[HTTP][39m [37m-->[39m [37mGET[39m [37m/wd/hub/session/fa5713db-1623-4b6e-9ae4-82e551c1a3be/screenshot[39m
[35m[HTTP][39m [90m{}[39m
[35m[HTTP][39m [37m<-- GET /wd/hub/session/fa5713db-1623-4b6e-9ae4-82e551c1a3be/screenshot [39m[32m200[39m [90m515 ms - 126352[39m
[35m[HTTP][39m [90m[39m
[35m[HTTP][39m [37m-->[39m [37mGET[39m [37m/wd/hub/session/fa5713db-1623-4b6e-9ae4-82e551c1a3be/window/rect[39m
[35m[HTTP][39m [90m{}[39m
[35m[HTTP][39m [37m<-- GET /wd/hub/session/fa5713db-1623-4b6e-9ae4-82e551c1a3be/window/rect [39m[32m200[39m [90m27 ms - 49[39m
[35m[HTTP][39m [90m[39m
[35m[HTTP][39m [37m-->[39m [37mGET[39m [37m/wd/hub/session/fa5713db-1623-4b6e-9ae4-82e551c1a3be/appium/device/system_bars[39m
[35m[HTTP][39m [90m{}[39m
[35m[HTTP][39m [37m<-- GET /wd/hub/session/fa5713db-1623-4b6e-9ae4-82e551c1a3be/appium/device/system_bars [39m[32m200[39m [90m164 ms - 145[39m
[35m[HTTP][39m [90m[39m
[35m[HTTP][39m [37m-->[39m [37mPOST[39m [37m/wd/hub/session/fa5713db-1623-4b6e-9ae4-82e551c1a3be/appium/device/activate_app[39m
[35m[HTTP][39m [90m{"bundleId":"id.co.miraeasset.sageclub"}[39m
[35m[HTTP][39m [37m<-- POST /wd/hub/session/fa5713db-1623-4b6e-9ae4-82e551c1a3be/appium/device/activate_app [39m[32m200[39m [90m831 ms - 14[39m
[35m[HTTP][39m [90m[39m
[35m[HTTP][39m [37m-->[39m [37mPOST[39m [37m/wd/hub/session/fa5713db-1623-4b6e-9ae4-82e551c1a3be/timeouts[39m
[35m[HTTP][39m [90m{"implicit":50}[39m
[35m[HTTP][39m [37m<-- POST /wd/hub/session/fa5713db-1623-4b6e-9ae4-82e551c1a3be/timeouts [39m[32m200[39m [90m1 ms - 14[39m
[35m[HTTP][39m [90m[39m
[35m[HTTP][39m [37m-->[39m [37mGET[39m [37m/wd/hub/session/fa5713db-1623-4b6e-9ae4-82e551c1a3be/window/rect[39m
[35m[HTTP][39m [90m{}[39m
[35m[HTTP][39m [37m<-- GET /wd/hub/session/fa5713db-1623-4b6e-9ae4-82e551c1a3be/window/rect [39m[32m200[39m [90m35 ms - 49[39m
[35m[HTTP][39m [90m[39m
[35m[HTTP][39m [37m-->[39m [37mPOST[39m [37m/wd/hub/session/fa5713db-1623-4b6e-9ae4-82e551c1a3be/elements[39m
[35m[HTTP][39m [90m{"using":"xpath","value":"//hierarchy/android.widget.FrameLayout[1]/android.widget.LinearLayout[1]/android.widget.FrameLayout[1]/android.widget.FrameLayout[1]/android.widget.FrameLayout[1]/android.widget.FrameLayout[1]/android.view.View[1]/android.view.View[1]/android.view.View[1]/android.view.View[1]/android.view.View[1]/android.widget.Button[1]"}[39m
[35m[HTTP][39m [37m<-- POST /wd/hub/session/fa5713db-1623-4b6e-9ae4-82e551c1a3be/elements [39m[32m200[39m [90m1170 ms - 139[39m
[35m[HTTP][39m [90m[39m
[35m[HTTP][39m [37m-->[39m [37mGET[39m [37m/wd/hub/session/fa5713db-1623-4b6e-9ae4-82e551c1a3be/element/00000000-0000-05aa-0000-000800000005/location[39m
[35m[HTTP][39m [90m{}[39m
[35m[W3C (fa5713db)][39m Driver proxy active, passing request on via HTTP proxy
[35m[WD Proxy][39m Replacing sessionId 07da0775-c3e3-4f66-bcce-073e0a2c2b82 with fa5713db-1623-4b6e-9ae4-82e551c1a3be
[35m[HTTP][39m [37m<-- GET /wd/hub/session/fa5713db-1623-4b6e-9ae4-82e551c1a3be/element/00000000-0000-05aa-0000-000800000005/location [39m[32m200[39m [90m42 ms - 77[39m
[35m[HTTP][39m [90m[39m
[35m[HTTP][39m [37m-->[39m [37mPOST[39m [37m/wd/hub/session/fa5713db-1623-4b6e-9ae4-82e551c1a3be/timeouts[39m
[35m[HTTP][39m [90m{"implicit":60000}[39m
[35m[HTTP][39m [37m<-- POST /wd/hub/session/fa5713db-1623-4b6e-9ae4-82e551c1a3be/timeouts [39m[32m200[39m [90m1 ms - 14[39m
[35m[HTTP][39m [90m[39m
[35m[HTTP][39m [37m-->[39m [37mPOST[39m [37m/wd/hub/session/fa5713db-1623-4b6e-9ae4-82e551c1a3be/timeouts[39m
[35m[HTTP][39m [90m{"implicit":50}[39m
[35m[HTTP][39m [37m<-- POST /wd/hub/session/fa5713db-1623-4b6e-9ae4-82e551c1a3be/timeouts [39m[32m200[39m [90m1 ms - 14[39m
[35m[HTTP][39m [90m[39m
[35m[HTTP][39m [37m-->[39m [37mGET[39m [37m/wd/hub/session/fa5713db-1623-4b6e-9ae4-82e551c1a3be/window/rect[39m
[35m[HTTP][39m [90m{}[39m
[35m[HTTP][39m [37m<-- GET /wd/hub/session/fa5713db-1623-4b6e-9ae4-82e551c1a3be/window/rect [39m[32m200[39m [90m24 ms - 49[39m
[35m[HTTP][39m [90m[39m
[35m[HTTP][39m [37m-->[39m [37mPOST[39m [37m/wd/hub/session/fa5713db-1623-4b6e-9ae4-82e551c1a3be/elements[39m
[35m[HTTP][39m [90m{"using":"xpath","value":"//hierarchy/android.widget.FrameLayout[1]/android.widget.LinearLayout[1]/android.widget.FrameLayout[1]/android.widget.FrameLayout[1]/android.widget.FrameLayout[1]/android.widget.FrameLayout[1]/android.view.View[1]/android.view.View[1]/android.view.View[1]/android.view.View[1]/android.view.View[1]/android.widget.EditText[1]"}[39m
[35m[HTTP][39m [37m<-- POST /wd/hub/session/fa5713db-1623-4b6e-9ae4-82e551c1a3be/elements [39m[32m200[39m [90m113 ms - 139[39m
[35m[HTTP][39m [90m[39m
[35m[HTTP][39m [37m-->[39m [37mGET[39m [37m/wd/hub/session/fa5713db-1623-4b6e-9ae4-82e551c1a3be/element/00000000-0000-05aa-0000-000500000005/location[39m
[35m[HTTP][39m [90m{}[39m
[35m[W3C (fa5713db)][39m Driver proxy active, passing request on via HTTP proxy
[35m[WD Proxy][39m Replacing sessionId 07da0775-c3e3-4f66-bcce-073e0a2c2b82 with fa5713db-1623-4b6e-9ae4-82e551c1a3be
[35m[HTTP][39m [37m<-- GET /wd/hub/session/fa5713db-1623-4b6e-9ae4-82e551c1a3be/element/00000000-0000-05aa-0000-000500000005/location [39m[32m200[39m [90m27 ms - 77[39m
[35m[HTTP][39m [90m[39m
[35m[HTTP][39m [37m-->[39m [37mPOST[39m [37m/wd/hub/session/fa5713db-1623-4b6e-9ae4-82e551c1a3be/timeouts[39m
[35m[HTTP][39m [90m{"implicit":60000}[39m
[35m[HTTP][39m [37m<-- POST /wd/hub/session/fa5713db-1623-4b6e-9ae4-82e551c1a3be/timeouts [39m[32m200[39m [90m1 ms - 14[39m
[35m[HTTP][39m [90m[39m
[35m[HTTP][39m [37m-->[39m [37mPOST[39m [37m/wd/hub/session/fa5713db-1623-4b6e-9ae4-82e551c1a3be/touch/perform[39m
[35m[HTTP][39m [90m{"actions":[{"action":"tap","options":{"x":1,"y":1,"element":"00000000-0000-05aa-0000-000500000005"}},{"action":"release","options":{}}]}[39m
[35m[UiAutomator2][39m calling get location: 00000000-0000-05aa-0000-000500000005
[35m[HTTP][39m [37m<-- POST /wd/hub/session/fa5713db-1623-4b6e-9ae4-82e551c1a3be/touch/perform [39m[32m200[39m [90m245 ms - 14[39m
[35m[HTTP][39m [90m[39m
[35m[HTTP][39m [37m-->[39m [37mPOST[39m [37m/wd/hub/session/fa5713db-1623-4b6e-9ae4-82e551c1a3be/timeouts[39m
[35m[HTTP][39m [90m{"implicit":50}[39m
[35m[HTTP][39m [37m<-- POST /wd/hub/session/fa5713db-1623-4b6e-9ae4-82e551c1a3be/timeouts [39m[32m200[39m [90m1 ms - 14[39m
[35m[HTTP][39m [90m[39m
[35m[HTTP][39m [37m-->[39m [37mGET[39m [37m/wd/hub/session/fa5713db-1623-4b6e-9ae4-82e551c1a3be/window/rect[39m
[35m[HTTP][39m [90m{}[39m
[35m[HTTP][39m [37m<-- GET /wd/hub/session/fa5713db-1623-4b6e-9ae4-82e551c1a3be/window/rect [39m[32m200[39m [90m46 ms - 49[39m
[35m[HTTP][39m [90m[39m
[35m[HTTP][39m [37m-->[39m [37mPOST[39m [37m/wd/hub/session/fa5713db-1623-4b6e-9ae4-82e551c1a3be/elements[39m
[35m[HTTP][39m [90m{"using":"xpath","value":"//hierarchy/android.widget.FrameLayout[1]/android.widget.LinearLayout[1]/android.widget.FrameLayout[1]/android.widget.FrameLayout[1]/android.widget.FrameLayout[1]/android.widget.FrameLayout[1]/android.view.View[1]/android.view.View[1]/android.view.View[1]/android.view.View[1]/android.widget.ScrollView[1]/android.widget.EditText[1]"}[39m
[35m[HTTP][39m [37m<-- POST /wd/hub/session/fa5713db-1623-4b6e-9ae4-82e551c1a3be/elements [39m[32m200[39m [90m367 ms - 139[39m
[35m[HTTP][39m [90m[39m
[35m[HTTP][39m [37m-->[39m [37mGET[39m [37m/wd/hub/session/fa5713db-1623-4b6e-9ae4-82e551c1a3be/element/00000000-0000-05aa-0000-000500000005/location[39m
[35m[HTTP][39m [90m{}[39m
[35m[W3C (fa5713db)][39m Driver proxy active, passing request on via HTTP proxy
[35m[WD Proxy][39m Replacing sessionId 07da0775-c3e3-4f66-bcce-073e0a2c2b82 with fa5713db-1623-4b6e-9ae4-82e551c1a3be
[35m[HTTP][39m [37m<-- GET /wd/hub/session/fa5713db-1623-4b6e-9ae4-82e551c1a3be/element/00000000-0000-05aa-0000-000500000005/location [39m[32m200[39m [90m23 ms - 77[39m
[35m[HTTP][39m [90m[39m
[35m[HTTP][39m [37m-->[39m [37mPOST[39m [37m/wd/hub/session/fa5713db-1623-4b6e-9ae4-82e551c1a3be/timeouts[39m
[35m[HTTP][39m [90m{"implicit":60000}[39m
[35m[HTTP][39m [37m<-- POST /wd/hub/session/fa5713db-1623-4b6e-9ae4-82e551c1a3be/timeouts [39m[32m200[39m [90m1 ms - 14[39m
[35m[HTTP][39m [90m[39m
[35m[HTTP][39m [37m-->[39m [37mPOST[39m [37m/wd/hub/session/fa5713db-1623-4b6e-9ae4-82e551c1a3be/element/00000000-0000-05aa-0000-000500000005/clear[39m
[35m[HTTP][39m [90m{"id":"00000000-0000-05aa-0000-000500000005"}[39m
[35m[HTTP][39m [37m<-- POST /wd/hub/session/fa5713db-1623-4b6e-9ae4-82e551c1a3be/element/00000000-0000-05aa-0000-000500000005/clear [39m[32m200[39m [90m34 ms - 14[39m
[35m[HTTP][39m [90m[39m
[35m[HTTP][39m [37m-->[39m [37mPOST[39m [37m/wd/hub/session/fa5713db-1623-4b6e-9ae4-82e551c1a3be/element/00000000-0000-05aa-0000-000500000005/value[39m
[35m[HTTP][39m [90m{"id":"00000000-0000-05aa-0000-000500000005","text":"anggaaditya","value":["a","n","g","g","a","a","d","i","t","y","a"]}[39m
[35m[HTTP][39m [37m<-- POST /wd/hub/session/fa5713db-1623-4b6e-9ae4-82e551c1a3be/element/00000000-0000-05aa-0000-000500000005/value [39m[32m200[39m [90m61 ms - 14[39m
[35m[HTTP][39m [90m[39m
[35m[HTTP][39m [37m-->[39m [37mGET[39m [37m/wd/hub/session/fa5713db-1623-4b6e-9ae4-82e551c1a3be/context[39m
[35m[HTTP][39m [90m{}[39m
[35m[HTTP][39m [37m<-- GET /wd/hub/session/fa5713db-1623-4b6e-9ae4-82e551c1a3be/context [39m[32m200[39m [90m1 ms - 22[39m
[35m[HTTP][39m [90m[39m
[35m[HTTP][39m [37m-->[39m [37mGET[39m [37m/wd/hub/session/fa5713db-1623-4b6e-9ae4-82e551c1a3be/contexts[39m
[35m[HTTP][39m [90m{}[39m
[35m[HTTP][39m [37m<-- GET /wd/hub/session/fa5713db-1623-4b6e-9ae4-82e551c1a3be/contexts [39m[32m200[39m [90m156 ms - 24[39m
[35m[HTTP][39m [90m[39m
[35m[HTTP][39m [37m-->[39m [37mPOST[39m [37m/wd/hub/session/fa5713db-1623-4b6e-9ae4-82e551c1a3be/context[39m
[35m[HTTP][39m [90m{"name":"NATIVE_APP"}[39m
[35m[HTTP][39m [37m<-- POST /wd/hub/session/fa5713db-1623-4b6e-9ae4-82e551c1a3be/context [39m[32m200[39m [90m1 ms - 14[39m
[35m[HTTP][39m [90m[39m
[35m[HTTP][39m [37m-->[39m [37mPOST[39m [37m/wd/hub/session/fa5713db-1623-4b6e-9ae4-82e551c1a3be/appium/device/hide_keyboard[39m
[35m[HTTP][39m [90m{}[39m
[35m[HTTP][39m [37m<-- POST /wd/hub/session/fa5713db-1623-4b6e-9ae4-82e551c1a3be/appium/device/hide_keyboard [39m[32m200[39m [90m3371 ms - 14[39m
[35m[HTTP][39m [90m[39m
[35m[HTTP][39m [37m-->[39m [37mPOST[39m [37m/wd/hub/session/fa5713db-1623-4b6e-9ae4-82e551c1a3be/context[39m
[35m[HTTP][39m [90m{"name":"NATIVE_APP"}[39m
[35m[HTTP][39m [37m<-- POST /wd/hub/session/fa5713db-1623-4b6e-9ae4-82e551c1a3be/context [39m[32m200[39m [90m1 ms - 14[39m
[35m[HTTP][39m [90m[39m
[35m[HTTP][39m [37m-->[39m [37mPOST[39m [37m/wd/hub/session/fa5713db-1623-4b6e-9ae4-82e551c1a3be/timeouts[39m
[35m[HTTP][39m [90m{"implicit":50}[39m
[35m[HTTP][39m [37m<-- POST /wd/hub/session/fa5713db-1623-4b6e-9ae4-82e551c1a3be/timeouts [39m[32m200[39m [90m1 ms - 14[39m
[35m[HTTP][39m [90m[39m
[35m[HTTP][39m [37m-->[39m [37mGET[39m [37m/wd/hub/session/fa5713db-1623-4b6e-9ae4-82e551c1a3be/window/rect[39m
[35m[HTTP][39m [90m{}[39m
[35m[HTTP][39m [37m<-- GET /wd/hub/session/fa5713db-1623-4b6e-9ae4-82e551c1a3be/window/rect [39m[32m200[39m [90m26 ms - 49[39m
[35m[HTTP][39m [90m[39m
[35m[HTTP][39m [37m-->[39m [37mPOST[39m [37m/wd/hub/session/fa5713db-1623-4b6e-9ae4-82e551c1a3be/elements[39m
[35m[HTTP][39m [90m{"using":"xpath","value":"//hierarchy/android.widget.FrameLayout[1]/android.widget.LinearLayout[1]/android.widget.FrameLayout[1]/android.widget.FrameLayout[1]/android.widget.FrameLayout[1]/android.widget.FrameLayout[1]/android.view.View[1]/android.view.View[1]/android.view.View[1]/android.view.View[1]/android.view.View[1]/android.widget.EditText[2]"}[39m
[35m[HTTP][39m [37m<-- POST /wd/hub/session/fa5713db-1623-4b6e-9ae4-82e551c1a3be/elements [39m[32m200[39m [90m121 ms - 139[39m
[35m[HTTP][39m [90m[39m
[35m[HTTP][39m [37m-->[39m [37mGET[39m [37m/wd/hub/session/fa5713db-1623-4b6e-9ae4-82e551c1a3be/element/00000000-0000-05aa-0000-000600000005/location[39m
[35m[HTTP][39m [90m{}[39m
[35m[W3C (fa5713db)][39m Driver proxy active, passing request on via HTTP proxy
[35m[WD Proxy][39m Replacing sessionId 07da0775-c3e3-4f66-bcce-073e0a2c2b82 with fa5713db-1623-4b6e-9ae4-82e551c1a3be
[35m[HTTP][39m [37m<-- GET /wd/hub/session/fa5713db-1623-4b6e-9ae4-82e551c1a3be/element/00000000-0000-05aa-0000-000600000005/location [39m[32m200[39m [90m27 ms - 77[39m
[35m[HTTP][39m [90m[39m
[35m[HTTP][39m [37m-->[39m [37mPOST[39m [37m/wd/hub/session/fa5713db-1623-4b6e-9ae4-82e551c1a3be/timeouts[39m
[35m[HTTP][39m [90m{"implicit":60000}[39m
[35m[HTTP][39m [37m<-- POST /wd/hub/session/fa5713db-1623-4b6e-9ae4-82e551c1a3be/timeouts [39m[32m200[39m [90m1 ms - 14[39m
[35m[HTTP][39m [90m[39m
[35m[HTTP][39m [37m-->[39m [37mPOST[39m [37m/wd/hub/session/fa5713db-1623-4b6e-9ae4-82e551c1a3be/touch/perform[39m
[35m[HTTP][39m [90m{"actions":[{"action":"tap","options":{"x":1,"y":1,"element":"00000000-0000-05aa-0000-000600000005"}},{"action":"release","options":{}}]}[39m
[35m[UiAutomator2][39m calling get location: 00000000-0000-05aa-0000-000600000005
[35m[HTTP][39m [37m<-- POST /wd/hub/session/fa5713db-1623-4b6e-9ae4-82e551c1a3be/touch/perform [39m[32m200[39m [90m204 ms - 14[39m
[35m[HTTP][39m [90m[39m
[35m[HTTP][39m [37m-->[39m [37mPOST[39m [37m/wd/hub/session/fa5713db-1623-4b6e-9ae4-82e551c1a3be/timeouts[39m
[35m[HTTP][39m [90m{"implicit":50}[39m
[35m[HTTP][39m [37m<-- POST /wd/hub/session/fa5713db-1623-4b6e-9ae4-82e551c1a3be/timeouts [39m[32m200[39m [90m1 ms - 14[39m
[35m[HTTP][39m [90m[39m
[35m[HTTP][39m [37m-->[39m [37mGET[39m [37m/wd/hub/session/fa5713db-1623-4b6e-9ae4-82e551c1a3be/window/rect[39m
[35m[HTTP][39m [90m{}[39m
[35m[HTTP][39m [37m<-- GET /wd/hub/session/fa5713db-1623-4b6e-9ae4-82e551c1a3be/window/rect [39m[32m200[39m [90m25 ms - 49[39m
[35m[HTTP][39m [90m[39m
[35m[HTTP][39m [37m-->[39m [37mPOST[39m [37m/wd/hub/session/fa5713db-1623-4b6e-9ae4-82e551c1a3be/elements[39m
[35m[HTTP][39m [90m{"using":"xpath","value":"//hierarchy/android.widget.FrameLayout[1]/android.widget.LinearLayout[1]/android.widget.FrameLayout[1]/android.widget.FrameLayout[1]/android.widget.FrameLayout[1]/android.widget.FrameLayout[1]/android.view.View[1]/android.view.View[1]/android.view.View[1]/android.view.View[1]/android.widget.ScrollView[1]/android.widget.EditText[2]"}[39m
[35m[HTTP][39m [37m<-- POST /wd/hub/session/fa5713db-1623-4b6e-9ae4-82e551c1a3be/elements [39m[32m200[39m [90m249 ms - 139[39m
[35m[HTTP][39m [90m[39m
[35m[HTTP][39m [37m-->[39m [37mGET[39m [37m/wd/hub/session/fa5713db-1623-4b6e-9ae4-82e551c1a3be/element/00000000-0000-05aa-0000-000600000005/location[39m
[35m[HTTP][39m [90m{}[39m
[35m[W3C (fa5713db)][39m Driver proxy active, passing request on via HTTP proxy
[35m[WD Proxy][39m Replacing sessionId 07da0775-c3e3-4f66-bcce-073e0a2c2b82 with fa5713db-1623-4b6e-9ae4-82e551c1a3be
[35m[HTTP][39m [37m<-- GET /wd/hub/session/fa5713db-1623-4b6e-9ae4-82e551c1a3be/element/00000000-0000-05aa-0000-000600000005/location [39m[32m200[39m [90m26 ms - 77[39m
[35m[HTTP][39m [90m[39m
[35m[HTTP][39m [37m-->[39m [37mPOST[39m [37m/wd/hub/session/fa5713db-1623-4b6e-9ae4-82e551c1a3be/timeouts[39m
[35m[HTTP][39m [90m{"implicit":60000}[39m
[35m[HTTP][39m [37m<-- POST /wd/hub/session/fa5713db-1623-4b6e-9ae4-82e551c1a3be/timeouts [39m[32m200[39m [90m1 ms - 14[39m
[35m[HTTP][39m [90m[39m
[35m[HTTP][39m [37m-->[39m [37mPOST[39m [37m/wd/hub/session/fa5713db-1623-4b6e-9ae4-82e551c1a3be/element/00000000-0000-05aa-0000-000600000005/clear[39m
[35m[HTTP][39m [90m{"id":"00000000-0000-05aa-0000-000600000005"}[39m
[35m[HTTP][39m [37m<-- POST /wd/hub/session/fa5713db-1623-4b6e-9ae4-82e551c1a3be/element/00000000-0000-05aa-0000-000600000005/clear [39m[32m200[39m [90m44 ms - 14[39m
[35m[HTTP][39m [90m[39m
[35m[HTTP][39m [37m-->[39m [37mPOST[39m [37m/wd/hub/session/fa5713db-1623-4b6e-9ae4-82e551c1a3be/element/00000000-0000-05aa-0000-000600000005/value[39m
[35m[HTTP][39m [90m{"id":"00000000-0000-05aa-0000-000600000005","text":"Shalawa18","value":["S","h","a","l","a","w","a","1","8"]}[39m
[35m[HTTP][39m [37m<-- POST /wd/hub/session/fa5713db-1623-4b6e-9ae4-82e551c1a3be/element/00000000-0000-05aa-0000-000600000005/value [39m[32m200[39m [90m97 ms - 14[39m
[35m[HTTP][39m [90m[39m
[35m[HTTP][39m [37m-->[39m [37mGET[39m [37m/wd/hub/session/fa5713db-1623-4b6e-9ae4-82e551c1a3be/context[39m
[35m[HTTP][39m [90m{}[39m
[35m[HTTP][39m [37m<-- GET /wd/hub/session/fa5713db-1623-4b6e-9ae4-82e551c1a3be/context [39m[32m200[39m [90m1 ms - 22[39m
[35m[HTTP][39m [90m[39m
[35m[HTTP][39m [37m-->[39m [37mGET[39m [37m/wd/hub/session/fa5713db-1623-4b6e-9ae4-82e551c1a3be/contexts[39m
[35m[HTTP][39m [90m{}[39m
[35m[HTTP][39m [37m<-- GET /wd/hub/session/fa5713db-1623-4b6e-9ae4-82e551c1a3be/contexts [39m[32m200[39m [90m149 ms - 24[39m
[35m[HTTP][39m [90m[39m
[35m[HTTP][39m [37m-->[39m [37mPOST[39m [37m/wd/hub/session/fa5713db-1623-4b6e-9ae4-82e551c1a3be/context[39m
[35m[HTTP][39m [90m{"name":"NATIVE_APP"}[39m
[35m[HTTP][39m [37m<-- POST /wd/hub/session/fa5713db-1623-4b6e-9ae4-82e551c1a3be/context [39m[32m200[39m [90m1 ms - 14[39m
[35m[HTTP][39m [90m[39m
[35m[HTTP][39m [37m-->[39m [37mPOST[39m [37m/wd/hub/session/fa5713db-1623-4b6e-9ae4-82e551c1a3be/appium/device/hide_keyboard[39m
[35m[HTTP][39m [90m{}[39m
[35m[HTTP][39m [37m<-- POST /wd/hub/session/fa5713db-1623-4b6e-9ae4-82e551c1a3be/appium/device/hide_keyboard [39m[32m200[39m [90m5977 ms - 14[39m
[35m[HTTP][39m [90m[39m
[35m[HTTP][39m [37m-->[39m [37mPOST[39m [37m/wd/hub/session/fa5713db-1623-4b6e-9ae4-82e551c1a3be/context[39m
[35m[HTTP][39m [90m{"name":"NATIVE_APP"}[39m
[35m[HTTP][39m [37m<-- POST /wd/hub/session/fa5713db-1623-4b6e-9ae4-82e551c1a3be/context [39m[32m200[39m [90m1 ms - 14[39m
[35m[HTTP][39m [90m[39m
[35m[HTTP][39m [37m-->[39m [37mPOST[39m [37m/wd/hub/session/fa5713db-1623-4b6e-9ae4-82e551c1a3be/timeouts[39m
[35m[HTTP][39m [90m{"implicit":50}[39m
[35m[HTTP][39m [37m<-- POST /wd/hub/session/fa5713db-1623-4b6e-9ae4-82e551c1a3be/timeouts [39m[32m200[39m [90m1 ms - 14[39m
[35m[HTTP][39m [90m[39m
[35m[HTTP][39m [37m-->[39m [37mGET[39m [37m/wd/hub/session/fa5713db-1623-4b6e-9ae4-82e551c1a3be/window/rect[39m
[35m[HTTP][39m [90m{}[39m
[35m[HTTP][39m [37m<-- GET /wd/hub/session/fa5713db-1623-4b6e-9ae4-82e551c1a3be/window/rect [39m[32m200[39m [90m35 ms - 49[39m
[35m[HTTP][39m [90m[39m
[35m[HTTP][39m [37m-->[39m [37mPOST[39m [37m/wd/hub/session/fa5713db-1623-4b6e-9ae4-82e551c1a3be/elements[39m
[35m[HTTP][39m [90m{"using":"xpath","value":"//hierarchy/android.widget.FrameLayout[1]/android.widget.LinearLayout[1]/android.widget.FrameLayout[1]/android.widget.FrameLayout[1]/android.widget.FrameLayout[1]/android.widget.FrameLayout[1]/android.view.View[1]/android.view.View[1]/android.view.View[1]/android.view.View[1]/android.view.View[1]/android.widget.Button[1]"}[39m
[35m[HTTP][39m [37m<-- POST /wd/hub/session/fa5713db-1623-4b6e-9ae4-82e551c1a3be/elements [39m[32m200[39m [90m96 ms - 139[39m
[35m[HTTP][39m [90m[39m
[35m[HTTP][39m [37m-->[39m [37mGET[39m [37m/wd/hub/session/fa5713db-1623-4b6e-9ae4-82e551c1a3be/element/00000000-0000-05aa-0000-000800000005/location[39m
[35m[HTTP][39m [90m{}[39m
[35m[W3C (fa5713db)][39m Driver proxy active, passing request on via HTTP proxy
[35m[WD Proxy][39m Replacing sessionId 07da0775-c3e3-4f66-bcce-073e0a2c2b82 with fa5713db-1623-4b6e-9ae4-82e551c1a3be
[35m[HTTP][39m [37m<-- GET /wd/hub/session/fa5713db-1623-4b6e-9ae4-82e551c1a3be/element/00000000-0000-05aa-0000-000800000005/location [39m[32m200[39m [90m25 ms - 77[39m
[35m[HTTP][39m [90m[39m
[35m[HTTP][39m [37m-->[39m [37mPOST[39m [37m/wd/hub/session/fa5713db-1623-4b6e-9ae4-82e551c1a3be/timeouts[39m
[35m[HTTP][39m [90m{"implicit":60000}[39m
[35m[HTTP][39m [37m<-- POST /wd/hub/session/fa5713db-1623-4b6e-9ae4-82e551c1a3be/timeouts [39m[32m200[39m [90m1 ms - 14[39m
[35m[HTTP][39m [90m[39m
[35m[HTTP][39m [37m-->[39m [37mPOST[39m [37m/wd/hub/session/fa5713db-1623-4b6e-9ae4-82e551c1a3be/touch/perform[39m
[35m[HTTP][39m [90m{"actions":[{"action":"tap","options":{"x":1,"y":1,"element":"00000000-0000-05aa-0000-000800000005"}},{"action":"release","options":{}}]}[39m
[35m[UiAutomator2][39m calling get location: 00000000-0000-05aa-0000-000800000005
[35m[HTTP][39m [37m<-- POST /wd/hub/session/fa5713db-1623-4b6e-9ae4-82e551c1a3be/touch/perform [39m[32m200[39m [90m752 ms - 14[39m
[35m[HTTP][39m [90m[39m
[35m[HTTP][39m [37m-->[39m [37mGET[39m [37m/wd/hub/session/fa5713db-1623-4b6e-9ae4-82e551c1a3be/window/rect[39m
[35m[HTTP][39m [90m{}[39m
[35m[HTTP][39m [37m<-- GET /wd/hub/session/fa5713db-1623-4b6e-9ae4-82e551c1a3be/window/rect [39m[32m200[39m [90m32 ms - 49[39m
[35m[HTTP][39m [90m[39m
[35m[HTTP][39m [37m-->[39m [37mPOST[39m [37m/wd/hub/session/fa5713db-1623-4b6e-9ae4-82e551c1a3be/elements[39m
[35m[HTTP][39m [90m{"using":"xpath","value":"//hierarchy/android.widget.FrameLayout[1]/android.widget.LinearLayout[1]/android.widget.FrameLayout[1]/android.widget.FrameLayout[1]/android.widget.FrameLayout[1]/android.widget.FrameLayout[1]/android.view.View[1]/android.view.View[1]/android.view.View[1]/android.view.View[1]/android.view.View[1]/android.view.View[1]/android.view.View[2]/android.view.View[1]/android.view.View[1]/android.view.View[1]"}[39m
[35m[HTTP][39m [37m<-- POST /wd/hub/session/fa5713db-1623-4b6e-9ae4-82e551c1a3be/elements [39m[32m200[39m [90m1030 ms - 139[39m
[35m[HTTP][39m [90m[39m
[35m[HTTP][39m [37m-->[39m [37mGET[39m [37m/wd/hub/session/fa5713db-1623-4b6e-9ae4-82e551c1a3be/element/00000000-0000-05aa-0000-000f00000005/location[39m
[35m[HTTP][39m [90m{}[39m
[35m[W3C (fa5713db)][39m Driver proxy active, passing request on via HTTP proxy
[35m[WD Proxy][39m Replacing sessionId 07da0775-c3e3-4f66-bcce-073e0a2c2b82 with fa5713db-1623-4b6e-9ae4-82e551c1a3be
[35m[HTTP][39m [37m<-- GET /wd/hub/session/fa5713db-1623-4b6e-9ae4-82e551c1a3be/element/00000000-0000-05aa-0000-000f00000005/location [39m[32m200[39m [90m20 ms - 76[39m
[35m[HTTP][39m [90m[39m
[35m[HTTP][39m [37m-->[39m [37mGET[39m [37m/wd/hub/session/fa5713db-1623-4b6e-9ae4-82e551c1a3be/element/00000000-0000-05aa-0000-000f00000005/location[39m
[35m[HTTP][39m [90m{}[39m
[35m[W3C (fa5713db)][39m Driver proxy active, passing request on via HTTP proxy
[35m[WD Proxy][39m Replacing sessionId 07da0775-c3e3-4f66-bcce-073e0a2c2b82 with fa5713db-1623-4b6e-9ae4-82e551c1a3be
[35m[HTTP][39m [37m<-- GET /wd/hub/session/fa5713db-1623-4b6e-9ae4-82e551c1a3be/element/00000000-0000-05aa-0000-000f00000005/location [39m[32m200[39m [90m34 ms - 76[39m
[35m[HTTP][39m [90m[39m
[35m[HTTP][39m [37m-->[39m [37mGET[39m [37m/wd/hub/session/fa5713db-1623-4b6e-9ae4-82e551c1a3be/window/rect[39m
[35m[HTTP][39m [90m{}[39m
[35m[HTTP][39m [37m<-- GET /wd/hub/session/fa5713db-1623-4b6e-9ae4-82e551c1a3be/window/rect [39m[32m200[39m [90m16 ms - 49[39m
[35m[HTTP][39m [90m[39m
[35m[HTTP][39m [37m-->[39m [37mPOST[39m [37m/wd/hub/session/fa5713db-1623-4b6e-9ae4-82e551c1a3be/elements[39m
[35m[HTTP][39m [90m{"using":"xpath","value":"//hierarchy/android.widget.FrameLayout[1]/android.widget.LinearLayout[1]/android.widget.FrameLayout[1]/android.widget.FrameLayout[1]/android.widget.FrameLayout[1]/android.widget.FrameLayout[1]/android.view.View[1]/android.view.View[1]/android.view.View[1]/android.view.View[1]/android.view.View[1]/android.view.View[1]/android.view.View[2]/android.view.View[1]/android.view.View[1]/android.view.View[1]"}[39m
[35m[HTTP][39m [37m<-- POST /wd/hub/session/fa5713db-1623-4b6e-9ae4-82e551c1a3be/elements [39m[32m200[39m [90m97 ms - 139[39m
[35m[HTTP][39m [90m[39m
[35m[HTTP][39m [37m-->[39m [37mGET[39m [37m/wd/hub/session/fa5713db-1623-4b6e-9ae4-82e551c1a3be/element/00000000-0000-05aa-0000-000f00000005/location[39m
[35m[HTTP][39m [90m{}[39m
[35m[W3C (fa5713db)][39m Driver proxy active, passing request on via HTTP proxy
[35m[WD Proxy][39m Replacing sessionId 07da0775-c3e3-4f66-bcce-073e0a2c2b82 with fa5713db-1623-4b6e-9ae4-82e551c1a3be
[35m[HTTP][39m [37m<-- GET /wd/hub/session/fa5713db-1623-4b6e-9ae4-82e551c1a3be/element/00000000-0000-05aa-0000-000f00000005/location [39m[32m200[39m [90m22 ms - 76[39m
[35m[HTTP][39m [90m[39m
[35m[HTTP][39m [37m-->[39m [37mGET[39m [37m/wd/hub/session/fa5713db-1623-4b6e-9ae4-82e551c1a3be/element/00000000-0000-05aa-0000-000f00000005/location[39m
[35m[HTTP][39m [90m{}[39m
[35m[W3C (fa5713db)][39m Driver proxy active, passing request on via HTTP proxy
[35m[WD Proxy][39m Replacing sessionId 07da0775-c3e3-4f66-bcce-073e0a2c2b82 with fa5713db-1623-4b6e-9ae4-82e551c1a3be
[35m[HTTP][39m [37m<-- GET /wd/hub/session/fa5713db-1623-4b6e-9ae4-82e551c1a3be/element/00000000-0000-05aa-0000-000f00000005/location [39m[32m200[39m [90m23 ms - 76[39m
[35m[HTTP][39m [90m[39m
[35m[HTTP][39m [37m-->[39m [37mGET[39m [37m/wd/hub/session/fa5713db-1623-4b6e-9ae4-82e551c1a3be/window/rect[39m
[35m[HTTP][39m [90m{}[39m
[35m[HTTP][39m [37m<-- GET /wd/hub/session/fa5713db-1623-4b6e-9ae4-82e551c1a3be/window/rect [39m[32m200[39m [90m17 ms - 49[39m
[35m[HTTP][39m [90m[39m
[35m[HTTP][39m [37m-->[39m [37mPOST[39m [37m/wd/hub/session/fa5713db-1623-4b6e-9ae4-82e551c1a3be/elements[39m
[35m[HTTP][39m [90m{"using":"xpath","value":"//hierarchy/android.widget.FrameLayout[1]/android.widget.LinearLayout[1]/android.widget.FrameLayout[1]/android.widget.FrameLayout[1]/android.widget.FrameLayout[1]/android.widget.FrameLayout[1]/android.view.View[1]/android.view.View[1]/android.view.View[1]/android.view.View[1]/android.view.View[1]/android.view.View[1]/android.view.View[2]/android.view.View[1]/android.view.View[1]/android.view.View[1]"}[39m
[35m[HTTP][39m [37m<-- POST /wd/hub/session/fa5713db-1623-4b6e-9ae4-82e551c1a3be/elements [39m[32m200[39m [90m615 ms - 139[39m
[35m[HTTP][39m [90m[39m
[35m[HTTP][39m [37m-->[39m [37mGET[39m [37m/wd/hub/session/fa5713db-1623-4b6e-9ae4-82e551c1a3be/element/00000000-0000-05aa-0000-000f00000005/location[39m
[35m[HTTP][39m [90m{}[39m
[35m[W3C (fa5713db)][39m Driver proxy active, passing request on via HTTP proxy
[35m[WD Proxy][39m Replacing sessionId 07da0775-c3e3-4f66-bcce-073e0a2c2b82 with fa5713db-1623-4b6e-9ae4-82e551c1a3be
[35m[HTTP][39m [37m<-- GET /wd/hub/session/fa5713db-1623-4b6e-9ae4-82e551c1a3be/element/00000000-0000-05aa-0000-000f00000005/location [39m[32m200[39m [90m431 ms - 76[39m
[35m[HTTP][39m [90m[39m
[35m[HTTP][39m [37m-->[39m [37mGET[39m [37m/wd/hub/session/fa5713db-1623-4b6e-9ae4-82e551c1a3be/element/00000000-0000-05aa-0000-000f00000005/size[39m
[35m[HTTP][39m [90m{}[39m
[35m[W3C (fa5713db)][39m Driver proxy active, passing request on via HTTP proxy
[35m[WD Proxy][39m Replacing sessionId 07da0775-c3e3-4f66-bcce-073e0a2c2b82 with fa5713db-1623-4b6e-9ae4-82e551c1a3be
[35m[HTTP][39m [37m<-- GET /wd/hub/session/fa5713db-1623-4b6e-9ae4-82e551c1a3be/element/00000000-0000-05aa-0000-000f00000005/size [39m[32m200[39m [90m36 ms - 87[39m
[35m[HTTP][39m [90m[39m
[35m[HTTP][39m [37m-->[39m [37mGET[39m [37m/wd/hub/session/fa5713db-1623-4b6e-9ae4-82e551c1a3be/window/rect[39m
[35m[HTTP][39m [90m{}[39m
[35m[HTTP][39m [37m<-- GET /wd/hub/session/fa5713db-1623-4b6e-9ae4-82e551c1a3be/window/rect [39m[32m200[39m [90m25 ms - 49[39m
[35m[HTTP][39m [90m[39m
[35m[HTTP][39m [37m-->[39m [37mPOST[39m [37m/wd/hub/session/fa5713db-1623-4b6e-9ae4-82e551c1a3be/elements[39m
[35m[HTTP][39m [90m{"using":"xpath","value":"//hierarchy/android.widget.FrameLayout[1]/android.widget.LinearLayout[1]/android.widget.FrameLayout[1]/android.widget.FrameLayout[1]/android.widget.FrameLayout[1]/android.widget.FrameLayout[1]/android.view.View[1]/android.view.View[1]/android.view.View[1]/android.view.View[1]/android.view.View[1]/android.view.View[1]/android.view.View[2]/android.view.View[1]/android.view.View[1]/android.view.View[1]"}[39m
[35m[HTTP][39m [37m<-- POST /wd/hub/session/fa5713db-1623-4b6e-9ae4-82e551c1a3be/elements [39m[32m200[39m [90m113 ms - 139[39m
[35m[HTTP][39m [90m[39m
[35m[HTTP][39m [37m-->[39m [37mGET[39m [37m/wd/hub/session/fa5713db-1623-4b6e-9ae4-82e551c1a3be/element/00000000-0000-05aa-0000-000f00000005/location[39m
[35m[HTTP][39m [90m{}[39m
[35m[W3C (fa5713db)][39m Driver proxy active, passing request on via HTTP proxy
[35m[WD Proxy][39m Replacing sessionId 07da0775-c3e3-4f66-bcce-073e0a2c2b82 with fa5713db-1623-4b6e-9ae4-82e551c1a3be
[35m[HTTP][39m [37m<-- GET /wd/hub/session/fa5713db-1623-4b6e-9ae4-82e551c1a3be/element/00000000-0000-05aa-0000-000f00000005/location [39m[32m200[39m [90m22 ms - 76[39m
[35m[HTTP][39m [90m[39m
[35m[HTTP][39m [37m-->[39m [37mGET[39m [37m/wd/hub/session/fa5713db-1623-4b6e-9ae4-82e551c1a3be/element/00000000-0000-05aa-0000-000f00000005/size[39m
[35m[HTTP][39m [90m{}[39m
[35m[W3C (fa5713db)][39m Driver proxy active, passing request on via HTTP proxy
[35m[WD Proxy][39m Replacing sessionId 07da0775-c3e3-4f66-bcce-073e0a2c2b82 with fa5713db-1623-4b6e-9ae4-82e551c1a3be
[35m[HTTP][39m [37m<-- GET /wd/hub/session/fa5713db-1623-4b6e-9ae4-82e551c1a3be/element/00000000-0000-05aa-0000-000f00000005/size [39m[32m200[39m [90m27 ms - 87[39m
[35m[HTTP][39m [90m[39m
[35m[HTTP][39m [37m-->[39m [37mGET[39m [37m/wd/hub/session/fa5713db-1623-4b6e-9ae4-82e551c1a3be/context[39m
[35m[HTTP][39m [90m{}[39m
[35m[HTTP][39m [37m<-- GET /wd/hub/session/fa5713db-1623-4b6e-9ae4-82e551c1a3be/context [39m[32m200[39m [90m1 ms - 22[39m
[35m[HTTP][39m [90m[39m
[35m[HTTP][39m [37m-->[39m [37mGET[39m [37m/wd/hub/session/fa5713db-1623-4b6e-9ae4-82e551c1a3be/contexts[39m
[35m[HTTP][39m [90m{}[39m
[35m[HTTP][39m [37m<-- GET /wd/hub/session/fa5713db-1623-4b6e-9ae4-82e551c1a3be/contexts [39m[32m200[39m [90m142 ms - 24[39m
[35m[HTTP][39m [90m[39m
[35m[HTTP][39m [37m-->[39m [37mPOST[39m [37m/wd/hub/session/fa5713db-1623-4b6e-9ae4-82e551c1a3be/context[39m
[35m[HTTP][39m [90m{"name":"NATIVE_APP"}[39m
[35m[HTTP][39m [37m<-- POST /wd/hub/session/fa5713db-1623-4b6e-9ae4-82e551c1a3be/context [39m[32m200[39m [90m1 ms - 14[39m
[35m[HTTP][39m [90m[39m
[35m[HTTP][39m [37m-->[39m [37mGET[39m [37m/wd/hub/session/fa5713db-1623-4b6e-9ae4-82e551c1a3be/window/rect[39m
[35m[HTTP][39m [90m{}[39m
[35m[HTTP][39m [37m<-- GET /wd/hub/session/fa5713db-1623-4b6e-9ae4-82e551c1a3be/window/rect [39m[32m200[39m [90m14 ms - 49[39m
[35m[HTTP][39m [90m[39m
[35m[HTTP][39m [37m-->[39m [37mPOST[39m [37m/wd/hub/session/fa5713db-1623-4b6e-9ae4-82e551c1a3be/context[39m
[35m[HTTP][39m [90m{"name":"NATIVE_APP"}[39m
[35m[HTTP][39m [37m<-- POST /wd/hub/session/fa5713db-1623-4b6e-9ae4-82e551c1a3be/context [39m[32m200[39m [90m1 ms - 14[39m
[35m[HTTP][39m [90m[39m
[35m[HTTP][39m [37m-->[39m [37mGET[39m [37m/wd/hub/session/fa5713db-1623-4b6e-9ae4-82e551c1a3be/context[39m
[35m[HTTP][39m [90m{}[39m
[35m[HTTP][39m [37m<-- GET /wd/hub/session/fa5713db-1623-4b6e-9ae4-82e551c1a3be/context [39m[32m200[39m [90m1 ms - 22[39m
[35m[HTTP][39m [90m[39m
[35m[HTTP][39m [37m-->[39m [37mGET[39m [37m/wd/hub/session/fa5713db-1623-4b6e-9ae4-82e551c1a3be/contexts[39m
[35m[HTTP][39m [90m{}[39m
[35m[HTTP][39m [37m<-- GET /wd/hub/session/fa5713db-1623-4b6e-9ae4-82e551c1a3be/contexts [39m[32m200[39m [90m139 ms - 24[39m
[35m[HTTP][39m [90m[39m
[35m[HTTP][39m [37m-->[39m [37mPOST[39m [37m/wd/hub/session/fa5713db-1623-4b6e-9ae4-82e551c1a3be/context[39m
[35m[HTTP][39m [90m{"name":"NATIVE_APP"}[39m
[35m[HTTP][39m [37m<-- POST /wd/hub/session/fa5713db-1623-4b6e-9ae4-82e551c1a3be/context [39m[32m200[39m [90m1 ms - 14[39m
[35m[HTTP][39m [90m[39m
[35m[HTTP][39m [37m-->[39m [37mPOST[39m [37m/wd/hub/session/fa5713db-1623-4b6e-9ae4-82e551c1a3be/touch/perform[39m
[35m[HTTP][39m [90m{"actions":[{"action":"press","options":{"x":620,"y":347}},{"action":"wait","options":{"ms":500}},{"action":"moveTo","options":{"x":100,"y":347}},{"action":"release","options":{}}]}[39m
[35m[HTTP][39m [37m<-- POST /wd/hub/session/fa5713db-1623-4b6e-9ae4-82e551c1a3be/touch/perform [39m[32m200[39m [90m1014 ms - 14[39m
[35m[HTTP][39m [90m[39m
[35m[HTTP][39m [37m-->[39m [37mPOST[39m [37m/wd/hub/session/fa5713db-1623-4b6e-9ae4-82e551c1a3be/context[39m
[35m[HTTP][39m [90m{"name":"NATIVE_APP"}[39m
[35m[HTTP][39m [37m<-- POST /wd/hub/session/fa5713db-1623-4b6e-9ae4-82e551c1a3be/context [39m[32m200[39m [90m1 ms - 14[39m
[35m[HTTP][39m [90m[39m
[35m[HTTP][39m [37m-->[39m [37mPOST[39m [37m/wd/hub/session/fa5713db-1623-4b6e-9ae4-82e551c1a3be/appium/device/press_keycode[39m
[35m[HTTP][39m [90m{"keycode":187}[39m
[35m[HTTP][39m [37m<-- POST /wd/hub/session/fa5713db-1623-4b6e-9ae4-82e551c1a3be/appium/device/press_keycode [39m[32m200[39m [90m85 ms - 14[39m
[35m[HTTP][39m [90m[39m
[35m[HTTP][39m [37m-->[39m [37mGET[39m [37m/wd/hub/session/fa5713db-1623-4b6e-9ae4-82e551c1a3be/context[39m
[35m[HTTP][39m [90m{}[39m
[35m[HTTP][39m [37m<-- GET /wd/hub/session/fa5713db-1623-4b6e-9ae4-82e551c1a3be/context [39m[32m200[39m [90m1 ms - 22[39m
[35m[HTTP][39m [90m[39m
[35m[HTTP][39m [37m-->[39m [37mGET[39m [37m/wd/hub/session/fa5713db-1623-4b6e-9ae4-82e551c1a3be/contexts[39m
[35m[HTTP][39m [90m{}[39m
[35m[HTTP][39m [37m<-- GET /wd/hub/session/fa5713db-1623-4b6e-9ae4-82e551c1a3be/contexts [39m[32m200[39m [90m136 ms - 24[39m
[35m[HTTP][39m [90m[39m
[35m[HTTP][39m [37m-->[39m [37mPOST[39m [37m/wd/hub/session/fa5713db-1623-4b6e-9ae4-82e551c1a3be/context[39m
[35m[HTTP][39m [90m{"name":"NATIVE_APP"}[39m
[35m[HTTP][39m [37m<-- POST /wd/hub/session/fa5713db-1623-4b6e-9ae4-82e551c1a3be/context [39m[32m200[39m [90m1 ms - 14[39m
[35m[HTTP][39m [90m[39m
[35m[HTTP][39m [37m-->[39m [37mGET[39m [37m/wd/hub/session/fa5713db-1623-4b6e-9ae4-82e551c1a3be/window/rect[39m
[35m[HTTP][39m [90m{}[39m
[35m[HTTP][39m [37m<-- GET /wd/hub/session/fa5713db-1623-4b6e-9ae4-82e551c1a3be/window/rect [39m[32m200[39m [90m22 ms - 49[39m
[35m[HTTP][39m [90m[39m
[35m[HTTP][39m [37m-->[39m [37mPOST[39m [37m/wd/hub/session/fa5713db-1623-4b6e-9ae4-82e551c1a3be/context[39m
[35m[HTTP][39m [90m{"name":"NATIVE_APP"}[39m
[35m[HTTP][39m [37m<-- POST /wd/hub/session/fa5713db-1623-4b6e-9ae4-82e551c1a3be/context [39m[32m200[39m [90m1 ms - 14[39m
[35m[HTTP][39m [90m[39m
[35m[HTTP][39m [37m-->[39m [37mGET[39m [37m/wd/hub/session/fa5713db-1623-4b6e-9ae4-82e551c1a3be/context[39m
[35m[HTTP][39m [90m{}[39m
[35m[HTTP][39m [37m<-- GET /wd/hub/session/fa5713db-1623-4b6e-9ae4-82e551c1a3be/context [39m[32m200[39m [90m1 ms - 22[39m
[35m[HTTP][39m [90m[39m
[35m[HTTP][39m [37m-->[39m [37mGET[39m [37m/wd/hub/session/fa5713db-1623-4b6e-9ae4-82e551c1a3be/contexts[39m
[35m[HTTP][39m [90m{}[39m
[35m[HTTP][39m [37m<-- GET /wd/hub/session/fa5713db-1623-4b6e-9ae4-82e551c1a3be/contexts [39m[32m200[39m [90m145 ms - 24[39m
[35m[HTTP][39m [90m[39m
[35m[HTTP][39m [37m-->[39m [37mPOST[39m [37m/wd/hub/session/fa5713db-1623-4b6e-9ae4-82e551c1a3be/context[39m
[35m[HTTP][39m [90m{"name":"NATIVE_APP"}[39m
[35m[HTTP][39m [37m<-- POST /wd/hub/session/fa5713db-1623-4b6e-9ae4-82e551c1a3be/context [39m[32m200[39m [90m1 ms - 14[39m
[35m[HTTP][39m [90m[39m
[35m[HTTP][39m [37m-->[39m [37mGET[39m [37m/wd/hub/session/fa5713db-1623-4b6e-9ae4-82e551c1a3be/window/rect[39m
[35m[HTTP][39m [90m{}[39m
[35m[HTTP][39m [37m<-- GET /wd/hub/session/fa5713db-1623-4b6e-9ae4-82e551c1a3be/window/rect [39m[32m200[39m [90m40 ms - 49[39m
[35m[HTTP][39m [90m[39m
[35m[HTTP][39m [37m-->[39m [37mPOST[39m [37m/wd/hub/session/fa5713db-1623-4b6e-9ae4-82e551c1a3be/context[39m
[35m[HTTP][39m [90m{"name":"NATIVE_APP"}[39m
[35m[HTTP][39m [37m<-- POST /wd/hub/session/fa5713db-1623-4b6e-9ae4-82e551c1a3be/context [39m[32m200[39m [90m1 ms - 14[39m
[35m[HTTP][39m [90m[39m
[35m[HTTP][39m [37m-->[39m [37mGET[39m [37m/wd/hub/session/fa5713db-1623-4b6e-9ae4-82e551c1a3be/context[39m
[35m[HTTP][39m [90m{}[39m
[35m[HTTP][39m [37m<-- GET /wd/hub/session/fa5713db-1623-4b6e-9ae4-82e551c1a3be/context [39m[32m200[39m [90m1 ms - 22[39m
[35m[HTTP][39m [90m[39m
[35m[HTTP][39m [37m-->[39m [37mGET[39m [37m/wd/hub/session/fa5713db-1623-4b6e-9ae4-82e551c1a3be/contexts[39m
[35m[HTTP][39m [90m{}[39m
[35m[HTTP][39m [37m<-- GET /wd/hub/session/fa5713db-1623-4b6e-9ae4-82e551c1a3be/contexts [39m[32m200[39m [90m146 ms - 24[39m
[35m[HTTP][39m [90m[39m
[35m[HTTP][39m [37m-->[39m [37mPOST[39m [37m/wd/hub/session/fa5713db-1623-4b6e-9ae4-82e551c1a3be/context[39m
[35m[HTTP][39m [90m{"name":"NATIVE_APP"}[39m
[35m[HTTP][39m [37m<-- POST /wd/hub/session/fa5713db-1623-4b6e-9ae4-82e551c1a3be/context [39m[32m200[39m [90m1 ms - 14[39m
[35m[HTTP][39m [90m[39m
[35m[HTTP][39m [37m-->[39m [37mPOST[39m [37m/wd/hub/session/fa5713db-1623-4b6e-9ae4-82e551c1a3be/touch/perform[39m
[35m[HTTP][39m [90m{"actions":[{"action":"press","options":{"x":360,"y":853}},{"action":"wait","options":{"ms":500}},{"action":"moveTo","options":{"x":360,"y":142}},{"action":"release","options":{}}]}[39m
[35m[HTTP][39m [37m<-- POST /wd/hub/session/fa5713db-1623-4b6e-9ae4-82e551c1a3be/touch/perform [39m[32m200[39m [90m1081 ms - 14[39m
[35m[HTTP][39m [90m[39m
[35m[HTTP][39m [37m-->[39m [37mPOST[39m [37m/wd/hub/session/fa5713db-1623-4b6e-9ae4-82e551c1a3be/context[39m
[35m[HTTP][39m [90m{"name":"NATIVE_APP"}[39m
[35m[HTTP][39m [37m<-- POST /wd/hub/session/fa5713db-1623-4b6e-9ae4-82e551c1a3be/context [39m[32m200[39m [90m1 ms - 14[39m
[35m[HTTP][39m [90m[39m
[35m[HTTP][39m [37m-->[39m [37mGET[39m [37m/wd/hub/session/fa5713db-1623-4b6e-9ae4-82e551c1a3be/context[39m
[35m[HTTP][39m [90m{}[39m
[35m[HTTP][39m [37m<-- GET /wd/hub/session/fa5713db-1623-4b6e-9ae4-82e551c1a3be/context [39m[32m200[39m [90m1 ms - 22[39m
[35m[HTTP][39m [90m[39m
[35m[HTTP][39m [37m-->[39m [37mGET[39m [37m/wd/hub/session/fa5713db-1623-4b6e-9ae4-82e551c1a3be/contexts[39m
[35m[HTTP][39m [90m{}[39m
[35m[HTTP][39m [37m<-- GET /wd/hub/session/fa5713db-1623-4b6e-9ae4-82e551c1a3be/contexts [39m[32m200[39m [90m154 ms - 24[39m
[35m[HTTP][39m [90m[39m
[35m[HTTP][39m [37m-->[39m [37mPOST[39m [37m/wd/hub/session/fa5713db-1623-4b6e-9ae4-82e551c1a3be/context[39m
[35m[HTTP][39m [90m{"name":"NATIVE_APP"}[39m
[35m[HTTP][39m [37m<-- POST /wd/hub/session/fa5713db-1623-4b6e-9ae4-82e551c1a3be/context [39m[32m200[39m [90m1 ms - 14[39m
[35m[HTTP][39m [90m[39m
[35m[HTTP][39m [37m-->[39m [37mPOST[39m [37m/wd/hub/session/fa5713db-1623-4b6e-9ae4-82e551c1a3be/touch/perform[39m
[35m[HTTP][39m [90m{"actions":[{"action":"press","options":{"x":360,"y":853}},{"action":"wait","options":{"ms":500}},{"action":"moveTo","options":{"x":360,"y":142}},{"action":"release","options":{}}]}[39m
[35m[HTTP][39m [37m<-- POST /wd/hub/session/fa5713db-1623-4b6e-9ae4-82e551c1a3be/touch/perform [39m[32m200[39m [90m1093 ms - 14[39m
[35m[HTTP][39m [90m[39m
[35m[HTTP][39m [37m-->[39m [37mPOST[39m [37m/wd/hub/session/fa5713db-1623-4b6e-9ae4-82e551c1a3be/context[39m
[35m[HTTP][39m [90m{"name":"NATIVE_APP"}[39m
[35m[HTTP][39m [37m<-- POST /wd/hub/session/fa5713db-1623-4b6e-9ae4-82e551c1a3be/context [39m[32m200[39m [90m1 ms - 14[39m
[35m[HTTP][39m [90m[39m
[35m[HTTP][39m [37m-->[39m [37mGET[39m [37m/wd/hub/status[39m
[35m[HTTP][39m [90m{}[39m
[35m[HTTP][39m [37m<-- GET /wd/hub/status [39m[32m200[39m [90m1 ms - 68[39m
[35m[HTTP][39m [90m[39m
[35m[HTTP][39m [37m-->[39m [37mPOST[39m [37m/wd/hub/session[39m
[35m[HTTP][39m [90m{"desiredCapabilities":{"appActivity":".Settings","appPackage":"com.android.settings","newCommandTimeout":1800,"platformVersion":"11","automationName":"uiautomator2","autoGrantPermissions":true,"platformName":"Android","udid":"RR8M40C9AXE","deviceName":"samsung SM-A205F (Android 11)","platform":"ANDROID","systemPort":8214},"capabilities":{"firstMatch":[{"appium:appActivity":".Settings","appium:appPackage":"com.android.settings","appium:autoGrantPermissions":true,"appium:automationName":"uiautomator2","appium:deviceName":"samsung SM-A205F (Android 11)","appium:newCommandTimeout":1800,"platform":"ANDROID","platformName":"android","appium:platformVersion":"11","appium:systemPort":8214,"appium:udid":"RR8M40C9AXE"}]}}[39m
[35m[BaseDriver][39m The following capabilities are not standard capabilities and should have an extension prefix:
[35m[BaseDriver][39m   platform
[35m[BaseDriver][39m   chromedriverPort
[35m[Appium][39m Appium v1.22.0 creating new AndroidUiautomator2Driver (v1.69.0) session
[35m[BaseDriver][39m The following capabilities were provided, but are not recognized by Appium:
[35m[BaseDriver][39m   platform
[35m[BaseDriver][39m Session created with session id: 3867d018-723a-4a2d-a13f-b67c6bf10c80
[35m[UiAutomator2][39m Starting 'com.android.settings' directly on the device
[35m[ADB][39m Using 'adb.exe' from 'C:\Users\Owner\.katalon\tools\android_sdk\platform-tools\adb.exe'
[35m[AndroidDriver][39m Retrieving device list
[35m[AndroidDriver][39m Using device: RR8M40C9AXE
[35m[ADB][39m Using 'adb.exe' from 'C:\Users\Owner\.katalon\tools\android_sdk\platform-tools\adb.exe'
[35m[ADB][39m Getting device platform version
[35m[UiAutomator2][39m Relaxing hidden api policy
[35m[AndroidDriver][39m No app sent in, not parsing package/activity
[35m[UiAutomator2][39m Server packages are not going to be (re)installed
[35m[ADB][39m Adding packages ["io.appium.settings","io.appium.uiautomator2.server","io.appium.uiautomator2.server.test"] to Doze whitelist
[35m[ADB][39m com.android.settings contains no permissions available for granting
[35m[UiAutomator2][39m Starting UIAutomator2 server 4.24.0
[35m[UiAutomator2][39m Using UIAutomator2 server from 'C:\Users\Owner\AppData\Roaming\npm\node_modules\appium\node_modules\appium-uiautomator2-server\apks\appium-uiautomator2-server-v4.24.0.apk' and test from 'C:\Users\Owner\AppData\Roaming\npm\node_modules\appium\node_modules\appium-uiautomator2-server\apks\appium-uiautomator2-server-debug-androidTest.apk'
[35m[UiAutomator2][39m Waiting up to 30000ms for UiAutomator2 to be online...
[35m[WD Proxy][39m socket hang up
[35m[WD Proxy][39m socket hang up
[35m[WD Proxy][39m socket hang up
[35m[WD Proxy][39m socket hang up
[35m[WD Proxy][39m Determined the downstream protocol as 'W3C'
[35m[AndroidDriver][39m Screen already unlocked, doing nothing
[35m[UiAutomator2][39m Starting 'com.android.settings/.Settings and waiting for 'com.android.settings/.Settings'
[35m[Appium][39m New AndroidUiautomator2Driver session created successfully, session 3867d018-723a-4a2d-a13f-b67c6bf10c80 added to master session list
[35m[HTTP][39m [37m<-- POST /wd/hub/session [39m[32m200[39m [90m11144 ms - 1155[39m
[35m[HTTP][39m [90m[39m
[35m[HTTP][39m [37m-->[39m [37mGET[39m [37m/wd/hub/session/3867d018-723a-4a2d-a13f-b67c6bf10c80[39m
[35m[HTTP][39m [90m{}[39m
[35m[HTTP][39m [37m<-- GET /wd/hub/session/3867d018-723a-4a2d-a13f-b67c6bf10c80 [39m[32m200[39m [90m19 ms - 1109[39m
[35m[HTTP][39m [90m[39m
[35m[HTTP][39m [37m-->[39m [37mGET[39m [37m/wd/hub/session/3867d018-723a-4a2d-a13f-b67c6bf10c80[39m
[35m[HTTP][39m [90m{}[39m
[35m[HTTP][39m [37m<-- GET /wd/hub/session/3867d018-723a-4a2d-a13f-b67c6bf10c80 [39m[32m200[39m [90m26 ms - 1109[39m
[35m[HTTP][39m [90m[39m
[35m[HTTP][39m [37m-->[39m [37mGET[39m [37m/wd/hub/status[39m
[35m[HTTP][39m [90m{}[39m
[35m[HTTP][39m [37m<-- GET /wd/hub/status [39m[32m200[39m [90m1 ms - 68[39m
[35m[HTTP][39m [90m[39m
[35m[HTTP][39m [37m-->[39m [37mPOST[39m [37m/wd/hub/session/3867d018-723a-4a2d-a13f-b67c6bf10c80/timeouts[39m
[35m[HTTP][39m [90m{"implicit":60000}[39m
[35m[HTTP][39m [37m<-- POST /wd/hub/session/3867d018-723a-4a2d-a13f-b67c6bf10c80/timeouts [39m[32m200[39m [90m2 ms - 14[39m
[35m[HTTP][39m [90m[39m
[35m[HTTP][39m [37m-->[39m [37mGET[39m [37m/wd/hub/session/3867d018-723a-4a2d-a13f-b67c6bf10c80/screenshot[39m
[35m[HTTP][39m [90m{}[39m
[35m[HTTP][39m [37m<-- GET /wd/hub/session/3867d018-723a-4a2d-a13f-b67c6bf10c80/screenshot [39m[32m200[39m [90m4488 ms - 2556996[39m
[35m[HTTP][39m [90m[39m
[35m[HTTP][39m [37m-->[39m [37mGET[39m [37m/wd/hub/session/3867d018-723a-4a2d-a13f-b67c6bf10c80/window/rect[39m
[35m[HTTP][39m [90m{}[39m
[35m[HTTP][39m [37m<-- GET /wd/hub/session/3867d018-723a-4a2d-a13f-b67c6bf10c80/window/rect [39m[32m200[39m [90m20 ms - 49[39m
[35m[HTTP][39m [90m[39m
[35m[HTTP][39m [37m-->[39m [37mGET[39m [37m/wd/hub/session/3867d018-723a-4a2d-a13f-b67c6bf10c80/appium/device/system_bars[39m
[35m[HTTP][39m [90m{}[39m
[35m[HTTP][39m [37m<-- GET /wd/hub/session/3867d018-723a-4a2d-a13f-b67c6bf10c80/appium/device/system_bars [39m[32m200[39m [90m187 ms - 145[39m
[35m[HTTP][39m [90m[39m
[35m[HTTP][39m [37m-->[39m [37mPOST[39m [37m/wd/hub/session/3867d018-723a-4a2d-a13f-b67c6bf10c80/appium/device/activate_app[39m
[35m[HTTP][39m [90m{"bundleId":"id.co.miraeasset.sageclub"}[39m
[35m[HTTP][39m [37m<-- POST /wd/hub/session/3867d018-723a-4a2d-a13f-b67c6bf10c80/appium/device/activate_app [39m[32m200[39m [90m1216 ms - 14[39m
[35m[HTTP][39m [90m[39m
[35m[HTTP][39m [37m-->[39m [37mPOST[39m [37m/wd/hub/session/3867d018-723a-4a2d-a13f-b67c6bf10c80/timeouts[39m
[35m[HTTP][39m [90m{"implicit":50}[39m
[35m[HTTP][39m [37m<-- POST /wd/hub/session/3867d018-723a-4a2d-a13f-b67c6bf10c80/timeouts [39m[32m200[39m [90m1 ms - 14[39m
[35m[HTTP][39m [90m[39m
[35m[HTTP][39m [37m-->[39m [37mGET[39m [37m/wd/hub/session/3867d018-723a-4a2d-a13f-b67c6bf10c80/window/rect[39m
[35m[HTTP][39m [90m{}[39m
[35m[HTTP][39m [37m<-- GET /wd/hub/session/3867d018-723a-4a2d-a13f-b67c6bf10c80/window/rect [39m[32m200[39m [90m27 ms - 49[39m
[35m[HTTP][39m [90m[39m
[35m[HTTP][39m [37m-->[39m [37mPOST[39m [37m/wd/hub/session/3867d018-723a-4a2d-a13f-b67c6bf10c80/elements[39m
[35m[HTTP][39m [90m{"using":"xpath","value":"//hierarchy/android.widget.FrameLayout[1]/android.widget.LinearLayout[1]/android.widget.FrameLayout[1]/android.widget.FrameLayout[1]/android.widget.FrameLayout[1]/android.widget.FrameLayout[1]/android.view.View[1]/android.view.View[1]/android.view.View[1]/android.view.View[1]/android.view.View[1]/android.widget.Button[1]"}[39m
[35m[HTTP][39m [37m<-- POST /wd/hub/session/3867d018-723a-4a2d-a13f-b67c6bf10c80/elements [39m[32m200[39m [90m675 ms - 12[39m
[35m[HTTP][39m [90m[39m
[35m[HTTP][39m [37m-->[39m [37mPOST[39m [37m/wd/hub/session/3867d018-723a-4a2d-a13f-b67c6bf10c80/elements[39m
[35m[HTTP][39m [90m{"using":"xpath","value":"//hierarchy/android.widget.FrameLayout[1]/android.widget.LinearLayout[1]/android.widget.FrameLayout[1]/android.widget.FrameLayout[1]/android.widget.FrameLayout[1]/android.widget.FrameLayout[1]/android.view.View[1]/android.view.View[1]/android.view.View[1]/android.view.View[1]/android.view.View[1]/android.widget.Button[1]"}[39m
[35m[HTTP][39m [37m<-- POST /wd/hub/session/3867d018-723a-4a2d-a13f-b67c6bf10c80/elements [39m[32m200[39m [90m1298 ms - 139[39m
[35m[HTTP][39m [90m[39m
[35m[HTTP][39m [37m-->[39m [37mGET[39m [37m/wd/hub/session/3867d018-723a-4a2d-a13f-b67c6bf10c80/element/00000000-0000-05b7-0000-000800000005/location[39m
[35m[HTTP][39m [90m{}[39m
[35m[W3C (3867d018)][39m Driver proxy active, passing request on via HTTP proxy
[35m[WD Proxy][39m Replacing sessionId 944f0605-b723-4ac9-b2be-3e1a4866f736 with 3867d018-723a-4a2d-a13f-b67c6bf10c80
[35m[HTTP][39m [37m<-- GET /wd/hub/session/3867d018-723a-4a2d-a13f-b67c6bf10c80/element/00000000-0000-05b7-0000-000800000005/location [39m[32m200[39m [90m51 ms - 77[39m
[35m[HTTP][39m [90m[39m
[35m[HTTP][39m [37m-->[39m [37mPOST[39m [37m/wd/hub/session/3867d018-723a-4a2d-a13f-b67c6bf10c80/timeouts[39m
[35m[HTTP][39m [90m{"implicit":60000}[39m
[35m[HTTP][39m [37m<-- POST /wd/hub/session/3867d018-723a-4a2d-a13f-b67c6bf10c80/timeouts [39m[32m200[39m [90m1 ms - 14[39m
[35m[HTTP][39m [90m[39m
[35m[HTTP][39m [37m-->[39m [37mPOST[39m [37m/wd/hub/session/3867d018-723a-4a2d-a13f-b67c6bf10c80/timeouts[39m
[35m[HTTP][39m [90m{"implicit":50}[39m
[35m[HTTP][39m [37m<-- POST /wd/hub/session/3867d018-723a-4a2d-a13f-b67c6bf10c80/timeouts [39m[32m200[39m [90m1 ms - 14[39m
[35m[HTTP][39m [90m[39m
[35m[HTTP][39m [37m-->[39m [37mGET[39m [37m/wd/hub/session/3867d018-723a-4a2d-a13f-b67c6bf10c80/window/rect[39m
[35m[HTTP][39m [90m{}[39m
[35m[HTTP][39m [37m<-- GET /wd/hub/session/3867d018-723a-4a2d-a13f-b67c6bf10c80/window/rect [39m[32m200[39m [90m16 ms - 49[39m
[35m[HTTP][39m [90m[39m
[35m[HTTP][39m [37m-->[39m [37mPOST[39m [37m/wd/hub/session/3867d018-723a-4a2d-a13f-b67c6bf10c80/elements[39m
[35m[HTTP][39m [90m{"using":"xpath","value":"//hierarchy/android.widget.FrameLayout[1]/android.widget.LinearLayout[1]/android.widget.FrameLayout[1]/android.widget.FrameLayout[1]/android.widget.FrameLayout[1]/android.widget.FrameLayout[1]/android.view.View[1]/android.view.View[1]/android.view.View[1]/android.view.View[1]/android.view.View[1]/android.widget.EditText[1]"}[39m
[35m[HTTP][39m [37m<-- POST /wd/hub/session/3867d018-723a-4a2d-a13f-b67c6bf10c80/elements [39m[32m200[39m [90m117 ms - 139[39m
[35m[HTTP][39m [90m[39m
[35m[HTTP][39m [37m-->[39m [37mGET[39m [37m/wd/hub/session/3867d018-723a-4a2d-a13f-b67c6bf10c80/element/00000000-0000-05b7-0000-000500000005/location[39m
[35m[HTTP][39m [90m{}[39m
[35m[W3C (3867d018)][39m Driver proxy active, passing request on via HTTP proxy
[35m[WD Proxy][39m Replacing sessionId 944f0605-b723-4ac9-b2be-3e1a4866f736 with 3867d018-723a-4a2d-a13f-b67c6bf10c80
[35m[HTTP][39m [37m<-- GET /wd/hub/session/3867d018-723a-4a2d-a13f-b67c6bf10c80/element/00000000-0000-05b7-0000-000500000005/location [39m[32m200[39m [90m27 ms - 77[39m
[35m[HTTP][39m [90m[39m
[35m[HTTP][39m [37m-->[39m [37mPOST[39m [37m/wd/hub/session/3867d018-723a-4a2d-a13f-b67c6bf10c80/timeouts[39m
[35m[HTTP][39m [90m{"implicit":60000}[39m
[35m[HTTP][39m [37m<-- POST /wd/hub/session/3867d018-723a-4a2d-a13f-b67c6bf10c80/timeouts [39m[32m200[39m [90m1 ms - 14[39m
[35m[HTTP][39m [90m[39m
[35m[HTTP][39m [37m-->[39m [37mPOST[39m [37m/wd/hub/session/3867d018-723a-4a2d-a13f-b67c6bf10c80/touch/perform[39m
[35m[HTTP][39m [90m{"actions":[{"action":"tap","options":{"x":1,"y":1,"element":"00000000-0000-05b7-0000-000500000005"}},{"action":"release","options":{}}]}[39m
[35m[UiAutomator2][39m calling get location: 00000000-0000-05b7-0000-000500000005
[35m[HTTP][39m [37m<-- POST /wd/hub/session/3867d018-723a-4a2d-a13f-b67c6bf10c80/touch/perform [39m[32m200[39m [90m223 ms - 14[39m
[35m[HTTP][39m [90m[39m
[35m[HTTP][39m [37m-->[39m [37mPOST[39m [37m/wd/hub/session/3867d018-723a-4a2d-a13f-b67c6bf10c80/timeouts[39m
[35m[HTTP][39m [90m{"implicit":50}[39m
[35m[HTTP][39m [37m<-- POST /wd/hub/session/3867d018-723a-4a2d-a13f-b67c6bf10c80/timeouts [39m[32m200[39m [90m1 ms - 14[39m
[35m[HTTP][39m [90m[39m
[35m[HTTP][39m [37m-->[39m [37mGET[39m [37m/wd/hub/session/3867d018-723a-4a2d-a13f-b67c6bf10c80/window/rect[39m
[35m[HTTP][39m [90m{}[39m
[35m[HTTP][39m [37m<-- GET /wd/hub/session/3867d018-723a-4a2d-a13f-b67c6bf10c80/window/rect [39m[32m200[39m [90m32 ms - 49[39m
[35m[HTTP][39m [90m[39m
[35m[HTTP][39m [37m-->[39m [37mPOST[39m [37m/wd/hub/session/3867d018-723a-4a2d-a13f-b67c6bf10c80/elements[39m
[35m[HTTP][39m [90m{"using":"xpath","value":"//hierarchy/android.widget.FrameLayout[1]/android.widget.LinearLayout[1]/android.widget.FrameLayout[1]/android.widget.FrameLayout[1]/android.widget.FrameLayout[1]/android.widget.FrameLayout[1]/android.view.View[1]/android.view.View[1]/android.view.View[1]/android.view.View[1]/android.widget.ScrollView[1]/android.widget.EditText[1]"}[39m
[35m[HTTP][39m [37m<-- POST /wd/hub/session/3867d018-723a-4a2d-a13f-b67c6bf10c80/elements [39m[32m200[39m [90m622 ms - 139[39m
[35m[HTTP][39m [90m[39m
[35m[HTTP][39m [37m-->[39m [37mGET[39m [37m/wd/hub/session/3867d018-723a-4a2d-a13f-b67c6bf10c80/element/00000000-0000-05b7-0000-000500000005/location[39m
[35m[HTTP][39m [90m{}[39m
[35m[W3C (3867d018)][39m Driver proxy active, passing request on via HTTP proxy
[35m[WD Proxy][39m Replacing sessionId 944f0605-b723-4ac9-b2be-3e1a4866f736 with 3867d018-723a-4a2d-a13f-b67c6bf10c80
[35m[HTTP][39m [37m<-- GET /wd/hub/session/3867d018-723a-4a2d-a13f-b67c6bf10c80/element/00000000-0000-05b7-0000-000500000005/location [39m[32m200[39m [90m23 ms - 77[39m
[35m[HTTP][39m [90m[39m
[35m[HTTP][39m [37m-->[39m [37mPOST[39m [37m/wd/hub/session/3867d018-723a-4a2d-a13f-b67c6bf10c80/timeouts[39m
[35m[HTTP][39m [90m{"implicit":60000}[39m
[35m[HTTP][39m [37m<-- POST /wd/hub/session/3867d018-723a-4a2d-a13f-b67c6bf10c80/timeouts [39m[32m200[39m [90m1 ms - 14[39m
[35m[HTTP][39m [90m[39m
[35m[HTTP][39m [37m-->[39m [37mPOST[39m [37m/wd/hub/session/3867d018-723a-4a2d-a13f-b67c6bf10c80/element/00000000-0000-05b7-0000-000500000005/clear[39m
[35m[HTTP][39m [90m{"id":"00000000-0000-05b7-0000-000500000005"}[39m
[35m[HTTP][39m [37m<-- POST /wd/hub/session/3867d018-723a-4a2d-a13f-b67c6bf10c80/element/00000000-0000-05b7-0000-000500000005/clear [39m[32m200[39m [90m44 ms - 14[39m
[35m[HTTP][39m [90m[39m
[35m[HTTP][39m [37m-->[39m [37mPOST[39m [37m/wd/hub/session/3867d018-723a-4a2d-a13f-b67c6bf10c80/element/00000000-0000-05b7-0000-000500000005/value[39m
[35m[HTTP][39m [90m{"id":"00000000-0000-05b7-0000-000500000005","text":"anggaaditya","value":["a","n","g","g","a","a","d","i","t","y","a"]}[39m
[35m[HTTP][39m [37m<-- POST /wd/hub/session/3867d018-723a-4a2d-a13f-b67c6bf10c80/element/00000000-0000-05b7-0000-000500000005/value [39m[32m200[39m [90m90 ms - 14[39m
[35m[HTTP][39m [90m[39m
[35m[HTTP][39m [37m-->[39m [37mGET[39m [37m/wd/hub/session/3867d018-723a-4a2d-a13f-b67c6bf10c80/context[39m
[35m[HTTP][39m [90m{}[39m
[35m[HTTP][39m [37m<-- GET /wd/hub/session/3867d018-723a-4a2d-a13f-b67c6bf10c80/context [39m[32m200[39m [90m1 ms - 22[39m
[35m[HTTP][39m [90m[39m
[35m[HTTP][39m [37m-->[39m [37mGET[39m [37m/wd/hub/session/3867d018-723a-4a2d-a13f-b67c6bf10c80/contexts[39m
[35m[HTTP][39m [90m{}[39m
[35m[HTTP][39m [37m<-- GET /wd/hub/session/3867d018-723a-4a2d-a13f-b67c6bf10c80/contexts [39m[32m200[39m [90m151 ms - 24[39m
[35m[HTTP][39m [90m[39m
[35m[HTTP][39m [37m-->[39m [37mPOST[39m [37m/wd/hub/session/3867d018-723a-4a2d-a13f-b67c6bf10c80/context[39m
[35m[HTTP][39m [90m{"name":"NATIVE_APP"}[39m
[35m[HTTP][39m [37m<-- POST /wd/hub/session/3867d018-723a-4a2d-a13f-b67c6bf10c80/context [39m[32m200[39m [90m1 ms - 14[39m
[35m[HTTP][39m [90m[39m
[35m[HTTP][39m [37m-->[39m [37mPOST[39m [37m/wd/hub/session/3867d018-723a-4a2d-a13f-b67c6bf10c80/appium/device/hide_keyboard[39m
[35m[HTTP][39m [90m{}[39m
[35m[HTTP][39m [37m<-- POST /wd/hub/session/3867d018-723a-4a2d-a13f-b67c6bf10c80/appium/device/hide_keyboard [39m[32m200[39m [90m4490 ms - 14[39m
[35m[HTTP][39m [90m[39m
[35m[HTTP][39m [37m-->[39m [37mPOST[39m [37m/wd/hub/session/3867d018-723a-4a2d-a13f-b67c6bf10c80/context[39m
[35m[HTTP][39m [90m{"name":"NATIVE_APP"}[39m
[35m[HTTP][39m [37m<-- POST /wd/hub/session/3867d018-723a-4a2d-a13f-b67c6bf10c80/context [39m[32m200[39m [90m1 ms - 14[39m
[35m[HTTP][39m [90m[39m
[35m[HTTP][39m [37m-->[39m [37mPOST[39m [37m/wd/hub/session/3867d018-723a-4a2d-a13f-b67c6bf10c80/timeouts[39m
[35m[HTTP][39m [90m{"implicit":50}[39m
[35m[HTTP][39m [37m<-- POST /wd/hub/session/3867d018-723a-4a2d-a13f-b67c6bf10c80/timeouts [39m[32m200[39m [90m1 ms - 14[39m
[35m[HTTP][39m [90m[39m
[35m[HTTP][39m [37m-->[39m [37mGET[39m [37m/wd/hub/session/3867d018-723a-4a2d-a13f-b67c6bf10c80/window/rect[39m
[35m[HTTP][39m [90m{}[39m
[35m[HTTP][39m [37m<-- GET /wd/hub/session/3867d018-723a-4a2d-a13f-b67c6bf10c80/window/rect [39m[32m200[39m [90m29 ms - 49[39m
[35m[HTTP][39m [90m[39m
[35m[HTTP][39m [37m-->[39m [37mPOST[39m [37m/wd/hub/session/3867d018-723a-4a2d-a13f-b67c6bf10c80/elements[39m
[35m[HTTP][39m [90m{"using":"xpath","value":"//hierarchy/android.widget.FrameLayout[1]/android.widget.LinearLayout[1]/android.widget.FrameLayout[1]/android.widget.FrameLayout[1]/android.widget.FrameLayout[1]/android.widget.FrameLayout[1]/android.view.View[1]/android.view.View[1]/android.view.View[1]/android.view.View[1]/android.view.View[1]/android.widget.EditText[2]"}[39m
[35m[HTTP][39m [37m<-- POST /wd/hub/session/3867d018-723a-4a2d-a13f-b67c6bf10c80/elements [39m[32m200[39m [90m125 ms - 139[39m
[35m[HTTP][39m [90m[39m
[35m[HTTP][39m [37m-->[39m [37mGET[39m [37m/wd/hub/session/3867d018-723a-4a2d-a13f-b67c6bf10c80/element/00000000-0000-05b7-0000-000600000005/location[39m
[35m[HTTP][39m [90m{}[39m
[35m[W3C (3867d018)][39m Driver proxy active, passing request on via HTTP proxy
[35m[WD Proxy][39m Replacing sessionId 944f0605-b723-4ac9-b2be-3e1a4866f736 with 3867d018-723a-4a2d-a13f-b67c6bf10c80
[35m[HTTP][39m [37m<-- GET /wd/hub/session/3867d018-723a-4a2d-a13f-b67c6bf10c80/element/00000000-0000-05b7-0000-000600000005/location [39m[32m200[39m [90m34 ms - 77[39m
[35m[HTTP][39m [90m[39m
[35m[HTTP][39m [37m-->[39m [37mPOST[39m [37m/wd/hub/session/3867d018-723a-4a2d-a13f-b67c6bf10c80/timeouts[39m
[35m[HTTP][39m [90m{"implicit":60000}[39m
[35m[HTTP][39m [37m<-- POST /wd/hub/session/3867d018-723a-4a2d-a13f-b67c6bf10c80/timeouts [39m[32m200[39m [90m1 ms - 14[39m
[35m[HTTP][39m [90m[39m
[35m[HTTP][39m [37m-->[39m [37mPOST[39m [37m/wd/hub/session/3867d018-723a-4a2d-a13f-b67c6bf10c80/touch/perform[39m
[35m[HTTP][39m [90m{"actions":[{"action":"tap","options":{"x":1,"y":1,"element":"00000000-0000-05b7-0000-000600000005"}},{"action":"release","options":{}}]}[39m
[35m[UiAutomator2][39m calling get location: 00000000-0000-05b7-0000-000600000005
[35m[HTTP][39m [37m<-- POST /wd/hub/session/3867d018-723a-4a2d-a13f-b67c6bf10c80/touch/perform [39m[32m200[39m [90m281 ms - 14[39m
[35m[HTTP][39m [90m[39m
[35m[HTTP][39m [37m-->[39m [37mPOST[39m [37m/wd/hub/session/3867d018-723a-4a2d-a13f-b67c6bf10c80/timeouts[39m
[35m[HTTP][39m [90m{"implicit":50}[39m
[35m[HTTP][39m [37m<-- POST /wd/hub/session/3867d018-723a-4a2d-a13f-b67c6bf10c80/timeouts [39m[32m200[39m [90m1 ms - 14[39m
[35m[HTTP][39m [90m[39m
[35m[HTTP][39m [37m-->[39m [37mGET[39m [37m/wd/hub/session/3867d018-723a-4a2d-a13f-b67c6bf10c80/window/rect[39m
[35m[HTTP][39m [90m{}[39m
[35m[HTTP][39m [37m<-- GET /wd/hub/session/3867d018-723a-4a2d-a13f-b67c6bf10c80/window/rect [39m[32m200[39m [90m57 ms - 49[39m
[35m[HTTP][39m [90m[39m
[35m[HTTP][39m [37m-->[39m [37mPOST[39m [37m/wd/hub/session/3867d018-723a-4a2d-a13f-b67c6bf10c80/elements[39m
[35m[HTTP][39m [90m{"using":"xpath","value":"//hierarchy/android.widget.FrameLayout[1]/android.widget.LinearLayout[1]/android.widget.FrameLayout[1]/android.widget.FrameLayout[1]/android.widget.FrameLayout[1]/android.widget.FrameLayout[1]/android.view.View[1]/android.view.View[1]/android.view.View[1]/android.view.View[1]/android.widget.ScrollView[1]/android.widget.EditText[2]"}[39m
[35m[HTTP][39m [37m<-- POST /wd/hub/session/3867d018-723a-4a2d-a13f-b67c6bf10c80/elements [39m[32m200[39m [90m370 ms - 139[39m
[35m[HTTP][39m [90m[39m
[35m[HTTP][39m [37m-->[39m [37mGET[39m [37m/wd/hub/session/3867d018-723a-4a2d-a13f-b67c6bf10c80/element/00000000-0000-05b7-0000-000600000005/location[39m
[35m[HTTP][39m [90m{}[39m
[35m[W3C (3867d018)][39m Driver proxy active, passing request on via HTTP proxy
[35m[WD Proxy][39m Replacing sessionId 944f0605-b723-4ac9-b2be-3e1a4866f736 with 3867d018-723a-4a2d-a13f-b67c6bf10c80
[35m[HTTP][39m [37m<-- GET /wd/hub/session/3867d018-723a-4a2d-a13f-b67c6bf10c80/element/00000000-0000-05b7-0000-000600000005/location [39m[32m200[39m [90m39 ms - 77[39m
[35m[HTTP][39m [90m[39m
[35m[HTTP][39m [37m-->[39m [37mPOST[39m [37m/wd/hub/session/3867d018-723a-4a2d-a13f-b67c6bf10c80/timeouts[39m
[35m[HTTP][39m [90m{"implicit":60000}[39m
[35m[HTTP][39m [37m<-- POST /wd/hub/session/3867d018-723a-4a2d-a13f-b67c6bf10c80/timeouts [39m[32m200[39m [90m1 ms - 14[39m
[35m[HTTP][39m [90m[39m
[35m[HTTP][39m [37m-->[39m [37mPOST[39m [37m/wd/hub/session/3867d018-723a-4a2d-a13f-b67c6bf10c80/element/00000000-0000-05b7-0000-000600000005/clear[39m
[35m[HTTP][39m [90m{"id":"00000000-0000-05b7-0000-000600000005"}[39m
[35m[HTTP][39m [37m<-- POST /wd/hub/session/3867d018-723a-4a2d-a13f-b67c6bf10c80/element/00000000-0000-05b7-0000-000600000005/clear [39m[32m200[39m [90m31 ms - 14[39m
[35m[HTTP][39m [90m[39m
[35m[HTTP][39m [37m-->[39m [37mPOST[39m [37m/wd/hub/session/3867d018-723a-4a2d-a13f-b67c6bf10c80/element/00000000-0000-05b7-0000-000600000005/value[39m
[35m[HTTP][39m [90m{"id":"00000000-0000-05b7-0000-000600000005","text":"Shalawa18","value":["S","h","a","l","a","w","a","1","8"]}[39m
[35m[HTTP][39m [37m<-- POST /wd/hub/session/3867d018-723a-4a2d-a13f-b67c6bf10c80/element/00000000-0000-05b7-0000-000600000005/value [39m[32m200[39m [90m76 ms - 14[39m
[35m[HTTP][39m [90m[39m
[35m[HTTP][39m [37m-->[39m [37mGET[39m [37m/wd/hub/session/3867d018-723a-4a2d-a13f-b67c6bf10c80/context[39m
[35m[HTTP][39m [90m{}[39m
[35m[HTTP][39m [37m<-- GET /wd/hub/session/3867d018-723a-4a2d-a13f-b67c6bf10c80/context [39m[32m200[39m [90m1 ms - 22[39m
[35m[HTTP][39m [90m[39m
[35m[HTTP][39m [37m-->[39m [37mGET[39m [37m/wd/hub/session/3867d018-723a-4a2d-a13f-b67c6bf10c80/contexts[39m
[35m[HTTP][39m [90m{}[39m
[35m[HTTP][39m [37m<-- GET /wd/hub/session/3867d018-723a-4a2d-a13f-b67c6bf10c80/contexts [39m[32m200[39m [90m136 ms - 24[39m
[35m[HTTP][39m [90m[39m
[35m[HTTP][39m [37m-->[39m [37mPOST[39m [37m/wd/hub/session/3867d018-723a-4a2d-a13f-b67c6bf10c80/context[39m
[35m[HTTP][39m [90m{"name":"NATIVE_APP"}[39m
[35m[HTTP][39m [37m<-- POST /wd/hub/session/3867d018-723a-4a2d-a13f-b67c6bf10c80/context [39m[32m200[39m [90m1 ms - 14[39m
[35m[HTTP][39m [90m[39m
[35m[HTTP][39m [37m-->[39m [37mPOST[39m [37m/wd/hub/session/3867d018-723a-4a2d-a13f-b67c6bf10c80/appium/device/hide_keyboard[39m
[35m[HTTP][39m [90m{}[39m
[35m[HTTP][39m [37m<-- POST /wd/hub/session/3867d018-723a-4a2d-a13f-b67c6bf10c80/appium/device/hide_keyboard [39m[32m200[39m [90m6135 ms - 14[39m
[35m[HTTP][39m [90m[39m
[35m[HTTP][39m [37m-->[39m [37mPOST[39m [37m/wd/hub/session/3867d018-723a-4a2d-a13f-b67c6bf10c80/context[39m
[35m[HTTP][39m [90m{"name":"NATIVE_APP"}[39m
[35m[HTTP][39m [37m<-- POST /wd/hub/session/3867d018-723a-4a2d-a13f-b67c6bf10c80/context [39m[32m200[39m [90m1 ms - 14[39m
[35m[HTTP][39m [90m[39m
[35m[HTTP][39m [37m-->[39m [37mPOST[39m [37m/wd/hub/session/3867d018-723a-4a2d-a13f-b67c6bf10c80/timeouts[39m
[35m[HTTP][39m [90m{"implicit":50}[39m
[35m[HTTP][39m [37m<-- POST /wd/hub/session/3867d018-723a-4a2d-a13f-b67c6bf10c80/timeouts [39m[32m200[39m [90m1 ms - 14[39m
[35m[HTTP][39m [90m[39m
[35m[HTTP][39m [37m-->[39m [37mGET[39m [37m/wd/hub/session/3867d018-723a-4a2d-a13f-b67c6bf10c80/window/rect[39m
[35m[HTTP][39m [90m{}[39m
[35m[HTTP][39m [37m<-- GET /wd/hub/session/3867d018-723a-4a2d-a13f-b67c6bf10c80/window/rect [39m[32m200[39m [90m45 ms - 49[39m
[35m[HTTP][39m [90m[39m
[35m[HTTP][39m [37m-->[39m [37mPOST[39m [37m/wd/hub/session/3867d018-723a-4a2d-a13f-b67c6bf10c80/elements[39m
[35m[HTTP][39m [90m{"using":"xpath","value":"//hierarchy/android.widget.FrameLayout[1]/android.widget.LinearLayout[1]/android.widget.FrameLayout[1]/android.widget.FrameLayout[1]/android.widget.FrameLayout[1]/android.widget.FrameLayout[1]/android.view.View[1]/android.view.View[1]/android.view.View[1]/android.view.View[1]/android.view.View[1]/android.widget.Button[1]"}[39m
[35m[HTTP][39m [37m<-- POST /wd/hub/session/3867d018-723a-4a2d-a13f-b67c6bf10c80/elements [39m[32m200[39m [90m100 ms - 139[39m
[35m[HTTP][39m [90m[39m
[35m[HTTP][39m [37m-->[39m [37mGET[39m [37m/wd/hub/session/3867d018-723a-4a2d-a13f-b67c6bf10c80/element/00000000-0000-05b7-0000-000800000005/location[39m
[35m[HTTP][39m [90m{}[39m
[35m[W3C (3867d018)][39m Driver proxy active, passing request on via HTTP proxy
[35m[WD Proxy][39m Replacing sessionId 944f0605-b723-4ac9-b2be-3e1a4866f736 with 3867d018-723a-4a2d-a13f-b67c6bf10c80
[35m[HTTP][39m [37m<-- GET /wd/hub/session/3867d018-723a-4a2d-a13f-b67c6bf10c80/element/00000000-0000-05b7-0000-000800000005/location [39m[32m200[39m [90m25 ms - 77[39m
[35m[HTTP][39m [90m[39m
[35m[HTTP][39m [37m-->[39m [37mPOST[39m [37m/wd/hub/session/3867d018-723a-4a2d-a13f-b67c6bf10c80/timeouts[39m
[35m[HTTP][39m [90m{"implicit":60000}[39m
[35m[HTTP][39m [37m<-- POST /wd/hub/session/3867d018-723a-4a2d-a13f-b67c6bf10c80/timeouts [39m[32m200[39m [90m1 ms - 14[39m
[35m[HTTP][39m [90m[39m
[35m[HTTP][39m [37m-->[39m [37mPOST[39m [37m/wd/hub/session/3867d018-723a-4a2d-a13f-b67c6bf10c80/touch/perform[39m
[35m[HTTP][39m [90m{"actions":[{"action":"tap","options":{"x":1,"y":1,"element":"00000000-0000-05b7-0000-000800000005"}},{"action":"release","options":{}}]}[39m
[35m[UiAutomator2][39m calling get location: 00000000-0000-05b7-0000-000800000005
[35m[HTTP][39m [37m<-- POST /wd/hub/session/3867d018-723a-4a2d-a13f-b67c6bf10c80/touch/perform [39m[32m200[39m [90m749 ms - 14[39m
[35m[HTTP][39m [90m[39m
[35m[HTTP][39m [37m-->[39m [37mGET[39m [37m/wd/hub/session/3867d018-723a-4a2d-a13f-b67c6bf10c80/context[39m
[35m[HTTP][39m [90m{}[39m
[35m[HTTP][39m [37m<-- GET /wd/hub/session/3867d018-723a-4a2d-a13f-b67c6bf10c80/context [39m[32m200[39m [90m1 ms - 22[39m
[35m[HTTP][39m [90m[39m
[35m[HTTP][39m [37m-->[39m [37mGET[39m [37m/wd/hub/session/3867d018-723a-4a2d-a13f-b67c6bf10c80/contexts[39m
[35m[HTTP][39m [90m{}[39m
[35m[HTTP][39m [37m<-- GET /wd/hub/session/3867d018-723a-4a2d-a13f-b67c6bf10c80/contexts [39m[32m200[39m [90m143 ms - 24[39m
[35m[HTTP][39m [90m[39m
[35m[HTTP][39m [37m-->[39m [37mPOST[39m [37m/wd/hub/session/3867d018-723a-4a2d-a13f-b67c6bf10c80/context[39m
[35m[HTTP][39m [90m{"name":"NATIVE_APP"}[39m
[35m[HTTP][39m [37m<-- POST /wd/hub/session/3867d018-723a-4a2d-a13f-b67c6bf10c80/context [39m[32m200[39m [90m1 ms - 14[39m
[35m[HTTP][39m [90m[39m
[35m[HTTP][39m [37m-->[39m [37mGET[39m [37m/wd/hub/session/3867d018-723a-4a2d-a13f-b67c6bf10c80/window/rect[39m
[35m[HTTP][39m [90m{}[39m
[35m[HTTP][39m [37m<-- GET /wd/hub/session/3867d018-723a-4a2d-a13f-b67c6bf10c80/window/rect [39m[32m200[39m [90m44 ms - 49[39m
[35m[HTTP][39m [90m[39m
[35m[HTTP][39m [37m-->[39m [37mPOST[39m [37m/wd/hub/session/3867d018-723a-4a2d-a13f-b67c6bf10c80/context[39m
[35m[HTTP][39m [90m{"name":"NATIVE_APP"}[39m
[35m[HTTP][39m [37m<-- POST /wd/hub/session/3867d018-723a-4a2d-a13f-b67c6bf10c80/context [39m[32m200[39m [90m1 ms - 14[39m
[35m[HTTP][39m [90m[39m
[35m[HTTP][39m [37m-->[39m [37mGET[39m [37m/wd/hub/session/3867d018-723a-4a2d-a13f-b67c6bf10c80/window/rect[39m
[35m[HTTP][39m [90m{}[39m
[35m[HTTP][39m [37m<-- GET /wd/hub/session/3867d018-723a-4a2d-a13f-b67c6bf10c80/window/rect [39m[32m200[39m [90m38 ms - 49[39m
[35m[HTTP][39m [90m[39m
[35m[HTTP][39m [37m-->[39m [37mPOST[39m [37m/wd/hub/session/3867d018-723a-4a2d-a13f-b67c6bf10c80/elements[39m
[35m[HTTP][39m [90m{"using":"xpath","value":"//hierarchy/android.widget.FrameLayout[1]/android.widget.LinearLayout[1]/android.widget.FrameLayout[1]/android.widget.FrameLayout[1]/android.widget.FrameLayout[1]/android.widget.FrameLayout[1]/android.view.View[1]/android.view.View[1]/android.view.View[1]/android.view.View[1]/android.view.View[1]/android.view.View[1]/android.view.View[4]"}[39m
[35m[HTTP][39m [37m<-- POST /wd/hub/session/3867d018-723a-4a2d-a13f-b67c6bf10c80/elements [39m[32m200[39m [90m381 ms - 139[39m
[35m[HTTP][39m [90m[39m
[35m[HTTP][39m [37m-->[39m [37mGET[39m [37m/wd/hub/session/3867d018-723a-4a2d-a13f-b67c6bf10c80/element/00000000-0000-05b7-0000-002a00000005/location[39m
[35m[HTTP][39m [90m{}[39m
[35m[W3C (3867d018)][39m Driver proxy active, passing request on via HTTP proxy
[35m[WD Proxy][39m Replacing sessionId 944f0605-b723-4ac9-b2be-3e1a4866f736 with 3867d018-723a-4a2d-a13f-b67c6bf10c80
[35m[HTTP][39m [37m<-- GET /wd/hub/session/3867d018-723a-4a2d-a13f-b67c6bf10c80/element/00000000-0000-05b7-0000-002a00000005/location [39m[32m200[39m [90m35 ms - 76[39m
[35m[HTTP][39m [90m[39m
[35m[HTTP][39m [37m-->[39m [37mGET[39m [37m/wd/hub/session/3867d018-723a-4a2d-a13f-b67c6bf10c80/element/00000000-0000-05b7-0000-002a00000005/location[39m
[35m[HTTP][39m [90m{}[39m
[35m[W3C (3867d018)][39m Driver proxy active, passing request on via HTTP proxy
[35m[WD Proxy][39m Replacing sessionId 944f0605-b723-4ac9-b2be-3e1a4866f736 with 3867d018-723a-4a2d-a13f-b67c6bf10c80
[35m[HTTP][39m [37m<-- GET /wd/hub/session/3867d018-723a-4a2d-a13f-b67c6bf10c80/element/00000000-0000-05b7-0000-002a00000005/location [39m[32m200[39m [90m20 ms - 76[39m
[35m[HTTP][39m [90m[39m
[35m[HTTP][39m [37m-->[39m [37mGET[39m [37m/wd/hub/session/3867d018-723a-4a2d-a13f-b67c6bf10c80/window/rect[39m
[35m[HTTP][39m [90m{}[39m
[35m[HTTP][39m [37m<-- GET /wd/hub/session/3867d018-723a-4a2d-a13f-b67c6bf10c80/window/rect [39m[32m200[39m [90m17 ms - 49[39m
[35m[HTTP][39m [90m[39m
[35m[HTTP][39m [37m-->[39m [37mPOST[39m [37m/wd/hub/session/3867d018-723a-4a2d-a13f-b67c6bf10c80/elements[39m
[35m[HTTP][39m [90m{"using":"xpath","value":"//hierarchy/android.widget.FrameLayout[1]/android.widget.LinearLayout[1]/android.widget.FrameLayout[1]/android.widget.FrameLayout[1]/android.widget.FrameLayout[1]/android.widget.FrameLayout[1]/android.view.View[1]/android.view.View[1]/android.view.View[1]/android.view.View[1]/android.view.View[1]/android.view.View[1]/android.view.View[4]"}[39m
[35m[HTTP][39m [37m<-- POST /wd/hub/session/3867d018-723a-4a2d-a13f-b67c6bf10c80/elements [39m[32m200[39m [90m93 ms - 139[39m
[35m[HTTP][39m [90m[39m
[35m[HTTP][39m [37m-->[39m [37mGET[39m [37m/wd/hub/session/3867d018-723a-4a2d-a13f-b67c6bf10c80/element/00000000-0000-05b7-0000-002a00000005/location[39m
[35m[HTTP][39m [90m{}[39m
[35m[W3C (3867d018)][39m Driver proxy active, passing request on via HTTP proxy
[35m[WD Proxy][39m Replacing sessionId 944f0605-b723-4ac9-b2be-3e1a4866f736 with 3867d018-723a-4a2d-a13f-b67c6bf10c80
[35m[HTTP][39m [37m<-- GET /wd/hub/session/3867d018-723a-4a2d-a13f-b67c6bf10c80/element/00000000-0000-05b7-0000-002a00000005/location [39m[32m200[39m [90m19 ms - 76[39m
[35m[HTTP][39m [90m[39m
[35m[HTTP][39m [37m-->[39m [37mGET[39m [37m/wd/hub/session/3867d018-723a-4a2d-a13f-b67c6bf10c80/element/00000000-0000-05b7-0000-002a00000005/size[39m
[35m[HTTP][39m [90m{}[39m
[35m[W3C (3867d018)][39m Driver proxy active, passing request on via HTTP proxy
[35m[WD Proxy][39m Replacing sessionId 944f0605-b723-4ac9-b2be-3e1a4866f736 with 3867d018-723a-4a2d-a13f-b67c6bf10c80
[35m[HTTP][39m [37m<-- GET /wd/hub/session/3867d018-723a-4a2d-a13f-b67c6bf10c80/element/00000000-0000-05b7-0000-002a00000005/size [39m[32m200[39m [90m27 ms - 86[39m
[35m[HTTP][39m [90m[39m
[35m[HTTP][39m [37m-->[39m [37mPOST[39m [37m/wd/hub/session/3867d018-723a-4a2d-a13f-b67c6bf10c80/touch/perform[39m
[35m[HTTP][39m [90m{"actions":[{"action":"tap","options":{"x":360,"y":624}},{"action":"wait","options":{"ms":50}}]}[39m
[35m[HTTP][39m [37m<-- POST /wd/hub/session/3867d018-723a-4a2d-a13f-b67c6bf10c80/touch/perform [39m[32m200[39m [90m250 ms - 14[39m
[35m[HTTP][39m [90m[39m
[35m[HTTP][39m [37m-->[39m [37mPOST[39m [37m/wd/hub/session/3867d018-723a-4a2d-a13f-b67c6bf10c80/timeouts[39m
[35m[HTTP][39m [90m{"implicit":50}[39m
[35m[HTTP][39m [37m<-- POST /wd/hub/session/3867d018-723a-4a2d-a13f-b67c6bf10c80/timeouts [39m[32m200[39m [90m1 ms - 14[39m
[35m[HTTP][39m [90m[39m
[35m[HTTP][39m [37m-->[39m [37mGET[39m [37m/wd/hub/session/3867d018-723a-4a2d-a13f-b67c6bf10c80/window/rect[39m
[35m[HTTP][39m [90m{}[39m
[35m[HTTP][39m [37m<-- GET /wd/hub/session/3867d018-723a-4a2d-a13f-b67c6bf10c80/window/rect [39m[32m200[39m [90m40 ms - 49[39m
[35m[HTTP][39m [90m[39m
[35m[HTTP][39m [37m-->[39m [37mPOST[39m [37m/wd/hub/session/3867d018-723a-4a2d-a13f-b67c6bf10c80/elements[39m
[35m[HTTP][39m [90m{"using":"xpath","value":"//hierarchy/android.widget.FrameLayout[1]/android.widget.LinearLayout[1]/android.widget.FrameLayout[1]/android.widget.ScrollView[1]/android.widget.LinearLayout[1]/android.widget.LinearLayout[1]/android.widget.LinearLayout[1]/android.widget.Button[1]"}[39m
[35m[HTTP][39m [37m<-- POST /wd/hub/session/3867d018-723a-4a2d-a13f-b67c6bf10c80/elements [39m[32m200[39m [90m180 ms - 139[39m
[35m[HTTP][39m [90m[39m
[35m[HTTP][39m [37m-->[39m [37mGET[39m [37m/wd/hub/session/3867d018-723a-4a2d-a13f-b67c6bf10c80/element/00000000-0000-05b8-ffff-ffff00000011/location[39m
[35m[HTTP][39m [90m{}[39m
[35m[W3C (3867d018)][39m Driver proxy active, passing request on via HTTP proxy
[35m[WD Proxy][39m Replacing sessionId 944f0605-b723-4ac9-b2be-3e1a4866f736 with 3867d018-723a-4a2d-a13f-b67c6bf10c80
[35m[HTTP][39m [37m<-- GET /wd/hub/session/3867d018-723a-4a2d-a13f-b67c6bf10c80/element/00000000-0000-05b8-ffff-ffff00000011/location [39m[32m200[39m [90m18 ms - 78[39m
[35m[HTTP][39m [90m[39m
[35m[HTTP][39m [37m-->[39m [37mPOST[39m [37m/wd/hub/session/3867d018-723a-4a2d-a13f-b67c6bf10c80/timeouts[39m
[35m[HTTP][39m [90m{"implicit":60000}[39m
[35m[HTTP][39m [37m<-- POST /wd/hub/session/3867d018-723a-4a2d-a13f-b67c6bf10c80/timeouts [39m[32m200[39m [90m1 ms - 14[39m
[35m[HTTP][39m [90m[39m
[35m[HTTP][39m [37m-->[39m [37mPOST[39m [37m/wd/hub/session/3867d018-723a-4a2d-a13f-b67c6bf10c80/touch/perform[39m
[35m[HTTP][39m [90m{"actions":[{"action":"tap","options":{"x":1,"y":1,"element":"00000000-0000-05b8-ffff-ffff00000011"}},{"action":"release","options":{}}]}[39m
[35m[UiAutomator2][39m calling get location: 00000000-0000-05b8-ffff-ffff00000011
[35m[HTTP][39m [37m<-- POST /wd/hub/session/3867d018-723a-4a2d-a13f-b67c6bf10c80/touch/perform [39m[32m200[39m [90m250 ms - 14[39m
[35m[HTTP][39m [90m[39m
[35m[HTTP][39m [37m-->[39m [37mGET[39m [37m/wd/hub/session/3867d018-723a-4a2d-a13f-b67c6bf10c80/context[39m
[35m[HTTP][39m [90m{}[39m
[35m[HTTP][39m [37m<-- GET /wd/hub/session/3867d018-723a-4a2d-a13f-b67c6bf10c80/context [39m[32m200[39m [90m1 ms - 22[39m
[35m[HTTP][39m [90m[39m
[35m[HTTP][39m [37m-->[39m [37mGET[39m [37m/wd/hub/session/3867d018-723a-4a2d-a13f-b67c6bf10c80/contexts[39m
[35m[HTTP][39m [90m{}[39m
[35m[HTTP][39m [37m<-- GET /wd/hub/session/3867d018-723a-4a2d-a13f-b67c6bf10c80/contexts [39m[32m200[39m [90m130 ms - 24[39m
[35m[HTTP][39m [90m[39m
[35m[HTTP][39m [37m-->[39m [37mPOST[39m [37m/wd/hub/session/3867d018-723a-4a2d-a13f-b67c6bf10c80/context[39m
[35m[HTTP][39m [90m{"name":"NATIVE_APP"}[39m
[35m[HTTP][39m [37m<-- POST /wd/hub/session/3867d018-723a-4a2d-a13f-b67c6bf10c80/context [39m[32m200[39m [90m1 ms - 14[39m
[35m[HTTP][39m [90m[39m
[35m[HTTP][39m [37m-->[39m [37mPOST[39m [37m/wd/hub/session/3867d018-723a-4a2d-a13f-b67c6bf10c80/appium/device/press_keycode[39m
[35m[HTTP][39m [90m{"keycode":4}[39m
[35m[HTTP][39m [37m<-- POST /wd/hub/session/3867d018-723a-4a2d-a13f-b67c6bf10c80/appium/device/press_keycode [39m[32m200[39m [90m120 ms - 14[39m
[35m[HTTP][39m [90m[39m
[35m[HTTP][39m [37m-->[39m [37mPOST[39m [37m/wd/hub/session/3867d018-723a-4a2d-a13f-b67c6bf10c80/context[39m
[35m[HTTP][39m [90m{"name":"NATIVE_APP"}[39m
[35m[HTTP][39m [37m<-- POST /wd/hub/session/3867d018-723a-4a2d-a13f-b67c6bf10c80/context [39m[32m200[39m [90m1 ms - 14[39m
[35m[HTTP][39m [90m[39m
[35m[HTTP][39m [37m-->[39m [37mPOST[39m [37m/wd/hub/session/3867d018-723a-4a2d-a13f-b67c6bf10c80/appium/device/press_keycode[39m
[35m[HTTP][39m [90m{"keycode":187}[39m
[35m[HTTP][39m [37m<-- POST /wd/hub/session/3867d018-723a-4a2d-a13f-b67c6bf10c80/appium/device/press_keycode [39m[32m200[39m [90m89 ms - 14[39m
[35m[HTTP][39m [90m[39m
[35m[HTTP][39m [37m-->[39m [37mGET[39m [37m/wd/hub/session/3867d018-723a-4a2d-a13f-b67c6bf10c80/context[39m
[35m[HTTP][39m [90m{}[39m
[35m[HTTP][39m [37m<-- GET /wd/hub/session/3867d018-723a-4a2d-a13f-b67c6bf10c80/context [39m[32m200[39m [90m1 ms - 22[39m
[35m[HTTP][39m [90m[39m
[35m[HTTP][39m [37m-->[39m [37mGET[39m [37m/wd/hub/session/3867d018-723a-4a2d-a13f-b67c6bf10c80/contexts[39m
[35m[HTTP][39m [90m{}[39m
[35m[HTTP][39m [37m<-- GET /wd/hub/session/3867d018-723a-4a2d-a13f-b67c6bf10c80/contexts [39m[32m200[39m [90m141 ms - 24[39m
[35m[HTTP][39m [90m[39m
[35m[HTTP][39m [37m-->[39m [37mPOST[39m [37m/wd/hub/session/3867d018-723a-4a2d-a13f-b67c6bf10c80/context[39m
[35m[HTTP][39m [90m{"name":"NATIVE_APP"}[39m
[35m[HTTP][39m [37m<-- POST /wd/hub/session/3867d018-723a-4a2d-a13f-b67c6bf10c80/context [39m[32m200[39m [90m1 ms - 14[39m
[35m[HTTP][39m [90m[39m
[35m[HTTP][39m [37m-->[39m [37mGET[39m [37m/wd/hub/session/3867d018-723a-4a2d-a13f-b67c6bf10c80/window/rect[39m
[35m[HTTP][39m [90m{}[39m
[35m[HTTP][39m [37m<-- GET /wd/hub/session/3867d018-723a-4a2d-a13f-b67c6bf10c80/window/rect [39m[32m200[39m [90m39 ms - 49[39m
[35m[HTTP][39m [90m[39m
[35m[HTTP][39m [37m-->[39m [37mPOST[39m [37m/wd/hub/session/3867d018-723a-4a2d-a13f-b67c6bf10c80/context[39m
[35m[HTTP][39m [90m{"name":"NATIVE_APP"}[39m
[35m[HTTP][39m [37m<-- POST /wd/hub/session/3867d018-723a-4a2d-a13f-b67c6bf10c80/context [39m[32m200[39m [90m1 ms - 14[39m
[35m[HTTP][39m [90m[39m
[35m[HTTP][39m [37m-->[39m [37mGET[39m [37m/wd/hub/session/3867d018-723a-4a2d-a13f-b67c6bf10c80/context[39m
[35m[HTTP][39m [90m{}[39m
[35m[HTTP][39m [37m<-- GET /wd/hub/session/3867d018-723a-4a2d-a13f-b67c6bf10c80/context [39m[32m200[39m [90m1 ms - 22[39m
[35m[HTTP][39m [90m[39m
[35m[HTTP][39m [37m-->[39m [37mGET[39m [37m/wd/hub/session/3867d018-723a-4a2d-a13f-b67c6bf10c80/contexts[39m
[35m[HTTP][39m [90m{}[39m
[35m[HTTP][39m [37m<-- GET /wd/hub/session/3867d018-723a-4a2d-a13f-b67c6bf10c80/contexts [39m[32m200[39m [90m128 ms - 24[39m
[35m[HTTP][39m [90m[39m
[35m[HTTP][39m [37m-->[39m [37mPOST[39m [37m/wd/hub/session/3867d018-723a-4a2d-a13f-b67c6bf10c80/context[39m
[35m[HTTP][39m [90m{"name":"NATIVE_APP"}[39m
[35m[HTTP][39m [37m<-- POST /wd/hub/session/3867d018-723a-4a2d-a13f-b67c6bf10c80/context [39m[32m200[39m [90m1 ms - 14[39m
[35m[HTTP][39m [90m[39m
[35m[HTTP][39m [37m-->[39m [37mGET[39m [37m/wd/hub/session/3867d018-723a-4a2d-a13f-b67c6bf10c80/window/rect[39m
[35m[HTTP][39m [90m{}[39m
[35m[HTTP][39m [37m<-- GET /wd/hub/session/3867d018-723a-4a2d-a13f-b67c6bf10c80/window/rect [39m[32m200[39m [90m28 ms - 49[39m
[35m[HTTP][39m [90m[39m
[35m[HTTP][39m [37m-->[39m [37mPOST[39m [37m/wd/hub/session/3867d018-723a-4a2d-a13f-b67c6bf10c80/context[39m
[35m[HTTP][39m [90m{"name":"NATIVE_APP"}[39m
[35m[HTTP][39m [37m<-- POST /wd/hub/session/3867d018-723a-4a2d-a13f-b67c6bf10c80/context [39m[32m200[39m [90m1 ms - 14[39m
[35m[HTTP][39m [90m[39m
[35m[HTTP][39m [37m-->[39m [37mGET[39m [37m/wd/hub/session/3867d018-723a-4a2d-a13f-b67c6bf10c80/context[39m
[35m[HTTP][39m [90m{}[39m
[35m[HTTP][39m [37m<-- GET /wd/hub/session/3867d018-723a-4a2d-a13f-b67c6bf10c80/context [39m[32m200[39m [90m1 ms - 22[39m
[35m[HTTP][39m [90m[39m
[35m[HTTP][39m [37m-->[39m [37mGET[39m [37m/wd/hub/session/3867d018-723a-4a2d-a13f-b67c6bf10c80/contexts[39m
[35m[HTTP][39m [90m{}[39m
[35m[HTTP][39m [37m<-- GET /wd/hub/session/3867d018-723a-4a2d-a13f-b67c6bf10c80/contexts [39m[32m200[39m [90m148 ms - 24[39m
[35m[HTTP][39m [90m[39m
[35m[HTTP][39m [37m-->[39m [37mPOST[39m [37m/wd/hub/session/3867d018-723a-4a2d-a13f-b67c6bf10c80/context[39m
[35m[HTTP][39m [90m{"name":"NATIVE_APP"}[39m
[35m[HTTP][39m [37m<-- POST /wd/hub/session/3867d018-723a-4a2d-a13f-b67c6bf10c80/context [39m[32m200[39m [90m1 ms - 14[39m
[35m[HTTP][39m [90m[39m
[35m[HTTP][39m [37m-->[39m [37mPOST[39m [37m/wd/hub/session/3867d018-723a-4a2d-a13f-b67c6bf10c80/touch/perform[39m
[35m[HTTP][39m [90m{"actions":[{"action":"press","options":{"x":360,"y":853}},{"action":"wait","options":{"ms":500}},{"action":"moveTo","options":{"x":360,"y":142}},{"action":"release","options":{}}]}[39m
[35m[HTTP][39m [37m<-- POST /wd/hub/session/3867d018-723a-4a2d-a13f-b67c6bf10c80/touch/perform [39m[32m200[39m [90m1139 ms - 14[39m
[35m[HTTP][39m [90m[39m
[35m[HTTP][39m [37m-->[39m [37mPOST[39m [37m/wd/hub/session/3867d018-723a-4a2d-a13f-b67c6bf10c80/context[39m
[35m[HTTP][39m [90m{"name":"NATIVE_APP"}[39m
[35m[HTTP][39m [37m<-- POST /wd/hub/session/3867d018-723a-4a2d-a13f-b67c6bf10c80/context [39m[32m200[39m [90m1 ms - 14[39m
[35m[HTTP][39m [90m[39m
[35m[HTTP][39m [37m-->[39m [37mGET[39m [37m/wd/hub/session/3867d018-723a-4a2d-a13f-b67c6bf10c80/context[39m
[35m[HTTP][39m [90m{}[39m
[35m[HTTP][39m [37m<-- GET /wd/hub/session/3867d018-723a-4a2d-a13f-b67c6bf10c80/context [39m[32m200[39m [90m1 ms - 22[39m
[35m[HTTP][39m [90m[39m
[35m[HTTP][39m [37m-->[39m [37mGET[39m [37m/wd/hub/session/3867d018-723a-4a2d-a13f-b67c6bf10c80/contexts[39m
[35m[HTTP][39m [90m{}[39m
[35m[HTTP][39m [37m<-- GET /wd/hub/session/3867d018-723a-4a2d-a13f-b67c6bf10c80/contexts [39m[32m200[39m [90m170 ms - 24[39m
[35m[HTTP][39m [90m[39m
[35m[HTTP][39m [37m-->[39m [37mPOST[39m [37m/wd/hub/session/3867d018-723a-4a2d-a13f-b67c6bf10c80/context[39m
[35m[HTTP][39m [90m{"name":"NATIVE_APP"}[39m
[35m[HTTP][39m [37m<-- POST /wd/hub/session/3867d018-723a-4a2d-a13f-b67c6bf10c80/context [39m[32m200[39m [90m1 ms - 14[39m
[35m[HTTP][39m [90m[39m
[35m[HTTP][39m [37m-->[39m [37mPOST[39m [37m/wd/hub/session/3867d018-723a-4a2d-a13f-b67c6bf10c80/touch/perform[39m
[35m[HTTP][39m [90m{"actions":[{"action":"press","options":{"x":360,"y":853}},{"action":"wait","options":{"ms":500}},{"action":"moveTo","options":{"x":360,"y":142}},{"action":"release","options":{}}]}[39m
[35m[HTTP][39m [37m<-- POST /wd/hub/session/3867d018-723a-4a2d-a13f-b67c6bf10c80/touch/perform [39m[32m200[39m [90m1145 ms - 14[39m
[35m[HTTP][39m [90m[39m
[35m[HTTP][39m [37m-->[39m [37mPOST[39m [37m/wd/hub/session/3867d018-723a-4a2d-a13f-b67c6bf10c80/context[39m
[35m[HTTP][39m [90m{"name":"NATIVE_APP"}[39m
[35m[HTTP][39m [37m<-- POST /wd/hub/session/3867d018-723a-4a2d-a13f-b67c6bf10c80/context [39m[32m200[39m [90m1 ms - 14[39m
[35m[HTTP][39m [90m[39m
[35m[HTTP][39m [37m-->[39m [37mGET[39m [37m/wd/hub/status[39m
[35m[HTTP][39m [90m{}[39m
[35m[HTTP][39m [37m<-- GET /wd/hub/status [39m[32m200[39m [90m1 ms - 68[39m
[35m[HTTP][39m [90m[39m
[35m[HTTP][39m [37m-->[39m [37mPOST[39m [37m/wd/hub/session[39m
[35m[HTTP][39m [90m{"desiredCapabilities":{"appActivity":".Settings","appPackage":"com.android.settings","newCommandTimeout":1800,"platformVersion":"11","automationName":"uiautomator2","autoGrantPermissions":true,"platformName":"Android","udid":"RR8M40C9AXE","deviceName":"samsung SM-A205F (Android 11)","platform":"ANDROID","systemPort":8284},"capabilities":{"firstMatch":[{"appium:appActivity":".Settings","appium:appPackage":"com.android.settings","appium:autoGrantPermissions":true,"appium:automationName":"uiautomator2","appium:deviceName":"samsung SM-A205F (Android 11)","appium:newCommandTimeout":1800,"platform":"ANDROID","platformName":"android","appium:platformVersion":"11","appium:systemPort":8284,"appium:udid":"RR8M40C9AXE"}]}}[39m
[35m[BaseDriver][39m The following capabilities are not standard capabilities and should have an extension prefix:
[35m[BaseDriver][39m   platform
[35m[BaseDriver][39m   chromedriverPort
[35m[Appium][39m Appium v1.22.0 creating new AndroidUiautomator2Driver (v1.69.0) session
[35m[BaseDriver][39m The following capabilities were provided, but are not recognized by Appium:
[35m[BaseDriver][39m   platform
[35m[BaseDriver][39m Session created with session id: 1da14034-c2dd-4dfa-a67c-c65859bcaea9
[35m[UiAutomator2][39m Starting 'com.android.settings' directly on the device
[35m[ADB][39m Using 'adb.exe' from 'C:\Users\Owner\.katalon\tools\android_sdk\platform-tools\adb.exe'
[35m[AndroidDriver][39m Retrieving device list
[35m[AndroidDriver][39m Using device: RR8M40C9AXE
[35m[ADB][39m Using 'adb.exe' from 'C:\Users\Owner\.katalon\tools\android_sdk\platform-tools\adb.exe'
[35m[ADB][39m Getting device platform version
[35m[UiAutomator2][39m Relaxing hidden api policy
[35m[AndroidDriver][39m No app sent in, not parsing package/activity
[35m[UiAutomator2][39m Server packages are not going to be (re)installed
[35m[ADB][39m Adding packages ["io.appium.settings","io.appium.uiautomator2.server","io.appium.uiautomator2.server.test"] to Doze whitelist
[35m[ADB][39m com.android.settings contains no permissions available for granting
[35m[UiAutomator2][39m Starting UIAutomator2 server 4.24.0
[35m[UiAutomator2][39m Using UIAutomator2 server from 'C:\Users\Owner\AppData\Roaming\npm\node_modules\appium\node_modules\appium-uiautomator2-server\apks\appium-uiautomator2-server-v4.24.0.apk' and test from 'C:\Users\Owner\AppData\Roaming\npm\node_modules\appium\node_modules\appium-uiautomator2-server\apks\appium-uiautomator2-server-debug-androidTest.apk'
[35m[UiAutomator2][39m Waiting up to 30000ms for UiAutomator2 to be online...
[35m[WD Proxy][39m socket hang up
[35m[WD Proxy][39m socket hang up
[35m[WD Proxy][39m socket hang up
[35m[WD Proxy][39m socket hang up
[35m[WD Proxy][39m Determined the downstream protocol as 'W3C'
[35m[AndroidDriver][39m Screen already unlocked, doing nothing
[35m[UiAutomator2][39m Starting 'com.android.settings/.Settings and waiting for 'com.android.settings/.Settings'
[35m[UiAutomator2][39m Restoring hidden api policy to the device default configuration
[35m[HTTP][39m [37m<-- POST /wd/hub/session [39m[31m500[39m [90m30992 ms - 1789[39m
[35m[HTTP][39m [90m[39m
[35m[HTTP][39m [37m-->[39m [37mGET[39m [37m/wd/hub/status[39m
[35m[HTTP][39m [90m{}[39m
[35m[HTTP][39m [37m<-- GET /wd/hub/status [39m[32m200[39m [90m2 ms - 68[39m
[35m[HTTP][39m [90m[39m
[35m[HTTP][39m [37m-->[39m [37mPOST[39m [37m/wd/hub/session[39m
[35m[HTTP][39m [90m{"desiredCapabilities":{"appActivity":".Settings","appPackage":"com.android.settings","newCommandTimeout":1800,"platformVersion":"11","automationName":"uiautomator2","autoGrantPermissions":true,"platformName":"Android","udid":"RR8M40C9AXE","deviceName":"samsung SM-A205F (Android 11)","platform":"ANDROID","systemPort":8251},"capabilities":{"firstMatch":[{"appium:appActivity":".Settings","appium:appPackage":"com.android.settings","appium:autoGrantPermissions":true,"appium:automationName":"uiautomator2","appium:deviceName":"samsung SM-A205F (Android 11)","appium:newCommandTimeout":1800,"platform":"ANDROID","platformName":"android","appium:platformVersion":"11","appium:systemPort":8251,"appium:udid":"RR8M40C9AXE"}]}}[39m
[35m[BaseDriver][39m The following capabilities are not standard capabilities and should have an extension prefix:
[35m[BaseDriver][39m   platform
[35m[BaseDriver][39m   chromedriverPort
[35m[Appium][39m Appium v1.22.0 creating new AndroidUiautomator2Driver (v1.69.0) session
[35m[BaseDriver][39m The following capabilities were provided, but are not recognized by Appium:
[35m[BaseDriver][39m   platform
[35m[BaseDriver][39m Session created with session id: 38e5af87-4b30-40d9-9502-f0af7051c147
[35m[UiAutomator2][39m Starting 'com.android.settings' directly on the device
[35m[ADB][39m Using 'adb.exe' from 'C:\Users\Owner\.katalon\tools\android_sdk\platform-tools\adb.exe'
[35m[AndroidDriver][39m Retrieving device list
[35m[AndroidDriver][39m Using device: RR8M40C9AXE
[35m[ADB][39m Using 'adb.exe' from 'C:\Users\Owner\.katalon\tools\android_sdk\platform-tools\adb.exe'
[35m[ADB][39m Getting device platform version
[35m[UiAutomator2][39m Relaxing hidden api policy
[35m[AndroidDriver][39m No app sent in, not parsing package/activity
[35m[UiAutomator2][39m Server packages are not going to be (re)installed
[35m[ADB][39m Adding packages ["io.appium.settings","io.appium.uiautomator2.server","io.appium.uiautomator2.server.test"] to Doze whitelist
[35m[ADB][39m com.android.settings contains no permissions available for granting
[35m[UiAutomator2][39m Starting UIAutomator2 server 4.24.0
[35m[UiAutomator2][39m Using UIAutomator2 server from 'C:\Users\Owner\AppData\Roaming\npm\node_modules\appium\node_modules\appium-uiautomator2-server\apks\appium-uiautomator2-server-v4.24.0.apk' and test from 'C:\Users\Owner\AppData\Roaming\npm\node_modules\appium\node_modules\appium-uiautomator2-server\apks\appium-uiautomator2-server-debug-androidTest.apk'
[35m[UiAutomator2][39m Waiting up to 30000ms for UiAutomator2 to be online...
[35m[WD Proxy][39m socket hang up
[35m[WD Proxy][39m socket hang up
[35m[WD Proxy][39m socket hang up
[35m[WD Proxy][39m socket hang up
[35m[WD Proxy][39m Determined the downstream protocol as 'W3C'
[35m[AndroidDriver][39m Screen already unlocked, doing nothing
[35m[UiAutomator2][39m Starting 'com.android.settings/.Settings and waiting for 'com.android.settings/.Settings'
[35m[HTTP][39m [37m<-- POST /wd/hub/session [39m[32m-[39m [90m- ms - -[39m
[35m[HTTP][39m [90m[39m
[35m[UiAutomator2][39m Restoring hidden api policy to the device default configuration
