[35m[Appium][39m Welcome to Appium v1.22.0
[35m[Appium][39m Non-default server args:
[35m[Appium][39m   port: 62572
[35m[Appium][39m   loglevel: info
[35m[Appium][39m   tmpDir: C:\Users\Owner\AppData\Local\Temp\\Katalon\Appium\Temp1642405682385
[35m[Appium][39m   chromedriverPort: 62573
[35m[Appium][39m Deprecated server args:
[35m[Appium][39m   [31m--chromedriver-port[39m => --default-capabilities
[35m[Appium][39m Default capabilities, which will be added to each request unless overridden by desired capabilities:
[35m[Appium][39m   chromedriverPort: 62573
[35m[Appium][39m Appium REST http interface listener started on 0.0.0.0:62572
[35m[HTTP][39m [37m-->[39m [37mGET[39m [37m/wd/hub/status[39m
[35m[HTTP][39m [90m{}[39m
[35m[HTTP][39m [37m<-- GET /wd/hub/status [39m[32m200[39m [90m6 ms - 68[39m
[35m[HTTP][39m [90m[39m
[35m[HTTP][39m [37m-->[39m [37mPOST[39m [37m/wd/hub/session[39m
[35m[HTTP][39m [90m{"desiredCapabilities":{"appActivity":".Settings","appPackage":"com.android.settings","newCommandTimeout":1800,"platformVersion":"11","automationName":"uiautomator2","autoGrantPermissions":true,"platformName":"Android","udid":"RR8M40C9AXE","deviceName":"samsung SM-A205F (Android 11)","platform":"ANDROID","systemPort":8263},"capabilities":{"firstMatch":[{"appium:appActivity":".Settings","appium:appPackage":"com.android.settings","appium:autoGrantPermissions":true,"appium:automationName":"uiautomator2","appium:deviceName":"samsung SM-A205F (Android 11)","appium:newCommandTimeout":1800,"platform":"ANDROID","platformName":"android","appium:platformVersion":"11","appium:systemPort":8263,"appium:udid":"RR8M40C9AXE"}]}}[39m
[35m[BaseDriver][39m The following capabilities are not standard capabilities and should have an extension prefix:
[35m[BaseDriver][39m   platform
[35m[BaseDriver][39m   chromedriverPort
[35m[Appium][39m Appium v1.22.0 creating new AndroidUiautomator2Driver (v1.69.0) session
[35m[BaseDriver][39m The following capabilities were provided, but are not recognized by Appium:
[35m[BaseDriver][39m   platform
[35m[BaseDriver][39m Session created with session id: 80c3bebf-a5e5-4e20-929e-e0f677e37ad6
[35m[UiAutomator2][39m Starting 'com.android.settings' directly on the device
[35m[ADB][39m Found 1 'build-tools' folders under 'C:\Users\Owner\.katalon\tools\android_sdk' (newest first):
[35m[ADB][39m     C:/Users/Owner/.katalon/tools/android_sdk/build-tools/29.0.3
[35m[ADB][39m Using 'adb.exe' from 'C:\Users\Owner\.katalon\tools\android_sdk\platform-tools\adb.exe'
[35m[AndroidDriver][39m Retrieving device list
[35m[AndroidDriver][39m Using device: RR8M40C9AXE
[35m[ADB][39m Using 'adb.exe' from 'C:\Users\Owner\.katalon\tools\android_sdk\platform-tools\adb.exe'
[35m[ADB][39m Getting device platform version
[35m[UiAutomator2][39m Relaxing hidden api policy
[35m[AndroidDriver][39m No app sent in, not parsing package/activity
[35m[ADB][39m Using 'apksigner.jar' from 'C:\Users\Owner\.katalon\tools\android_sdk\build-tools\29.0.3\lib\apksigner.jar'
[35m[ADB][39m 'C:\Users\Owner\AppData\Roaming\npm\node_modules\appium\node_modules\appium-uiautomator2-server\apks\appium-uiautomator2-server-v4.24.0.apk' is signed with the default certificate
[35m[ADB][39m 'C:\Users\Owner\AppData\Roaming\npm\node_modules\appium\node_modules\appium-uiautomator2-server\apks\appium-uiautomator2-server-debug-androidTest.apk' is signed with the default certificate
[35m[UiAutomator2][39m Server packages are not going to be (re)installed
[35m[ADB][39m Adding packages ["io.appium.settings","io.appium.uiautomator2.server","io.appium.uiautomator2.server.test"] to Doze whitelist
[35m[ADB][39m com.android.settings contains no permissions available for granting
[35m[UiAutomator2][39m Starting UIAutomator2 server 4.24.0
[35m[UiAutomator2][39m Using UIAutomator2 server from 'C:\Users\Owner\AppData\Roaming\npm\node_modules\appium\node_modules\appium-uiautomator2-server\apks\appium-uiautomator2-server-v4.24.0.apk' and test from 'C:\Users\Owner\AppData\Roaming\npm\node_modules\appium\node_modules\appium-uiautomator2-server\apks\appium-uiautomator2-server-debug-androidTest.apk'
[35m[UiAutomator2][39m Waiting up to 30000ms for UiAutomator2 to be online...
[35m[WD Proxy][39m socket hang up
[35m[WD Proxy][39m socket hang up
[35m[WD Proxy][39m socket hang up
[35m[WD Proxy][39m Determined the downstream protocol as 'W3C'
[35m[AndroidDriver][39m Screen already unlocked, doing nothing
[35m[UiAutomator2][39m Starting 'com.android.settings/.Settings and waiting for 'com.android.settings/.Settings'
[35m[Appium][39m New AndroidUiautomator2Driver session created successfully, session 80c3bebf-a5e5-4e20-929e-e0f677e37ad6 added to master session list
[35m[HTTP][39m [37m<-- POST /wd/hub/session [39m[32m200[39m [90m15256 ms - 1155[39m
[35m[HTTP][39m [90m[39m
[35m[HTTP][39m [37m-->[39m [37mGET[39m [37m/wd/hub/session/80c3bebf-a5e5-4e20-929e-e0f677e37ad6[39m
[35m[HTTP][39m [90m{}[39m
[35m[HTTP][39m [37m<-- GET /wd/hub/session/80c3bebf-a5e5-4e20-929e-e0f677e37ad6 [39m[32m200[39m [90m44 ms - 1109[39m
[35m[HTTP][39m [90m[39m
[35m[HTTP][39m [37m-->[39m [37mGET[39m [37m/wd/hub/session/80c3bebf-a5e5-4e20-929e-e0f677e37ad6[39m
[35m[HTTP][39m [90m{}[39m
[35m[HTTP][39m [37m<-- GET /wd/hub/session/80c3bebf-a5e5-4e20-929e-e0f677e37ad6 [39m[32m200[39m [90m22 ms - 1109[39m
[35m[HTTP][39m [90m[39m
[35m[HTTP][39m [37m-->[39m [37mGET[39m [37m/wd/hub/status[39m
[35m[HTTP][39m [90m{}[39m
[35m[HTTP][39m [37m<-- GET /wd/hub/status [39m[32m200[39m [90m1 ms - 68[39m
[35m[HTTP][39m [90m[39m
[35m[HTTP][39m [37m-->[39m [37mPOST[39m [37m/wd/hub/session/80c3bebf-a5e5-4e20-929e-e0f677e37ad6/timeouts[39m
[35m[HTTP][39m [90m{"implicit":60000}[39m
[35m[HTTP][39m [37m<-- POST /wd/hub/session/80c3bebf-a5e5-4e20-929e-e0f677e37ad6/timeouts [39m[32m200[39m [90m4 ms - 14[39m
[35m[HTTP][39m [90m[39m
[35m[HTTP][39m [37m-->[39m [37mGET[39m [37m/wd/hub/session/80c3bebf-a5e5-4e20-929e-e0f677e37ad6/screenshot[39m
[35m[HTTP][39m [90m{}[39m
[35m[HTTP][39m [37m<-- GET /wd/hub/session/80c3bebf-a5e5-4e20-929e-e0f677e37ad6/screenshot [39m[32m200[39m [90m530 ms - 121142[39m
[35m[HTTP][39m [90m[39m
[35m[HTTP][39m [37m-->[39m [37mGET[39m [37m/wd/hub/session/80c3bebf-a5e5-4e20-929e-e0f677e37ad6/window/rect[39m
[35m[HTTP][39m [90m{}[39m
[35m[HTTP][39m [37m<-- GET /wd/hub/session/80c3bebf-a5e5-4e20-929e-e0f677e37ad6/window/rect [39m[32m200[39m [90m52 ms - 49[39m
[35m[HTTP][39m [90m[39m
[35m[HTTP][39m [37m-->[39m [37mGET[39m [37m/wd/hub/session/80c3bebf-a5e5-4e20-929e-e0f677e37ad6/appium/device/system_bars[39m
[35m[HTTP][39m [90m{}[39m
[35m[HTTP][39m [37m<-- GET /wd/hub/session/80c3bebf-a5e5-4e20-929e-e0f677e37ad6/appium/device/system_bars [39m[32m200[39m [90m236 ms - 145[39m
[35m[HTTP][39m [90m[39m
[35m[HTTP][39m [37m-->[39m [37mPOST[39m [37m/wd/hub/session/80c3bebf-a5e5-4e20-929e-e0f677e37ad6/appium/device/activate_app[39m
[35m[HTTP][39m [90m{"bundleId":"id.co.miraeasset.sageclub"}[39m
[35m[HTTP][39m [37m<-- POST /wd/hub/session/80c3bebf-a5e5-4e20-929e-e0f677e37ad6/appium/device/activate_app [39m[32m200[39m [90m828 ms - 14[39m
[35m[HTTP][39m [90m[39m
[35m[HTTP][39m [37m-->[39m [37mPOST[39m [37m/wd/hub/session/80c3bebf-a5e5-4e20-929e-e0f677e37ad6/timeouts[39m
[35m[HTTP][39m [90m{"implicit":50}[39m
[35m[HTTP][39m [37m<-- POST /wd/hub/session/80c3bebf-a5e5-4e20-929e-e0f677e37ad6/timeouts [39m[32m200[39m [90m2 ms - 14[39m
[35m[HTTP][39m [90m[39m
[35m[HTTP][39m [37m-->[39m [37mGET[39m [37m/wd/hub/session/80c3bebf-a5e5-4e20-929e-e0f677e37ad6/window/rect[39m
[35m[HTTP][39m [90m{}[39m
[35m[HTTP][39m [37m<-- GET /wd/hub/session/80c3bebf-a5e5-4e20-929e-e0f677e37ad6/window/rect [39m[32m200[39m [90m48 ms - 49[39m
[35m[HTTP][39m [90m[39m
[35m[HTTP][39m [37m-->[39m [37mPOST[39m [37m/wd/hub/session/80c3bebf-a5e5-4e20-929e-e0f677e37ad6/elements[39m
[35m[HTTP][39m [90m{"using":"xpath","value":"//hierarchy/android.widget.FrameLayout[1]/android.widget.LinearLayout[1]/android.widget.FrameLayout[1]/android.widget.FrameLayout[1]/android.widget.FrameLayout[1]/android.widget.FrameLayout[1]/android.view.View[1]/android.view.View[1]/android.view.View[1]/android.view.View[1]/android.widget.Button[1]"}[39m
[35m[HTTP][39m [37m<-- POST /wd/hub/session/80c3bebf-a5e5-4e20-929e-e0f677e37ad6/elements [39m[32m200[39m [90m186 ms - 139[39m
[35m[HTTP][39m [90m[39m
[35m[HTTP][39m [37m-->[39m [37mGET[39m [37m/wd/hub/session/80c3bebf-a5e5-4e20-929e-e0f677e37ad6/element/00000000-0000-04ac-0000-000700000005/location[39m
[35m[HTTP][39m [90m{}[39m
[35m[W3C (80c3bebf)][39m Driver proxy active, passing request on via HTTP proxy
[35m[WD Proxy][39m Replacing sessionId 2775e476-77cb-484f-b982-3603513b334c with 80c3bebf-a5e5-4e20-929e-e0f677e37ad6
[35m[HTTP][39m [37m<-- GET /wd/hub/session/80c3bebf-a5e5-4e20-929e-e0f677e37ad6/element/00000000-0000-04ac-0000-000700000005/location [39m[32m200[39m [90m47 ms - 77[39m
[35m[HTTP][39m [90m[39m
[35m[HTTP][39m [37m-->[39m [37mPOST[39m [37m/wd/hub/session/80c3bebf-a5e5-4e20-929e-e0f677e37ad6/timeouts[39m
[35m[HTTP][39m [90m{"implicit":60000}[39m
[35m[HTTP][39m [37m<-- POST /wd/hub/session/80c3bebf-a5e5-4e20-929e-e0f677e37ad6/timeouts [39m[32m200[39m [90m2 ms - 14[39m
[35m[HTTP][39m [90m[39m
[35m[HTTP][39m [37m-->[39m [37mPOST[39m [37m/wd/hub/session/80c3bebf-a5e5-4e20-929e-e0f677e37ad6/timeouts[39m
[35m[HTTP][39m [90m{"implicit":50}[39m
[35m[HTTP][39m [37m<-- POST /wd/hub/session/80c3bebf-a5e5-4e20-929e-e0f677e37ad6/timeouts [39m[32m200[39m [90m2 ms - 14[39m
[35m[HTTP][39m [90m[39m
[35m[HTTP][39m [37m-->[39m [37mGET[39m [37m/wd/hub/session/80c3bebf-a5e5-4e20-929e-e0f677e37ad6/window/rect[39m
[35m[HTTP][39m [90m{}[39m
[35m[HTTP][39m [37m<-- GET /wd/hub/session/80c3bebf-a5e5-4e20-929e-e0f677e37ad6/window/rect [39m[32m200[39m [90m20 ms - 49[39m
[35m[HTTP][39m [90m[39m
[35m[HTTP][39m [37m-->[39m [37mPOST[39m [37m/wd/hub/session/80c3bebf-a5e5-4e20-929e-e0f677e37ad6/elements[39m
[35m[HTTP][39m [90m{"using":"xpath","value":"//hierarchy/android.widget.FrameLayout[1]/android.widget.LinearLayout[1]/android.widget.FrameLayout[1]/android.widget.FrameLayout[1]/android.widget.FrameLayout[1]/android.widget.FrameLayout[1]/android.view.View[1]/android.view.View[1]/android.view.View[1]/android.view.View[1]/android.widget.EditText[1]"}[39m
[35m[HTTP][39m [37m<-- POST /wd/hub/session/80c3bebf-a5e5-4e20-929e-e0f677e37ad6/elements [39m[32m200[39m [90m108 ms - 139[39m
[35m[HTTP][39m [90m[39m
[35m[HTTP][39m [37m-->[39m [37mGET[39m [37m/wd/hub/session/80c3bebf-a5e5-4e20-929e-e0f677e37ad6/element/00000000-0000-04ac-0000-000400000005/location[39m
[35m[HTTP][39m [90m{}[39m
[35m[W3C (80c3bebf)][39m Driver proxy active, passing request on via HTTP proxy
[35m[WD Proxy][39m Replacing sessionId 2775e476-77cb-484f-b982-3603513b334c with 80c3bebf-a5e5-4e20-929e-e0f677e37ad6
[35m[HTTP][39m [37m<-- GET /wd/hub/session/80c3bebf-a5e5-4e20-929e-e0f677e37ad6/element/00000000-0000-04ac-0000-000400000005/location [39m[32m200[39m [90m26 ms - 77[39m
[35m[HTTP][39m [90m[39m
[35m[HTTP][39m [37m-->[39m [37mPOST[39m [37m/wd/hub/session/80c3bebf-a5e5-4e20-929e-e0f677e37ad6/timeouts[39m
[35m[HTTP][39m [90m{"implicit":60000}[39m
[35m[HTTP][39m [37m<-- POST /wd/hub/session/80c3bebf-a5e5-4e20-929e-e0f677e37ad6/timeouts [39m[32m200[39m [90m2 ms - 14[39m
[35m[HTTP][39m [90m[39m
[35m[HTTP][39m [37m-->[39m [37mPOST[39m [37m/wd/hub/session/80c3bebf-a5e5-4e20-929e-e0f677e37ad6/touch/perform[39m
[35m[HTTP][39m [90m{"actions":[{"action":"tap","options":{"x":1,"y":1,"element":"00000000-0000-04ac-0000-000400000005"}},{"action":"release","options":{}}]}[39m
[35m[UiAutomator2][39m calling get location: 00000000-0000-04ac-0000-000400000005
[35m[HTTP][39m [37m<-- POST /wd/hub/session/80c3bebf-a5e5-4e20-929e-e0f677e37ad6/touch/perform [39m[32m200[39m [90m256 ms - 14[39m
[35m[HTTP][39m [90m[39m
[35m[HTTP][39m [37m-->[39m [37mPOST[39m [37m/wd/hub/session/80c3bebf-a5e5-4e20-929e-e0f677e37ad6/timeouts[39m
[35m[HTTP][39m [90m{"implicit":50}[39m
[35m[HTTP][39m [37m<-- POST /wd/hub/session/80c3bebf-a5e5-4e20-929e-e0f677e37ad6/timeouts [39m[32m200[39m [90m1 ms - 14[39m
[35m[HTTP][39m [90m[39m
[35m[HTTP][39m [37m-->[39m [37mGET[39m [37m/wd/hub/session/80c3bebf-a5e5-4e20-929e-e0f677e37ad6/window/rect[39m
[35m[HTTP][39m [90m{}[39m
[35m[HTTP][39m [37m<-- GET /wd/hub/session/80c3bebf-a5e5-4e20-929e-e0f677e37ad6/window/rect [39m[32m200[39m [90m38 ms - 49[39m
[35m[HTTP][39m [90m[39m
[35m[HTTP][39m [37m-->[39m [37mPOST[39m [37m/wd/hub/session/80c3bebf-a5e5-4e20-929e-e0f677e37ad6/elements[39m
[35m[HTTP][39m [90m{"using":"xpath","value":"//hierarchy/android.widget.FrameLayout[1]/android.widget.LinearLayout[1]/android.widget.FrameLayout[1]/android.widget.FrameLayout[1]/android.widget.FrameLayout[1]/android.widget.FrameLayout[1]/android.view.View[1]/android.view.View[1]/android.view.View[1]/android.view.View[1]/android.widget.EditText[1]"}[39m
[35m[HTTP][39m [37m<-- POST /wd/hub/session/80c3bebf-a5e5-4e20-929e-e0f677e37ad6/elements [39m[32m200[39m [90m338 ms - 139[39m
[35m[HTTP][39m [90m[39m
[35m[HTTP][39m [37m-->[39m [37mGET[39m [37m/wd/hub/session/80c3bebf-a5e5-4e20-929e-e0f677e37ad6/element/00000000-0000-04ac-0000-000400000005/location[39m
[35m[HTTP][39m [90m{}[39m
[35m[W3C (80c3bebf)][39m Driver proxy active, passing request on via HTTP proxy
[35m[WD Proxy][39m Replacing sessionId 2775e476-77cb-484f-b982-3603513b334c with 80c3bebf-a5e5-4e20-929e-e0f677e37ad6
[35m[HTTP][39m [37m<-- GET /wd/hub/session/80c3bebf-a5e5-4e20-929e-e0f677e37ad6/element/00000000-0000-04ac-0000-000400000005/location [39m[32m200[39m [90m37 ms - 77[39m
[35m[HTTP][39m [90m[39m
[35m[HTTP][39m [37m-->[39m [37mPOST[39m [37m/wd/hub/session/80c3bebf-a5e5-4e20-929e-e0f677e37ad6/timeouts[39m
[35m[HTTP][39m [90m{"implicit":60000}[39m
[35m[HTTP][39m [37m<-- POST /wd/hub/session/80c3bebf-a5e5-4e20-929e-e0f677e37ad6/timeouts [39m[32m200[39m [90m1 ms - 14[39m
[35m[HTTP][39m [90m[39m
[35m[HTTP][39m [37m-->[39m [37mPOST[39m [37m/wd/hub/session/80c3bebf-a5e5-4e20-929e-e0f677e37ad6/element/00000000-0000-04ac-0000-000400000005/clear[39m
[35m[HTTP][39m [90m{"id":"00000000-0000-04ac-0000-000400000005"}[39m
[35m[HTTP][39m [37m<-- POST /wd/hub/session/80c3bebf-a5e5-4e20-929e-e0f677e37ad6/element/00000000-0000-04ac-0000-000400000005/clear [39m[32m200[39m [90m43 ms - 14[39m
[35m[HTTP][39m [90m[39m
[35m[HTTP][39m [37m-->[39m [37mPOST[39m [37m/wd/hub/session/80c3bebf-a5e5-4e20-929e-e0f677e37ad6/element/00000000-0000-04ac-0000-000400000005/value[39m
[35m[HTTP][39m [90m{"id":"00000000-0000-04ac-0000-000400000005","text":"anggaaditya","value":["a","n","g","g","a","a","d","i","t","y","a"]}[39m
[35m[HTTP][39m [37m<-- POST /wd/hub/session/80c3bebf-a5e5-4e20-929e-e0f677e37ad6/element/00000000-0000-04ac-0000-000400000005/value [39m[32m200[39m [90m97 ms - 14[39m
[35m[HTTP][39m [90m[39m
[35m[HTTP][39m [37m-->[39m [37mGET[39m [37m/wd/hub/session/80c3bebf-a5e5-4e20-929e-e0f677e37ad6/context[39m
[35m[HTTP][39m [90m{}[39m
[35m[HTTP][39m [37m<-- GET /wd/hub/session/80c3bebf-a5e5-4e20-929e-e0f677e37ad6/context [39m[32m200[39m [90m1 ms - 22[39m
[35m[HTTP][39m [90m[39m
[35m[HTTP][39m [37m-->[39m [37mGET[39m [37m/wd/hub/session/80c3bebf-a5e5-4e20-929e-e0f677e37ad6/contexts[39m
[35m[HTTP][39m [90m{}[39m
[35m[HTTP][39m [37m<-- GET /wd/hub/session/80c3bebf-a5e5-4e20-929e-e0f677e37ad6/contexts [39m[32m200[39m [90m196 ms - 24[39m
[35m[HTTP][39m [90m[39m
[35m[HTTP][39m [37m-->[39m [37mPOST[39m [37m/wd/hub/session/80c3bebf-a5e5-4e20-929e-e0f677e37ad6/context[39m
[35m[HTTP][39m [90m{"name":"NATIVE_APP"}[39m
[35m[HTTP][39m [37m<-- POST /wd/hub/session/80c3bebf-a5e5-4e20-929e-e0f677e37ad6/context [39m[32m200[39m [90m2 ms - 14[39m
[35m[HTTP][39m [90m[39m
[35m[HTTP][39m [37m-->[39m [37mPOST[39m [37m/wd/hub/session/80c3bebf-a5e5-4e20-929e-e0f677e37ad6/appium/device/hide_keyboard[39m
[35m[HTTP][39m [90m{}[39m
[35m[HTTP][39m [37m<-- POST /wd/hub/session/80c3bebf-a5e5-4e20-929e-e0f677e37ad6/appium/device/hide_keyboard [39m[32m200[39m [90m3305 ms - 14[39m
[35m[HTTP][39m [90m[39m
[35m[HTTP][39m [37m-->[39m [37mPOST[39m [37m/wd/hub/session/80c3bebf-a5e5-4e20-929e-e0f677e37ad6/context[39m
[35m[HTTP][39m [90m{"name":"NATIVE_APP"}[39m
[35m[HTTP][39m [37m<-- POST /wd/hub/session/80c3bebf-a5e5-4e20-929e-e0f677e37ad6/context [39m[32m200[39m [90m1 ms - 14[39m
[35m[HTTP][39m [90m[39m
[35m[HTTP][39m [37m-->[39m [37mPOST[39m [37m/wd/hub/session/80c3bebf-a5e5-4e20-929e-e0f677e37ad6/timeouts[39m
[35m[HTTP][39m [90m{"implicit":50}[39m
[35m[HTTP][39m [37m<-- POST /wd/hub/session/80c3bebf-a5e5-4e20-929e-e0f677e37ad6/timeouts [39m[32m200[39m [90m1 ms - 14[39m
[35m[HTTP][39m [90m[39m
[35m[HTTP][39m [37m-->[39m [37mGET[39m [37m/wd/hub/session/80c3bebf-a5e5-4e20-929e-e0f677e37ad6/window/rect[39m
[35m[HTTP][39m [90m{}[39m
[35m[HTTP][39m [37m<-- GET /wd/hub/session/80c3bebf-a5e5-4e20-929e-e0f677e37ad6/window/rect [39m[32m200[39m [90m40 ms - 49[39m
[35m[HTTP][39m [90m[39m
[35m[HTTP][39m [37m-->[39m [37mPOST[39m [37m/wd/hub/session/80c3bebf-a5e5-4e20-929e-e0f677e37ad6/elements[39m
[35m[HTTP][39m [90m{"using":"xpath","value":"//hierarchy/android.widget.FrameLayout[1]/android.widget.LinearLayout[1]/android.widget.FrameLayout[1]/android.widget.FrameLayout[1]/android.widget.FrameLayout[1]/android.widget.FrameLayout[1]/android.view.View[1]/android.view.View[1]/android.view.View[1]/android.view.View[1]/android.widget.EditText[2]"}[39m
[35m[HTTP][39m [37m<-- POST /wd/hub/session/80c3bebf-a5e5-4e20-929e-e0f677e37ad6/elements [39m[32m200[39m [90m107 ms - 139[39m
[35m[HTTP][39m [90m[39m
[35m[HTTP][39m [37m-->[39m [37mGET[39m [37m/wd/hub/session/80c3bebf-a5e5-4e20-929e-e0f677e37ad6/element/00000000-0000-04ac-0000-000500000005/location[39m
[35m[HTTP][39m [90m{}[39m
[35m[W3C (80c3bebf)][39m Driver proxy active, passing request on via HTTP proxy
[35m[WD Proxy][39m Replacing sessionId 2775e476-77cb-484f-b982-3603513b334c with 80c3bebf-a5e5-4e20-929e-e0f677e37ad6
[35m[HTTP][39m [37m<-- GET /wd/hub/session/80c3bebf-a5e5-4e20-929e-e0f677e37ad6/element/00000000-0000-04ac-0000-000500000005/location [39m[32m200[39m [90m35 ms - 77[39m
[35m[HTTP][39m [90m[39m
[35m[HTTP][39m [37m-->[39m [37mPOST[39m [37m/wd/hub/session/80c3bebf-a5e5-4e20-929e-e0f677e37ad6/timeouts[39m
[35m[HTTP][39m [90m{"implicit":60000}[39m
[35m[HTTP][39m [37m<-- POST /wd/hub/session/80c3bebf-a5e5-4e20-929e-e0f677e37ad6/timeouts [39m[32m200[39m [90m1 ms - 14[39m
[35m[HTTP][39m [90m[39m
[35m[HTTP][39m [37m-->[39m [37mPOST[39m [37m/wd/hub/session/80c3bebf-a5e5-4e20-929e-e0f677e37ad6/touch/perform[39m
[35m[HTTP][39m [90m{"actions":[{"action":"tap","options":{"x":1,"y":1,"element":"00000000-0000-04ac-0000-000500000005"}},{"action":"release","options":{}}]}[39m
[35m[UiAutomator2][39m calling get location: 00000000-0000-04ac-0000-000500000005
[35m[HTTP][39m [37m<-- POST /wd/hub/session/80c3bebf-a5e5-4e20-929e-e0f677e37ad6/touch/perform [39m[32m200[39m [90m233 ms - 14[39m
[35m[HTTP][39m [90m[39m
[35m[HTTP][39m [37m-->[39m [37mPOST[39m [37m/wd/hub/session/80c3bebf-a5e5-4e20-929e-e0f677e37ad6/timeouts[39m
[35m[HTTP][39m [90m{"implicit":50}[39m
[35m[HTTP][39m [37m<-- POST /wd/hub/session/80c3bebf-a5e5-4e20-929e-e0f677e37ad6/timeouts [39m[32m200[39m [90m1 ms - 14[39m
[35m[HTTP][39m [90m[39m
[35m[HTTP][39m [37m-->[39m [37mGET[39m [37m/wd/hub/session/80c3bebf-a5e5-4e20-929e-e0f677e37ad6/window/rect[39m
[35m[HTTP][39m [90m{}[39m
[35m[HTTP][39m [37m<-- GET /wd/hub/session/80c3bebf-a5e5-4e20-929e-e0f677e37ad6/window/rect [39m[32m200[39m [90m38 ms - 49[39m
[35m[HTTP][39m [90m[39m
[35m[HTTP][39m [37m-->[39m [37mPOST[39m [37m/wd/hub/session/80c3bebf-a5e5-4e20-929e-e0f677e37ad6/elements[39m
[35m[HTTP][39m [90m{"using":"xpath","value":"//hierarchy/android.widget.FrameLayout[1]/android.widget.LinearLayout[1]/android.widget.FrameLayout[1]/android.widget.FrameLayout[1]/android.widget.FrameLayout[1]/android.widget.FrameLayout[1]/android.view.View[1]/android.view.View[1]/android.view.View[1]/android.view.View[1]/android.widget.EditText[2]"}[39m
[35m[HTTP][39m [37m<-- POST /wd/hub/session/80c3bebf-a5e5-4e20-929e-e0f677e37ad6/elements [39m[32m200[39m [90m292 ms - 139[39m
[35m[HTTP][39m [90m[39m
[35m[HTTP][39m [37m-->[39m [37mGET[39m [37m/wd/hub/session/80c3bebf-a5e5-4e20-929e-e0f677e37ad6/element/00000000-0000-04ac-0000-000500000005/location[39m
[35m[HTTP][39m [90m{}[39m
[35m[W3C (80c3bebf)][39m Driver proxy active, passing request on via HTTP proxy
[35m[WD Proxy][39m Replacing sessionId 2775e476-77cb-484f-b982-3603513b334c with 80c3bebf-a5e5-4e20-929e-e0f677e37ad6
[35m[HTTP][39m [37m<-- GET /wd/hub/session/80c3bebf-a5e5-4e20-929e-e0f677e37ad6/element/00000000-0000-04ac-0000-000500000005/location [39m[32m200[39m [90m31 ms - 77[39m
[35m[HTTP][39m [90m[39m
[35m[HTTP][39m [37m-->[39m [37mPOST[39m [37m/wd/hub/session/80c3bebf-a5e5-4e20-929e-e0f677e37ad6/timeouts[39m
[35m[HTTP][39m [90m{"implicit":60000}[39m
[35m[HTTP][39m [37m<-- POST /wd/hub/session/80c3bebf-a5e5-4e20-929e-e0f677e37ad6/timeouts [39m[32m200[39m [90m1 ms - 14[39m
[35m[HTTP][39m [90m[39m
[35m[HTTP][39m [37m-->[39m [37mPOST[39m [37m/wd/hub/session/80c3bebf-a5e5-4e20-929e-e0f677e37ad6/element/00000000-0000-04ac-0000-000500000005/clear[39m
[35m[HTTP][39m [90m{"id":"00000000-0000-04ac-0000-000500000005"}[39m
[35m[HTTP][39m [37m<-- POST /wd/hub/session/80c3bebf-a5e5-4e20-929e-e0f677e37ad6/element/00000000-0000-04ac-0000-000500000005/clear [39m[32m200[39m [90m32 ms - 14[39m
[35m[HTTP][39m [90m[39m
[35m[HTTP][39m [37m-->[39m [37mPOST[39m [37m/wd/hub/session/80c3bebf-a5e5-4e20-929e-e0f677e37ad6/element/00000000-0000-04ac-0000-000500000005/value[39m
[35m[HTTP][39m [90m{"id":"00000000-0000-04ac-0000-000500000005","text":"Shalawa18","value":["S","h","a","l","a","w","a","1","8"]}[39m
[35m[HTTP][39m [37m<-- POST /wd/hub/session/80c3bebf-a5e5-4e20-929e-e0f677e37ad6/element/00000000-0000-04ac-0000-000500000005/value [39m[32m200[39m [90m97 ms - 14[39m
[35m[HTTP][39m [90m[39m
[35m[HTTP][39m [37m-->[39m [37mGET[39m [37m/wd/hub/session/80c3bebf-a5e5-4e20-929e-e0f677e37ad6/context[39m
[35m[HTTP][39m [90m{}[39m
[35m[HTTP][39m [37m<-- GET /wd/hub/session/80c3bebf-a5e5-4e20-929e-e0f677e37ad6/context [39m[32m200[39m [90m1 ms - 22[39m
[35m[HTTP][39m [90m[39m
[35m[HTTP][39m [37m-->[39m [37mGET[39m [37m/wd/hub/session/80c3bebf-a5e5-4e20-929e-e0f677e37ad6/contexts[39m
[35m[HTTP][39m [90m{}[39m
[35m[HTTP][39m [37m<-- GET /wd/hub/session/80c3bebf-a5e5-4e20-929e-e0f677e37ad6/contexts [39m[32m200[39m [90m176 ms - 24[39m
[35m[HTTP][39m [90m[39m
[35m[HTTP][39m [37m-->[39m [37mPOST[39m [37m/wd/hub/session/80c3bebf-a5e5-4e20-929e-e0f677e37ad6/context[39m
[35m[HTTP][39m [90m{"name":"NATIVE_APP"}[39m
[35m[HTTP][39m [37m<-- POST /wd/hub/session/80c3bebf-a5e5-4e20-929e-e0f677e37ad6/context [39m[32m200[39m [90m1 ms - 14[39m
[35m[HTTP][39m [90m[39m
[35m[HTTP][39m [37m-->[39m [37mPOST[39m [37m/wd/hub/session/80c3bebf-a5e5-4e20-929e-e0f677e37ad6/appium/device/hide_keyboard[39m
[35m[HTTP][39m [90m{}[39m
[35m[HTTP][39m [37m<-- POST /wd/hub/session/80c3bebf-a5e5-4e20-929e-e0f677e37ad6/appium/device/hide_keyboard [39m[32m200[39m [90m6083 ms - 14[39m
[35m[HTTP][39m [90m[39m
[35m[HTTP][39m [37m-->[39m [37mPOST[39m [37m/wd/hub/session/80c3bebf-a5e5-4e20-929e-e0f677e37ad6/context[39m
[35m[HTTP][39m [90m{"name":"NATIVE_APP"}[39m
[35m[HTTP][39m [37m<-- POST /wd/hub/session/80c3bebf-a5e5-4e20-929e-e0f677e37ad6/context [39m[32m200[39m [90m3 ms - 14[39m
[35m[HTTP][39m [90m[39m
[35m[HTTP][39m [37m-->[39m [37mPOST[39m [37m/wd/hub/session/80c3bebf-a5e5-4e20-929e-e0f677e37ad6/timeouts[39m
[35m[HTTP][39m [90m{"implicit":50}[39m
[35m[HTTP][39m [37m<-- POST /wd/hub/session/80c3bebf-a5e5-4e20-929e-e0f677e37ad6/timeouts [39m[32m200[39m [90m1 ms - 14[39m
[35m[HTTP][39m [90m[39m
[35m[HTTP][39m [37m-->[39m [37mGET[39m [37m/wd/hub/session/80c3bebf-a5e5-4e20-929e-e0f677e37ad6/window/rect[39m
[35m[HTTP][39m [90m{}[39m
[35m[HTTP][39m [37m<-- GET /wd/hub/session/80c3bebf-a5e5-4e20-929e-e0f677e37ad6/window/rect [39m[32m200[39m [90m33 ms - 49[39m
[35m[HTTP][39m [90m[39m
[35m[HTTP][39m [37m-->[39m [37mPOST[39m [37m/wd/hub/session/80c3bebf-a5e5-4e20-929e-e0f677e37ad6/elements[39m
[35m[HTTP][39m [90m{"using":"xpath","value":"//hierarchy/android.widget.FrameLayout[1]/android.widget.LinearLayout[1]/android.widget.FrameLayout[1]/android.widget.FrameLayout[1]/android.widget.FrameLayout[1]/android.widget.FrameLayout[1]/android.view.View[1]/android.view.View[1]/android.view.View[1]/android.view.View[1]/android.widget.Button[1]"}[39m
[35m[HTTP][39m [37m<-- POST /wd/hub/session/80c3bebf-a5e5-4e20-929e-e0f677e37ad6/elements [39m[32m200[39m [90m98 ms - 139[39m
[35m[HTTP][39m [90m[39m
[35m[HTTP][39m [37m-->[39m [37mGET[39m [37m/wd/hub/session/80c3bebf-a5e5-4e20-929e-e0f677e37ad6/element/00000000-0000-04ac-0000-000700000005/location[39m
[35m[HTTP][39m [90m{}[39m
[35m[W3C (80c3bebf)][39m Driver proxy active, passing request on via HTTP proxy
[35m[WD Proxy][39m Replacing sessionId 2775e476-77cb-484f-b982-3603513b334c with 80c3bebf-a5e5-4e20-929e-e0f677e37ad6
[35m[HTTP][39m [37m<-- GET /wd/hub/session/80c3bebf-a5e5-4e20-929e-e0f677e37ad6/element/00000000-0000-04ac-0000-000700000005/location [39m[32m200[39m [90m32 ms - 77[39m
[35m[HTTP][39m [90m[39m
[35m[HTTP][39m [37m-->[39m [37mPOST[39m [37m/wd/hub/session/80c3bebf-a5e5-4e20-929e-e0f677e37ad6/timeouts[39m
[35m[HTTP][39m [90m{"implicit":60000}[39m
[35m[HTTP][39m [37m<-- POST /wd/hub/session/80c3bebf-a5e5-4e20-929e-e0f677e37ad6/timeouts [39m[32m200[39m [90m1 ms - 14[39m
[35m[HTTP][39m [90m[39m
[35m[HTTP][39m [37m-->[39m [37mPOST[39m [37m/wd/hub/session/80c3bebf-a5e5-4e20-929e-e0f677e37ad6/touch/perform[39m
[35m[HTTP][39m [90m{"actions":[{"action":"tap","options":{"x":1,"y":1,"element":"00000000-0000-04ac-0000-000700000005"}},{"action":"release","options":{}}]}[39m
[35m[UiAutomator2][39m calling get location: 00000000-0000-04ac-0000-000700000005
[35m[HTTP][39m [37m<-- POST /wd/hub/session/80c3bebf-a5e5-4e20-929e-e0f677e37ad6/touch/perform [39m[32m200[39m [90m725 ms - 14[39m
[35m[HTTP][39m [90m[39m
[35m[HTTP][39m [37m-->[39m [37mPOST[39m [37m/wd/hub/session/80c3bebf-a5e5-4e20-929e-e0f677e37ad6/timeouts[39m
[35m[HTTP][39m [90m{"implicit":50}[39m
[35m[HTTP][39m [37m<-- POST /wd/hub/session/80c3bebf-a5e5-4e20-929e-e0f677e37ad6/timeouts [39m[32m200[39m [90m2 ms - 14[39m
[35m[HTTP][39m [90m[39m
[35m[HTTP][39m [37m-->[39m [37mGET[39m [37m/wd/hub/session/80c3bebf-a5e5-4e20-929e-e0f677e37ad6/window/rect[39m
[35m[HTTP][39m [90m{}[39m
[35m[HTTP][39m [37m<-- GET /wd/hub/session/80c3bebf-a5e5-4e20-929e-e0f677e37ad6/window/rect [39m[32m200[39m [90m27 ms - 49[39m
[35m[HTTP][39m [90m[39m
[35m[HTTP][39m [37m-->[39m [37mPOST[39m [37m/wd/hub/session/80c3bebf-a5e5-4e20-929e-e0f677e37ad6/elements[39m
[35m[HTTP][39m [90m{"using":"xpath","value":"//hierarchy/android.widget.FrameLayout[1]/android.widget.LinearLayout[1]/android.widget.FrameLayout[1]/android.widget.FrameLayout[1]/android.widget.FrameLayout[1]/android.widget.FrameLayout[1]/android.view.View[1]/android.view.View[1]/android.view.View[1]/android.view.View[1]/android.view.View[3]/android.widget.ImageView[4]"}[39m
[35m[HTTP][39m [37m<-- POST /wd/hub/session/80c3bebf-a5e5-4e20-929e-e0f677e37ad6/elements [39m[32m200[39m [90m551 ms - 139[39m
[35m[HTTP][39m [90m[39m
[35m[HTTP][39m [37m-->[39m [37mGET[39m [37m/wd/hub/session/80c3bebf-a5e5-4e20-929e-e0f677e37ad6/element/00000000-0000-04ac-0000-002100000005/location[39m
[35m[HTTP][39m [90m{}[39m
[35m[W3C (80c3bebf)][39m Driver proxy active, passing request on via HTTP proxy
[35m[WD Proxy][39m Replacing sessionId 2775e476-77cb-484f-b982-3603513b334c with 80c3bebf-a5e5-4e20-929e-e0f677e37ad6
[35m[HTTP][39m [37m<-- GET /wd/hub/session/80c3bebf-a5e5-4e20-929e-e0f677e37ad6/element/00000000-0000-04ac-0000-002100000005/location [39m[32m200[39m [90m28 ms - 79[39m
[35m[HTTP][39m [90m[39m
[35m[HTTP][39m [37m-->[39m [37mPOST[39m [37m/wd/hub/session/80c3bebf-a5e5-4e20-929e-e0f677e37ad6/timeouts[39m
[35m[HTTP][39m [90m{"implicit":60000}[39m
[35m[HTTP][39m [37m<-- POST /wd/hub/session/80c3bebf-a5e5-4e20-929e-e0f677e37ad6/timeouts [39m[32m200[39m [90m2 ms - 14[39m
[35m[HTTP][39m [90m[39m
[35m[HTTP][39m [37m-->[39m [37mPOST[39m [37m/wd/hub/session/80c3bebf-a5e5-4e20-929e-e0f677e37ad6/touch/perform[39m
[35m[HTTP][39m [90m{"actions":[{"action":"tap","options":{"x":1,"y":1,"element":"00000000-0000-04ac-0000-002100000005"}},{"action":"release","options":{}}]}[39m
[35m[UiAutomator2][39m calling get location: 00000000-0000-04ac-0000-002100000005
[35m[HTTP][39m [37m<-- POST /wd/hub/session/80c3bebf-a5e5-4e20-929e-e0f677e37ad6/touch/perform [39m[32m200[39m [90m751 ms - 14[39m
[35m[HTTP][39m [90m[39m
[35m[HTTP][39m [37m-->[39m [37mGET[39m [37m/wd/hub/session/80c3bebf-a5e5-4e20-929e-e0f677e37ad6/context[39m
[35m[HTTP][39m [90m{}[39m
[35m[HTTP][39m [37m<-- GET /wd/hub/session/80c3bebf-a5e5-4e20-929e-e0f677e37ad6/context [39m[32m200[39m [90m1 ms - 22[39m
[35m[HTTP][39m [90m[39m
[35m[HTTP][39m [37m-->[39m [37mGET[39m [37m/wd/hub/session/80c3bebf-a5e5-4e20-929e-e0f677e37ad6/contexts[39m
[35m[HTTP][39m [90m{}[39m
[35m[HTTP][39m [37m<-- GET /wd/hub/session/80c3bebf-a5e5-4e20-929e-e0f677e37ad6/contexts [39m[32m200[39m [90m190 ms - 24[39m
[35m[HTTP][39m [90m[39m
[35m[HTTP][39m [37m-->[39m [37mPOST[39m [37m/wd/hub/session/80c3bebf-a5e5-4e20-929e-e0f677e37ad6/context[39m
[35m[HTTP][39m [90m{"name":"NATIVE_APP"}[39m
[35m[HTTP][39m [37m<-- POST /wd/hub/session/80c3bebf-a5e5-4e20-929e-e0f677e37ad6/context [39m[32m200[39m [90m1 ms - 14[39m
[35m[HTTP][39m [90m[39m
[35m[HTTP][39m [37m-->[39m [37mGET[39m [37m/wd/hub/session/80c3bebf-a5e5-4e20-929e-e0f677e37ad6/window/rect[39m
[35m[HTTP][39m [90m{}[39m
[35m[HTTP][39m [37m<-- GET /wd/hub/session/80c3bebf-a5e5-4e20-929e-e0f677e37ad6/window/rect [39m[32m200[39m [90m25 ms - 49[39m
[35m[HTTP][39m [90m[39m
[35m[HTTP][39m [37m-->[39m [37mPOST[39m [37m/wd/hub/session/80c3bebf-a5e5-4e20-929e-e0f677e37ad6/context[39m
[35m[HTTP][39m [90m{"name":"NATIVE_APP"}[39m
[35m[HTTP][39m [37m<-- POST /wd/hub/session/80c3bebf-a5e5-4e20-929e-e0f677e37ad6/context [39m[32m200[39m [90m1 ms - 14[39m
[35m[HTTP][39m [90m[39m
[35m[HTTP][39m [37m-->[39m [37mGET[39m [37m/wd/hub/session/80c3bebf-a5e5-4e20-929e-e0f677e37ad6/context[39m
[35m[HTTP][39m [90m{}[39m
[35m[HTTP][39m [37m<-- GET /wd/hub/session/80c3bebf-a5e5-4e20-929e-e0f677e37ad6/context [39m[32m200[39m [90m1 ms - 22[39m
[35m[HTTP][39m [90m[39m
[35m[HTTP][39m [37m-->[39m [37mGET[39m [37m/wd/hub/session/80c3bebf-a5e5-4e20-929e-e0f677e37ad6/contexts[39m
[35m[HTTP][39m [90m{}[39m
[35m[HTTP][39m [37m<-- GET /wd/hub/session/80c3bebf-a5e5-4e20-929e-e0f677e37ad6/contexts [39m[32m200[39m [90m169 ms - 24[39m
[35m[HTTP][39m [90m[39m
[35m[HTTP][39m [37m-->[39m [37mPOST[39m [37m/wd/hub/session/80c3bebf-a5e5-4e20-929e-e0f677e37ad6/context[39m
[35m[HTTP][39m [90m{"name":"NATIVE_APP"}[39m
[35m[HTTP][39m [37m<-- POST /wd/hub/session/80c3bebf-a5e5-4e20-929e-e0f677e37ad6/context [39m[32m200[39m [90m1 ms - 14[39m
[35m[HTTP][39m [90m[39m
[35m[HTTP][39m [37m-->[39m [37mGET[39m [37m/wd/hub/session/80c3bebf-a5e5-4e20-929e-e0f677e37ad6/window/rect[39m
[35m[HTTP][39m [90m{}[39m
[35m[HTTP][39m [37m<-- GET /wd/hub/session/80c3bebf-a5e5-4e20-929e-e0f677e37ad6/window/rect [39m[32m200[39m [90m28 ms - 49[39m
[35m[HTTP][39m [90m[39m
[35m[HTTP][39m [37m-->[39m [37mPOST[39m [37m/wd/hub/session/80c3bebf-a5e5-4e20-929e-e0f677e37ad6/context[39m
[35m[HTTP][39m [90m{"name":"NATIVE_APP"}[39m
[35m[HTTP][39m [37m<-- POST /wd/hub/session/80c3bebf-a5e5-4e20-929e-e0f677e37ad6/context [39m[32m200[39m [90m1 ms - 14[39m
[35m[HTTP][39m [90m[39m
[35m[HTTP][39m [37m-->[39m [37mGET[39m [37m/wd/hub/session/80c3bebf-a5e5-4e20-929e-e0f677e37ad6/context[39m
[35m[HTTP][39m [90m{}[39m
[35m[HTTP][39m [37m<-- GET /wd/hub/session/80c3bebf-a5e5-4e20-929e-e0f677e37ad6/context [39m[32m200[39m [90m1 ms - 22[39m
[35m[HTTP][39m [90m[39m
[35m[HTTP][39m [37m-->[39m [37mGET[39m [37m/wd/hub/session/80c3bebf-a5e5-4e20-929e-e0f677e37ad6/contexts[39m
[35m[HTTP][39m [90m{}[39m
[35m[HTTP][39m [37m<-- GET /wd/hub/session/80c3bebf-a5e5-4e20-929e-e0f677e37ad6/contexts [39m[32m200[39m [90m194 ms - 24[39m
[35m[HTTP][39m [90m[39m
[35m[HTTP][39m [37m-->[39m [37mPOST[39m [37m/wd/hub/session/80c3bebf-a5e5-4e20-929e-e0f677e37ad6/context[39m
[35m[HTTP][39m [90m{"name":"NATIVE_APP"}[39m
[35m[HTTP][39m [37m<-- POST /wd/hub/session/80c3bebf-a5e5-4e20-929e-e0f677e37ad6/context [39m[32m200[39m [90m1 ms - 14[39m
[35m[HTTP][39m [90m[39m
[35m[HTTP][39m [37m-->[39m [37mPOST[39m [37m/wd/hub/session/80c3bebf-a5e5-4e20-929e-e0f677e37ad6/touch/perform[39m
[35m[HTTP][39m [90m{"actions":[{"action":"press","options":{"x":360,"y":1138}},{"action":"wait","options":{"ms":500}},{"action":"moveTo","options":{"x":360,"y":284}},{"action":"release","options":{}}]}[39m
[35m[HTTP][39m [37m<-- POST /wd/hub/session/80c3bebf-a5e5-4e20-929e-e0f677e37ad6/touch/perform [39m[32m200[39m [90m966 ms - 14[39m
[35m[HTTP][39m [90m[39m
[35m[HTTP][39m [37m-->[39m [37mPOST[39m [37m/wd/hub/session/80c3bebf-a5e5-4e20-929e-e0f677e37ad6/context[39m
[35m[HTTP][39m [90m{"name":"NATIVE_APP"}[39m
[35m[HTTP][39m [37m<-- POST /wd/hub/session/80c3bebf-a5e5-4e20-929e-e0f677e37ad6/context [39m[32m200[39m [90m1 ms - 14[39m
[35m[HTTP][39m [90m[39m
[35m[HTTP][39m [37m-->[39m [37mPOST[39m [37m/wd/hub/session/80c3bebf-a5e5-4e20-929e-e0f677e37ad6/appium/device/press_keycode[39m
[35m[HTTP][39m [90m{"keycode":187}[39m
[35m[HTTP][39m [37m<-- POST /wd/hub/session/80c3bebf-a5e5-4e20-929e-e0f677e37ad6/appium/device/press_keycode [39m[32m200[39m [90m112 ms - 14[39m
[35m[HTTP][39m [90m[39m
[35m[HTTP][39m [37m-->[39m [37mGET[39m [37m/wd/hub/session/80c3bebf-a5e5-4e20-929e-e0f677e37ad6/context[39m
[35m[HTTP][39m [90m{}[39m
[35m[HTTP][39m [37m<-- GET /wd/hub/session/80c3bebf-a5e5-4e20-929e-e0f677e37ad6/context [39m[32m200[39m [90m1 ms - 22[39m
[35m[HTTP][39m [90m[39m
[35m[HTTP][39m [37m-->[39m [37mGET[39m [37m/wd/hub/session/80c3bebf-a5e5-4e20-929e-e0f677e37ad6/contexts[39m
[35m[HTTP][39m [90m{}[39m
[35m[HTTP][39m [37m<-- GET /wd/hub/session/80c3bebf-a5e5-4e20-929e-e0f677e37ad6/contexts [39m[32m200[39m [90m193 ms - 24[39m
[35m[HTTP][39m [90m[39m
[35m[HTTP][39m [37m-->[39m [37mPOST[39m [37m/wd/hub/session/80c3bebf-a5e5-4e20-929e-e0f677e37ad6/context[39m
[35m[HTTP][39m [90m{"name":"NATIVE_APP"}[39m
[35m[HTTP][39m [37m<-- POST /wd/hub/session/80c3bebf-a5e5-4e20-929e-e0f677e37ad6/context [39m[32m200[39m [90m1 ms - 14[39m
[35m[HTTP][39m [90m[39m
[35m[HTTP][39m [37m-->[39m [37mGET[39m [37m/wd/hub/session/80c3bebf-a5e5-4e20-929e-e0f677e37ad6/window/rect[39m
[35m[HTTP][39m [90m{}[39m
[35m[HTTP][39m [37m<-- GET /wd/hub/session/80c3bebf-a5e5-4e20-929e-e0f677e37ad6/window/rect [39m[32m200[39m [90m40 ms - 49[39m
[35m[HTTP][39m [90m[39m
[35m[HTTP][39m [37m-->[39m [37mPOST[39m [37m/wd/hub/session/80c3bebf-a5e5-4e20-929e-e0f677e37ad6/context[39m
[35m[HTTP][39m [90m{"name":"NATIVE_APP"}[39m
[35m[HTTP][39m [37m<-- POST /wd/hub/session/80c3bebf-a5e5-4e20-929e-e0f677e37ad6/context [39m[32m200[39m [90m1 ms - 14[39m
[35m[HTTP][39m [90m[39m
[35m[HTTP][39m [37m-->[39m [37mGET[39m [37m/wd/hub/session/80c3bebf-a5e5-4e20-929e-e0f677e37ad6/context[39m
[35m[HTTP][39m [90m{}[39m
[35m[HTTP][39m [37m<-- GET /wd/hub/session/80c3bebf-a5e5-4e20-929e-e0f677e37ad6/context [39m[32m200[39m [90m1 ms - 22[39m
[35m[HTTP][39m [90m[39m
[35m[HTTP][39m [37m-->[39m [37mGET[39m [37m/wd/hub/session/80c3bebf-a5e5-4e20-929e-e0f677e37ad6/contexts[39m
[35m[HTTP][39m [90m{}[39m
[35m[HTTP][39m [37m<-- GET /wd/hub/session/80c3bebf-a5e5-4e20-929e-e0f677e37ad6/contexts [39m[32m200[39m [90m176 ms - 24[39m
[35m[HTTP][39m [90m[39m
[35m[HTTP][39m [37m-->[39m [37mPOST[39m [37m/wd/hub/session/80c3bebf-a5e5-4e20-929e-e0f677e37ad6/context[39m
[35m[HTTP][39m [90m{"name":"NATIVE_APP"}[39m
[35m[HTTP][39m [37m<-- POST /wd/hub/session/80c3bebf-a5e5-4e20-929e-e0f677e37ad6/context [39m[32m200[39m [90m1 ms - 14[39m
[35m[HTTP][39m [90m[39m
[35m[HTTP][39m [37m-->[39m [37mGET[39m [37m/wd/hub/session/80c3bebf-a5e5-4e20-929e-e0f677e37ad6/window/rect[39m
[35m[HTTP][39m [90m{}[39m
[35m[HTTP][39m [37m<-- GET /wd/hub/session/80c3bebf-a5e5-4e20-929e-e0f677e37ad6/window/rect [39m[32m200[39m [90m36 ms - 49[39m
[35m[HTTP][39m [90m[39m
[35m[HTTP][39m [37m-->[39m [37mPOST[39m [37m/wd/hub/session/80c3bebf-a5e5-4e20-929e-e0f677e37ad6/context[39m
[35m[HTTP][39m [90m{"name":"NATIVE_APP"}[39m
[35m[HTTP][39m [37m<-- POST /wd/hub/session/80c3bebf-a5e5-4e20-929e-e0f677e37ad6/context [39m[32m200[39m [90m1 ms - 14[39m
[35m[HTTP][39m [90m[39m
[35m[HTTP][39m [37m-->[39m [37mGET[39m [37m/wd/hub/session/80c3bebf-a5e5-4e20-929e-e0f677e37ad6/context[39m
[35m[HTTP][39m [90m{}[39m
[35m[HTTP][39m [37m<-- GET /wd/hub/session/80c3bebf-a5e5-4e20-929e-e0f677e37ad6/context [39m[32m200[39m [90m1 ms - 22[39m
[35m[HTTP][39m [90m[39m
[35m[HTTP][39m [37m-->[39m [37mGET[39m [37m/wd/hub/session/80c3bebf-a5e5-4e20-929e-e0f677e37ad6/contexts[39m
[35m[HTTP][39m [90m{}[39m
[35m[HTTP][39m [37m<-- GET /wd/hub/session/80c3bebf-a5e5-4e20-929e-e0f677e37ad6/contexts [39m[32m200[39m [90m179 ms - 24[39m
[35m[HTTP][39m [90m[39m
[35m[HTTP][39m [37m-->[39m [37mPOST[39m [37m/wd/hub/session/80c3bebf-a5e5-4e20-929e-e0f677e37ad6/context[39m
[35m[HTTP][39m [90m{"name":"NATIVE_APP"}[39m
[35m[HTTP][39m [37m<-- POST /wd/hub/session/80c3bebf-a5e5-4e20-929e-e0f677e37ad6/context [39m[32m200[39m [90m1 ms - 14[39m
[35m[HTTP][39m [90m[39m
[35m[HTTP][39m [37m-->[39m [37mPOST[39m [37m/wd/hub/session/80c3bebf-a5e5-4e20-929e-e0f677e37ad6/touch/perform[39m
[35m[HTTP][39m [90m{"actions":[{"action":"press","options":{"x":360,"y":853}},{"action":"wait","options":{"ms":500}},{"action":"moveTo","options":{"x":360,"y":142}},{"action":"release","options":{}}]}[39m
[35m[HTTP][39m [37m<-- POST /wd/hub/session/80c3bebf-a5e5-4e20-929e-e0f677e37ad6/touch/perform [39m[32m200[39m [90m1080 ms - 14[39m
[35m[HTTP][39m [90m[39m
[35m[HTTP][39m [37m-->[39m [37mPOST[39m [37m/wd/hub/session/80c3bebf-a5e5-4e20-929e-e0f677e37ad6/context[39m
[35m[HTTP][39m [90m{"name":"NATIVE_APP"}[39m
[35m[HTTP][39m [37m<-- POST /wd/hub/session/80c3bebf-a5e5-4e20-929e-e0f677e37ad6/context [39m[32m200[39m [90m1 ms - 14[39m
[35m[HTTP][39m [90m[39m
[35m[HTTP][39m [37m-->[39m [37mGET[39m [37m/wd/hub/session/80c3bebf-a5e5-4e20-929e-e0f677e37ad6/context[39m
[35m[HTTP][39m [90m{}[39m
[35m[HTTP][39m [37m<-- GET /wd/hub/session/80c3bebf-a5e5-4e20-929e-e0f677e37ad6/context [39m[32m200[39m [90m1 ms - 22[39m
[35m[HTTP][39m [90m[39m
[35m[HTTP][39m [37m-->[39m [37mGET[39m [37m/wd/hub/session/80c3bebf-a5e5-4e20-929e-e0f677e37ad6/contexts[39m
[35m[HTTP][39m [90m{}[39m
[35m[HTTP][39m [37m<-- GET /wd/hub/session/80c3bebf-a5e5-4e20-929e-e0f677e37ad6/contexts [39m[32m200[39m [90m166 ms - 24[39m
[35m[HTTP][39m [90m[39m
[35m[HTTP][39m [37m-->[39m [37mPOST[39m [37m/wd/hub/session/80c3bebf-a5e5-4e20-929e-e0f677e37ad6/context[39m
[35m[HTTP][39m [90m{"name":"NATIVE_APP"}[39m
[35m[HTTP][39m [37m<-- POST /wd/hub/session/80c3bebf-a5e5-4e20-929e-e0f677e37ad6/context [39m[32m200[39m [90m1 ms - 14[39m
[35m[HTTP][39m [90m[39m
[35m[HTTP][39m [37m-->[39m [37mPOST[39m [37m/wd/hub/session/80c3bebf-a5e5-4e20-929e-e0f677e37ad6/touch/perform[39m
[35m[HTTP][39m [90m{"actions":[{"action":"press","options":{"x":360,"y":853}},{"action":"wait","options":{"ms":500}},{"action":"moveTo","options":{"x":360,"y":142}},{"action":"release","options":{}}]}[39m
[35m[HTTP][39m [37m<-- POST /wd/hub/session/80c3bebf-a5e5-4e20-929e-e0f677e37ad6/touch/perform [39m[32m200[39m [90m1065 ms - 14[39m
[35m[HTTP][39m [90m[39m
[35m[HTTP][39m [37m-->[39m [37mPOST[39m [37m/wd/hub/session/80c3bebf-a5e5-4e20-929e-e0f677e37ad6/context[39m
[35m[HTTP][39m [90m{"name":"NATIVE_APP"}[39m
[35m[HTTP][39m [37m<-- POST /wd/hub/session/80c3bebf-a5e5-4e20-929e-e0f677e37ad6/context [39m[32m200[39m [90m1 ms - 14[39m
[35m[HTTP][39m [90m[39m
