[35m[Appium][39m Welcome to Appium v1.22.0
[35m[Appium][39m Non-default server args:
[35m[Appium][39m   port: 61277
[35m[Appium][39m   loglevel: info
[35m[Appium][39m   tmpDir: C:\Users\Owner\AppData\Local\Temp\\Katalon\Appium\Temp1645028815342
[35m[Appium][39m   chromedriverPort: 61278
[35m[Appium][39m Deprecated server args:
[35m[Appium][39m   [31m--chromedriver-port[39m => --default-capabilities
[35m[Appium][39m Default capabilities, which will be added to each request unless overridden by desired capabilities:
[35m[Appium][39m   chromedriverPort: 61278
[35m[Appium][39m Appium REST http interface listener started on 0.0.0.0:61277
[35m[HTTP][39m [37m-->[39m [37mGET[39m [37m/wd/hub/status[39m
[35m[HTTP][39m [90m{}[39m
[35m[HTTP][39m [37m<-- GET /wd/hub/status [39m[32m200[39m [90m6 ms - 68[39m
[35m[HTTP][39m [90m[39m
[35m[HTTP][39m [37m-->[39m [37mGET[39m [37m/wd/hub/status[39m
[35m[HTTP][39m [90m{}[39m
[35m[HTTP][39m [37m<-- GET /wd/hub/status [39m[32m200[39m [90m1 ms - 68[39m
[35m[HTTP][39m [90m[39m
[35m[HTTP][39m [37m-->[39m [37mPOST[39m [37m/wd/hub/session[39m
[35m[HTTP][39m [90m{"desiredCapabilities":{"appActivity":".Settings","appPackage":"com.android.settings","newCommandTimeout":1800,"platformVersion":"11","automationName":"uiautomator2","autoGrantPermissions":true,"platformName":"Android","udid":"RR8M40C9AXE","deviceName":"samsung SM-A205F (Android 11)","platform":"ANDROID","systemPort":8285},"capabilities":{"firstMatch":[{"appium:appActivity":".Settings","appium:appPackage":"com.android.settings","appium:autoGrantPermissions":true,"appium:automationName":"uiautomator2","appium:deviceName":"samsung SM-A205F (Android 11)","appium:newCommandTimeout":1800,"platform":"ANDROID","platformName":"android","appium:platformVersion":"11","appium:systemPort":8285,"appium:udid":"RR8M40C9AXE"}]}}[39m
[35m[BaseDriver][39m The following capabilities are not standard capabilities and should have an extension prefix:
[35m[BaseDriver][39m   platform
[35m[BaseDriver][39m   chromedriverPort
[35m[Appium][39m Appium v1.22.0 creating new AndroidUiautomator2Driver (v1.69.0) session
[35m[BaseDriver][39m The following capabilities were provided, but are not recognized by Appium:
[35m[BaseDriver][39m   platform
[35m[BaseDriver][39m Session created with session id: d600998f-e0bf-4603-be94-bd8bb3ffd280
[35m[UiAutomator2][39m Starting 'com.android.settings' directly on the device
[35m[ADB][39m Found 1 'build-tools' folders under 'C:\Users\Owner\.katalon\tools\android_sdk' (newest first):
[35m[ADB][39m     C:/Users/Owner/.katalon/tools/android_sdk/build-tools/29.0.3
[35m[ADB][39m Using 'adb.exe' from 'C:\Users\Owner\.katalon\tools\android_sdk\platform-tools\adb.exe'
[35m[AndroidDriver][39m Retrieving device list
[35m[AndroidDriver][39m Using device: RR8M40C9AXE
[35m[ADB][39m Using 'adb.exe' from 'C:\Users\Owner\.katalon\tools\android_sdk\platform-tools\adb.exe'
[35m[ADB][39m Getting device platform version
[35m[UiAutomator2][39m Relaxing hidden api policy
[35m[AndroidDriver][39m No app sent in, not parsing package/activity
[35m[ADB][39m Using 'apksigner.jar' from 'C:\Users\Owner\.katalon\tools\android_sdk\build-tools\29.0.3\lib\apksigner.jar'
[35m[ADB][39m 'C:\Users\Owner\AppData\Roaming\npm\node_modules\appium\node_modules\appium-uiautomator2-server\apks\appium-uiautomator2-server-v4.24.0.apk' is signed with the default certificate
[35m[ADB][39m 'C:\Users\Owner\AppData\Roaming\npm\node_modules\appium\node_modules\appium-uiautomator2-server\apks\appium-uiautomator2-server-debug-androidTest.apk' is signed with the default certificate
[35m[UiAutomator2][39m Server packages are not going to be (re)installed
[35m[ADB][39m Adding packages ["io.appium.settings","io.appium.uiautomator2.server","io.appium.uiautomator2.server.test"] to Doze whitelist
[35m[ADB][39m com.android.settings contains no permissions available for granting
[35m[UiAutomator2][39m Starting UIAutomator2 server 4.24.0
[35m[UiAutomator2][39m Using UIAutomator2 server from 'C:\Users\Owner\AppData\Roaming\npm\node_modules\appium\node_modules\appium-uiautomator2-server\apks\appium-uiautomator2-server-v4.24.0.apk' and test from 'C:\Users\Owner\AppData\Roaming\npm\node_modules\appium\node_modules\appium-uiautomator2-server\apks\appium-uiautomator2-server-debug-androidTest.apk'
[35m[UiAutomator2][39m Waiting up to 30000ms for UiAutomator2 to be online...
[35m[WD Proxy][39m socket hang up
[35m[WD Proxy][39m socket hang up
[35m[WD Proxy][39m socket hang up
[35m[WD Proxy][39m Determined the downstream protocol as 'W3C'
[35m[AndroidDriver][39m Screen already unlocked, doing nothing
[35m[UiAutomator2][39m Starting 'com.android.settings/.Settings and waiting for 'com.android.settings/.Settings'
[35m[Appium][39m New AndroidUiautomator2Driver session created successfully, session d600998f-e0bf-4603-be94-bd8bb3ffd280 added to master session list
[35m[HTTP][39m [37m<-- POST /wd/hub/session [39m[32m200[39m [90m17574 ms - 1155[39m
[35m[HTTP][39m [90m[39m
[35m[HTTP][39m [37m-->[39m [37mGET[39m [37m/wd/hub/session/d600998f-e0bf-4603-be94-bd8bb3ffd280[39m
[35m[HTTP][39m [90m{}[39m
[35m[HTTP][39m [37m<-- GET /wd/hub/session/d600998f-e0bf-4603-be94-bd8bb3ffd280 [39m[32m200[39m [90m24 ms - 1109[39m
[35m[HTTP][39m [90m[39m
[35m[HTTP][39m [37m-->[39m [37mGET[39m [37m/wd/hub/session/d600998f-e0bf-4603-be94-bd8bb3ffd280[39m
[35m[HTTP][39m [90m{}[39m
[35m[HTTP][39m [37m<-- GET /wd/hub/session/d600998f-e0bf-4603-be94-bd8bb3ffd280 [39m[32m200[39m [90m26 ms - 1109[39m
[35m[HTTP][39m [90m[39m
[35m[HTTP][39m [37m-->[39m [37mGET[39m [37m/wd/hub/status[39m
[35m[HTTP][39m [90m{}[39m
[35m[HTTP][39m [37m<-- GET /wd/hub/status [39m[32m200[39m [90m1 ms - 68[39m
[35m[HTTP][39m [90m[39m
[35m[HTTP][39m [37m-->[39m [37mPOST[39m [37m/wd/hub/session/d600998f-e0bf-4603-be94-bd8bb3ffd280/timeouts[39m
[35m[HTTP][39m [90m{"implicit":60000}[39m
[35m[HTTP][39m [37m<-- POST /wd/hub/session/d600998f-e0bf-4603-be94-bd8bb3ffd280/timeouts [39m[32m200[39m [90m3 ms - 14[39m
[35m[HTTP][39m [90m[39m
[35m[HTTP][39m [37m-->[39m [37mGET[39m [37m/wd/hub/session/d600998f-e0bf-4603-be94-bd8bb3ffd280/screenshot[39m
[35m[HTTP][39m [90m{}[39m
[35m[HTTP][39m [37m<-- GET /wd/hub/session/d600998f-e0bf-4603-be94-bd8bb3ffd280/screenshot [39m[32m200[39m [90m527 ms - 122494[39m
[35m[HTTP][39m [90m[39m
[35m[HTTP][39m [37m-->[39m [37mGET[39m [37m/wd/hub/session/d600998f-e0bf-4603-be94-bd8bb3ffd280/window/rect[39m
[35m[HTTP][39m [90m{}[39m
[35m[HTTP][39m [37m<-- GET /wd/hub/session/d600998f-e0bf-4603-be94-bd8bb3ffd280/window/rect [39m[32m200[39m [90m34 ms - 49[39m
[35m[HTTP][39m [90m[39m
[35m[HTTP][39m [37m-->[39m [37mGET[39m [37m/wd/hub/session/d600998f-e0bf-4603-be94-bd8bb3ffd280/appium/device/system_bars[39m
[35m[HTTP][39m [90m{}[39m
[35m[HTTP][39m [37m<-- GET /wd/hub/session/d600998f-e0bf-4603-be94-bd8bb3ffd280/appium/device/system_bars [39m[32m200[39m [90m335 ms - 145[39m
[35m[HTTP][39m [90m[39m
[35m[HTTP][39m [37m-->[39m [37mPOST[39m [37m/wd/hub/session/d600998f-e0bf-4603-be94-bd8bb3ffd280/appium/device/activate_app[39m
[35m[HTTP][39m [90m{"bundleId":"id.co.miraeasset.sageclub"}[39m
[35m[HTTP][39m [37m<-- POST /wd/hub/session/d600998f-e0bf-4603-be94-bd8bb3ffd280/appium/device/activate_app [39m[32m200[39m [90m953 ms - 14[39m
[35m[HTTP][39m [90m[39m
[35m[HTTP][39m [37m-->[39m [37mGET[39m [37m/wd/hub/session/d600998f-e0bf-4603-be94-bd8bb3ffd280/source[39m
[35m[HTTP][39m [90m{}[39m
[35m[W3C (d600998f)][39m Driver proxy active, passing request on via HTTP proxy
[35m[WD Proxy][39m Replacing sessionId 64d13dd8-dffb-4436-af9d-c4f34678ccbb with d600998f-e0bf-4603-be94-bd8bb3ffd280
[35m[HTTP][39m [37m<-- GET /wd/hub/session/d600998f-e0bf-4603-be94-bd8bb3ffd280/source [39m[32m200[39m [90m1651 ms - 7469[39m
[35m[HTTP][39m [90m[39m
[35m[HTTP][39m [37m-->[39m [37mGET[39m [37m/wd/hub/session/d600998f-e0bf-4603-be94-bd8bb3ffd280/screenshot[39m
[35m[HTTP][39m [90m{}[39m
[35m[HTTP][39m [37m<-- GET /wd/hub/session/d600998f-e0bf-4603-be94-bd8bb3ffd280/screenshot [39m[32m200[39m [90m461 ms - 52688[39m
[35m[HTTP][39m [90m[39m
[35m[HTTP][39m [37m-->[39m [37mGET[39m [37m/wd/hub/session/d600998f-e0bf-4603-be94-bd8bb3ffd280/source[39m
[35m[HTTP][39m [90m{}[39m
[35m[W3C (d600998f)][39m Driver proxy active, passing request on via HTTP proxy
[35m[WD Proxy][39m Replacing sessionId 64d13dd8-dffb-4436-af9d-c4f34678ccbb with d600998f-e0bf-4603-be94-bd8bb3ffd280
[35m[HTTP][39m [37m<-- GET /wd/hub/session/d600998f-e0bf-4603-be94-bd8bb3ffd280/source [39m[32m200[39m [90m209 ms - 17422[39m
[35m[HTTP][39m [90m[39m
[35m[HTTP][39m [37m-->[39m [37mGET[39m [37m/wd/hub/session/d600998f-e0bf-4603-be94-bd8bb3ffd280/screenshot[39m
[35m[HTTP][39m [90m{}[39m
[35m[HTTP][39m [37m<-- GET /wd/hub/session/d600998f-e0bf-4603-be94-bd8bb3ffd280/screenshot [39m[32m200[39m [90m528 ms - 145864[39m
[35m[HTTP][39m [90m[39m
[35m[HTTP][39m [37m-->[39m [37mGET[39m [37m/wd/hub/session/d600998f-e0bf-4603-be94-bd8bb3ffd280/source[39m
[35m[HTTP][39m [90m{}[39m
[35m[W3C (d600998f)][39m Driver proxy active, passing request on via HTTP proxy
[35m[WD Proxy][39m Replacing sessionId 64d13dd8-dffb-4436-af9d-c4f34678ccbb with d600998f-e0bf-4603-be94-bd8bb3ffd280
[35m[HTTP][39m [37m<-- GET /wd/hub/session/d600998f-e0bf-4603-be94-bd8bb3ffd280/source [39m[32m200[39m [90m229 ms - 20640[39m
[35m[HTTP][39m [90m[39m
[35m[HTTP][39m [37m-->[39m [37mGET[39m [37m/wd/hub/session/d600998f-e0bf-4603-be94-bd8bb3ffd280/screenshot[39m
[35m[HTTP][39m [90m{}[39m
[35m[HTTP][39m [37m<-- GET /wd/hub/session/d600998f-e0bf-4603-be94-bd8bb3ffd280/screenshot [39m[32m200[39m [90m532 ms - 142294[39m
[35m[HTTP][39m [90m[39m
[35m[HTTP][39m [37m-->[39m [37mPOST[39m [37m/wd/hub/session/d600998f-e0bf-4603-be94-bd8bb3ffd280/elements[39m
[35m[HTTP][39m [90m{"using":"xpath","value":"//*[@class = 'android.view.View' and @resource-id = '' and (@text = '' or . = '')]"}[39m
[35m[HTTP][39m [37m<-- POST /wd/hub/session/d600998f-e0bf-4603-be94-bd8bb3ffd280/elements [39m[32m200[39m [90m263 ms - 4235[39m
[35m[HTTP][39m [90m[39m
[35m[HTTP][39m [37m-->[39m [37mPOST[39m [37m/wd/hub/session/d600998f-e0bf-4603-be94-bd8bb3ffd280/elements[39m
[35m[HTTP][39m [90m{"using":"accessibility id","value":"IDR"}[39m
[35m[HTTP][39m [37m<-- POST /wd/hub/session/d600998f-e0bf-4603-be94-bd8bb3ffd280/elements [39m[32m200[39m [90m48 ms - 139[39m
[35m[HTTP][39m [90m[39m
[35m[HTTP][39m [37m-->[39m [37mPOST[39m [37m/wd/hub/session/d600998f-e0bf-4603-be94-bd8bb3ffd280/elements[39m
[35m[HTTP][39m [90m{"using":"xpath","value":"//*[@class = 'android.view.View' and @resource-id = '' and (@text = '' or . = '')]"}[39m
[35m[HTTP][39m [37m<-- POST /wd/hub/session/d600998f-e0bf-4603-be94-bd8bb3ffd280/elements [39m[32m200[39m [90m175 ms - 4235[39m
[35m[HTTP][39m [90m[39m
[35m[HTTP][39m [37m-->[39m [37mPOST[39m [37m/wd/hub/session/d600998f-e0bf-4603-be94-bd8bb3ffd280/elements[39m
[35m[HTTP][39m [90m{"using":"accessibility id","value":"%"}[39m
[35m[HTTP][39m [37m<-- POST /wd/hub/session/d600998f-e0bf-4603-be94-bd8bb3ffd280/elements [39m[32m200[39m [90m43 ms - 139[39m
[35m[HTTP][39m [90m[39m
[35m[HTTP][39m [37m-->[39m [37mGET[39m [37m/wd/hub/session/d600998f-e0bf-4603-be94-bd8bb3ffd280/source[39m
[35m[HTTP][39m [90m{}[39m
[35m[W3C (d600998f)][39m Driver proxy active, passing request on via HTTP proxy
[35m[WD Proxy][39m Replacing sessionId 64d13dd8-dffb-4436-af9d-c4f34678ccbb with d600998f-e0bf-4603-be94-bd8bb3ffd280
[35m[HTTP][39m [37m<-- GET /wd/hub/session/d600998f-e0bf-4603-be94-bd8bb3ffd280/source [39m[32m200[39m [90m215 ms - 26298[39m
[35m[HTTP][39m [90m[39m
[35m[HTTP][39m [37m-->[39m [37mGET[39m [37m/wd/hub/session/d600998f-e0bf-4603-be94-bd8bb3ffd280/screenshot[39m
[35m[HTTP][39m [90m{}[39m
[35m[HTTP][39m [37m<-- GET /wd/hub/session/d600998f-e0bf-4603-be94-bd8bb3ffd280/screenshot [39m[32m200[39m [90m514 ms - 128890[39m
[35m[HTTP][39m [90m[39m
[35m[HTTP][39m [37m-->[39m [37mPOST[39m [37m/wd/hub/session/d600998f-e0bf-4603-be94-bd8bb3ffd280/elements[39m
[35m[HTTP][39m [90m{"using":"xpath","value":"//*[@class = 'android.view.View' and @resource-id = '' and (@text = '' or . = '')]"}[39m
[35m[HTTP][39m [37m<-- POST /wd/hub/session/d600998f-e0bf-4603-be94-bd8bb3ffd280/elements [39m[32m200[39m [90m198 ms - 5643[39m
[35m[HTTP][39m [90m[39m
[35m[HTTP][39m [37m-->[39m [37mPOST[39m [37m/wd/hub/session/d600998f-e0bf-4603-be94-bd8bb3ffd280/elements[39m
[35m[HTTP][39m [90m{"using":"accessibility id","value":"MAJORIS PASAR UANG SYARIAH INDONESIA"}[39m
[35m[HTTP][39m [37m<-- POST /wd/hub/session/d600998f-e0bf-4603-be94-bd8bb3ffd280/elements [39m[32m200[39m [90m40 ms - 139[39m
[35m[HTTP][39m [90m[39m
[35m[HTTP][39m [37m-->[39m [37mGET[39m [37m/wd/hub/session/d600998f-e0bf-4603-be94-bd8bb3ffd280/source[39m
[35m[HTTP][39m [90m{}[39m
[35m[W3C (d600998f)][39m Driver proxy active, passing request on via HTTP proxy
[35m[WD Proxy][39m Replacing sessionId 64d13dd8-dffb-4436-af9d-c4f34678ccbb with d600998f-e0bf-4603-be94-bd8bb3ffd280
[35m[HTTP][39m [37m<-- GET /wd/hub/session/d600998f-e0bf-4603-be94-bd8bb3ffd280/source [39m[32m200[39m [90m140 ms - 17422[39m
[35m[HTTP][39m [90m[39m
[35m[HTTP][39m [37m-->[39m [37mGET[39m [37m/wd/hub/session/d600998f-e0bf-4603-be94-bd8bb3ffd280/screenshot[39m
[35m[HTTP][39m [90m{}[39m
[35m[HTTP][39m [37m<-- GET /wd/hub/session/d600998f-e0bf-4603-be94-bd8bb3ffd280/screenshot [39m[32m200[39m [90m540 ms - 146346[39m
[35m[HTTP][39m [90m[39m
[35m[HTTP][39m [37m-->[39m [37mPOST[39m [37m/wd/hub/session/d600998f-e0bf-4603-be94-bd8bb3ffd280/elements[39m
[35m[HTTP][39m [90m{"using":"xpath","value":"//*[@class = 'android.view.View' and @resource-id = '' and (@text = '' or . = '')]"}[39m
[35m[HTTP][39m [37m<-- POST /wd/hub/session/d600998f-e0bf-4603-be94-bd8bb3ffd280/elements [39m[32m200[39m [90m144 ms - 3339[39m
[35m[HTTP][39m [90m[39m
[35m[HTTP][39m [37m-->[39m [37mPOST[39m [37m/wd/hub/session/d600998f-e0bf-4603-be94-bd8bb3ffd280/elements[39m
[35m[HTTP][39m [90m{"using":"accessibility id","value":"BOND\nTab 4 of 4"}[39m
[35m[HTTP][39m [37m<-- POST /wd/hub/session/d600998f-e0bf-4603-be94-bd8bb3ffd280/elements [39m[32m200[39m [90m29 ms - 139[39m
[35m[HTTP][39m [90m[39m
[35m[HTTP][39m [37m-->[39m [37mPOST[39m [37m/wd/hub/session/d600998f-e0bf-4603-be94-bd8bb3ffd280/elements[39m
[35m[HTTP][39m [90m{"using":"xpath","value":"//*[@class = 'android.view.View' and @resource-id = '' and (@text = '' or . = '')]"}[39m
[35m[HTTP][39m [37m<-- POST /wd/hub/session/d600998f-e0bf-4603-be94-bd8bb3ffd280/elements [39m[32m200[39m [90m142 ms - 3339[39m
[35m[HTTP][39m [90m[39m
[35m[HTTP][39m [37m-->[39m [37mPOST[39m [37m/wd/hub/session/d600998f-e0bf-4603-be94-bd8bb3ffd280/elements[39m
[35m[HTTP][39m [90m{"using":"accessibility id","value":"MUTUAL FUND\nTab 3 of 4"}[39m
[35m[HTTP][39m [37m<-- POST /wd/hub/session/d600998f-e0bf-4603-be94-bd8bb3ffd280/elements [39m[32m200[39m [90m27 ms - 139[39m
[35m[HTTP][39m [90m[39m
[35m[HTTP][39m [37m-->[39m [37mPOST[39m [37m/wd/hub/session/d600998f-e0bf-4603-be94-bd8bb3ffd280/elements[39m
[35m[HTTP][39m [90m{"using":"xpath","value":"//*[@class = 'android.view.View' and @resource-id = '' and (@text = '' or . = '')]"}[39m
[35m[HTTP][39m [37m<-- POST /wd/hub/session/d600998f-e0bf-4603-be94-bd8bb3ffd280/elements [39m[32m200[39m [90m131 ms - 3339[39m
[35m[HTTP][39m [90m[39m
[35m[HTTP][39m [37m-->[39m [37mPOST[39m [37m/wd/hub/session/d600998f-e0bf-4603-be94-bd8bb3ffd280/elements[39m
[35m[HTTP][39m [90m{"using":"accessibility id","value":"STOCK\nTab 2 of 4"}[39m
[35m[HTTP][39m [37m<-- POST /wd/hub/session/d600998f-e0bf-4603-be94-bd8bb3ffd280/elements [39m[32m200[39m [90m26 ms - 139[39m
[35m[HTTP][39m [90m[39m
[35m[HTTP][39m [37m-->[39m [37mPOST[39m [37m/wd/hub/session/d600998f-e0bf-4603-be94-bd8bb3ffd280/elements[39m
[35m[HTTP][39m [90m{"using":"xpath","value":"//*[@class = 'android.view.View' and @resource-id = '' and (@text = '' or . = '')]"}[39m
[35m[HTTP][39m [37m<-- POST /wd/hub/session/d600998f-e0bf-4603-be94-bd8bb3ffd280/elements [39m[32m200[39m [90m132 ms - 3339[39m
[35m[HTTP][39m [90m[39m
[35m[HTTP][39m [37m-->[39m [37mPOST[39m [37m/wd/hub/session/d600998f-e0bf-4603-be94-bd8bb3ffd280/elements[39m
[35m[HTTP][39m [90m{"using":"accessibility id","value":"SUMMARY\nTab 1 of 4"}[39m
[35m[HTTP][39m [37m<-- POST /wd/hub/session/d600998f-e0bf-4603-be94-bd8bb3ffd280/elements [39m[32m200[39m [90m24 ms - 139[39m
[35m[HTTP][39m [90m[39m
[35m[HTTP][39m [37m-->[39m [37mGET[39m [37m/wd/hub/session/d600998f-e0bf-4603-be94-bd8bb3ffd280/source[39m
[35m[HTTP][39m [90m{}[39m
[35m[W3C (d600998f)][39m Driver proxy active, passing request on via HTTP proxy
[35m[WD Proxy][39m Replacing sessionId 64d13dd8-dffb-4436-af9d-c4f34678ccbb with d600998f-e0bf-4603-be94-bd8bb3ffd280
[35m[HTTP][39m [37m<-- GET /wd/hub/session/d600998f-e0bf-4603-be94-bd8bb3ffd280/source [39m[32m200[39m [90m163 ms - 20640[39m
[35m[HTTP][39m [90m[39m
[35m[HTTP][39m [37m-->[39m [37mGET[39m [37m/wd/hub/session/d600998f-e0bf-4603-be94-bd8bb3ffd280/screenshot[39m
[35m[HTTP][39m [90m{}[39m
[35m[HTTP][39m [37m<-- GET /wd/hub/session/d600998f-e0bf-4603-be94-bd8bb3ffd280/screenshot [39m[32m200[39m [90m525 ms - 142548[39m
[35m[HTTP][39m [90m[39m
[35m[HTTP][39m [37m-->[39m [37mPOST[39m [37m/wd/hub/session/d600998f-e0bf-4603-be94-bd8bb3ffd280/elements[39m
[35m[HTTP][39m [90m{"using":"xpath","value":"//*[@class = 'android.view.View' and @resource-id = '' and (@text = '' or . = '')]"}[39m
[35m[HTTP][39m [37m<-- POST /wd/hub/session/d600998f-e0bf-4603-be94-bd8bb3ffd280/elements [39m[32m200[39m [90m140 ms - 4235[39m
[35m[HTTP][39m [90m[39m
[35m[HTTP][39m [37m-->[39m [37mPOST[39m [37m/wd/hub/session/d600998f-e0bf-4603-be94-bd8bb3ffd280/elements[39m
[35m[HTTP][39m [90m{"using":"accessibility id","value":"DAILY"}[39m
[35m[HTTP][39m [37m<-- POST /wd/hub/session/d600998f-e0bf-4603-be94-bd8bb3ffd280/elements [39m[32m200[39m [90m33 ms - 139[39m
[35m[HTTP][39m [90m[39m
[35m[HTTP][39m [37m-->[39m [37mPOST[39m [37m/wd/hub/session/d600998f-e0bf-4603-be94-bd8bb3ffd280/elements[39m
[35m[HTTP][39m [90m{"using":"xpath","value":"//*[@class = 'android.view.View' and @resource-id = '' and (@text = '' or . = '')]"}[39m
[35m[HTTP][39m [37m<-- POST /wd/hub/session/d600998f-e0bf-4603-be94-bd8bb3ffd280/elements [39m[32m200[39m [90m148 ms - 4235[39m
[35m[HTTP][39m [90m[39m
[35m[HTTP][39m [37m-->[39m [37mPOST[39m [37m/wd/hub/session/d600998f-e0bf-4603-be94-bd8bb3ffd280/elements[39m
[35m[HTTP][39m [90m{"using":"-android uiautomator","value":"new UiSelector().className(\"android.view.View\").resourceId(\"\")"}[39m
[35m[HTTP][39m [37m<-- POST /wd/hub/session/d600998f-e0bf-4603-be94-bd8bb3ffd280/elements [39m[32m200[39m [90m374 ms - 4235[39m
[35m[HTTP][39m [90m[39m
[35m[HTTP][39m [37m-->[39m [37mPOST[39m [37m/wd/hub/session/d600998f-e0bf-4603-be94-bd8bb3ffd280/elements[39m
[35m[HTTP][39m [90m{"using":"xpath","value":"//*[@class = 'android.view.View' and @resource-id = '' and (@text = '' or . = '')]"}[39m
[35m[HTTP][39m [37m<-- POST /wd/hub/session/d600998f-e0bf-4603-be94-bd8bb3ffd280/elements [39m[32m200[39m [90m134 ms - 4235[39m
[35m[HTTP][39m [90m[39m
[35m[HTTP][39m [37m-->[39m [37mPOST[39m [37m/wd/hub/session/d600998f-e0bf-4603-be94-bd8bb3ffd280/elements[39m
[35m[HTTP][39m [90m{"using":"accessibility id","value":"MONTH TO DATE"}[39m
[35m[HTTP][39m [37m<-- POST /wd/hub/session/d600998f-e0bf-4603-be94-bd8bb3ffd280/elements [39m[32m200[39m [90m28 ms - 139[39m
[35m[HTTP][39m [90m[39m
[35m[HTTP][39m [37m-->[39m [37mPOST[39m [37m/wd/hub/session/d600998f-e0bf-4603-be94-bd8bb3ffd280/elements[39m
[35m[HTTP][39m [90m{"using":"xpath","value":"//*[@class = 'android.view.View' and @resource-id = '' and (@text = '' or . = '')]"}[39m
[35m[HTTP][39m [37m<-- POST /wd/hub/session/d600998f-e0bf-4603-be94-bd8bb3ffd280/elements [39m[32m200[39m [90m141 ms - 4235[39m
[35m[HTTP][39m [90m[39m
[35m[HTTP][39m [37m-->[39m [37mPOST[39m [37m/wd/hub/session/d600998f-e0bf-4603-be94-bd8bb3ffd280/elements[39m
[35m[HTTP][39m [90m{"using":"accessibility id","value":"QUARTER TO DATE"}[39m
[35m[HTTP][39m [37m<-- POST /wd/hub/session/d600998f-e0bf-4603-be94-bd8bb3ffd280/elements [39m[32m200[39m [90m27 ms - 139[39m
[35m[HTTP][39m [90m[39m
[35m[HTTP][39m [37m-->[39m [37mPOST[39m [37m/wd/hub/session/d600998f-e0bf-4603-be94-bd8bb3ffd280/elements[39m
[35m[HTTP][39m [90m{"using":"xpath","value":"//*[@class = 'android.view.View' and @resource-id = '' and (@text = '' or . = '')]"}[39m
[35m[HTTP][39m [37m<-- POST /wd/hub/session/d600998f-e0bf-4603-be94-bd8bb3ffd280/elements [39m[32m200[39m [90m130 ms - 4235[39m
[35m[HTTP][39m [90m[39m
[35m[HTTP][39m [37m-->[39m [37mPOST[39m [37m/wd/hub/session/d600998f-e0bf-4603-be94-bd8bb3ffd280/elements[39m
[35m[HTTP][39m [90m{"using":"accessibility id","value":"YEAR TO DATE"}[39m
[35m[HTTP][39m [37m<-- POST /wd/hub/session/d600998f-e0bf-4603-be94-bd8bb3ffd280/elements [39m[32m200[39m [90m40 ms - 139[39m
[35m[HTTP][39m [90m[39m
[35m[HTTP][39m [37m-->[39m [37mGET[39m [37m/wd/hub/session/d600998f-e0bf-4603-be94-bd8bb3ffd280/source[39m
[35m[HTTP][39m [90m{}[39m
[35m[W3C (d600998f)][39m Driver proxy active, passing request on via HTTP proxy
[35m[WD Proxy][39m Replacing sessionId 64d13dd8-dffb-4436-af9d-c4f34678ccbb with d600998f-e0bf-4603-be94-bd8bb3ffd280
[35m[HTTP][39m [37m<-- GET /wd/hub/session/d600998f-e0bf-4603-be94-bd8bb3ffd280/source [39m[32m200[39m [90m399 ms - 15276[39m
[35m[HTTP][39m [90m[39m
[35m[HTTP][39m [37m-->[39m [37mGET[39m [37m/wd/hub/session/d600998f-e0bf-4603-be94-bd8bb3ffd280/screenshot[39m
[35m[HTTP][39m [90m{}[39m
[35m[HTTP][39m [37m<-- GET /wd/hub/session/d600998f-e0bf-4603-be94-bd8bb3ffd280/screenshot [39m[32m200[39m [90m513 ms - 148660[39m
[35m[HTTP][39m [90m[39m
[35m[HTTP][39m [37m-->[39m [37mPOST[39m [37m/wd/hub/session/d600998f-e0bf-4603-be94-bd8bb3ffd280/elements[39m
[35m[HTTP][39m [90m{"using":"xpath","value":"//*[@class = 'android.view.View' and @resource-id = '' and (@text = '' or . = '')]"}[39m
[35m[HTTP][39m [37m<-- POST /wd/hub/session/d600998f-e0bf-4603-be94-bd8bb3ffd280/elements [39m[32m200[39m [90m114 ms - 3467[39m
[35m[HTTP][39m [90m[39m
[35m[HTTP][39m [37m-->[39m [37mPOST[39m [37m/wd/hub/session/d600998f-e0bf-4603-be94-bd8bb3ffd280/elements[39m
[35m[HTTP][39m [90m{"using":"accessibility id","value":"1 Month"}[39m
[35m[HTTP][39m [37m<-- POST /wd/hub/session/d600998f-e0bf-4603-be94-bd8bb3ffd280/elements [39m[32m200[39m [90m29 ms - 139[39m
[35m[HTTP][39m [90m[39m
[35m[HTTP][39m [37m-->[39m [37mPOST[39m [37m/wd/hub/session/d600998f-e0bf-4603-be94-bd8bb3ffd280/elements[39m
[35m[HTTP][39m [90m{"using":"xpath","value":"//*[@class = 'android.view.View' and @resource-id = '' and (@text = '' or . = '')]"}[39m
[35m[HTTP][39m [37m<-- POST /wd/hub/session/d600998f-e0bf-4603-be94-bd8bb3ffd280/elements [39m[32m200[39m [90m101 ms - 3467[39m
[35m[HTTP][39m [90m[39m
[35m[HTTP][39m [37m-->[39m [37mPOST[39m [37m/wd/hub/session/d600998f-e0bf-4603-be94-bd8bb3ffd280/elements[39m
[35m[HTTP][39m [90m{"using":"accessibility id","value":"1 Year"}[39m
[35m[HTTP][39m [37m<-- POST /wd/hub/session/d600998f-e0bf-4603-be94-bd8bb3ffd280/elements [39m[32m200[39m [90m32 ms - 139[39m
[35m[HTTP][39m [90m[39m
[35m[HTTP][39m [37m-->[39m [37mPOST[39m [37m/wd/hub/session/d600998f-e0bf-4603-be94-bd8bb3ffd280/elements[39m
[35m[HTTP][39m [90m{"using":"xpath","value":"//*[@class = 'android.view.View' and @resource-id = '' and (@text = '' or . = '')]"}[39m
[35m[HTTP][39m [37m<-- POST /wd/hub/session/d600998f-e0bf-4603-be94-bd8bb3ffd280/elements [39m[32m200[39m [90m107 ms - 3467[39m
[35m[HTTP][39m [90m[39m
[35m[HTTP][39m [37m-->[39m [37mPOST[39m [37m/wd/hub/session/d600998f-e0bf-4603-be94-bd8bb3ffd280/elements[39m
[35m[HTTP][39m [90m{"using":"accessibility id","value":"10 Year"}[39m
[35m[HTTP][39m [37m<-- POST /wd/hub/session/d600998f-e0bf-4603-be94-bd8bb3ffd280/elements [39m[32m200[39m [90m33 ms - 139[39m
[35m[HTTP][39m [90m[39m
[35m[HTTP][39m [37m-->[39m [37mPOST[39m [37m/wd/hub/session/d600998f-e0bf-4603-be94-bd8bb3ffd280/elements[39m
[35m[HTTP][39m [90m{"using":"xpath","value":"//*[@class = 'android.view.View' and @resource-id = '' and (@text = '' or . = '')]"}[39m
[35m[HTTP][39m [37m<-- POST /wd/hub/session/d600998f-e0bf-4603-be94-bd8bb3ffd280/elements [39m[32m200[39m [90m116 ms - 3467[39m
[35m[HTTP][39m [90m[39m
[35m[HTTP][39m [37m-->[39m [37mPOST[39m [37m/wd/hub/session/d600998f-e0bf-4603-be94-bd8bb3ffd280/elements[39m
[35m[HTTP][39m [90m{"using":"accessibility id","value":"3 Month"}[39m
[35m[HTTP][39m [37m<-- POST /wd/hub/session/d600998f-e0bf-4603-be94-bd8bb3ffd280/elements [39m[32m200[39m [90m31 ms - 139[39m
[35m[HTTP][39m [90m[39m
[35m[HTTP][39m [37m-->[39m [37mPOST[39m [37m/wd/hub/session/d600998f-e0bf-4603-be94-bd8bb3ffd280/elements[39m
[35m[HTTP][39m [90m{"using":"xpath","value":"//*[@class = 'android.view.View' and @resource-id = '' and (@text = '' or . = '')]"}[39m
[35m[HTTP][39m [37m<-- POST /wd/hub/session/d600998f-e0bf-4603-be94-bd8bb3ffd280/elements [39m[32m200[39m [90m115 ms - 3467[39m
[35m[HTTP][39m [90m[39m
[35m[HTTP][39m [37m-->[39m [37mPOST[39m [37m/wd/hub/session/d600998f-e0bf-4603-be94-bd8bb3ffd280/elements[39m
[35m[HTTP][39m [90m{"using":"accessibility id","value":"3 Year"}[39m
[35m[HTTP][39m [37m<-- POST /wd/hub/session/d600998f-e0bf-4603-be94-bd8bb3ffd280/elements [39m[32m200[39m [90m26 ms - 139[39m
[35m[HTTP][39m [90m[39m
[35m[HTTP][39m [37m-->[39m [37mPOST[39m [37m/wd/hub/session/d600998f-e0bf-4603-be94-bd8bb3ffd280/elements[39m
[35m[HTTP][39m [90m{"using":"xpath","value":"//*[@class = 'android.view.View' and @resource-id = '' and (@text = '' or . = '')]"}[39m
[35m[HTTP][39m [37m<-- POST /wd/hub/session/d600998f-e0bf-4603-be94-bd8bb3ffd280/elements [39m[32m200[39m [90m122 ms - 3467[39m
[35m[HTTP][39m [90m[39m
[35m[HTTP][39m [37m-->[39m [37mPOST[39m [37m/wd/hub/session/d600998f-e0bf-4603-be94-bd8bb3ffd280/elements[39m
[35m[HTTP][39m [90m{"using":"accessibility id","value":"5 Year"}[39m
[35m[HTTP][39m [37m<-- POST /wd/hub/session/d600998f-e0bf-4603-be94-bd8bb3ffd280/elements [39m[32m200[39m [90m30 ms - 139[39m
[35m[HTTP][39m [90m[39m
[35m[HTTP][39m [37m-->[39m [37mPOST[39m [37m/wd/hub/session/d600998f-e0bf-4603-be94-bd8bb3ffd280/elements[39m
[35m[HTTP][39m [90m{"using":"xpath","value":"//*[@class = 'android.view.View' and @resource-id = '' and (@text = '' or . = '')]"}[39m
[35m[HTTP][39m [37m<-- POST /wd/hub/session/d600998f-e0bf-4603-be94-bd8bb3ffd280/elements [39m[32m200[39m [90m106 ms - 3467[39m
[35m[HTTP][39m [90m[39m
[35m[HTTP][39m [37m-->[39m [37mPOST[39m [37m/wd/hub/session/d600998f-e0bf-4603-be94-bd8bb3ffd280/elements[39m
[35m[HTTP][39m [90m{"using":"accessibility id","value":"6 Month"}[39m
[35m[HTTP][39m [37m<-- POST /wd/hub/session/d600998f-e0bf-4603-be94-bd8bb3ffd280/elements [39m[32m200[39m [90m32 ms - 139[39m
[35m[HTTP][39m [90m[39m
[35m[HTTP][39m [37m-->[39m [37mPOST[39m [37m/wd/hub/session/d600998f-e0bf-4603-be94-bd8bb3ffd280/elements[39m
[35m[HTTP][39m [90m{"using":"xpath","value":"//*[@class = 'android.view.View' and @resource-id = '' and (@text = '' or . = '')]"}[39m
[35m[HTTP][39m [37m<-- POST /wd/hub/session/d600998f-e0bf-4603-be94-bd8bb3ffd280/elements [39m[32m200[39m [90m88 ms - 3467[39m
[35m[HTTP][39m [90m[39m
[35m[HTTP][39m [37m-->[39m [37mPOST[39m [37m/wd/hub/session/d600998f-e0bf-4603-be94-bd8bb3ffd280/elements[39m
[35m[HTTP][39m [90m{"using":"-android uiautomator","value":"new UiSelector().className(\"android.view.View\").resourceId(\"\")"}[39m
[35m[HTTP][39m [37m<-- POST /wd/hub/session/d600998f-e0bf-4603-be94-bd8bb3ffd280/elements [39m[32m200[39m [90m253 ms - 3467[39m
[35m[HTTP][39m [90m[39m
[35m[HTTP][39m [37m-->[39m [37mDELETE[39m [37m/wd/hub/session/d600998f-e0bf-4603-be94-bd8bb3ffd280[39m
[35m[HTTP][39m [90m{}[39m
[35m[Appium][39m Removing session d600998f-e0bf-4603-be94-bd8bb3ffd280 from our master session list
[35m[UiAutomator2][39m Restoring hidden api policy to the device default configuration
[35m[HTTP][39m [37m<-- DELETE /wd/hub/session/d600998f-e0bf-4603-be94-bd8bb3ffd280 [39m[32m200[39m [90m799 ms - 14[39m
[35m[HTTP][39m [90m[39m
