[35m[Appium][39m Welcome to Appium v1.22.0
[35m[Appium][39m Non-default server args:
[35m[Appium][39m   port: 57931
[35m[Appium][39m   loglevel: info
[35m[Appium][39m   tmpDir: C:\Users\Owner\AppData\Local\Temp\\Katalon\Appium\Temp1635835313601
[35m[Appium][39m   chromedriverPort: 57932
[35m[Appium][39m Deprecated server args:
[35m[Appium][39m   [31m--chromedriver-port[39m => --default-capabilities
[35m[Appium][39m Default capabilities, which will be added to each request unless overridden by desired capabilities:
[35m[Appium][39m   chromedriverPort: 57932
[35m[Appium][39m Appium REST http interface listener started on 0.0.0.0:57931
[35m[HTTP][39m [37m-->[39m [37mGET[39m [37m/wd/hub/status[39m
[35m[HTTP][39m [90m{}[39m
[35m[HTTP][39m [37m<-- GET /wd/hub/status [39m[32m200[39m [90m3 ms - 68[39m
[35m[HTTP][39m [90m[39m
[35m[HTTP][39m [37m-->[39m [37mPOST[39m [37m/wd/hub/session[39m
[35m[HTTP][39m [90m{"desiredCapabilities":{"appActivity":".Settings","appPackage":"com.android.settings","newCommandTimeout":1800,"platformVersion":"11","automationName":"uiautomator2","autoGrantPermissions":true,"platformName":"Android","udid":"RR8M40C9AXE","deviceName":"samsung SM-A205F (Android 11)","platform":"ANDROID","systemPort":8207},"capabilities":{"firstMatch":[{"appium:appActivity":".Settings","appium:appPackage":"com.android.settings","appium:autoGrantPermissions":true,"appium:automationName":"uiautomator2","appium:deviceName":"samsung SM-A205F (Android 11)","appium:newCommandTimeout":1800,"platform":"ANDROID","platformName":"android","appium:platformVersion":"11","appium:systemPort":8207,"appium:udid":"RR8M40C9AXE"}]}}[39m
[35m[BaseDriver][39m The following capabilities are not standard capabilities and should have an extension prefix:
[35m[BaseDriver][39m   platform
[35m[BaseDriver][39m   chromedriverPort
[35m[Appium][39m Appium v1.22.0 creating new AndroidUiautomator2Driver (v1.69.0) session
[35m[BaseDriver][39m The following capabilities were provided, but are not recognized by Appium:
[35m[BaseDriver][39m   platform
[35m[BaseDriver][39m Session created with session id: 0a6940c4-d103-413d-8bf0-015a5be18649
[35m[UiAutomator2][39m Starting 'com.android.settings' directly on the device
[35m[ADB][39m Found 1 'build-tools' folders under 'C:\Users\Owner\.katalon\tools\android_sdk' (newest first):
[35m[ADB][39m     C:/Users/Owner/.katalon/tools/android_sdk/build-tools/29.0.3
[35m[ADB][39m Using 'adb.exe' from 'C:\Users\Owner\.katalon\tools\android_sdk\platform-tools\adb.exe'
[35m[AndroidDriver][39m Retrieving device list
[35m[AndroidDriver][39m Using device: RR8M40C9AXE
[35m[ADB][39m Using 'adb.exe' from 'C:\Users\Owner\.katalon\tools\android_sdk\platform-tools\adb.exe'
[35m[ADB][39m Getting device platform version
[35m[UiAutomator2][39m Relaxing hidden api policy
[35m[AndroidDriver][39m No app sent in, not parsing package/activity
[35m[ADB][39m Using 'apksigner.jar' from 'C:\Users\Owner\.katalon\tools\android_sdk\build-tools\29.0.3\lib\apksigner.jar'
[35m[ADB][39m 'C:\Users\Owner\AppData\Roaming\npm\node_modules\appium\node_modules\appium-uiautomator2-server\apks\appium-uiautomator2-server-v4.24.0.apk' is signed with the default certificate
[35m[ADB][39m 'C:\Users\Owner\AppData\Roaming\npm\node_modules\appium\node_modules\appium-uiautomator2-server\apks\appium-uiautomator2-server-debug-androidTest.apk' is signed with the default certificate
[35m[UiAutomator2][39m Server packages are not going to be (re)installed
[35m[ADB][39m Adding packages ["io.appium.settings","io.appium.uiautomator2.server","io.appium.uiautomator2.server.test"] to Doze whitelist
[35m[ADB][39m com.android.settings contains no permissions available for granting
[35m[UiAutomator2][39m Starting UIAutomator2 server 4.24.0
[35m[UiAutomator2][39m Using UIAutomator2 server from 'C:\Users\Owner\AppData\Roaming\npm\node_modules\appium\node_modules\appium-uiautomator2-server\apks\appium-uiautomator2-server-v4.24.0.apk' and test from 'C:\Users\Owner\AppData\Roaming\npm\node_modules\appium\node_modules\appium-uiautomator2-server\apks\appium-uiautomator2-server-debug-androidTest.apk'
[35m[UiAutomator2][39m Waiting up to 30000ms for UiAutomator2 to be online...
[35m[WD Proxy][39m socket hang up
[35m[WD Proxy][39m socket hang up
[35m[WD Proxy][39m socket hang up
[35m[WD Proxy][39m socket hang up
[35m[WD Proxy][39m Determined the downstream protocol as 'W3C'
[35m[AndroidDriver][39m Screen already unlocked, doing nothing
[35m[UiAutomator2][39m Starting 'com.android.settings/.Settings and waiting for 'com.android.settings/.Settings'
[35m[Appium][39m New AndroidUiautomator2Driver session created successfully, session 0a6940c4-d103-413d-8bf0-015a5be18649 added to master session list
[35m[HTTP][39m [37m<-- POST /wd/hub/session [39m[32m200[39m [90m13060 ms - 1155[39m
[35m[HTTP][39m [90m[39m
[35m[HTTP][39m [37m-->[39m [37mGET[39m [37m/wd/hub/session/0a6940c4-d103-413d-8bf0-015a5be18649[39m
[35m[HTTP][39m [90m{}[39m
[35m[HTTP][39m [37m<-- GET /wd/hub/session/0a6940c4-d103-413d-8bf0-015a5be18649 [39m[32m200[39m [90m19 ms - 1109[39m
[35m[HTTP][39m [90m[39m
[35m[HTTP][39m [37m-->[39m [37mGET[39m [37m/wd/hub/session/0a6940c4-d103-413d-8bf0-015a5be18649[39m
[35m[HTTP][39m [90m{}[39m
[35m[HTTP][39m [37m<-- GET /wd/hub/session/0a6940c4-d103-413d-8bf0-015a5be18649 [39m[32m200[39m [90m18 ms - 1109[39m
[35m[HTTP][39m [90m[39m
[35m[HTTP][39m [37m-->[39m [37mGET[39m [37m/wd/hub/status[39m
[35m[HTTP][39m [90m{}[39m
[35m[HTTP][39m [37m<-- GET /wd/hub/status [39m[32m200[39m [90m1 ms - 68[39m
[35m[HTTP][39m [90m[39m
[35m[HTTP][39m [37m-->[39m [37mPOST[39m [37m/wd/hub/session/0a6940c4-d103-413d-8bf0-015a5be18649/timeouts[39m
[35m[HTTP][39m [90m{"implicit":60000}[39m
[35m[HTTP][39m [37m<-- POST /wd/hub/session/0a6940c4-d103-413d-8bf0-015a5be18649/timeouts [39m[32m200[39m [90m2 ms - 14[39m
[35m[HTTP][39m [90m[39m
[35m[HTTP][39m [37m-->[39m [37mGET[39m [37m/wd/hub/session/0a6940c4-d103-413d-8bf0-015a5be18649/screenshot[39m
[35m[HTTP][39m [90m{}[39m
[35m[HTTP][39m [37m<-- GET /wd/hub/session/0a6940c4-d103-413d-8bf0-015a5be18649/screenshot [39m[32m200[39m [90m546 ms - 124886[39m
[35m[HTTP][39m [90m[39m
[35m[HTTP][39m [37m-->[39m [37mGET[39m [37m/wd/hub/session/0a6940c4-d103-413d-8bf0-015a5be18649/window/rect[39m
[35m[HTTP][39m [90m{}[39m
[35m[HTTP][39m [37m<-- GET /wd/hub/session/0a6940c4-d103-413d-8bf0-015a5be18649/window/rect [39m[32m200[39m [90m26 ms - 49[39m
[35m[HTTP][39m [90m[39m
[35m[HTTP][39m [37m-->[39m [37mGET[39m [37m/wd/hub/session/0a6940c4-d103-413d-8bf0-015a5be18649/appium/device/system_bars[39m
[35m[HTTP][39m [90m{}[39m
[35m[HTTP][39m [37m<-- GET /wd/hub/session/0a6940c4-d103-413d-8bf0-015a5be18649/appium/device/system_bars [39m[32m200[39m [90m173 ms - 145[39m
[35m[HTTP][39m [90m[39m
[35m[HTTP][39m [37m-->[39m [37mPOST[39m [37m/wd/hub/session/0a6940c4-d103-413d-8bf0-015a5be18649/appium/device/activate_app[39m
[35m[HTTP][39m [90m{"bundleId":"com.mirae.maxfund"}[39m
[35m[HTTP][39m [37m<-- POST /wd/hub/session/0a6940c4-d103-413d-8bf0-015a5be18649/appium/device/activate_app [39m[32m200[39m [90m751 ms - 14[39m
[35m[HTTP][39m [90m[39m
[35m[HTTP][39m [37m-->[39m [37mPOST[39m [37m/wd/hub/session/0a6940c4-d103-413d-8bf0-015a5be18649/timeouts[39m
[35m[HTTP][39m [90m{"implicit":50}[39m
[35m[HTTP][39m [37m<-- POST /wd/hub/session/0a6940c4-d103-413d-8bf0-015a5be18649/timeouts [39m[32m200[39m [90m1 ms - 14[39m
[35m[HTTP][39m [90m[39m
[35m[HTTP][39m [37m-->[39m [37mGET[39m [37m/wd/hub/session/0a6940c4-d103-413d-8bf0-015a5be18649/window/rect[39m
[35m[HTTP][39m [90m{}[39m
[35m[HTTP][39m [37m<-- GET /wd/hub/session/0a6940c4-d103-413d-8bf0-015a5be18649/window/rect [39m[32m200[39m [90m25 ms - 49[39m
[35m[HTTP][39m [90m[39m
[35m[HTTP][39m [37m-->[39m [37mPOST[39m [37m/wd/hub/session/0a6940c4-d103-413d-8bf0-015a5be18649/elements[39m
[35m[HTTP][39m [90m{"using":"accessibility id","value":"Login"}[39m
[35m[HTTP][39m [37m<-- POST /wd/hub/session/0a6940c4-d103-413d-8bf0-015a5be18649/elements [39m[32m200[39m [90m142 ms - 139[39m
[35m[HTTP][39m [90m[39m
[35m[HTTP][39m [37m-->[39m [37mGET[39m [37m/wd/hub/session/0a6940c4-d103-413d-8bf0-015a5be18649/element/00000000-0000-01dd-0000-001900000005/location[39m
[35m[HTTP][39m [90m{}[39m
[35m[W3C (0a6940c4)][39m Driver proxy active, passing request on via HTTP proxy
[35m[WD Proxy][39m Replacing sessionId 191dcb7a-2956-4c5d-817f-57dec5e0875a with 0a6940c4-d103-413d-8bf0-015a5be18649
[35m[HTTP][39m [37m<-- GET /wd/hub/session/0a6940c4-d103-413d-8bf0-015a5be18649/element/00000000-0000-01dd-0000-001900000005/location [39m[32m200[39m [90m26 ms - 79[39m
[35m[HTTP][39m [90m[39m
[35m[HTTP][39m [37m-->[39m [37mPOST[39m [37m/wd/hub/session/0a6940c4-d103-413d-8bf0-015a5be18649/timeouts[39m
[35m[HTTP][39m [90m{"implicit":60000}[39m
[35m[HTTP][39m [37m<-- POST /wd/hub/session/0a6940c4-d103-413d-8bf0-015a5be18649/timeouts [39m[32m200[39m [90m1 ms - 14[39m
[35m[HTTP][39m [90m[39m
[35m[HTTP][39m [37m-->[39m [37mPOST[39m [37m/wd/hub/session/0a6940c4-d103-413d-8bf0-015a5be18649/timeouts[39m
[35m[HTTP][39m [90m{"implicit":50}[39m
[35m[HTTP][39m [37m<-- POST /wd/hub/session/0a6940c4-d103-413d-8bf0-015a5be18649/timeouts [39m[32m200[39m [90m1 ms - 14[39m
[35m[HTTP][39m [90m[39m
[35m[HTTP][39m [37m-->[39m [37mGET[39m [37m/wd/hub/session/0a6940c4-d103-413d-8bf0-015a5be18649/window/rect[39m
[35m[HTTP][39m [90m{}[39m
[35m[HTTP][39m [37m<-- GET /wd/hub/session/0a6940c4-d103-413d-8bf0-015a5be18649/window/rect [39m[32m200[39m [90m14 ms - 49[39m
[35m[HTTP][39m [90m[39m
[35m[HTTP][39m [37m-->[39m [37mPOST[39m [37m/wd/hub/session/0a6940c4-d103-413d-8bf0-015a5be18649/elements[39m
[35m[HTTP][39m [90m{"using":"accessibility id","value":"Login"}[39m
[35m[HTTP][39m [37m<-- POST /wd/hub/session/0a6940c4-d103-413d-8bf0-015a5be18649/elements [39m[32m200[39m [90m81 ms - 139[39m
[35m[HTTP][39m [90m[39m
[35m[HTTP][39m [37m-->[39m [37mGET[39m [37m/wd/hub/session/0a6940c4-d103-413d-8bf0-015a5be18649/element/00000000-0000-01dd-0000-001900000005/location[39m
[35m[HTTP][39m [90m{}[39m
[35m[W3C (0a6940c4)][39m Driver proxy active, passing request on via HTTP proxy
[35m[WD Proxy][39m Replacing sessionId 191dcb7a-2956-4c5d-817f-57dec5e0875a with 0a6940c4-d103-413d-8bf0-015a5be18649
[35m[HTTP][39m [37m<-- GET /wd/hub/session/0a6940c4-d103-413d-8bf0-015a5be18649/element/00000000-0000-01dd-0000-001900000005/location [39m[32m200[39m [90m25 ms - 79[39m
[35m[HTTP][39m [90m[39m
[35m[HTTP][39m [37m-->[39m [37mPOST[39m [37m/wd/hub/session/0a6940c4-d103-413d-8bf0-015a5be18649/timeouts[39m
[35m[HTTP][39m [90m{"implicit":60000}[39m
[35m[HTTP][39m [37m<-- POST /wd/hub/session/0a6940c4-d103-413d-8bf0-015a5be18649/timeouts [39m[32m200[39m [90m1 ms - 14[39m
[35m[HTTP][39m [90m[39m
[35m[HTTP][39m [37m-->[39m [37mPOST[39m [37m/wd/hub/session/0a6940c4-d103-413d-8bf0-015a5be18649/touch/perform[39m
[35m[HTTP][39m [90m{"actions":[{"action":"tap","options":{"x":1,"y":1,"element":"00000000-0000-01dd-0000-001900000005"}},{"action":"release","options":{}}]}[39m
[35m[UiAutomator2][39m calling get location: 00000000-0000-01dd-0000-001900000005
[35m[HTTP][39m [37m<-- POST /wd/hub/session/0a6940c4-d103-413d-8bf0-015a5be18649/touch/perform [39m[32m200[39m [90m1433 ms - 14[39m
[35m[HTTP][39m [90m[39m
[35m[HTTP][39m [37m-->[39m [37mPOST[39m [37m/wd/hub/session/0a6940c4-d103-413d-8bf0-015a5be18649/timeouts[39m
[35m[HTTP][39m [90m{"implicit":50}[39m
[35m[HTTP][39m [37m<-- POST /wd/hub/session/0a6940c4-d103-413d-8bf0-015a5be18649/timeouts [39m[32m200[39m [90m1 ms - 14[39m
[35m[HTTP][39m [90m[39m
[35m[HTTP][39m [37m-->[39m [37mGET[39m [37m/wd/hub/session/0a6940c4-d103-413d-8bf0-015a5be18649/window/rect[39m
[35m[HTTP][39m [90m{}[39m
[35m[HTTP][39m [37m<-- GET /wd/hub/session/0a6940c4-d103-413d-8bf0-015a5be18649/window/rect [39m[32m200[39m [90m22 ms - 49[39m
[35m[HTTP][39m [90m[39m
[35m[HTTP][39m [37m-->[39m [37mPOST[39m [37m/wd/hub/session/0a6940c4-d103-413d-8bf0-015a5be18649/elements[39m
[35m[HTTP][39m [90m{"using":"xpath","value":"//*[@class = 'android.widget.EditText' and (@text = 'Enter your user ID or your email address' or . = 'Enter your user ID or your email address') and @resource-id = '']"}[39m
[35m[HTTP][39m [37m<-- POST /wd/hub/session/0a6940c4-d103-413d-8bf0-015a5be18649/elements [39m[32m200[39m [90m199 ms - 139[39m
[35m[HTTP][39m [90m[39m
[35m[HTTP][39m [37m-->[39m [37mGET[39m [37m/wd/hub/session/0a6940c4-d103-413d-8bf0-015a5be18649/element/00000000-0000-01dd-0000-003400000005/location[39m
[35m[HTTP][39m [90m{}[39m
[35m[W3C (0a6940c4)][39m Driver proxy active, passing request on via HTTP proxy
[35m[WD Proxy][39m Replacing sessionId 191dcb7a-2956-4c5d-817f-57dec5e0875a with 0a6940c4-d103-413d-8bf0-015a5be18649
[35m[HTTP][39m [37m<-- GET /wd/hub/session/0a6940c4-d103-413d-8bf0-015a5be18649/element/00000000-0000-01dd-0000-003400000005/location [39m[32m200[39m [90m22 ms - 77[39m
[35m[HTTP][39m [90m[39m
[35m[HTTP][39m [37m-->[39m [37mPOST[39m [37m/wd/hub/session/0a6940c4-d103-413d-8bf0-015a5be18649/timeouts[39m
[35m[HTTP][39m [90m{"implicit":60000}[39m
[35m[HTTP][39m [37m<-- POST /wd/hub/session/0a6940c4-d103-413d-8bf0-015a5be18649/timeouts [39m[32m200[39m [90m1 ms - 14[39m
[35m[HTTP][39m [90m[39m
[35m[HTTP][39m [37m-->[39m [37mPOST[39m [37m/wd/hub/session/0a6940c4-d103-413d-8bf0-015a5be18649/touch/perform[39m
[35m[HTTP][39m [90m{"actions":[{"action":"tap","options":{"x":1,"y":1,"element":"00000000-0000-01dd-0000-003400000005"}},{"action":"release","options":{}}]}[39m
[35m[UiAutomator2][39m calling get location: 00000000-0000-01dd-0000-003400000005
[35m[HTTP][39m [37m<-- POST /wd/hub/session/0a6940c4-d103-413d-8bf0-015a5be18649/touch/perform [39m[32m200[39m [90m180 ms - 14[39m
[35m[HTTP][39m [90m[39m
[35m[HTTP][39m [37m-->[39m [37mPOST[39m [37m/wd/hub/session/0a6940c4-d103-413d-8bf0-015a5be18649/timeouts[39m
[35m[HTTP][39m [90m{"implicit":50}[39m
[35m[HTTP][39m [37m<-- POST /wd/hub/session/0a6940c4-d103-413d-8bf0-015a5be18649/timeouts [39m[32m200[39m [90m1 ms - 14[39m
[35m[HTTP][39m [90m[39m
[35m[HTTP][39m [37m-->[39m [37mGET[39m [37m/wd/hub/session/0a6940c4-d103-413d-8bf0-015a5be18649/window/rect[39m
[35m[HTTP][39m [90m{}[39m
[35m[HTTP][39m [37m<-- GET /wd/hub/session/0a6940c4-d103-413d-8bf0-015a5be18649/window/rect [39m[32m200[39m [90m24 ms - 49[39m
[35m[HTTP][39m [90m[39m
[35m[HTTP][39m [37m-->[39m [37mPOST[39m [37m/wd/hub/session/0a6940c4-d103-413d-8bf0-015a5be18649/elements[39m
[35m[HTTP][39m [90m{"using":"xpath","value":"//*[@class = 'android.widget.EditText' and (@text = 'Enter your user ID or your email address' or . = 'Enter your user ID or your email address') and @resource-id = '']"}[39m
[35m[HTTP][39m [37m<-- POST /wd/hub/session/0a6940c4-d103-413d-8bf0-015a5be18649/elements [39m[32m200[39m [90m1904 ms - 139[39m
[35m[HTTP][39m [90m[39m
[35m[HTTP][39m [37m-->[39m [37mGET[39m [37m/wd/hub/session/0a6940c4-d103-413d-8bf0-015a5be18649/element/00000000-0000-01dd-0000-003400000005/location[39m
[35m[HTTP][39m [90m{}[39m
[35m[W3C (0a6940c4)][39m Driver proxy active, passing request on via HTTP proxy
[35m[WD Proxy][39m Replacing sessionId 191dcb7a-2956-4c5d-817f-57dec5e0875a with 0a6940c4-d103-413d-8bf0-015a5be18649
[35m[HTTP][39m [37m<-- GET /wd/hub/session/0a6940c4-d103-413d-8bf0-015a5be18649/element/00000000-0000-01dd-0000-003400000005/location [39m[32m200[39m [90m16 ms - 77[39m
[35m[HTTP][39m [90m[39m
[35m[HTTP][39m [37m-->[39m [37mPOST[39m [37m/wd/hub/session/0a6940c4-d103-413d-8bf0-015a5be18649/timeouts[39m
[35m[HTTP][39m [90m{"implicit":60000}[39m
[35m[HTTP][39m [37m<-- POST /wd/hub/session/0a6940c4-d103-413d-8bf0-015a5be18649/timeouts [39m[32m200[39m [90m1 ms - 14[39m
[35m[HTTP][39m [90m[39m
[35m[HTTP][39m [37m-->[39m [37mPOST[39m [37m/wd/hub/session/0a6940c4-d103-413d-8bf0-015a5be18649/element/00000000-0000-01dd-0000-003400000005/clear[39m
[35m[HTTP][39m [90m{"id":"00000000-0000-01dd-0000-003400000005"}[39m
[35m[HTTP][39m [37m<-- POST /wd/hub/session/0a6940c4-d103-413d-8bf0-015a5be18649/element/00000000-0000-01dd-0000-003400000005/clear [39m[32m200[39m [90m42 ms - 14[39m
[35m[HTTP][39m [90m[39m
[35m[HTTP][39m [37m-->[39m [37mPOST[39m [37m/wd/hub/session/0a6940c4-d103-413d-8bf0-015a5be18649/element/00000000-0000-01dd-0000-003400000005/value[39m
[35m[HTTP][39m [90m{"id":"00000000-0000-01dd-0000-003400000005","text":"ady.pangerang@gmail.com","value":["a","d","y",".","p","a","n","g","e","r","a","n","g","@","g","m","a","i","l",".","c","o","m"]}[39m
[35m[HTTP][39m [37m<-- POST /wd/hub/session/0a6940c4-d103-413d-8bf0-015a5be18649/element/00000000-0000-01dd-0000-003400000005/value [39m[32m200[39m [90m69 ms - 14[39m
[35m[HTTP][39m [90m[39m
[35m[HTTP][39m [37m-->[39m [37mPOST[39m [37m/wd/hub/session/0a6940c4-d103-413d-8bf0-015a5be18649/timeouts[39m
[35m[HTTP][39m [90m{"implicit":50}[39m
[35m[HTTP][39m [37m<-- POST /wd/hub/session/0a6940c4-d103-413d-8bf0-015a5be18649/timeouts [39m[32m200[39m [90m1 ms - 14[39m
[35m[HTTP][39m [90m[39m
[35m[HTTP][39m [37m-->[39m [37mGET[39m [37m/wd/hub/session/0a6940c4-d103-413d-8bf0-015a5be18649/window/rect[39m
[35m[HTTP][39m [90m{}[39m
[35m[HTTP][39m [37m<-- GET /wd/hub/session/0a6940c4-d103-413d-8bf0-015a5be18649/window/rect [39m[32m200[39m [90m14 ms - 49[39m
[35m[HTTP][39m [90m[39m
[35m[HTTP][39m [37m-->[39m [37mPOST[39m [37m/wd/hub/session/0a6940c4-d103-413d-8bf0-015a5be18649/elements[39m
[35m[HTTP][39m [90m{"using":"xpath","value":"//hierarchy/android.widget.FrameLayout[1]/android.widget.LinearLayout[1]/android.widget.FrameLayout[1]/android.widget.FrameLayout[1]/android.widget.FrameLayout[1]/android.widget.FrameLayout[1]/android.view.View[1]/android.view.View[1]/android.view.View[1]/android.view.View[1]/android.view.View[2]/android.view.View[1]/android.view.View[3]/android.widget.EditText[2]"}[39m
[35m[HTTP][39m [37m<-- POST /wd/hub/session/0a6940c4-d103-413d-8bf0-015a5be18649/elements [39m[32m200[39m [90m597 ms - 139[39m
[35m[HTTP][39m [90m[39m
[35m[HTTP][39m [37m-->[39m [37mGET[39m [37m/wd/hub/session/0a6940c4-d103-413d-8bf0-015a5be18649/element/00000000-0000-01dd-0000-003500000005/location[39m
[35m[HTTP][39m [90m{}[39m
[35m[W3C (0a6940c4)][39m Driver proxy active, passing request on via HTTP proxy
[35m[WD Proxy][39m Replacing sessionId 191dcb7a-2956-4c5d-817f-57dec5e0875a with 0a6940c4-d103-413d-8bf0-015a5be18649
[35m[HTTP][39m [37m<-- GET /wd/hub/session/0a6940c4-d103-413d-8bf0-015a5be18649/element/00000000-0000-01dd-0000-003500000005/location [39m[32m200[39m [90m20 ms - 77[39m
[35m[HTTP][39m [90m[39m
[35m[HTTP][39m [37m-->[39m [37mPOST[39m [37m/wd/hub/session/0a6940c4-d103-413d-8bf0-015a5be18649/timeouts[39m
[35m[HTTP][39m [90m{"implicit":60000}[39m
[35m[HTTP][39m [37m<-- POST /wd/hub/session/0a6940c4-d103-413d-8bf0-015a5be18649/timeouts [39m[32m200[39m [90m1 ms - 14[39m
[35m[HTTP][39m [90m[39m
[35m[HTTP][39m [37m-->[39m [37mPOST[39m [37m/wd/hub/session/0a6940c4-d103-413d-8bf0-015a5be18649/touch/perform[39m
[35m[HTTP][39m [90m{"actions":[{"action":"tap","options":{"x":1,"y":1,"element":"00000000-0000-01dd-0000-003500000005"}},{"action":"release","options":{}}]}[39m
[35m[UiAutomator2][39m calling get location: 00000000-0000-01dd-0000-003500000005
[35m[HTTP][39m [37m<-- POST /wd/hub/session/0a6940c4-d103-413d-8bf0-015a5be18649/touch/perform [39m[32m200[39m [90m213 ms - 14[39m
[35m[HTTP][39m [90m[39m
[35m[HTTP][39m [37m-->[39m [37mPOST[39m [37m/wd/hub/session/0a6940c4-d103-413d-8bf0-015a5be18649/timeouts[39m
[35m[HTTP][39m [90m{"implicit":50}[39m
[35m[HTTP][39m [37m<-- POST /wd/hub/session/0a6940c4-d103-413d-8bf0-015a5be18649/timeouts [39m[32m200[39m [90m1 ms - 14[39m
[35m[HTTP][39m [90m[39m
[35m[HTTP][39m [37m-->[39m [37mGET[39m [37m/wd/hub/session/0a6940c4-d103-413d-8bf0-015a5be18649/window/rect[39m
[35m[HTTP][39m [90m{}[39m
[35m[HTTP][39m [37m<-- GET /wd/hub/session/0a6940c4-d103-413d-8bf0-015a5be18649/window/rect [39m[32m200[39m [90m29 ms - 49[39m
[35m[HTTP][39m [90m[39m
[35m[HTTP][39m [37m-->[39m [37mPOST[39m [37m/wd/hub/session/0a6940c4-d103-413d-8bf0-015a5be18649/elements[39m
[35m[HTTP][39m [90m{"using":"xpath","value":"//hierarchy/android.widget.FrameLayout[1]/android.widget.LinearLayout[1]/android.widget.FrameLayout[1]/android.widget.FrameLayout[1]/android.widget.FrameLayout[1]/android.widget.FrameLayout[1]/android.view.View[1]/android.view.View[1]/android.view.View[1]/android.view.View[1]/android.view.View[2]/android.view.View[1]/android.view.View[3]/android.widget.EditText[2]"}[39m
[35m[HTTP][39m [37m<-- POST /wd/hub/session/0a6940c4-d103-413d-8bf0-015a5be18649/elements [39m[32m200[39m [90m841 ms - 139[39m
[35m[HTTP][39m [90m[39m
[35m[HTTP][39m [37m-->[39m [37mGET[39m [37m/wd/hub/session/0a6940c4-d103-413d-8bf0-015a5be18649/element/00000000-0000-01dd-0000-003500000005/location[39m
[35m[HTTP][39m [90m{}[39m
[35m[W3C (0a6940c4)][39m Driver proxy active, passing request on via HTTP proxy
[35m[WD Proxy][39m Replacing sessionId 191dcb7a-2956-4c5d-817f-57dec5e0875a with 0a6940c4-d103-413d-8bf0-015a5be18649
[35m[HTTP][39m [37m<-- GET /wd/hub/session/0a6940c4-d103-413d-8bf0-015a5be18649/element/00000000-0000-01dd-0000-003500000005/location [39m[32m200[39m [90m16 ms - 77[39m
[35m[HTTP][39m [90m[39m
[35m[HTTP][39m [37m-->[39m [37mPOST[39m [37m/wd/hub/session/0a6940c4-d103-413d-8bf0-015a5be18649/timeouts[39m
[35m[HTTP][39m [90m{"implicit":60000}[39m
[35m[HTTP][39m [37m<-- POST /wd/hub/session/0a6940c4-d103-413d-8bf0-015a5be18649/timeouts [39m[32m200[39m [90m1 ms - 14[39m
[35m[HTTP][39m [90m[39m
[35m[HTTP][39m [37m-->[39m [37mPOST[39m [37m/wd/hub/session/0a6940c4-d103-413d-8bf0-015a5be18649/element/00000000-0000-01dd-0000-003500000005/clear[39m
[35m[HTTP][39m [90m{"id":"00000000-0000-01dd-0000-003500000005"}[39m
[35m[HTTP][39m [37m<-- POST /wd/hub/session/0a6940c4-d103-413d-8bf0-015a5be18649/element/00000000-0000-01dd-0000-003500000005/clear [39m[32m200[39m [90m18 ms - 14[39m
[35m[HTTP][39m [90m[39m
[35m[HTTP][39m [37m-->[39m [37mPOST[39m [37m/wd/hub/session/0a6940c4-d103-413d-8bf0-015a5be18649/element/00000000-0000-01dd-0000-003500000005/value[39m
[35m[HTTP][39m [90m{"id":"00000000-0000-01dd-0000-003500000005","text":"Mirae1234","value":["M","i","r","a","e","1","2","3","4"]}[39m
[35m[HTTP][39m [37m<-- POST /wd/hub/session/0a6940c4-d103-413d-8bf0-015a5be18649/element/00000000-0000-01dd-0000-003500000005/value [39m[32m200[39m [90m25 ms - 14[39m
[35m[HTTP][39m [90m[39m
[35m[HTTP][39m [37m-->[39m [37mPOST[39m [37m/wd/hub/session/0a6940c4-d103-413d-8bf0-015a5be18649/timeouts[39m
[35m[HTTP][39m [90m{"implicit":50}[39m
[35m[HTTP][39m [37m<-- POST /wd/hub/session/0a6940c4-d103-413d-8bf0-015a5be18649/timeouts [39m[32m200[39m [90m1 ms - 14[39m
[35m[HTTP][39m [90m[39m
[35m[HTTP][39m [37m-->[39m [37mGET[39m [37m/wd/hub/session/0a6940c4-d103-413d-8bf0-015a5be18649/window/rect[39m
[35m[HTTP][39m [90m{}[39m
[35m[HTTP][39m [37m<-- GET /wd/hub/session/0a6940c4-d103-413d-8bf0-015a5be18649/window/rect [39m[32m200[39m [90m12 ms - 49[39m
[35m[HTTP][39m [90m[39m
[35m[HTTP][39m [37m-->[39m [37mPOST[39m [37m/wd/hub/session/0a6940c4-d103-413d-8bf0-015a5be18649/elements[39m
[35m[HTTP][39m [90m{"using":"accessibility id","value":"SIGN IN"}[39m
[35m[HTTP][39m [37m<-- POST /wd/hub/session/0a6940c4-d103-413d-8bf0-015a5be18649/elements [39m[32m200[39m [90m528 ms - 139[39m
[35m[HTTP][39m [90m[39m
[35m[HTTP][39m [37m-->[39m [37mGET[39m [37m/wd/hub/session/0a6940c4-d103-413d-8bf0-015a5be18649/element/00000000-0000-01dd-0000-003800000005/location[39m
[35m[HTTP][39m [90m{}[39m
[35m[W3C (0a6940c4)][39m Driver proxy active, passing request on via HTTP proxy
[35m[WD Proxy][39m Replacing sessionId 191dcb7a-2956-4c5d-817f-57dec5e0875a with 0a6940c4-d103-413d-8bf0-015a5be18649
[35m[HTTP][39m [37m<-- GET /wd/hub/session/0a6940c4-d103-413d-8bf0-015a5be18649/element/00000000-0000-01dd-0000-003800000005/location [39m[32m200[39m [90m31 ms - 77[39m
[35m[HTTP][39m [90m[39m
[35m[HTTP][39m [37m-->[39m [37mPOST[39m [37m/wd/hub/session/0a6940c4-d103-413d-8bf0-015a5be18649/timeouts[39m
[35m[HTTP][39m [90m{"implicit":60000}[39m
[35m[HTTP][39m [37m<-- POST /wd/hub/session/0a6940c4-d103-413d-8bf0-015a5be18649/timeouts [39m[32m200[39m [90m1 ms - 14[39m
[35m[HTTP][39m [90m[39m
[35m[HTTP][39m [37m-->[39m [37mPOST[39m [37m/wd/hub/session/0a6940c4-d103-413d-8bf0-015a5be18649/touch/perform[39m
[35m[HTTP][39m [90m{"actions":[{"action":"tap","options":{"x":1,"y":1,"element":"00000000-0000-01dd-0000-003800000005"}},{"action":"release","options":{}}]}[39m
[35m[UiAutomator2][39m calling get location: 00000000-0000-01dd-0000-003800000005
[35m[HTTP][39m [37m<-- POST /wd/hub/session/0a6940c4-d103-413d-8bf0-015a5be18649/touch/perform [39m[32m200[39m [90m731 ms - 14[39m
[35m[HTTP][39m [90m[39m
[35m[HTTP][39m [37m-->[39m [37mPOST[39m [37m/wd/hub/session/0a6940c4-d103-413d-8bf0-015a5be18649/timeouts[39m
[35m[HTTP][39m [90m{"implicit":50}[39m
[35m[HTTP][39m [37m<-- POST /wd/hub/session/0a6940c4-d103-413d-8bf0-015a5be18649/timeouts [39m[32m200[39m [90m1 ms - 14[39m
[35m[HTTP][39m [90m[39m
[35m[HTTP][39m [37m-->[39m [37mGET[39m [37m/wd/hub/session/0a6940c4-d103-413d-8bf0-015a5be18649/window/rect[39m
[35m[HTTP][39m [90m{}[39m
[35m[HTTP][39m [37m<-- GET /wd/hub/session/0a6940c4-d103-413d-8bf0-015a5be18649/window/rect [39m[32m200[39m [90m21 ms - 49[39m
[35m[HTTP][39m [90m[39m
[35m[HTTP][39m [37m-->[39m [37mPOST[39m [37m/wd/hub/session/0a6940c4-d103-413d-8bf0-015a5be18649/elements[39m
[35m[HTTP][39m [90m{"using":"xpath","value":"//hierarchy/android.widget.FrameLayout[1]/android.widget.LinearLayout[1]/android.widget.FrameLayout[1]/android.widget.FrameLayout[1]/android.widget.FrameLayout[1]/android.widget.FrameLayout[1]/android.view.View[1]/android.view.View[1]/android.view.View[1]/android.view.View[1]/android.widget.ImageView[3]"}[39m
[35m[HTTP][39m [37m<-- POST /wd/hub/session/0a6940c4-d103-413d-8bf0-015a5be18649/elements [39m[32m200[39m [90m637 ms - 139[39m
[35m[HTTP][39m [90m[39m
[35m[HTTP][39m [37m-->[39m [37mGET[39m [37m/wd/hub/session/0a6940c4-d103-413d-8bf0-015a5be18649/element/00000000-0000-01dd-0000-007100000005/location[39m
[35m[HTTP][39m [90m{}[39m
[35m[W3C (0a6940c4)][39m Driver proxy active, passing request on via HTTP proxy
[35m[WD Proxy][39m Replacing sessionId 191dcb7a-2956-4c5d-817f-57dec5e0875a with 0a6940c4-d103-413d-8bf0-015a5be18649
[35m[HTTP][39m [37m<-- GET /wd/hub/session/0a6940c4-d103-413d-8bf0-015a5be18649/element/00000000-0000-01dd-0000-007100000005/location [39m[32m200[39m [90m468 ms - 79[39m
[35m[HTTP][39m [90m[39m
[35m[HTTP][39m [37m-->[39m [37mPOST[39m [37m/wd/hub/session/0a6940c4-d103-413d-8bf0-015a5be18649/timeouts[39m
[35m[HTTP][39m [90m{"implicit":60000}[39m
[35m[HTTP][39m [37m<-- POST /wd/hub/session/0a6940c4-d103-413d-8bf0-015a5be18649/timeouts [39m[32m200[39m [90m1 ms - 14[39m
[35m[HTTP][39m [90m[39m
[35m[HTTP][39m [37m-->[39m [37mPOST[39m [37m/wd/hub/session/0a6940c4-d103-413d-8bf0-015a5be18649/touch/perform[39m
[35m[HTTP][39m [90m{"actions":[{"action":"tap","options":{"x":1,"y":1,"element":"00000000-0000-01dd-0000-007100000005"}},{"action":"release","options":{}}]}[39m
[35m[UiAutomator2][39m calling get location: 00000000-0000-01dd-0000-007100000005
[35m[HTTP][39m [37m<-- POST /wd/hub/session/0a6940c4-d103-413d-8bf0-015a5be18649/touch/perform [39m[32m200[39m [90m209 ms - 14[39m
[35m[HTTP][39m [90m[39m
[35m[HTTP][39m [37m-->[39m [37mGET[39m [37m/wd/hub/session/0a6940c4-d103-413d-8bf0-015a5be18649/window/rect[39m
[35m[HTTP][39m [90m{}[39m
[35m[HTTP][39m [37m<-- GET /wd/hub/session/0a6940c4-d103-413d-8bf0-015a5be18649/window/rect [39m[32m200[39m [90m20 ms - 49[39m
[35m[HTTP][39m [90m[39m
[35m[HTTP][39m [37m-->[39m [37mPOST[39m [37m/wd/hub/session/0a6940c4-d103-413d-8bf0-015a5be18649/elements[39m
[35m[HTTP][39m [90m{"using":"xpath","value":"//hierarchy/android.widget.FrameLayout[1]/android.widget.LinearLayout[1]/android.widget.FrameLayout[1]/android.widget.FrameLayout[1]/android.widget.FrameLayout[1]/android.widget.FrameLayout[1]/android.view.View[1]/android.view.View[1]/android.view.View[1]/android.view.View[1]/android.view.View[2]/android.view.View[1]/android.view.View[1]/android.view.View[1]/android.view.View[1]/android.view.View[1]/android.view.View[1]/android.view.View[1]/android.view.View[1]"}[39m
[35m[HTTP][39m [37m<-- POST /wd/hub/session/0a6940c4-d103-413d-8bf0-015a5be18649/elements [39m[32m200[39m [90m60079 ms - 12[39m
[35m[HTTP][39m [90m[39m
[35m[HTTP][39m [37m-->[39m [37mGET[39m [37m/wd/hub/session/0a6940c4-d103-413d-8bf0-015a5be18649/context[39m
[35m[HTTP][39m [90m{}[39m
[35m[HTTP][39m [37m<-- GET /wd/hub/session/0a6940c4-d103-413d-8bf0-015a5be18649/context [39m[32m200[39m [90m1 ms - 22[39m
[35m[HTTP][39m [90m[39m
[35m[HTTP][39m [37m-->[39m [37mGET[39m [37m/wd/hub/session/0a6940c4-d103-413d-8bf0-015a5be18649/contexts[39m
[35m[HTTP][39m [90m{}[39m
[35m[HTTP][39m [37m<-- GET /wd/hub/session/0a6940c4-d103-413d-8bf0-015a5be18649/contexts [39m[32m200[39m [90m111 ms - 24[39m
[35m[HTTP][39m [90m[39m
[35m[HTTP][39m [37m-->[39m [37mPOST[39m [37m/wd/hub/session/0a6940c4-d103-413d-8bf0-015a5be18649/context[39m
[35m[HTTP][39m [90m{"name":"NATIVE_APP"}[39m
[35m[HTTP][39m [37m<-- POST /wd/hub/session/0a6940c4-d103-413d-8bf0-015a5be18649/context [39m[32m200[39m [90m1 ms - 14[39m
[35m[HTTP][39m [90m[39m
[35m[HTTP][39m [37m-->[39m [37mGET[39m [37m/wd/hub/session/0a6940c4-d103-413d-8bf0-015a5be18649/screenshot[39m
[35m[HTTP][39m [90m{}[39m
[35m[HTTP][39m [37m<-- GET /wd/hub/session/0a6940c4-d103-413d-8bf0-015a5be18649/screenshot [39m[32m200[39m [90m605 ms - 204668[39m
[35m[HTTP][39m [90m[39m
[35m[HTTP][39m [37m-->[39m [37mPOST[39m [37m/wd/hub/session/0a6940c4-d103-413d-8bf0-015a5be18649/context[39m
[35m[HTTP][39m [90m{"name":"NATIVE_APP"}[39m
[35m[HTTP][39m [37m<-- POST /wd/hub/session/0a6940c4-d103-413d-8bf0-015a5be18649/context [39m[32m200[39m [90m1 ms - 14[39m
[35m[HTTP][39m [90m[39m
[35m[HTTP][39m [37m-->[39m [37mGET[39m [37m/wd/hub/status[39m
[35m[HTTP][39m [90m{}[39m
[35m[HTTP][39m [37m<-- GET /wd/hub/status [39m[32m200[39m [90m1 ms - 68[39m
[35m[HTTP][39m [90m[39m
[35m[HTTP][39m [37m-->[39m [37mPOST[39m [37m/wd/hub/session[39m
[35m[HTTP][39m [90m{"desiredCapabilities":{"appActivity":".Settings","appPackage":"com.android.settings","newCommandTimeout":1800,"platformVersion":"11","automationName":"uiautomator2","autoGrantPermissions":true,"platformName":"Android","udid":"RR8M40C9AXE","deviceName":"samsung SM-A205F (Android 11)","platform":"ANDROID","systemPort":8276},"capabilities":{"firstMatch":[{"appium:appActivity":".Settings","appium:appPackage":"com.android.settings","appium:autoGrantPermissions":true,"appium:automationName":"uiautomator2","appium:deviceName":"samsung SM-A205F (Android 11)","appium:newCommandTimeout":1800,"platform":"ANDROID","platformName":"android","appium:platformVersion":"11","appium:systemPort":8276,"appium:udid":"RR8M40C9AXE"}]}}[39m
[35m[BaseDriver][39m The following capabilities are not standard capabilities and should have an extension prefix:
[35m[BaseDriver][39m   platform
[35m[BaseDriver][39m   chromedriverPort
[35m[Appium][39m Appium v1.22.0 creating new AndroidUiautomator2Driver (v1.69.0) session
[35m[BaseDriver][39m The following capabilities were provided, but are not recognized by Appium:
[35m[BaseDriver][39m   platform
[35m[BaseDriver][39m Session created with session id: 300340cd-5c92-482c-b274-085ce0e6400d
[35m[UiAutomator2][39m Starting 'com.android.settings' directly on the device
[35m[ADB][39m Using 'adb.exe' from 'C:\Users\Owner\.katalon\tools\android_sdk\platform-tools\adb.exe'
[35m[AndroidDriver][39m Retrieving device list
[35m[AndroidDriver][39m Using device: RR8M40C9AXE
[35m[ADB][39m Using 'adb.exe' from 'C:\Users\Owner\.katalon\tools\android_sdk\platform-tools\adb.exe'
[35m[ADB][39m Getting device platform version
[35m[UiAutomator2][39m Relaxing hidden api policy
[35m[AndroidDriver][39m No app sent in, not parsing package/activity
[35m[UiAutomator2][39m Server packages are not going to be (re)installed
[35m[ADB][39m Adding packages ["io.appium.settings","io.appium.uiautomator2.server","io.appium.uiautomator2.server.test"] to Doze whitelist
[35m[ADB][39m com.android.settings contains no permissions available for granting
[35m[UiAutomator2][39m Starting UIAutomator2 server 4.24.0
[35m[UiAutomator2][39m Using UIAutomator2 server from 'C:\Users\Owner\AppData\Roaming\npm\node_modules\appium\node_modules\appium-uiautomator2-server\apks\appium-uiautomator2-server-v4.24.0.apk' and test from 'C:\Users\Owner\AppData\Roaming\npm\node_modules\appium\node_modules\appium-uiautomator2-server\apks\appium-uiautomator2-server-debug-androidTest.apk'
[35m[UiAutomator2][39m Waiting up to 30000ms for UiAutomator2 to be online...
[35m[WD Proxy][39m socket hang up
[35m[WD Proxy][39m socket hang up
[35m[WD Proxy][39m socket hang up
[35m[WD Proxy][39m Determined the downstream protocol as 'W3C'
[35m[AndroidDriver][39m Screen already unlocked, doing nothing
[35m[UiAutomator2][39m Starting 'com.android.settings/.Settings and waiting for 'com.android.settings/.Settings'
[35m[Appium][39m New AndroidUiautomator2Driver session created successfully, session 300340cd-5c92-482c-b274-085ce0e6400d added to master session list
[35m[HTTP][39m [37m<-- POST /wd/hub/session [39m[32m200[39m [90m10173 ms - 1155[39m
[35m[HTTP][39m [90m[39m
[35m[HTTP][39m [37m-->[39m [37mGET[39m [37m/wd/hub/session/300340cd-5c92-482c-b274-085ce0e6400d[39m
[35m[HTTP][39m [90m{}[39m
[35m[HTTP][39m [37m<-- GET /wd/hub/session/300340cd-5c92-482c-b274-085ce0e6400d [39m[32m200[39m [90m35 ms - 1109[39m
[35m[HTTP][39m [90m[39m
[35m[HTTP][39m [37m-->[39m [37mGET[39m [37m/wd/hub/session/300340cd-5c92-482c-b274-085ce0e6400d[39m
[35m[HTTP][39m [90m{}[39m
[35m[HTTP][39m [37m<-- GET /wd/hub/session/300340cd-5c92-482c-b274-085ce0e6400d [39m[32m200[39m [90m21 ms - 1109[39m
[35m[HTTP][39m [90m[39m
[35m[HTTP][39m [37m-->[39m [37mGET[39m [37m/wd/hub/status[39m
[35m[HTTP][39m [90m{}[39m
[35m[HTTP][39m [37m<-- GET /wd/hub/status [39m[32m200[39m [90m1 ms - 68[39m
[35m[HTTP][39m [90m[39m
[35m[HTTP][39m [37m-->[39m [37mPOST[39m [37m/wd/hub/session/300340cd-5c92-482c-b274-085ce0e6400d/timeouts[39m
[35m[HTTP][39m [90m{"implicit":60000}[39m
[35m[HTTP][39m [37m<-- POST /wd/hub/session/300340cd-5c92-482c-b274-085ce0e6400d/timeouts [39m[32m200[39m [90m1 ms - 14[39m
[35m[HTTP][39m [90m[39m
[35m[HTTP][39m [37m-->[39m [37mGET[39m [37m/wd/hub/session/300340cd-5c92-482c-b274-085ce0e6400d/screenshot[39m
[35m[HTTP][39m [90m{}[39m
[35m[HTTP][39m [37m<-- GET /wd/hub/session/300340cd-5c92-482c-b274-085ce0e6400d/screenshot [39m[32m200[39m [90m529 ms - 123794[39m
[35m[HTTP][39m [90m[39m
[35m[HTTP][39m [37m-->[39m [37mGET[39m [37m/wd/hub/session/300340cd-5c92-482c-b274-085ce0e6400d/window/rect[39m
[35m[HTTP][39m [90m{}[39m
[35m[HTTP][39m [37m<-- GET /wd/hub/session/300340cd-5c92-482c-b274-085ce0e6400d/window/rect [39m[32m200[39m [90m21 ms - 49[39m
[35m[HTTP][39m [90m[39m
[35m[HTTP][39m [37m-->[39m [37mGET[39m [37m/wd/hub/session/300340cd-5c92-482c-b274-085ce0e6400d/appium/device/system_bars[39m
[35m[HTTP][39m [90m{}[39m
[35m[HTTP][39m [37m<-- GET /wd/hub/session/300340cd-5c92-482c-b274-085ce0e6400d/appium/device/system_bars [39m[32m200[39m [90m176 ms - 145[39m
[35m[HTTP][39m [90m[39m
[35m[HTTP][39m [37m-->[39m [37mPOST[39m [37m/wd/hub/session/300340cd-5c92-482c-b274-085ce0e6400d/appium/device/activate_app[39m
[35m[HTTP][39m [90m{"bundleId":"com.mirae.maxfund"}[39m
[35m[HTTP][39m [37m<-- POST /wd/hub/session/300340cd-5c92-482c-b274-085ce0e6400d/appium/device/activate_app [39m[32m200[39m [90m796 ms - 14[39m
[35m[HTTP][39m [90m[39m
[35m[HTTP][39m [37m-->[39m [37mPOST[39m [37m/wd/hub/session/300340cd-5c92-482c-b274-085ce0e6400d/timeouts[39m
[35m[HTTP][39m [90m{"implicit":50}[39m
[35m[HTTP][39m [37m<-- POST /wd/hub/session/300340cd-5c92-482c-b274-085ce0e6400d/timeouts [39m[32m200[39m [90m1 ms - 14[39m
[35m[HTTP][39m [90m[39m
[35m[HTTP][39m [37m-->[39m [37mGET[39m [37m/wd/hub/session/300340cd-5c92-482c-b274-085ce0e6400d/window/rect[39m
[35m[HTTP][39m [90m{}[39m
[35m[HTTP][39m [37m<-- GET /wd/hub/session/300340cd-5c92-482c-b274-085ce0e6400d/window/rect [39m[32m200[39m [90m26 ms - 49[39m
[35m[HTTP][39m [90m[39m
[35m[HTTP][39m [37m-->[39m [37mPOST[39m [37m/wd/hub/session/300340cd-5c92-482c-b274-085ce0e6400d/elements[39m
[35m[HTTP][39m [90m{"using":"accessibility id","value":"Login"}[39m
[35m[HTTP][39m [37m<-- POST /wd/hub/session/300340cd-5c92-482c-b274-085ce0e6400d/elements [39m[32m200[39m [90m85 ms - 12[39m
[35m[HTTP][39m [90m[39m
[35m[HTTP][39m [37m-->[39m [37mPOST[39m [37m/wd/hub/session/300340cd-5c92-482c-b274-085ce0e6400d/elements[39m
[35m[HTTP][39m [90m{"using":"accessibility id","value":"Login"}[39m
[35m[HTTP][39m [37m<-- POST /wd/hub/session/300340cd-5c92-482c-b274-085ce0e6400d/elements [39m[32m200[39m [90m107 ms - 12[39m
[35m[HTTP][39m [90m[39m
[35m[HTTP][39m [37m-->[39m [37mPOST[39m [37m/wd/hub/session/300340cd-5c92-482c-b274-085ce0e6400d/elements[39m
[35m[HTTP][39m [90m{"using":"accessibility id","value":"Login"}[39m
[35m[HTTP][39m [37m<-- POST /wd/hub/session/300340cd-5c92-482c-b274-085ce0e6400d/elements [39m[32m200[39m [90m101 ms - 12[39m
[35m[HTTP][39m [90m[39m
[35m[HTTP][39m [37m-->[39m [37mPOST[39m [37m/wd/hub/session/300340cd-5c92-482c-b274-085ce0e6400d/elements[39m
[35m[HTTP][39m [90m{"using":"accessibility id","value":"Login"}[39m
[35m[HTTP][39m [37m<-- POST /wd/hub/session/300340cd-5c92-482c-b274-085ce0e6400d/elements [39m[32m200[39m [90m101 ms - 12[39m
[35m[HTTP][39m [90m[39m
[35m[HTTP][39m [37m-->[39m [37mPOST[39m [37m/wd/hub/session/300340cd-5c92-482c-b274-085ce0e6400d/elements[39m
[35m[HTTP][39m [90m{"using":"accessibility id","value":"Login"}[39m
[35m[HTTP][39m [37m<-- POST /wd/hub/session/300340cd-5c92-482c-b274-085ce0e6400d/elements [39m[32m200[39m [90m101 ms - 12[39m
[35m[HTTP][39m [90m[39m
[35m[HTTP][39m [37m-->[39m [37mPOST[39m [37m/wd/hub/session/300340cd-5c92-482c-b274-085ce0e6400d/elements[39m
[35m[HTTP][39m [90m{"using":"accessibility id","value":"Login"}[39m
[35m[HTTP][39m [37m<-- POST /wd/hub/session/300340cd-5c92-482c-b274-085ce0e6400d/elements [39m[32m200[39m [90m99 ms - 12[39m
[35m[HTTP][39m [90m[39m
[35m[HTTP][39m [37m-->[39m [37mPOST[39m [37m/wd/hub/session/300340cd-5c92-482c-b274-085ce0e6400d/elements[39m
[35m[HTTP][39m [90m{"using":"accessibility id","value":"Login"}[39m
[35m[HTTP][39m [37m<-- POST /wd/hub/session/300340cd-5c92-482c-b274-085ce0e6400d/elements [39m[32m200[39m [90m99 ms - 12[39m
[35m[HTTP][39m [90m[39m
[35m[HTTP][39m [37m-->[39m [37mPOST[39m [37m/wd/hub/session/300340cd-5c92-482c-b274-085ce0e6400d/elements[39m
[35m[HTTP][39m [90m{"using":"accessibility id","value":"Login"}[39m
[35m[HTTP][39m [37m<-- POST /wd/hub/session/300340cd-5c92-482c-b274-085ce0e6400d/elements [39m[32m200[39m [90m96 ms - 12[39m
[35m[HTTP][39m [90m[39m
[35m[HTTP][39m [37m-->[39m [37mPOST[39m [37m/wd/hub/session/300340cd-5c92-482c-b274-085ce0e6400d/elements[39m
[35m[HTTP][39m [90m{"using":"accessibility id","value":"Login"}[39m
[35m[HTTP][39m [37m<-- POST /wd/hub/session/300340cd-5c92-482c-b274-085ce0e6400d/elements [39m[32m200[39m [90m100 ms - 12[39m
[35m[HTTP][39m [90m[39m
[35m[HTTP][39m [37m-->[39m [37mPOST[39m [37m/wd/hub/session/300340cd-5c92-482c-b274-085ce0e6400d/elements[39m
[35m[HTTP][39m [90m{"using":"accessibility id","value":"Login"}[39m
[35m[HTTP][39m [37m<-- POST /wd/hub/session/300340cd-5c92-482c-b274-085ce0e6400d/elements [39m[32m200[39m [90m93 ms - 12[39m
[35m[HTTP][39m [90m[39m
[35m[HTTP][39m [37m-->[39m [37mPOST[39m [37m/wd/hub/session/300340cd-5c92-482c-b274-085ce0e6400d/elements[39m
[35m[HTTP][39m [90m{"using":"accessibility id","value":"Login"}[39m
[35m[HTTP][39m [37m<-- POST /wd/hub/session/300340cd-5c92-482c-b274-085ce0e6400d/elements [39m[32m200[39m [90m94 ms - 12[39m
[35m[HTTP][39m [90m[39m
[35m[HTTP][39m [37m-->[39m [37mPOST[39m [37m/wd/hub/session/300340cd-5c92-482c-b274-085ce0e6400d/elements[39m
[35m[HTTP][39m [90m{"using":"accessibility id","value":"Login"}[39m
[35m[HTTP][39m [37m<-- POST /wd/hub/session/300340cd-5c92-482c-b274-085ce0e6400d/elements [39m[32m200[39m [90m91 ms - 12[39m
[35m[HTTP][39m [90m[39m
[35m[HTTP][39m [37m-->[39m [37mPOST[39m [37m/wd/hub/session/300340cd-5c92-482c-b274-085ce0e6400d/elements[39m
[35m[HTTP][39m [90m{"using":"accessibility id","value":"Login"}[39m
[35m[HTTP][39m [37m<-- POST /wd/hub/session/300340cd-5c92-482c-b274-085ce0e6400d/elements [39m[32m200[39m [90m91 ms - 12[39m
[35m[HTTP][39m [90m[39m
[35m[HTTP][39m [37m-->[39m [37mPOST[39m [37m/wd/hub/session/300340cd-5c92-482c-b274-085ce0e6400d/elements[39m
[35m[HTTP][39m [90m{"using":"accessibility id","value":"Login"}[39m
[35m[HTTP][39m [37m<-- POST /wd/hub/session/300340cd-5c92-482c-b274-085ce0e6400d/elements [39m[32m200[39m [90m91 ms - 12[39m
[35m[HTTP][39m [90m[39m
[35m[HTTP][39m [37m-->[39m [37mPOST[39m [37m/wd/hub/session/300340cd-5c92-482c-b274-085ce0e6400d/elements[39m
[35m[HTTP][39m [90m{"using":"accessibility id","value":"Login"}[39m
[35m[HTTP][39m [37m<-- POST /wd/hub/session/300340cd-5c92-482c-b274-085ce0e6400d/elements [39m[32m200[39m [90m90 ms - 12[39m
[35m[HTTP][39m [90m[39m
[35m[HTTP][39m [37m-->[39m [37mPOST[39m [37m/wd/hub/session/300340cd-5c92-482c-b274-085ce0e6400d/elements[39m
[35m[HTTP][39m [90m{"using":"accessibility id","value":"Login"}[39m
[35m[HTTP][39m [37m<-- POST /wd/hub/session/300340cd-5c92-482c-b274-085ce0e6400d/elements [39m[32m200[39m [90m91 ms - 12[39m
[35m[HTTP][39m [90m[39m
[35m[HTTP][39m [37m-->[39m [37mPOST[39m [37m/wd/hub/session/300340cd-5c92-482c-b274-085ce0e6400d/elements[39m
[35m[HTTP][39m [90m{"using":"accessibility id","value":"Login"}[39m
[35m[HTTP][39m [37m<-- POST /wd/hub/session/300340cd-5c92-482c-b274-085ce0e6400d/elements [39m[32m200[39m [90m89 ms - 12[39m
[35m[HTTP][39m [90m[39m
[35m[HTTP][39m [37m-->[39m [37mPOST[39m [37m/wd/hub/session/300340cd-5c92-482c-b274-085ce0e6400d/elements[39m
[35m[HTTP][39m [90m{"using":"accessibility id","value":"Login"}[39m
[35m[HTTP][39m [37m<-- POST /wd/hub/session/300340cd-5c92-482c-b274-085ce0e6400d/elements [39m[32m200[39m [90m91 ms - 12[39m
[35m[HTTP][39m [90m[39m
[35m[HTTP][39m [37m-->[39m [37mPOST[39m [37m/wd/hub/session/300340cd-5c92-482c-b274-085ce0e6400d/elements[39m
[35m[HTTP][39m [90m{"using":"accessibility id","value":"Login"}[39m
[35m[HTTP][39m [37m<-- POST /wd/hub/session/300340cd-5c92-482c-b274-085ce0e6400d/elements [39m[32m200[39m [90m89 ms - 12[39m
[35m[HTTP][39m [90m[39m
[35m[HTTP][39m [37m-->[39m [37mPOST[39m [37m/wd/hub/session/300340cd-5c92-482c-b274-085ce0e6400d/elements[39m
[35m[HTTP][39m [90m{"using":"accessibility id","value":"Login"}[39m
[35m[HTTP][39m [37m<-- POST /wd/hub/session/300340cd-5c92-482c-b274-085ce0e6400d/elements [39m[32m200[39m [90m89 ms - 12[39m
[35m[HTTP][39m [90m[39m
[35m[HTTP][39m [37m-->[39m [37mPOST[39m [37m/wd/hub/session/300340cd-5c92-482c-b274-085ce0e6400d/timeouts[39m
[35m[HTTP][39m [90m{"implicit":60000}[39m
[35m[HTTP][39m [37m<-- POST /wd/hub/session/300340cd-5c92-482c-b274-085ce0e6400d/timeouts [39m[32m200[39m [90m1 ms - 14[39m
[35m[HTTP][39m [90m[39m
[35m[HTTP][39m [37m-->[39m [37mGET[39m [37m/wd/hub/session/300340cd-5c92-482c-b274-085ce0e6400d/context[39m
[35m[HTTP][39m [90m{}[39m
[35m[HTTP][39m [37m<-- GET /wd/hub/session/300340cd-5c92-482c-b274-085ce0e6400d/context [39m[32m200[39m [90m1 ms - 22[39m
[35m[HTTP][39m [90m[39m
[35m[HTTP][39m [37m-->[39m [37mGET[39m [37m/wd/hub/session/300340cd-5c92-482c-b274-085ce0e6400d/contexts[39m
[35m[HTTP][39m [90m{}[39m
[35m[HTTP][39m [37m<-- GET /wd/hub/session/300340cd-5c92-482c-b274-085ce0e6400d/contexts [39m[32m200[39m [90m128 ms - 24[39m
[35m[HTTP][39m [90m[39m
[35m[HTTP][39m [37m-->[39m [37mPOST[39m [37m/wd/hub/session/300340cd-5c92-482c-b274-085ce0e6400d/context[39m
[35m[HTTP][39m [90m{"name":"NATIVE_APP"}[39m
[35m[HTTP][39m [37m<-- POST /wd/hub/session/300340cd-5c92-482c-b274-085ce0e6400d/context [39m[32m200[39m [90m1 ms - 14[39m
[35m[HTTP][39m [90m[39m
[35m[HTTP][39m [37m-->[39m [37mGET[39m [37m/wd/hub/session/300340cd-5c92-482c-b274-085ce0e6400d/screenshot[39m
[35m[HTTP][39m [90m{}[39m
[35m[HTTP][39m [37m<-- GET /wd/hub/session/300340cd-5c92-482c-b274-085ce0e6400d/screenshot [39m[32m200[39m [90m508 ms - 203072[39m
[35m[HTTP][39m [90m[39m
[35m[HTTP][39m [37m-->[39m [37mPOST[39m [37m/wd/hub/session/300340cd-5c92-482c-b274-085ce0e6400d/context[39m
[35m[HTTP][39m [90m{"name":"NATIVE_APP"}[39m
[35m[HTTP][39m [37m<-- POST /wd/hub/session/300340cd-5c92-482c-b274-085ce0e6400d/context [39m[32m200[39m [90m1 ms - 14[39m
[35m[HTTP][39m [90m[39m
[35m[HTTP][39m [37m-->[39m [37mPOST[39m [37m/wd/hub/session/300340cd-5c92-482c-b274-085ce0e6400d/timeouts[39m
[35m[HTTP][39m [90m{"implicit":50}[39m
[35m[HTTP][39m [37m<-- POST /wd/hub/session/300340cd-5c92-482c-b274-085ce0e6400d/timeouts [39m[32m200[39m [90m1 ms - 14[39m
[35m[HTTP][39m [90m[39m
[35m[HTTP][39m [37m-->[39m [37mGET[39m [37m/wd/hub/session/300340cd-5c92-482c-b274-085ce0e6400d/window/rect[39m
[35m[HTTP][39m [90m{}[39m
[35m[HTTP][39m [37m<-- GET /wd/hub/session/300340cd-5c92-482c-b274-085ce0e6400d/window/rect [39m[32m200[39m [90m22 ms - 49[39m
[35m[HTTP][39m [90m[39m
[35m[HTTP][39m [37m-->[39m [37mPOST[39m [37m/wd/hub/session/300340cd-5c92-482c-b274-085ce0e6400d/elements[39m
[35m[HTTP][39m [90m{"using":"xpath","value":"//hierarchy/android.widget.FrameLayout[1]/android.widget.LinearLayout[1]/android.widget.FrameLayout[1]/android.widget.FrameLayout[1]/android.widget.FrameLayout[1]/android.widget.FrameLayout[1]/android.view.View[1]/android.view.View[1]/android.view.View[1]/android.view.View[1]/android.widget.ImageView[3]"}[39m
[35m[HTTP][39m [37m<-- POST /wd/hub/session/300340cd-5c92-482c-b274-085ce0e6400d/elements [39m[32m200[39m [90m189 ms - 139[39m
[35m[HTTP][39m [90m[39m
[35m[HTTP][39m [37m-->[39m [37mGET[39m [37m/wd/hub/session/300340cd-5c92-482c-b274-085ce0e6400d/element/00000000-0000-01df-0000-00bd00000005/location[39m
[35m[HTTP][39m [90m{}[39m
[35m[W3C (300340cd)][39m Driver proxy active, passing request on via HTTP proxy
[35m[WD Proxy][39m Replacing sessionId 0579e5b7-8060-4a82-867e-8748c77c6447 with 300340cd-5c92-482c-b274-085ce0e6400d
[35m[HTTP][39m [37m<-- GET /wd/hub/session/300340cd-5c92-482c-b274-085ce0e6400d/element/00000000-0000-01df-0000-00bd00000005/location [39m[32m200[39m [90m18 ms - 79[39m
[35m[HTTP][39m [90m[39m
[35m[HTTP][39m [37m-->[39m [37mPOST[39m [37m/wd/hub/session/300340cd-5c92-482c-b274-085ce0e6400d/timeouts[39m
[35m[HTTP][39m [90m{"implicit":60000}[39m
[35m[HTTP][39m [37m<-- POST /wd/hub/session/300340cd-5c92-482c-b274-085ce0e6400d/timeouts [39m[32m200[39m [90m1 ms - 14[39m
[35m[HTTP][39m [90m[39m
[35m[HTTP][39m [37m-->[39m [37mPOST[39m [37m/wd/hub/session/300340cd-5c92-482c-b274-085ce0e6400d/touch/perform[39m
[35m[HTTP][39m [90m{"actions":[{"action":"tap","options":{"x":1,"y":1,"element":"00000000-0000-01df-0000-00bd00000005"}},{"action":"release","options":{}}]}[39m
[35m[UiAutomator2][39m calling get location: 00000000-0000-01df-0000-00bd00000005
[35m[HTTP][39m [37m<-- POST /wd/hub/session/300340cd-5c92-482c-b274-085ce0e6400d/touch/perform [39m[32m200[39m [90m669 ms - 14[39m
[35m[HTTP][39m [90m[39m
[35m[HTTP][39m [37m-->[39m [37mPOST[39m [37m/wd/hub/session/300340cd-5c92-482c-b274-085ce0e6400d/timeouts[39m
[35m[HTTP][39m [90m{"implicit":50}[39m
[35m[HTTP][39m [37m<-- POST /wd/hub/session/300340cd-5c92-482c-b274-085ce0e6400d/timeouts [39m[32m200[39m [90m1 ms - 14[39m
[35m[HTTP][39m [90m[39m
[35m[HTTP][39m [37m-->[39m [37mGET[39m [37m/wd/hub/session/300340cd-5c92-482c-b274-085ce0e6400d/window/rect[39m
[35m[HTTP][39m [90m{}[39m
[35m[HTTP][39m [37m<-- GET /wd/hub/session/300340cd-5c92-482c-b274-085ce0e6400d/window/rect [39m[32m200[39m [90m22 ms - 49[39m
[35m[HTTP][39m [90m[39m
[35m[HTTP][39m [37m-->[39m [37mPOST[39m [37m/wd/hub/session/300340cd-5c92-482c-b274-085ce0e6400d/elements[39m
[35m[HTTP][39m [90m{"using":"xpath","value":"//hierarchy/android.widget.FrameLayout[1]/android.widget.LinearLayout[1]/android.widget.FrameLayout[1]/android.widget.FrameLayout[1]/android.widget.FrameLayout[1]/android.widget.FrameLayout[1]/android.view.View[1]/android.view.View[1]/android.view.View[1]/android.view.View[1]/android.view.View[2]/android.view.View[1]/android.view.View[1]/android.widget.HorizontalScrollView[1]/android.view.View[2]"}[39m
[35m[HTTP][39m [37m<-- POST /wd/hub/session/300340cd-5c92-482c-b274-085ce0e6400d/elements [39m[32m200[39m [90m118 ms - 139[39m
[35m[HTTP][39m [90m[39m
[35m[HTTP][39m [37m-->[39m [37mGET[39m [37m/wd/hub/session/300340cd-5c92-482c-b274-085ce0e6400d/element/00000000-0000-01df-0000-00a100000005/location[39m
[35m[HTTP][39m [90m{}[39m
[35m[W3C (300340cd)][39m Driver proxy active, passing request on via HTTP proxy
[35m[WD Proxy][39m Replacing sessionId 0579e5b7-8060-4a82-867e-8748c77c6447 with 300340cd-5c92-482c-b274-085ce0e6400d
[35m[HTTP][39m [37m<-- GET /wd/hub/session/300340cd-5c92-482c-b274-085ce0e6400d/element/00000000-0000-01df-0000-00a100000005/location [39m[32m200[39m [90m18 ms - 78[39m
[35m[HTTP][39m [90m[39m
[35m[HTTP][39m [37m-->[39m [37mPOST[39m [37m/wd/hub/session/300340cd-5c92-482c-b274-085ce0e6400d/timeouts[39m
[35m[HTTP][39m [90m{"implicit":60000}[39m
[35m[HTTP][39m [37m<-- POST /wd/hub/session/300340cd-5c92-482c-b274-085ce0e6400d/timeouts [39m[32m200[39m [90m1 ms - 14[39m
[35m[HTTP][39m [90m[39m
[35m[HTTP][39m [37m-->[39m [37mPOST[39m [37m/wd/hub/session/300340cd-5c92-482c-b274-085ce0e6400d/touch/perform[39m
[35m[HTTP][39m [90m{"actions":[{"action":"tap","options":{"x":1,"y":1,"element":"00000000-0000-01df-0000-00a100000005"}},{"action":"release","options":{}}]}[39m
[35m[UiAutomator2][39m calling get location: 00000000-0000-01df-0000-00a100000005
[35m[HTTP][39m [37m<-- POST /wd/hub/session/300340cd-5c92-482c-b274-085ce0e6400d/touch/perform [39m[32m200[39m [90m1023 ms - 14[39m
[35m[HTTP][39m [90m[39m
[35m[HTTP][39m [37m-->[39m [37mGET[39m [37m/wd/hub/session/300340cd-5c92-482c-b274-085ce0e6400d/window/rect[39m
[35m[HTTP][39m [90m{}[39m
[35m[HTTP][39m [37m<-- GET /wd/hub/session/300340cd-5c92-482c-b274-085ce0e6400d/window/rect [39m[32m200[39m [90m23 ms - 49[39m
[35m[HTTP][39m [90m[39m
[35m[HTTP][39m [37m-->[39m [37mPOST[39m [37m/wd/hub/session/300340cd-5c92-482c-b274-085ce0e6400d/elements[39m
[35m[HTTP][39m [90m{"using":"xpath","value":"//hierarchy/android.widget.FrameLayout[1]/android.widget.LinearLayout[1]/android.widget.FrameLayout[1]/android.widget.FrameLayout[1]/android.widget.FrameLayout[1]/android.widget.FrameLayout[1]/android.view.View[1]/android.view.View[1]/android.view.View[1]/android.view.View[1]/android.view.View[2]/android.view.View[1]/android.view.View[1]/android.view.View[1]/android.view.View[1]/android.view.View[1]/android.view.View[1]/android.view.View[1]/android.view.View[1]"}[39m
[35m[HTTP][39m [37m<-- POST /wd/hub/session/300340cd-5c92-482c-b274-085ce0e6400d/elements [39m[32m-[39m [90m- ms - -[39m
[35m[HTTP][39m [90m[39m
[35m[WD Proxy][39m socket hang up
[35m[BaseDriver][39m Shutting down because we waited 1800 seconds for a command
[35m[Appium][39m Closing session, cause was 'New Command Timeout of 1800 seconds expired. Try customizing the timeout using the 'newCommandTimeout' desired capability'
[35m[Appium][39m Removing session '0a6940c4-d103-413d-8bf0-015a5be18649' from our master session list
[35m[UiAutomator2][39m Did not get confirmation UiAutomator2 deleteSession worked; Error was: UnknownError: An unknown server-side error occurred while processing the command. Original error: 'DELETE /' cannot be proxied to UiAutomator2 server because the instrumentation process is not running (probably crashed). Check the server log and/or the logcat output for more details
[35m[UiAutomator2][39m Restoring hidden api policy to the device default configuration
