[35m[Appium][39m Welcome to Appium v1.22.0
[35m[Appium][39m Non-default server args:
[35m[Appium][39m   port: 61420
[35m[Appium][39m   loglevel: info
[35m[Appium][39m   tmpDir: C:\Users\Owner\AppData\Local\Temp\\Katalon\Appium\Temp1636423417459
[35m[Appium][39m   chromedriverPort: 61421
[35m[Appium][39m Deprecated server args:
[35m[Appium][39m   [31m--chromedriver-port[39m => --default-capabilities
[35m[Appium][39m Default capabilities, which will be added to each request unless overridden by desired capabilities:
[35m[Appium][39m   chromedriverPort: 61421
[35m[Appium][39m Appium REST http interface listener started on 0.0.0.0:61420
[35m[HTTP][39m [37m-->[39m [37mGET[39m [37m/wd/hub/status[39m
[35m[HTTP][39m [90m{}[39m
[35m[HTTP][39m [37m<-- GET /wd/hub/status [39m[32m200[39m [90m21 ms - 68[39m
[35m[HTTP][39m [90m[39m
[35m[HTTP][39m [37m-->[39m [37mPOST[39m [37m/wd/hub/session[39m
[35m[HTTP][39m [90m{"desiredCapabilities":{"appActivity":".Settings","appPackage":"com.android.settings","newCommandTimeout":1800,"platformVersion":"11","automationName":"uiautomator2","autoGrantPermissions":true,"platformName":"Android","udid":"RR8M40C9AXE","deviceName":"samsung SM-A205F (Android 11)","platform":"ANDROID","systemPort":8275},"capabilities":{"firstMatch":[{"appium:appActivity":".Settings","appium:appPackage":"com.android.settings","appium:autoGrantPermissions":true,"appium:automationName":"uiautomator2","appium:deviceName":"samsung SM-A205F (Android 11)","appium:newCommandTimeout":1800,"platform":"ANDROID","platformName":"android","appium:platformVersion":"11","appium:systemPort":8275,"appium:udid":"RR8M40C9AXE"}]}}[39m
[35m[BaseDriver][39m The following capabilities are not standard capabilities and should have an extension prefix:
[35m[BaseDriver][39m   platform
[35m[BaseDriver][39m   chromedriverPort
[35m[Appium][39m Appium v1.22.0 creating new AndroidUiautomator2Driver (v1.69.0) session
[35m[BaseDriver][39m The following capabilities were provided, but are not recognized by Appium:
[35m[BaseDriver][39m   platform
[35m[BaseDriver][39m Session created with session id: 831faf5b-8f97-4e4e-974c-98327d1b4268
[35m[UiAutomator2][39m Starting 'com.android.settings' directly on the device
[35m[ADB][39m Found 1 'build-tools' folders under 'C:\Users\Owner\.katalon\tools\android_sdk' (newest first):
[35m[ADB][39m     C:/Users/Owner/.katalon/tools/android_sdk/build-tools/29.0.3
[35m[ADB][39m Using 'adb.exe' from 'C:\Users\Owner\.katalon\tools\android_sdk\platform-tools\adb.exe'
[35m[AndroidDriver][39m Retrieving device list
[35m[AndroidDriver][39m Using device: RR8M40C9AXE
[35m[ADB][39m Using 'adb.exe' from 'C:\Users\Owner\.katalon\tools\android_sdk\platform-tools\adb.exe'
[35m[ADB][39m Getting device platform version
[35m[UiAutomator2][39m Relaxing hidden api policy
[35m[AndroidDriver][39m No app sent in, not parsing package/activity
[35m[ADB][39m Using 'apksigner.jar' from 'C:\Users\Owner\.katalon\tools\android_sdk\build-tools\29.0.3\lib\apksigner.jar'
[35m[ADB][39m 'C:\Users\Owner\AppData\Roaming\npm\node_modules\appium\node_modules\appium-uiautomator2-server\apks\appium-uiautomator2-server-v4.24.0.apk' is signed with the default certificate
[35m[ADB][39m 'C:\Users\Owner\AppData\Roaming\npm\node_modules\appium\node_modules\appium-uiautomator2-server\apks\appium-uiautomator2-server-debug-androidTest.apk' is signed with the default certificate
[35m[UiAutomator2][39m Server packages are not going to be (re)installed
[35m[ADB][39m Adding packages ["io.appium.settings","io.appium.uiautomator2.server","io.appium.uiautomator2.server.test"] to Doze whitelist
[35m[ADB][39m com.android.settings contains no permissions available for granting
[35m[UiAutomator2][39m Starting UIAutomator2 server 4.24.0
[35m[UiAutomator2][39m Using UIAutomator2 server from 'C:\Users\Owner\AppData\Roaming\npm\node_modules\appium\node_modules\appium-uiautomator2-server\apks\appium-uiautomator2-server-v4.24.0.apk' and test from 'C:\Users\Owner\AppData\Roaming\npm\node_modules\appium\node_modules\appium-uiautomator2-server\apks\appium-uiautomator2-server-debug-androidTest.apk'
[35m[UiAutomator2][39m Waiting up to 30000ms for UiAutomator2 to be online...
[35m[WD Proxy][39m socket hang up
[35m[WD Proxy][39m socket hang up
[35m[WD Proxy][39m socket hang up
[35m[WD Proxy][39m socket hang up
[35m[WD Proxy][39m socket hang up
[35m[WD Proxy][39m Determined the downstream protocol as 'W3C'
[35m[AndroidDriver][39m Screen already unlocked, doing nothing
[35m[UiAutomator2][39m Starting 'com.android.settings/.Settings and waiting for 'com.android.settings/.Settings'
[35m[Appium][39m New AndroidUiautomator2Driver session created successfully, session 831faf5b-8f97-4e4e-974c-98327d1b4268 added to master session list
[35m[HTTP][39m [37m<-- POST /wd/hub/session [39m[32m200[39m [90m24317 ms - 1155[39m
[35m[HTTP][39m [90m[39m
[35m[HTTP][39m [37m-->[39m [37mGET[39m [37m/wd/hub/session/831faf5b-8f97-4e4e-974c-98327d1b4268[39m
[35m[HTTP][39m [90m{}[39m
[35m[HTTP][39m [37m<-- GET /wd/hub/session/831faf5b-8f97-4e4e-974c-98327d1b4268 [39m[32m200[39m [90m21 ms - 1109[39m
[35m[HTTP][39m [90m[39m
[35m[HTTP][39m [37m-->[39m [37mGET[39m [37m/wd/hub/session/831faf5b-8f97-4e4e-974c-98327d1b4268[39m
[35m[HTTP][39m [90m{}[39m
[35m[HTTP][39m [37m<-- GET /wd/hub/session/831faf5b-8f97-4e4e-974c-98327d1b4268 [39m[32m200[39m [90m37 ms - 1109[39m
[35m[HTTP][39m [90m[39m
[35m[HTTP][39m [37m-->[39m [37mGET[39m [37m/wd/hub/status[39m
[35m[HTTP][39m [90m{}[39m
[35m[HTTP][39m [37m<-- GET /wd/hub/status [39m[32m200[39m [90m1 ms - 68[39m
[35m[HTTP][39m [90m[39m
[35m[HTTP][39m [37m-->[39m [37mPOST[39m [37m/wd/hub/session/831faf5b-8f97-4e4e-974c-98327d1b4268/timeouts[39m
[35m[HTTP][39m [90m{"implicit":60000}[39m
[35m[HTTP][39m [37m<-- POST /wd/hub/session/831faf5b-8f97-4e4e-974c-98327d1b4268/timeouts [39m[32m200[39m [90m2 ms - 14[39m
[35m[HTTP][39m [90m[39m
[35m[HTTP][39m [37m-->[39m [37mGET[39m [37m/wd/hub/session/831faf5b-8f97-4e4e-974c-98327d1b4268/screenshot[39m
[35m[HTTP][39m [90m{}[39m
[35m[HTTP][39m [37m<-- GET /wd/hub/session/831faf5b-8f97-4e4e-974c-98327d1b4268/screenshot [39m[32m200[39m [90m726 ms - 126676[39m
[35m[HTTP][39m [90m[39m
[35m[HTTP][39m [37m-->[39m [37mGET[39m [37m/wd/hub/session/831faf5b-8f97-4e4e-974c-98327d1b4268/window/rect[39m
[35m[HTTP][39m [90m{}[39m
[35m[HTTP][39m [37m<-- GET /wd/hub/session/831faf5b-8f97-4e4e-974c-98327d1b4268/window/rect [39m[32m200[39m [90m41 ms - 49[39m
[35m[HTTP][39m [90m[39m
[35m[HTTP][39m [37m-->[39m [37mGET[39m [37m/wd/hub/session/831faf5b-8f97-4e4e-974c-98327d1b4268/appium/device/system_bars[39m
[35m[HTTP][39m [90m{}[39m
[35m[HTTP][39m [37m<-- GET /wd/hub/session/831faf5b-8f97-4e4e-974c-98327d1b4268/appium/device/system_bars [39m[32m200[39m [90m216 ms - 145[39m
[35m[HTTP][39m [90m[39m
[35m[HTTP][39m [37m-->[39m [37mPOST[39m [37m/wd/hub/session/831faf5b-8f97-4e4e-974c-98327d1b4268/appium/device/activate_app[39m
[35m[HTTP][39m [90m{"bundleId":"com.mirae.maxfund"}[39m
[35m[HTTP][39m [37m<-- POST /wd/hub/session/831faf5b-8f97-4e4e-974c-98327d1b4268/appium/device/activate_app [39m[32m200[39m [90m1231 ms - 14[39m
[35m[HTTP][39m [90m[39m
[35m[HTTP][39m [37m-->[39m [37mPOST[39m [37m/wd/hub/session/831faf5b-8f97-4e4e-974c-98327d1b4268/timeouts[39m
[35m[HTTP][39m [90m{"implicit":50}[39m
[35m[HTTP][39m [37m<-- POST /wd/hub/session/831faf5b-8f97-4e4e-974c-98327d1b4268/timeouts [39m[32m200[39m [90m1 ms - 14[39m
[35m[HTTP][39m [90m[39m
[35m[HTTP][39m [37m-->[39m [37mGET[39m [37m/wd/hub/session/831faf5b-8f97-4e4e-974c-98327d1b4268/window/rect[39m
[35m[HTTP][39m [90m{}[39m
[35m[HTTP][39m [37m<-- GET /wd/hub/session/831faf5b-8f97-4e4e-974c-98327d1b4268/window/rect [39m[32m200[39m [90m36 ms - 49[39m
[35m[HTTP][39m [90m[39m
[35m[HTTP][39m [37m-->[39m [37mPOST[39m [37m/wd/hub/session/831faf5b-8f97-4e4e-974c-98327d1b4268/elements[39m
[35m[HTTP][39m [90m{"using":"accessibility id","value":"Login"}[39m
[35m[HTTP][39m [37m<-- POST /wd/hub/session/831faf5b-8f97-4e4e-974c-98327d1b4268/elements [39m[32m200[39m [90m128 ms - 12[39m
[35m[HTTP][39m [90m[39m
[35m[HTTP][39m [37m-->[39m [37mPOST[39m [37m/wd/hub/session/831faf5b-8f97-4e4e-974c-98327d1b4268/elements[39m
[35m[HTTP][39m [90m{"using":"accessibility id","value":"Login"}[39m
[35m[HTTP][39m [37m<-- POST /wd/hub/session/831faf5b-8f97-4e4e-974c-98327d1b4268/elements [39m[32m200[39m [90m64 ms - 12[39m
[35m[HTTP][39m [90m[39m
[35m[HTTP][39m [37m-->[39m [37mPOST[39m [37m/wd/hub/session/831faf5b-8f97-4e4e-974c-98327d1b4268/elements[39m
[35m[HTTP][39m [90m{"using":"accessibility id","value":"Login"}[39m
[35m[HTTP][39m [37m<-- POST /wd/hub/session/831faf5b-8f97-4e4e-974c-98327d1b4268/elements [39m[32m200[39m [90m52 ms - 12[39m
[35m[HTTP][39m [90m[39m
[35m[HTTP][39m [37m-->[39m [37mPOST[39m [37m/wd/hub/session/831faf5b-8f97-4e4e-974c-98327d1b4268/elements[39m
[35m[HTTP][39m [90m{"using":"accessibility id","value":"Login"}[39m
[35m[HTTP][39m [37m<-- POST /wd/hub/session/831faf5b-8f97-4e4e-974c-98327d1b4268/elements [39m[32m200[39m [90m100 ms - 12[39m
[35m[HTTP][39m [90m[39m
[35m[HTTP][39m [37m-->[39m [37mPOST[39m [37m/wd/hub/session/831faf5b-8f97-4e4e-974c-98327d1b4268/elements[39m
[35m[HTTP][39m [90m{"using":"accessibility id","value":"Login"}[39m
[35m[HTTP][39m [37m<-- POST /wd/hub/session/831faf5b-8f97-4e4e-974c-98327d1b4268/elements [39m[32m200[39m [90m71 ms - 12[39m
[35m[HTTP][39m [90m[39m
[35m[HTTP][39m [37m-->[39m [37mPOST[39m [37m/wd/hub/session/831faf5b-8f97-4e4e-974c-98327d1b4268/elements[39m
[35m[HTTP][39m [90m{"using":"accessibility id","value":"Login"}[39m
[35m[HTTP][39m [37m<-- POST /wd/hub/session/831faf5b-8f97-4e4e-974c-98327d1b4268/elements [39m[32m200[39m [90m65 ms - 12[39m
[35m[HTTP][39m [90m[39m
[35m[HTTP][39m [37m-->[39m [37mPOST[39m [37m/wd/hub/session/831faf5b-8f97-4e4e-974c-98327d1b4268/elements[39m
[35m[HTTP][39m [90m{"using":"accessibility id","value":"Login"}[39m
[35m[HTTP][39m [37m<-- POST /wd/hub/session/831faf5b-8f97-4e4e-974c-98327d1b4268/elements [39m[32m200[39m [90m109 ms - 12[39m
[35m[HTTP][39m [90m[39m
[35m[HTTP][39m [37m-->[39m [37mPOST[39m [37m/wd/hub/session/831faf5b-8f97-4e4e-974c-98327d1b4268/elements[39m
[35m[HTTP][39m [90m{"using":"accessibility id","value":"Login"}[39m
[35m[HTTP][39m [37m<-- POST /wd/hub/session/831faf5b-8f97-4e4e-974c-98327d1b4268/elements [39m[32m200[39m [90m54 ms - 12[39m
[35m[HTTP][39m [90m[39m
[35m[HTTP][39m [37m-->[39m [37mPOST[39m [37m/wd/hub/session/831faf5b-8f97-4e4e-974c-98327d1b4268/elements[39m
[35m[HTTP][39m [90m{"using":"accessibility id","value":"Login"}[39m
[35m[HTTP][39m [37m<-- POST /wd/hub/session/831faf5b-8f97-4e4e-974c-98327d1b4268/elements [39m[32m200[39m [90m57 ms - 12[39m
[35m[HTTP][39m [90m[39m
[35m[HTTP][39m [37m-->[39m [37mPOST[39m [37m/wd/hub/session/831faf5b-8f97-4e4e-974c-98327d1b4268/elements[39m
[35m[HTTP][39m [90m{"using":"accessibility id","value":"Login"}[39m
[35m[HTTP][39m [37m<-- POST /wd/hub/session/831faf5b-8f97-4e4e-974c-98327d1b4268/elements [39m[32m200[39m [90m59 ms - 12[39m
[35m[HTTP][39m [90m[39m
[35m[HTTP][39m [37m-->[39m [37mPOST[39m [37m/wd/hub/session/831faf5b-8f97-4e4e-974c-98327d1b4268/elements[39m
[35m[HTTP][39m [90m{"using":"accessibility id","value":"Login"}[39m
[35m[HTTP][39m [37m<-- POST /wd/hub/session/831faf5b-8f97-4e4e-974c-98327d1b4268/elements [39m[32m200[39m [90m88 ms - 12[39m
[35m[HTTP][39m [90m[39m
[35m[HTTP][39m [37m-->[39m [37mPOST[39m [37m/wd/hub/session/831faf5b-8f97-4e4e-974c-98327d1b4268/elements[39m
[35m[HTTP][39m [90m{"using":"accessibility id","value":"Login"}[39m
[35m[HTTP][39m [37m<-- POST /wd/hub/session/831faf5b-8f97-4e4e-974c-98327d1b4268/elements [39m[32m200[39m [90m100 ms - 12[39m
[35m[HTTP][39m [90m[39m
[35m[HTTP][39m [37m-->[39m [37mPOST[39m [37m/wd/hub/session/831faf5b-8f97-4e4e-974c-98327d1b4268/elements[39m
[35m[HTTP][39m [90m{"using":"accessibility id","value":"Login"}[39m
[35m[HTTP][39m [37m<-- POST /wd/hub/session/831faf5b-8f97-4e4e-974c-98327d1b4268/elements [39m[32m200[39m [90m115 ms - 12[39m
[35m[HTTP][39m [90m[39m
[35m[HTTP][39m [37m-->[39m [37mPOST[39m [37m/wd/hub/session/831faf5b-8f97-4e4e-974c-98327d1b4268/elements[39m
[35m[HTTP][39m [90m{"using":"accessibility id","value":"Login"}[39m
[35m[HTTP][39m [37m<-- POST /wd/hub/session/831faf5b-8f97-4e4e-974c-98327d1b4268/elements [39m[32m200[39m [90m99 ms - 12[39m
[35m[HTTP][39m [90m[39m
[35m[HTTP][39m [37m-->[39m [37mPOST[39m [37m/wd/hub/session/831faf5b-8f97-4e4e-974c-98327d1b4268/elements[39m
[35m[HTTP][39m [90m{"using":"accessibility id","value":"Login"}[39m
[35m[HTTP][39m [37m<-- POST /wd/hub/session/831faf5b-8f97-4e4e-974c-98327d1b4268/elements [39m[32m200[39m [90m109 ms - 12[39m
[35m[HTTP][39m [90m[39m
[35m[HTTP][39m [37m-->[39m [37mPOST[39m [37m/wd/hub/session/831faf5b-8f97-4e4e-974c-98327d1b4268/elements[39m
[35m[HTTP][39m [90m{"using":"accessibility id","value":"Login"}[39m
[35m[HTTP][39m [37m<-- POST /wd/hub/session/831faf5b-8f97-4e4e-974c-98327d1b4268/elements [39m[32m200[39m [90m98 ms - 12[39m
[35m[HTTP][39m [90m[39m
[35m[HTTP][39m [37m-->[39m [37mPOST[39m [37m/wd/hub/session/831faf5b-8f97-4e4e-974c-98327d1b4268/elements[39m
[35m[HTTP][39m [90m{"using":"accessibility id","value":"Login"}[39m
[35m[HTTP][39m [37m<-- POST /wd/hub/session/831faf5b-8f97-4e4e-974c-98327d1b4268/elements [39m[32m200[39m [90m94 ms - 12[39m
[35m[HTTP][39m [90m[39m
[35m[HTTP][39m [37m-->[39m [37mPOST[39m [37m/wd/hub/session/831faf5b-8f97-4e4e-974c-98327d1b4268/elements[39m
[35m[HTTP][39m [90m{"using":"accessibility id","value":"Login"}[39m
[35m[HTTP][39m [37m<-- POST /wd/hub/session/831faf5b-8f97-4e4e-974c-98327d1b4268/elements [39m[32m200[39m [90m99 ms - 12[39m
[35m[HTTP][39m [90m[39m
[35m[HTTP][39m [37m-->[39m [37mPOST[39m [37m/wd/hub/session/831faf5b-8f97-4e4e-974c-98327d1b4268/elements[39m
[35m[HTTP][39m [90m{"using":"accessibility id","value":"Login"}[39m
[35m[HTTP][39m [37m<-- POST /wd/hub/session/831faf5b-8f97-4e4e-974c-98327d1b4268/elements [39m[32m200[39m [90m94 ms - 12[39m
[35m[HTTP][39m [90m[39m
[35m[HTTP][39m [37m-->[39m [37mPOST[39m [37m/wd/hub/session/831faf5b-8f97-4e4e-974c-98327d1b4268/elements[39m
[35m[HTTP][39m [90m{"using":"accessibility id","value":"Login"}[39m
[35m[HTTP][39m [37m<-- POST /wd/hub/session/831faf5b-8f97-4e4e-974c-98327d1b4268/elements [39m[32m200[39m [90m106 ms - 12[39m
[35m[HTTP][39m [90m[39m
[35m[HTTP][39m [37m-->[39m [37mPOST[39m [37m/wd/hub/session/831faf5b-8f97-4e4e-974c-98327d1b4268/timeouts[39m
[35m[HTTP][39m [90m{"implicit":60000}[39m
[35m[HTTP][39m [37m<-- POST /wd/hub/session/831faf5b-8f97-4e4e-974c-98327d1b4268/timeouts [39m[32m200[39m [90m1 ms - 14[39m
[35m[HTTP][39m [90m[39m
[35m[HTTP][39m [37m-->[39m [37mGET[39m [37m/wd/hub/session/831faf5b-8f97-4e4e-974c-98327d1b4268/context[39m
[35m[HTTP][39m [90m{}[39m
[35m[HTTP][39m [37m<-- GET /wd/hub/session/831faf5b-8f97-4e4e-974c-98327d1b4268/context [39m[32m200[39m [90m1 ms - 22[39m
[35m[HTTP][39m [90m[39m
[35m[HTTP][39m [37m-->[39m [37mGET[39m [37m/wd/hub/session/831faf5b-8f97-4e4e-974c-98327d1b4268/contexts[39m
[35m[HTTP][39m [90m{}[39m
[35m[HTTP][39m [37m<-- GET /wd/hub/session/831faf5b-8f97-4e4e-974c-98327d1b4268/contexts [39m[32m200[39m [90m183 ms - 24[39m
[35m[HTTP][39m [90m[39m
[35m[HTTP][39m [37m-->[39m [37mPOST[39m [37m/wd/hub/session/831faf5b-8f97-4e4e-974c-98327d1b4268/context[39m
[35m[HTTP][39m [90m{"name":"NATIVE_APP"}[39m
[35m[HTTP][39m [37m<-- POST /wd/hub/session/831faf5b-8f97-4e4e-974c-98327d1b4268/context [39m[32m200[39m [90m1 ms - 14[39m
[35m[HTTP][39m [90m[39m
[35m[HTTP][39m [37m-->[39m [37mGET[39m [37m/wd/hub/session/831faf5b-8f97-4e4e-974c-98327d1b4268/screenshot[39m
[35m[HTTP][39m [90m{}[39m
[35m[HTTP][39m [37m<-- GET /wd/hub/session/831faf5b-8f97-4e4e-974c-98327d1b4268/screenshot [39m[32m200[39m [90m832 ms - 249448[39m
[35m[HTTP][39m [90m[39m
[35m[HTTP][39m [37m-->[39m [37mPOST[39m [37m/wd/hub/session/831faf5b-8f97-4e4e-974c-98327d1b4268/context[39m
[35m[HTTP][39m [90m{"name":"NATIVE_APP"}[39m
[35m[HTTP][39m [37m<-- POST /wd/hub/session/831faf5b-8f97-4e4e-974c-98327d1b4268/context [39m[32m200[39m [90m1 ms - 14[39m
[35m[HTTP][39m [90m[39m
[35m[HTTP][39m [37m-->[39m [37mPOST[39m [37m/wd/hub/session/831faf5b-8f97-4e4e-974c-98327d1b4268/timeouts[39m
[35m[HTTP][39m [90m{"implicit":50}[39m
[35m[HTTP][39m [37m<-- POST /wd/hub/session/831faf5b-8f97-4e4e-974c-98327d1b4268/timeouts [39m[32m200[39m [90m3 ms - 14[39m
[35m[HTTP][39m [90m[39m
[35m[HTTP][39m [37m-->[39m [37mGET[39m [37m/wd/hub/session/831faf5b-8f97-4e4e-974c-98327d1b4268/window/rect[39m
[35m[HTTP][39m [90m{}[39m
[35m[HTTP][39m [37m<-- GET /wd/hub/session/831faf5b-8f97-4e4e-974c-98327d1b4268/window/rect [39m[32m200[39m [90m22 ms - 49[39m
[35m[HTTP][39m [90m[39m
[35m[HTTP][39m [37m-->[39m [37mPOST[39m [37m/wd/hub/session/831faf5b-8f97-4e4e-974c-98327d1b4268/elements[39m
[35m[HTTP][39m [90m{"using":"accessibility id","value":"Products"}[39m
[35m[HTTP][39m [37m<-- POST /wd/hub/session/831faf5b-8f97-4e4e-974c-98327d1b4268/elements [39m[32m200[39m [90m103 ms - 139[39m
[35m[HTTP][39m [90m[39m
[35m[HTTP][39m [37m-->[39m [37mGET[39m [37m/wd/hub/session/831faf5b-8f97-4e4e-974c-98327d1b4268/element/00000000-0000-04e8-0000-038e00000005/location[39m
[35m[HTTP][39m [90m{}[39m
[35m[W3C (831faf5b)][39m Driver proxy active, passing request on via HTTP proxy
[35m[WD Proxy][39m Replacing sessionId 7cbcc1bf-9c88-476f-a66f-cafbc86b065e with 831faf5b-8f97-4e4e-974c-98327d1b4268
[35m[HTTP][39m [37m<-- GET /wd/hub/session/831faf5b-8f97-4e4e-974c-98327d1b4268/element/00000000-0000-04e8-0000-038e00000005/location [39m[32m200[39m [90m28 ms - 77[39m
[35m[HTTP][39m [90m[39m
[35m[HTTP][39m [37m-->[39m [37mPOST[39m [37m/wd/hub/session/831faf5b-8f97-4e4e-974c-98327d1b4268/timeouts[39m
[35m[HTTP][39m [90m{"implicit":60000}[39m
[35m[HTTP][39m [37m<-- POST /wd/hub/session/831faf5b-8f97-4e4e-974c-98327d1b4268/timeouts [39m[32m200[39m [90m1 ms - 14[39m
[35m[HTTP][39m [90m[39m
[35m[HTTP][39m [37m-->[39m [37mPOST[39m [37m/wd/hub/session/831faf5b-8f97-4e4e-974c-98327d1b4268/touch/perform[39m
[35m[HTTP][39m [90m{"actions":[{"action":"tap","options":{"x":1,"y":1,"element":"00000000-0000-04e8-0000-038e00000005"}},{"action":"release","options":{}}]}[39m
[35m[UiAutomator2][39m calling get location: 00000000-0000-04e8-0000-038e00000005
[35m[HTTP][39m [37m<-- POST /wd/hub/session/831faf5b-8f97-4e4e-974c-98327d1b4268/touch/perform [39m[32m200[39m [90m254 ms - 14[39m
[35m[HTTP][39m [90m[39m
[35m[HTTP][39m [37m-->[39m [37mPOST[39m [37m/wd/hub/session/831faf5b-8f97-4e4e-974c-98327d1b4268/timeouts[39m
[35m[HTTP][39m [90m{"implicit":50}[39m
[35m[HTTP][39m [37m<-- POST /wd/hub/session/831faf5b-8f97-4e4e-974c-98327d1b4268/timeouts [39m[32m200[39m [90m1 ms - 14[39m
[35m[HTTP][39m [90m[39m
[35m[HTTP][39m [37m-->[39m [37mGET[39m [37m/wd/hub/session/831faf5b-8f97-4e4e-974c-98327d1b4268/window/rect[39m
[35m[HTTP][39m [90m{}[39m
[35m[HTTP][39m [37m<-- GET /wd/hub/session/831faf5b-8f97-4e4e-974c-98327d1b4268/window/rect [39m[32m200[39m [90m24 ms - 49[39m
[35m[HTTP][39m [90m[39m
[35m[HTTP][39m [37m-->[39m [37mPOST[39m [37m/wd/hub/session/831faf5b-8f97-4e4e-974c-98327d1b4268/elements[39m
[35m[HTTP][39m [90m{"using":"xpath","value":"//hierarchy/android.widget.FrameLayout[1]/android.widget.LinearLayout[1]/android.widget.FrameLayout[1]/android.widget.FrameLayout[1]/android.widget.FrameLayout[1]/android.widget.FrameLayout[1]/android.view.View[1]/android.view.View[1]/android.view.View[1]/android.view.View[1]/android.view.View[2]/android.view.View[1]/android.view.View[1]/android.view.View[1]/android.view.View[1]/android.view.View[1]/android.view.View[2]/android.widget.Button[1]"}[39m
[35m[HTTP][39m [37m<-- POST /wd/hub/session/831faf5b-8f97-4e4e-974c-98327d1b4268/elements [39m[32m200[39m [90m243 ms - 139[39m
[35m[HTTP][39m [90m[39m
[35m[HTTP][39m [37m-->[39m [37mGET[39m [37m/wd/hub/session/831faf5b-8f97-4e4e-974c-98327d1b4268/element/00000000-0000-04e8-0000-037100000005/location[39m
[35m[HTTP][39m [90m{}[39m
[35m[W3C (831faf5b)][39m Driver proxy active, passing request on via HTTP proxy
[35m[WD Proxy][39m Replacing sessionId 7cbcc1bf-9c88-476f-a66f-cafbc86b065e with 831faf5b-8f97-4e4e-974c-98327d1b4268
[35m[HTTP][39m [37m<-- GET /wd/hub/session/831faf5b-8f97-4e4e-974c-98327d1b4268/element/00000000-0000-04e8-0000-037100000005/location [39m[32m200[39m [90m25 ms - 78[39m
[35m[HTTP][39m [90m[39m
[35m[HTTP][39m [37m-->[39m [37mPOST[39m [37m/wd/hub/session/831faf5b-8f97-4e4e-974c-98327d1b4268/timeouts[39m
[35m[HTTP][39m [90m{"implicit":60000}[39m
[35m[HTTP][39m [37m<-- POST /wd/hub/session/831faf5b-8f97-4e4e-974c-98327d1b4268/timeouts [39m[32m200[39m [90m1 ms - 14[39m
[35m[HTTP][39m [90m[39m
[35m[HTTP][39m [37m-->[39m [37mPOST[39m [37m/wd/hub/session/831faf5b-8f97-4e4e-974c-98327d1b4268/touch/perform[39m
[35m[HTTP][39m [90m{"actions":[{"action":"tap","options":{"x":1,"y":1,"element":"00000000-0000-04e8-0000-037100000005"}},{"action":"release","options":{}}]}[39m
[35m[UiAutomator2][39m calling get location: 00000000-0000-04e8-0000-037100000005
[35m[HTTP][39m [37m<-- POST /wd/hub/session/831faf5b-8f97-4e4e-974c-98327d1b4268/touch/perform [39m[32m200[39m [90m1063 ms - 14[39m
[35m[HTTP][39m [90m[39m
[35m[HTTP][39m [37m-->[39m [37mPOST[39m [37m/wd/hub/session/831faf5b-8f97-4e4e-974c-98327d1b4268/timeouts[39m
[35m[HTTP][39m [90m{"implicit":50}[39m
[35m[HTTP][39m [37m<-- POST /wd/hub/session/831faf5b-8f97-4e4e-974c-98327d1b4268/timeouts [39m[32m200[39m [90m1 ms - 14[39m
[35m[HTTP][39m [90m[39m
[35m[HTTP][39m [37m-->[39m [37mGET[39m [37m/wd/hub/session/831faf5b-8f97-4e4e-974c-98327d1b4268/window/rect[39m
[35m[HTTP][39m [90m{}[39m
[35m[HTTP][39m [37m<-- GET /wd/hub/session/831faf5b-8f97-4e4e-974c-98327d1b4268/window/rect [39m[32m200[39m [90m32 ms - 49[39m
[35m[HTTP][39m [90m[39m
[35m[HTTP][39m [37m-->[39m [37mPOST[39m [37m/wd/hub/session/831faf5b-8f97-4e4e-974c-98327d1b4268/elements[39m
[35m[HTTP][39m [90m{"using":"xpath","value":"//hierarchy/android.widget.FrameLayout[1]/android.widget.LinearLayout[1]/android.widget.FrameLayout[1]/android.widget.FrameLayout[1]/android.widget.FrameLayout[1]/android.widget.FrameLayout[1]/android.view.View[1]/android.view.View[1]/android.view.View[1]/android.view.View[1]/android.view.View[2]/android.view.View[1]/android.view.View[1]/android.view.View[1]"}[39m
[35m[HTTP][39m [37m<-- POST /wd/hub/session/831faf5b-8f97-4e4e-974c-98327d1b4268/elements [39m[32m200[39m [90m131 ms - 139[39m
[35m[HTTP][39m [90m[39m
[35m[HTTP][39m [37m-->[39m [37mGET[39m [37m/wd/hub/session/831faf5b-8f97-4e4e-974c-98327d1b4268/element/00000000-0000-04e8-0000-039900000005/location[39m
[35m[HTTP][39m [90m{}[39m
[35m[W3C (831faf5b)][39m Driver proxy active, passing request on via HTTP proxy
[35m[WD Proxy][39m Replacing sessionId 7cbcc1bf-9c88-476f-a66f-cafbc86b065e with 831faf5b-8f97-4e4e-974c-98327d1b4268
[35m[HTTP][39m [37m<-- GET /wd/hub/session/831faf5b-8f97-4e4e-974c-98327d1b4268/element/00000000-0000-04e8-0000-039900000005/location [39m[32m200[39m [90m23 ms - 77[39m
[35m[HTTP][39m [90m[39m
[35m[HTTP][39m [37m-->[39m [37mPOST[39m [37m/wd/hub/session/831faf5b-8f97-4e4e-974c-98327d1b4268/timeouts[39m
[35m[HTTP][39m [90m{"implicit":60000}[39m
[35m[HTTP][39m [37m<-- POST /wd/hub/session/831faf5b-8f97-4e4e-974c-98327d1b4268/timeouts [39m[32m200[39m [90m1 ms - 14[39m
[35m[HTTP][39m [90m[39m
[35m[HTTP][39m [37m-->[39m [37mPOST[39m [37m/wd/hub/session/831faf5b-8f97-4e4e-974c-98327d1b4268/touch/perform[39m
[35m[HTTP][39m [90m{"actions":[{"action":"tap","options":{"x":1,"y":1,"element":"00000000-0000-04e8-0000-039900000005"}},{"action":"release","options":{}}]}[39m
[35m[UiAutomator2][39m calling get location: 00000000-0000-04e8-0000-039900000005
[35m[HTTP][39m [37m<-- POST /wd/hub/session/831faf5b-8f97-4e4e-974c-98327d1b4268/touch/perform [39m[32m200[39m [90m787 ms - 14[39m
[35m[HTTP][39m [90m[39m
[35m[HTTP][39m [37m-->[39m [37mGET[39m [37m/wd/hub/session/831faf5b-8f97-4e4e-974c-98327d1b4268/window/rect[39m
[35m[HTTP][39m [90m{}[39m
[35m[HTTP][39m [37m<-- GET /wd/hub/session/831faf5b-8f97-4e4e-974c-98327d1b4268/window/rect [39m[32m200[39m [90m33 ms - 49[39m
[35m[HTTP][39m [90m[39m
[35m[HTTP][39m [37m-->[39m [37mPOST[39m [37m/wd/hub/session/831faf5b-8f97-4e4e-974c-98327d1b4268/elements[39m
[35m[HTTP][39m [90m{"using":"xpath","value":"//hierarchy/android.widget.FrameLayout[1]/android.widget.LinearLayout[1]/android.widget.FrameLayout[1]/android.widget.FrameLayout[1]/android.widget.FrameLayout[1]/android.widget.FrameLayout[1]/android.view.View[1]/android.view.View[1]/android.view.View[1]/android.view.View[1]/android.view.View[2]/android.view.View[1]/android.widget.CheckBox[1]"}[39m
[35m[HTTP][39m [37m<-- POST /wd/hub/session/831faf5b-8f97-4e4e-974c-98327d1b4268/elements [39m[32m200[39m [90m109 ms - 139[39m
[35m[HTTP][39m [90m[39m
[35m[HTTP][39m [37m-->[39m [37mGET[39m [37m/wd/hub/session/831faf5b-8f97-4e4e-974c-98327d1b4268/element/00000000-0000-04e8-0000-039e00000005/location[39m
[35m[HTTP][39m [90m{}[39m
[35m[W3C (831faf5b)][39m Driver proxy active, passing request on via HTTP proxy
[35m[WD Proxy][39m Replacing sessionId 7cbcc1bf-9c88-476f-a66f-cafbc86b065e with 831faf5b-8f97-4e4e-974c-98327d1b4268
[35m[HTTP][39m [37m<-- GET /wd/hub/session/831faf5b-8f97-4e4e-974c-98327d1b4268/element/00000000-0000-04e8-0000-039e00000005/location [39m[32m200[39m [90m28 ms - 77[39m
[35m[HTTP][39m [90m[39m
[35m[HTTP][39m [37m-->[39m [37mGET[39m [37m/wd/hub/session/831faf5b-8f97-4e4e-974c-98327d1b4268/element/00000000-0000-04e8-0000-039e00000005/location[39m
[35m[HTTP][39m [90m{}[39m
[35m[W3C (831faf5b)][39m Driver proxy active, passing request on via HTTP proxy
[35m[WD Proxy][39m Replacing sessionId 7cbcc1bf-9c88-476f-a66f-cafbc86b065e with 831faf5b-8f97-4e4e-974c-98327d1b4268
[35m[HTTP][39m [37m<-- GET /wd/hub/session/831faf5b-8f97-4e4e-974c-98327d1b4268/element/00000000-0000-04e8-0000-039e00000005/location [39m[32m200[39m [90m27 ms - 77[39m
[35m[HTTP][39m [90m[39m
[35m[HTTP][39m [37m-->[39m [37mGET[39m [37m/wd/hub/session/831faf5b-8f97-4e4e-974c-98327d1b4268/window/rect[39m
[35m[HTTP][39m [90m{}[39m
[35m[HTTP][39m [37m<-- GET /wd/hub/session/831faf5b-8f97-4e4e-974c-98327d1b4268/window/rect [39m[32m200[39m [90m16 ms - 49[39m
[35m[HTTP][39m [90m[39m
[35m[HTTP][39m [37m-->[39m [37mPOST[39m [37m/wd/hub/session/831faf5b-8f97-4e4e-974c-98327d1b4268/elements[39m
[35m[HTTP][39m [90m{"using":"xpath","value":"//hierarchy/android.widget.FrameLayout[1]/android.widget.LinearLayout[1]/android.widget.FrameLayout[1]/android.widget.FrameLayout[1]/android.widget.FrameLayout[1]/android.widget.FrameLayout[1]/android.view.View[1]/android.view.View[1]/android.view.View[1]/android.view.View[1]/android.view.View[2]/android.view.View[1]/android.widget.CheckBox[1]"}[39m
[35m[HTTP][39m [37m<-- POST /wd/hub/session/831faf5b-8f97-4e4e-974c-98327d1b4268/elements [39m[32m200[39m [90m75 ms - 139[39m
[35m[HTTP][39m [90m[39m
[35m[HTTP][39m [37m-->[39m [37mGET[39m [37m/wd/hub/session/831faf5b-8f97-4e4e-974c-98327d1b4268/element/00000000-0000-04e8-0000-039e00000005/location[39m
[35m[HTTP][39m [90m{}[39m
[35m[W3C (831faf5b)][39m Driver proxy active, passing request on via HTTP proxy
[35m[WD Proxy][39m Replacing sessionId 7cbcc1bf-9c88-476f-a66f-cafbc86b065e with 831faf5b-8f97-4e4e-974c-98327d1b4268
[35m[HTTP][39m [37m<-- GET /wd/hub/session/831faf5b-8f97-4e4e-974c-98327d1b4268/element/00000000-0000-04e8-0000-039e00000005/location [39m[32m200[39m [90m21 ms - 77[39m
[35m[HTTP][39m [90m[39m
[35m[HTTP][39m [37m-->[39m [37mGET[39m [37m/wd/hub/session/831faf5b-8f97-4e4e-974c-98327d1b4268/element/00000000-0000-04e8-0000-039e00000005/location[39m
[35m[HTTP][39m [90m{}[39m
[35m[W3C (831faf5b)][39m Driver proxy active, passing request on via HTTP proxy
[35m[WD Proxy][39m Replacing sessionId 7cbcc1bf-9c88-476f-a66f-cafbc86b065e with 831faf5b-8f97-4e4e-974c-98327d1b4268
[35m[HTTP][39m [37m<-- GET /wd/hub/session/831faf5b-8f97-4e4e-974c-98327d1b4268/element/00000000-0000-04e8-0000-039e00000005/location [39m[32m200[39m [90m22 ms - 77[39m
[35m[HTTP][39m [90m[39m
[35m[HTTP][39m [37m-->[39m [37mGET[39m [37m/wd/hub/session/831faf5b-8f97-4e4e-974c-98327d1b4268/window/rect[39m
[35m[HTTP][39m [90m{}[39m
[35m[HTTP][39m [37m<-- GET /wd/hub/session/831faf5b-8f97-4e4e-974c-98327d1b4268/window/rect [39m[32m200[39m [90m19 ms - 49[39m
[35m[HTTP][39m [90m[39m
[35m[HTTP][39m [37m-->[39m [37mPOST[39m [37m/wd/hub/session/831faf5b-8f97-4e4e-974c-98327d1b4268/elements[39m
[35m[HTTP][39m [90m{"using":"xpath","value":"//hierarchy/android.widget.FrameLayout[1]/android.widget.LinearLayout[1]/android.widget.FrameLayout[1]/android.widget.FrameLayout[1]/android.widget.FrameLayout[1]/android.widget.FrameLayout[1]/android.view.View[1]/android.view.View[1]/android.view.View[1]/android.view.View[1]/android.view.View[2]/android.view.View[1]/android.widget.CheckBox[1]"}[39m
[35m[HTTP][39m [37m<-- POST /wd/hub/session/831faf5b-8f97-4e4e-974c-98327d1b4268/elements [39m[32m200[39m [90m95 ms - 139[39m
[35m[HTTP][39m [90m[39m
[35m[HTTP][39m [37m-->[39m [37mGET[39m [37m/wd/hub/session/831faf5b-8f97-4e4e-974c-98327d1b4268/element/00000000-0000-04e8-0000-039e00000005/location[39m
[35m[HTTP][39m [90m{}[39m
[35m[W3C (831faf5b)][39m Driver proxy active, passing request on via HTTP proxy
[35m[WD Proxy][39m Replacing sessionId 7cbcc1bf-9c88-476f-a66f-cafbc86b065e with 831faf5b-8f97-4e4e-974c-98327d1b4268
[35m[HTTP][39m [37m<-- GET /wd/hub/session/831faf5b-8f97-4e4e-974c-98327d1b4268/element/00000000-0000-04e8-0000-039e00000005/location [39m[32m200[39m [90m457 ms - 77[39m
[35m[HTTP][39m [90m[39m
[35m[HTTP][39m [37m-->[39m [37mGET[39m [37m/wd/hub/session/831faf5b-8f97-4e4e-974c-98327d1b4268/element/00000000-0000-04e8-0000-039e00000005/size[39m
[35m[HTTP][39m [90m{}[39m
[35m[W3C (831faf5b)][39m Driver proxy active, passing request on via HTTP proxy
[35m[WD Proxy][39m Replacing sessionId 7cbcc1bf-9c88-476f-a66f-cafbc86b065e with 831faf5b-8f97-4e4e-974c-98327d1b4268
[35m[HTTP][39m [37m<-- GET /wd/hub/session/831faf5b-8f97-4e4e-974c-98327d1b4268/element/00000000-0000-04e8-0000-039e00000005/size [39m[32m200[39m [90m46 ms - 87[39m
[35m[HTTP][39m [90m[39m
[35m[HTTP][39m [37m-->[39m [37mGET[39m [37m/wd/hub/session/831faf5b-8f97-4e4e-974c-98327d1b4268/context[39m
[35m[HTTP][39m [90m{}[39m
[35m[HTTP][39m [37m<-- GET /wd/hub/session/831faf5b-8f97-4e4e-974c-98327d1b4268/context [39m[32m200[39m [90m1 ms - 22[39m
[35m[HTTP][39m [90m[39m
[35m[HTTP][39m [37m-->[39m [37mGET[39m [37m/wd/hub/session/831faf5b-8f97-4e4e-974c-98327d1b4268/contexts[39m
[35m[HTTP][39m [90m{}[39m
[35m[HTTP][39m [37m<-- GET /wd/hub/session/831faf5b-8f97-4e4e-974c-98327d1b4268/contexts [39m[32m200[39m [90m171 ms - 24[39m
[35m[HTTP][39m [90m[39m
[35m[HTTP][39m [37m-->[39m [37mPOST[39m [37m/wd/hub/session/831faf5b-8f97-4e4e-974c-98327d1b4268/context[39m
[35m[HTTP][39m [90m{"name":"NATIVE_APP"}[39m
[35m[HTTP][39m [37m<-- POST /wd/hub/session/831faf5b-8f97-4e4e-974c-98327d1b4268/context [39m[32m200[39m [90m1 ms - 14[39m
[35m[HTTP][39m [90m[39m
[35m[HTTP][39m [37m-->[39m [37mGET[39m [37m/wd/hub/session/831faf5b-8f97-4e4e-974c-98327d1b4268/window/rect[39m
[35m[HTTP][39m [90m{}[39m
[35m[HTTP][39m [37m<-- GET /wd/hub/session/831faf5b-8f97-4e4e-974c-98327d1b4268/window/rect [39m[32m200[39m [90m18 ms - 49[39m
[35m[HTTP][39m [90m[39m
[35m[HTTP][39m [37m-->[39m [37mPOST[39m [37m/wd/hub/session/831faf5b-8f97-4e4e-974c-98327d1b4268/context[39m
[35m[HTTP][39m [90m{"name":"NATIVE_APP"}[39m
[35m[HTTP][39m [37m<-- POST /wd/hub/session/831faf5b-8f97-4e4e-974c-98327d1b4268/context [39m[32m200[39m [90m1 ms - 14[39m
[35m[HTTP][39m [90m[39m
[35m[HTTP][39m [37m-->[39m [37mPOST[39m [37m/wd/hub/session/831faf5b-8f97-4e4e-974c-98327d1b4268/touch/perform[39m
[35m[HTTP][39m [90m{"actions":[{"action":"tap","options":{"x":61,"y":1312}},{"action":"wait","options":{"ms":50}}]}[39m
[35m[HTTP][39m [37m<-- POST /wd/hub/session/831faf5b-8f97-4e4e-974c-98327d1b4268/touch/perform [39m[32m200[39m [90m869 ms - 14[39m
[35m[HTTP][39m [90m[39m
[35m[HTTP][39m [37m-->[39m [37mGET[39m [37m/wd/hub/session/831faf5b-8f97-4e4e-974c-98327d1b4268/context[39m
[35m[HTTP][39m [90m{}[39m
[35m[HTTP][39m [37m<-- GET /wd/hub/session/831faf5b-8f97-4e4e-974c-98327d1b4268/context [39m[32m200[39m [90m1 ms - 22[39m
[35m[HTTP][39m [90m[39m
[35m[HTTP][39m [37m-->[39m [37mGET[39m [37m/wd/hub/session/831faf5b-8f97-4e4e-974c-98327d1b4268/contexts[39m
[35m[HTTP][39m [90m{}[39m
[35m[HTTP][39m [37m<-- GET /wd/hub/session/831faf5b-8f97-4e4e-974c-98327d1b4268/contexts [39m[32m200[39m [90m167 ms - 24[39m
[35m[HTTP][39m [90m[39m
[35m[HTTP][39m [37m-->[39m [37mPOST[39m [37m/wd/hub/session/831faf5b-8f97-4e4e-974c-98327d1b4268/context[39m
[35m[HTTP][39m [90m{"name":"NATIVE_APP"}[39m
[35m[HTTP][39m [37m<-- POST /wd/hub/session/831faf5b-8f97-4e4e-974c-98327d1b4268/context [39m[32m200[39m [90m1 ms - 14[39m
[35m[HTTP][39m [90m[39m
[35m[HTTP][39m [37m-->[39m [37mGET[39m [37m/wd/hub/session/831faf5b-8f97-4e4e-974c-98327d1b4268/window/rect[39m
[35m[HTTP][39m [90m{}[39m
[35m[HTTP][39m [37m<-- GET /wd/hub/session/831faf5b-8f97-4e4e-974c-98327d1b4268/window/rect [39m[32m200[39m [90m37 ms - 49[39m
[35m[HTTP][39m [90m[39m
[35m[HTTP][39m [37m-->[39m [37mPOST[39m [37m/wd/hub/session/831faf5b-8f97-4e4e-974c-98327d1b4268/context[39m
[35m[HTTP][39m [90m{"name":"NATIVE_APP"}[39m
[35m[HTTP][39m [37m<-- POST /wd/hub/session/831faf5b-8f97-4e4e-974c-98327d1b4268/context [39m[32m200[39m [90m1 ms - 14[39m
[35m[HTTP][39m [90m[39m
[35m[HTTP][39m [37m-->[39m [37mGET[39m [37m/wd/hub/session/831faf5b-8f97-4e4e-974c-98327d1b4268/context[39m
[35m[HTTP][39m [90m{}[39m
[35m[HTTP][39m [37m<-- GET /wd/hub/session/831faf5b-8f97-4e4e-974c-98327d1b4268/context [39m[32m200[39m [90m1 ms - 22[39m
[35m[HTTP][39m [90m[39m
[35m[HTTP][39m [37m-->[39m [37mGET[39m [37m/wd/hub/session/831faf5b-8f97-4e4e-974c-98327d1b4268/contexts[39m
[35m[HTTP][39m [90m{}[39m
[35m[HTTP][39m [37m<-- GET /wd/hub/session/831faf5b-8f97-4e4e-974c-98327d1b4268/contexts [39m[32m200[39m [90m150 ms - 24[39m
[35m[HTTP][39m [90m[39m
[35m[HTTP][39m [37m-->[39m [37mPOST[39m [37m/wd/hub/session/831faf5b-8f97-4e4e-974c-98327d1b4268/context[39m
[35m[HTTP][39m [90m{"name":"NATIVE_APP"}[39m
[35m[HTTP][39m [37m<-- POST /wd/hub/session/831faf5b-8f97-4e4e-974c-98327d1b4268/context [39m[32m200[39m [90m1 ms - 14[39m
[35m[HTTP][39m [90m[39m
[35m[HTTP][39m [37m-->[39m [37mGET[39m [37m/wd/hub/session/831faf5b-8f97-4e4e-974c-98327d1b4268/window/rect[39m
[35m[HTTP][39m [90m{}[39m
[35m[HTTP][39m [37m<-- GET /wd/hub/session/831faf5b-8f97-4e4e-974c-98327d1b4268/window/rect [39m[32m200[39m [90m24 ms - 49[39m
[35m[HTTP][39m [90m[39m
[35m[HTTP][39m [37m-->[39m [37mPOST[39m [37m/wd/hub/session/831faf5b-8f97-4e4e-974c-98327d1b4268/context[39m
[35m[HTTP][39m [90m{"name":"NATIVE_APP"}[39m
[35m[HTTP][39m [37m<-- POST /wd/hub/session/831faf5b-8f97-4e4e-974c-98327d1b4268/context [39m[32m200[39m [90m1 ms - 14[39m
[35m[HTTP][39m [90m[39m
[35m[HTTP][39m [37m-->[39m [37mGET[39m [37m/wd/hub/session/831faf5b-8f97-4e4e-974c-98327d1b4268/context[39m
[35m[HTTP][39m [90m{}[39m
[35m[HTTP][39m [37m<-- GET /wd/hub/session/831faf5b-8f97-4e4e-974c-98327d1b4268/context [39m[32m200[39m [90m1 ms - 22[39m
[35m[HTTP][39m [90m[39m
[35m[HTTP][39m [37m-->[39m [37mGET[39m [37m/wd/hub/session/831faf5b-8f97-4e4e-974c-98327d1b4268/contexts[39m
[35m[HTTP][39m [90m{}[39m
[35m[HTTP][39m [37m<-- GET /wd/hub/session/831faf5b-8f97-4e4e-974c-98327d1b4268/contexts [39m[32m200[39m [90m150 ms - 24[39m
[35m[HTTP][39m [90m[39m
[35m[HTTP][39m [37m-->[39m [37mPOST[39m [37m/wd/hub/session/831faf5b-8f97-4e4e-974c-98327d1b4268/context[39m
[35m[HTTP][39m [90m{"name":"NATIVE_APP"}[39m
[35m[HTTP][39m [37m<-- POST /wd/hub/session/831faf5b-8f97-4e4e-974c-98327d1b4268/context [39m[32m200[39m [90m1 ms - 14[39m
[35m[HTTP][39m [90m[39m
[35m[HTTP][39m [37m-->[39m [37mPOST[39m [37m/wd/hub/session/831faf5b-8f97-4e4e-974c-98327d1b4268/touch/perform[39m
[35m[HTTP][39m [90m{"actions":[{"action":"press","options":{"x":360,"y":1138}},{"action":"wait","options":{"ms":500}},{"action":"moveTo","options":{"x":360,"y":284}},{"action":"release","options":{}}]}[39m
[35m[HTTP][39m [37m<-- POST /wd/hub/session/831faf5b-8f97-4e4e-974c-98327d1b4268/touch/perform [39m[32m200[39m [90m1008 ms - 14[39m
[35m[HTTP][39m [90m[39m
[35m[HTTP][39m [37m-->[39m [37mPOST[39m [37m/wd/hub/session/831faf5b-8f97-4e4e-974c-98327d1b4268/context[39m
[35m[HTTP][39m [90m{"name":"NATIVE_APP"}[39m
[35m[HTTP][39m [37m<-- POST /wd/hub/session/831faf5b-8f97-4e4e-974c-98327d1b4268/context [39m[32m200[39m [90m1 ms - 14[39m
[35m[HTTP][39m [90m[39m
[35m[HTTP][39m [37m-->[39m [37mPOST[39m [37m/wd/hub/session/831faf5b-8f97-4e4e-974c-98327d1b4268/timeouts[39m
[35m[HTTP][39m [90m{"implicit":50}[39m
[35m[HTTP][39m [37m<-- POST /wd/hub/session/831faf5b-8f97-4e4e-974c-98327d1b4268/timeouts [39m[32m200[39m [90m1 ms - 14[39m
[35m[HTTP][39m [90m[39m
[35m[HTTP][39m [37m-->[39m [37mGET[39m [37m/wd/hub/session/831faf5b-8f97-4e4e-974c-98327d1b4268/window/rect[39m
[35m[HTTP][39m [90m{}[39m
[35m[HTTP][39m [37m<-- GET /wd/hub/session/831faf5b-8f97-4e4e-974c-98327d1b4268/window/rect [39m[32m200[39m [90m12 ms - 49[39m
[35m[HTTP][39m [90m[39m
[35m[HTTP][39m [37m-->[39m [37mPOST[39m [37m/wd/hub/session/831faf5b-8f97-4e4e-974c-98327d1b4268/elements[39m
[35m[HTTP][39m [90m{"using":"xpath","value":"//hierarchy/android.widget.FrameLayout[1]/android.widget.LinearLayout[1]/android.widget.FrameLayout[1]/android.widget.FrameLayout[1]/android.widget.FrameLayout[1]/android.widget.FrameLayout[1]/android.view.View[1]/android.view.View[1]/android.view.View[1]/android.view.View[1]/android.view.View[2]/android.view.View[1]/android.view.View[4]/android.widget.Button[2]"}[39m
[35m[HTTP][39m [37m<-- POST /wd/hub/session/831faf5b-8f97-4e4e-974c-98327d1b4268/elements [39m[32m200[39m [90m64 ms - 139[39m
[35m[HTTP][39m [90m[39m
[35m[HTTP][39m [37m-->[39m [37mGET[39m [37m/wd/hub/session/831faf5b-8f97-4e4e-974c-98327d1b4268/element/00000000-0000-04e8-0000-03a300000005/location[39m
[35m[HTTP][39m [90m{}[39m
[35m[W3C (831faf5b)][39m Driver proxy active, passing request on via HTTP proxy
[35m[WD Proxy][39m Replacing sessionId 7cbcc1bf-9c88-476f-a66f-cafbc86b065e with 831faf5b-8f97-4e4e-974c-98327d1b4268
[35m[HTTP][39m [37m<-- GET /wd/hub/session/831faf5b-8f97-4e4e-974c-98327d1b4268/element/00000000-0000-04e8-0000-03a300000005/location [39m[32m200[39m [90m17 ms - 79[39m
[35m[HTTP][39m [90m[39m
[35m[HTTP][39m [37m-->[39m [37mPOST[39m [37m/wd/hub/session/831faf5b-8f97-4e4e-974c-98327d1b4268/timeouts[39m
[35m[HTTP][39m [90m{"implicit":60000}[39m
[35m[HTTP][39m [37m<-- POST /wd/hub/session/831faf5b-8f97-4e4e-974c-98327d1b4268/timeouts [39m[32m200[39m [90m1 ms - 14[39m
[35m[HTTP][39m [90m[39m
[35m[HTTP][39m [37m-->[39m [37mPOST[39m [37m/wd/hub/session/831faf5b-8f97-4e4e-974c-98327d1b4268/touch/perform[39m
[35m[HTTP][39m [90m{"actions":[{"action":"tap","options":{"x":1,"y":1,"element":"00000000-0000-04e8-0000-03a300000005"}},{"action":"release","options":{}}]}[39m
[35m[UiAutomator2][39m calling get location: 00000000-0000-04e8-0000-03a300000005
[35m[HTTP][39m [37m<-- POST /wd/hub/session/831faf5b-8f97-4e4e-974c-98327d1b4268/touch/perform [39m[32m200[39m [90m764 ms - 14[39m
[35m[HTTP][39m [90m[39m
[35m[HTTP][39m [37m-->[39m [37mPOST[39m [37m/wd/hub/session/831faf5b-8f97-4e4e-974c-98327d1b4268/timeouts[39m
[35m[HTTP][39m [90m{"implicit":50}[39m
[35m[HTTP][39m [37m<-- POST /wd/hub/session/831faf5b-8f97-4e4e-974c-98327d1b4268/timeouts [39m[32m200[39m [90m1 ms - 14[39m
[35m[HTTP][39m [90m[39m
[35m[HTTP][39m [37m-->[39m [37mGET[39m [37m/wd/hub/session/831faf5b-8f97-4e4e-974c-98327d1b4268/window/rect[39m
[35m[HTTP][39m [90m{}[39m
[35m[HTTP][39m [37m<-- GET /wd/hub/session/831faf5b-8f97-4e4e-974c-98327d1b4268/window/rect [39m[32m200[39m [90m46 ms - 49[39m
[35m[HTTP][39m [90m[39m
[35m[HTTP][39m [37m-->[39m [37mPOST[39m [37m/wd/hub/session/831faf5b-8f97-4e4e-974c-98327d1b4268/elements[39m
[35m[HTTP][39m [90m{"using":"xpath","value":"//hierarchy/android.widget.FrameLayout[1]/android.widget.LinearLayout[1]/android.widget.FrameLayout[1]/android.widget.FrameLayout[1]/android.widget.FrameLayout[1]/android.widget.FrameLayout[1]/android.view.View[1]/android.view.View[1]/android.view.View[1]/android.view.View[1]/android.widget.Button[1]"}[39m
[35m[HTTP][39m [37m<-- POST /wd/hub/session/831faf5b-8f97-4e4e-974c-98327d1b4268/elements [39m[32m200[39m [90m557 ms - 139[39m
[35m[HTTP][39m [90m[39m
[35m[HTTP][39m [37m-->[39m [37mGET[39m [37m/wd/hub/session/831faf5b-8f97-4e4e-974c-98327d1b4268/element/00000000-0000-04e8-0000-03b000000005/location[39m
[35m[HTTP][39m [90m{}[39m
[35m[W3C (831faf5b)][39m Driver proxy active, passing request on via HTTP proxy
[35m[WD Proxy][39m Replacing sessionId 7cbcc1bf-9c88-476f-a66f-cafbc86b065e with 831faf5b-8f97-4e4e-974c-98327d1b4268
[35m[HTTP][39m [37m<-- GET /wd/hub/session/831faf5b-8f97-4e4e-974c-98327d1b4268/element/00000000-0000-04e8-0000-03b000000005/location [39m[32m200[39m [90m24 ms - 78[39m
[35m[HTTP][39m [90m[39m
[35m[HTTP][39m [37m-->[39m [37mPOST[39m [37m/wd/hub/session/831faf5b-8f97-4e4e-974c-98327d1b4268/timeouts[39m
[35m[HTTP][39m [90m{"implicit":60000}[39m
[35m[HTTP][39m [37m<-- POST /wd/hub/session/831faf5b-8f97-4e4e-974c-98327d1b4268/timeouts [39m[32m200[39m [90m1 ms - 14[39m
[35m[HTTP][39m [90m[39m
[35m[HTTP][39m [37m-->[39m [37mPOST[39m [37m/wd/hub/session/831faf5b-8f97-4e4e-974c-98327d1b4268/touch/perform[39m
[35m[HTTP][39m [90m{"actions":[{"action":"tap","options":{"x":1,"y":1,"element":"00000000-0000-04e8-0000-03b000000005"}},{"action":"release","options":{}}]}[39m
[35m[UiAutomator2][39m calling get location: 00000000-0000-04e8-0000-03b000000005
[35m[HTTP][39m [37m<-- POST /wd/hub/session/831faf5b-8f97-4e4e-974c-98327d1b4268/touch/perform [39m[32m200[39m [90m201 ms - 14[39m
[35m[HTTP][39m [90m[39m
[35m[HTTP][39m [37m-->[39m [37mGET[39m [37m/wd/hub/session/831faf5b-8f97-4e4e-974c-98327d1b4268/context[39m
[35m[HTTP][39m [90m{}[39m
[35m[HTTP][39m [37m<-- GET /wd/hub/session/831faf5b-8f97-4e4e-974c-98327d1b4268/context [39m[32m200[39m [90m1 ms - 22[39m
[35m[HTTP][39m [90m[39m
[35m[HTTP][39m [37m-->[39m [37mGET[39m [37m/wd/hub/session/831faf5b-8f97-4e4e-974c-98327d1b4268/contexts[39m
[35m[HTTP][39m [90m{}[39m
[35m[HTTP][39m [37m<-- GET /wd/hub/session/831faf5b-8f97-4e4e-974c-98327d1b4268/contexts [39m[32m200[39m [90m195 ms - 24[39m
[35m[HTTP][39m [90m[39m
[35m[HTTP][39m [37m-->[39m [37mPOST[39m [37m/wd/hub/session/831faf5b-8f97-4e4e-974c-98327d1b4268/context[39m
[35m[HTTP][39m [90m{"name":"NATIVE_APP"}[39m
[35m[HTTP][39m [37m<-- POST /wd/hub/session/831faf5b-8f97-4e4e-974c-98327d1b4268/context [39m[32m200[39m [90m1 ms - 14[39m
[35m[HTTP][39m [90m[39m
[35m[HTTP][39m [37m-->[39m [37mPOST[39m [37m/wd/hub/session/831faf5b-8f97-4e4e-974c-98327d1b4268/appium/device/press_keycode[39m
[35m[HTTP][39m [90m{"keycode":4}[39m
[35m[HTTP][39m [37m<-- POST /wd/hub/session/831faf5b-8f97-4e4e-974c-98327d1b4268/appium/device/press_keycode [39m[32m200[39m [90m742 ms - 14[39m
[35m[HTTP][39m [90m[39m
[35m[HTTP][39m [37m-->[39m [37mPOST[39m [37m/wd/hub/session/831faf5b-8f97-4e4e-974c-98327d1b4268/context[39m
[35m[HTTP][39m [90m{"name":"NATIVE_APP"}[39m
[35m[HTTP][39m [37m<-- POST /wd/hub/session/831faf5b-8f97-4e4e-974c-98327d1b4268/context [39m[32m200[39m [90m1 ms - 14[39m
[35m[HTTP][39m [90m[39m
[35m[HTTP][39m [37m-->[39m [37mPOST[39m [37m/wd/hub/session/831faf5b-8f97-4e4e-974c-98327d1b4268/timeouts[39m
[35m[HTTP][39m [90m{"implicit":50}[39m
[35m[HTTP][39m [37m<-- POST /wd/hub/session/831faf5b-8f97-4e4e-974c-98327d1b4268/timeouts [39m[32m200[39m [90m1 ms - 14[39m
[35m[HTTP][39m [90m[39m
[35m[HTTP][39m [37m-->[39m [37mGET[39m [37m/wd/hub/session/831faf5b-8f97-4e4e-974c-98327d1b4268/window/rect[39m
[35m[HTTP][39m [90m{}[39m
[35m[HTTP][39m [37m<-- GET /wd/hub/session/831faf5b-8f97-4e4e-974c-98327d1b4268/window/rect [39m[32m200[39m [90m20 ms - 49[39m
[35m[HTTP][39m [90m[39m
[35m[HTTP][39m [37m-->[39m [37mPOST[39m [37m/wd/hub/session/831faf5b-8f97-4e4e-974c-98327d1b4268/elements[39m
[35m[HTTP][39m [90m{"using":"xpath","value":"//hierarchy/android.widget.FrameLayout[1]/android.widget.LinearLayout[1]/android.widget.FrameLayout[1]/android.widget.FrameLayout[1]/android.widget.FrameLayout[1]/android.widget.FrameLayout[1]/android.view.View[1]/android.view.View[1]/android.view.View[1]/android.view.View[1]/android.widget.ImageView[3]"}[39m
[35m[HTTP][39m [37m<-- POST /wd/hub/session/831faf5b-8f97-4e4e-974c-98327d1b4268/elements [39m[32m200[39m [90m82 ms - 12[39m
[35m[HTTP][39m [90m[39m
[35m[HTTP][39m [37m-->[39m [37mPOST[39m [37m/wd/hub/session/831faf5b-8f97-4e4e-974c-98327d1b4268/elements[39m
[35m[HTTP][39m [90m{"using":"xpath","value":"//hierarchy/android.widget.FrameLayout[1]/android.widget.LinearLayout[1]/android.widget.FrameLayout[1]/android.widget.FrameLayout[1]/android.widget.FrameLayout[1]/android.widget.FrameLayout[1]/android.view.View[1]/android.view.View[1]/android.view.View[1]/android.view.View[1]/android.widget.ImageView[3]"}[39m
[35m[HTTP][39m [37m<-- POST /wd/hub/session/831faf5b-8f97-4e4e-974c-98327d1b4268/elements [39m[32m200[39m [90m78 ms - 12[39m
[35m[HTTP][39m [90m[39m
[35m[HTTP][39m [37m-->[39m [37mPOST[39m [37m/wd/hub/session/831faf5b-8f97-4e4e-974c-98327d1b4268/elements[39m
[35m[HTTP][39m [90m{"using":"xpath","value":"//hierarchy/android.widget.FrameLayout[1]/android.widget.LinearLayout[1]/android.widget.FrameLayout[1]/android.widget.FrameLayout[1]/android.widget.FrameLayout[1]/android.widget.FrameLayout[1]/android.view.View[1]/android.view.View[1]/android.view.View[1]/android.view.View[1]/android.widget.ImageView[3]"}[39m
[35m[HTTP][39m [37m<-- POST /wd/hub/session/831faf5b-8f97-4e4e-974c-98327d1b4268/elements [39m[32m200[39m [90m628 ms - 139[39m
[35m[HTTP][39m [90m[39m
[35m[HTTP][39m [37m-->[39m [37mGET[39m [37m/wd/hub/session/831faf5b-8f97-4e4e-974c-98327d1b4268/element/00000000-0000-04e8-0000-039100000005/location[39m
[35m[HTTP][39m [90m{}[39m
[35m[W3C (831faf5b)][39m Driver proxy active, passing request on via HTTP proxy
[35m[WD Proxy][39m Replacing sessionId 7cbcc1bf-9c88-476f-a66f-cafbc86b065e with 831faf5b-8f97-4e4e-974c-98327d1b4268
[35m[HTTP][39m [37m<-- GET /wd/hub/session/831faf5b-8f97-4e4e-974c-98327d1b4268/element/00000000-0000-04e8-0000-039100000005/location [39m[32m200[39m [90m24 ms - 79[39m
[35m[HTTP][39m [90m[39m
[35m[HTTP][39m [37m-->[39m [37mPOST[39m [37m/wd/hub/session/831faf5b-8f97-4e4e-974c-98327d1b4268/timeouts[39m
[35m[HTTP][39m [90m{"implicit":60000}[39m
[35m[HTTP][39m [37m<-- POST /wd/hub/session/831faf5b-8f97-4e4e-974c-98327d1b4268/timeouts [39m[32m200[39m [90m1 ms - 14[39m
[35m[HTTP][39m [90m[39m
[35m[HTTP][39m [37m-->[39m [37mPOST[39m [37m/wd/hub/session/831faf5b-8f97-4e4e-974c-98327d1b4268/touch/perform[39m
[35m[HTTP][39m [90m{"actions":[{"action":"tap","options":{"x":1,"y":1,"element":"00000000-0000-04e8-0000-039100000005"}},{"action":"release","options":{}}]}[39m
[35m[UiAutomator2][39m calling get location: 00000000-0000-04e8-0000-039100000005
[35m[HTTP][39m [37m<-- POST /wd/hub/session/831faf5b-8f97-4e4e-974c-98327d1b4268/touch/perform [39m[32m200[39m [90m931 ms - 14[39m
[35m[HTTP][39m [90m[39m
[35m[HTTP][39m [37m-->[39m [37mGET[39m [37m/wd/hub/session/831faf5b-8f97-4e4e-974c-98327d1b4268/window/rect[39m
[35m[HTTP][39m [90m{}[39m
[35m[HTTP][39m [37m<-- GET /wd/hub/session/831faf5b-8f97-4e4e-974c-98327d1b4268/window/rect [39m[32m200[39m [90m41 ms - 49[39m
[35m[HTTP][39m [90m[39m
[35m[HTTP][39m [37m-->[39m [37mPOST[39m [37m/wd/hub/session/831faf5b-8f97-4e4e-974c-98327d1b4268/elements[39m
[35m[HTTP][39m [90m{"using":"xpath","value":"//hierarchy/android.widget.FrameLayout[1]/android.widget.LinearLayout[1]/android.widget.FrameLayout[1]/android.widget.FrameLayout[1]/android.widget.FrameLayout[1]/android.widget.FrameLayout[1]/android.view.View[1]/android.view.View[1]/android.view.View[1]/android.view.View[1]/android.view.View[1]/android.view.View[1]/android.widget.ImageView[2]"}[39m
[35m[HTTP][39m [37m<-- POST /wd/hub/session/831faf5b-8f97-4e4e-974c-98327d1b4268/elements [39m[32m200[39m [90m514 ms - 139[39m
[35m[HTTP][39m [90m[39m
[35m[HTTP][39m [37m-->[39m [37mGET[39m [37m/wd/hub/session/831faf5b-8f97-4e4e-974c-98327d1b4268/element/00000000-0000-04e8-0000-03de00000005/location[39m
[35m[HTTP][39m [90m{}[39m
[35m[W3C (831faf5b)][39m Driver proxy active, passing request on via HTTP proxy
[35m[WD Proxy][39m Replacing sessionId 7cbcc1bf-9c88-476f-a66f-cafbc86b065e with 831faf5b-8f97-4e4e-974c-98327d1b4268
[35m[HTTP][39m [37m<-- GET /wd/hub/session/831faf5b-8f97-4e4e-974c-98327d1b4268/element/00000000-0000-04e8-0000-03de00000005/location [39m[32m200[39m [90m27 ms - 77[39m
[35m[HTTP][39m [90m[39m
[35m[HTTP][39m [37m-->[39m [37mPOST[39m [37m/wd/hub/session/831faf5b-8f97-4e4e-974c-98327d1b4268/touch/perform[39m
[35m[HTTP][39m [90m{"actions":[{"action":"longPress","options":{"duration":1000,"element":"00000000-0000-04e8-0000-03de00000005"}},{"action":"release","options":{}}]}[39m
[35m[UiAutomator2][39m calling get location: 00000000-0000-04e8-0000-03de00000005
[35m[HTTP][39m [37m<-- POST /wd/hub/session/831faf5b-8f97-4e4e-974c-98327d1b4268/touch/perform [39m[32m200[39m [90m2654 ms - 14[39m
[35m[HTTP][39m [90m[39m
[35m[HTTP][39m [37m-->[39m [37mGET[39m [37m/wd/hub/status[39m
[35m[HTTP][39m [90m{}[39m
[35m[HTTP][39m [37m<-- GET /wd/hub/status [39m[32m200[39m [90m0 ms - 68[39m
[35m[HTTP][39m [90m[39m
[35m[HTTP][39m [37m-->[39m [37mPOST[39m [37m/wd/hub/session[39m
[35m[HTTP][39m [90m{"desiredCapabilities":{"appActivity":".Settings","appPackage":"com.android.settings","newCommandTimeout":1800,"platformVersion":"11","automationName":"uiautomator2","autoGrantPermissions":true,"platformName":"Android","udid":"RR8M40C9AXE","deviceName":"samsung SM-A205F (Android 11)","platform":"ANDROID","systemPort":8247},"capabilities":{"firstMatch":[{"appium:appActivity":".Settings","appium:appPackage":"com.android.settings","appium:autoGrantPermissions":true,"appium:automationName":"uiautomator2","appium:deviceName":"samsung SM-A205F (Android 11)","appium:newCommandTimeout":1800,"platform":"ANDROID","platformName":"android","appium:platformVersion":"11","appium:systemPort":8247,"appium:udid":"RR8M40C9AXE"}]}}[39m
[35m[BaseDriver][39m The following capabilities are not standard capabilities and should have an extension prefix:
[35m[BaseDriver][39m   platform
[35m[BaseDriver][39m   chromedriverPort
[35m[Appium][39m Appium v1.22.0 creating new AndroidUiautomator2Driver (v1.69.0) session
[35m[BaseDriver][39m The following capabilities were provided, but are not recognized by Appium:
[35m[BaseDriver][39m   platform
[35m[BaseDriver][39m Session created with session id: c67f8b6d-bfe7-4ce1-b5c1-d01c2d4b6921
[35m[UiAutomator2][39m Starting 'com.android.settings' directly on the device
[35m[ADB][39m Using 'adb.exe' from 'C:\Users\Owner\.katalon\tools\android_sdk\platform-tools\adb.exe'
[35m[AndroidDriver][39m Retrieving device list
[35m[AndroidDriver][39m Using device: RR8M40C9AXE
[35m[ADB][39m Using 'adb.exe' from 'C:\Users\Owner\.katalon\tools\android_sdk\platform-tools\adb.exe'
[35m[ADB][39m Getting device platform version
[35m[UiAutomator2][39m Relaxing hidden api policy
[35m[AndroidDriver][39m No app sent in, not parsing package/activity
[35m[UiAutomator2][39m Server packages are not going to be (re)installed
[35m[ADB][39m Adding packages ["io.appium.settings","io.appium.uiautomator2.server","io.appium.uiautomator2.server.test"] to Doze whitelist
[35m[ADB][39m com.android.settings contains no permissions available for granting
[35m[UiAutomator2][39m Starting UIAutomator2 server 4.24.0
[35m[UiAutomator2][39m Using UIAutomator2 server from 'C:\Users\Owner\AppData\Roaming\npm\node_modules\appium\node_modules\appium-uiautomator2-server\apks\appium-uiautomator2-server-v4.24.0.apk' and test from 'C:\Users\Owner\AppData\Roaming\npm\node_modules\appium\node_modules\appium-uiautomator2-server\apks\appium-uiautomator2-server-debug-androidTest.apk'
[35m[UiAutomator2][39m Waiting up to 30000ms for UiAutomator2 to be online...
[35m[WD Proxy][39m socket hang up
[35m[WD Proxy][39m socket hang up
[35m[WD Proxy][39m socket hang up
[35m[WD Proxy][39m socket hang up
[35m[WD Proxy][39m socket hang up
[35m[WD Proxy][39m Determined the downstream protocol as 'W3C'
[35m[AndroidDriver][39m Screen already unlocked, doing nothing
[35m[UiAutomator2][39m Starting 'com.android.settings/.Settings and waiting for 'com.android.settings/.Settings'
[35m[Appium][39m New AndroidUiautomator2Driver session created successfully, session c67f8b6d-bfe7-4ce1-b5c1-d01c2d4b6921 added to master session list
[35m[HTTP][39m [37m<-- POST /wd/hub/session [39m[32m200[39m [90m15832 ms - 1155[39m
[35m[HTTP][39m [90m[39m
[35m[HTTP][39m [37m-->[39m [37mGET[39m [37m/wd/hub/session/c67f8b6d-bfe7-4ce1-b5c1-d01c2d4b6921[39m
[35m[HTTP][39m [90m{}[39m
[35m[HTTP][39m [37m<-- GET /wd/hub/session/c67f8b6d-bfe7-4ce1-b5c1-d01c2d4b6921 [39m[32m200[39m [90m35 ms - 1109[39m
[35m[HTTP][39m [90m[39m
[35m[HTTP][39m [37m-->[39m [37mGET[39m [37m/wd/hub/session/c67f8b6d-bfe7-4ce1-b5c1-d01c2d4b6921[39m
[35m[HTTP][39m [90m{}[39m
[35m[HTTP][39m [37m<-- GET /wd/hub/session/c67f8b6d-bfe7-4ce1-b5c1-d01c2d4b6921 [39m[32m200[39m [90m33 ms - 1109[39m
[35m[HTTP][39m [90m[39m
[35m[HTTP][39m [37m-->[39m [37mGET[39m [37m/wd/hub/status[39m
[35m[HTTP][39m [90m{}[39m
[35m[HTTP][39m [37m<-- GET /wd/hub/status [39m[32m200[39m [90m1 ms - 68[39m
[35m[HTTP][39m [90m[39m
[35m[HTTP][39m [37m-->[39m [37mPOST[39m [37m/wd/hub/session/c67f8b6d-bfe7-4ce1-b5c1-d01c2d4b6921/timeouts[39m
[35m[HTTP][39m [90m{"implicit":60000}[39m
[35m[HTTP][39m [37m<-- POST /wd/hub/session/c67f8b6d-bfe7-4ce1-b5c1-d01c2d4b6921/timeouts [39m[32m200[39m [90m3 ms - 14[39m
[35m[HTTP][39m [90m[39m
[35m[HTTP][39m [37m-->[39m [37mGET[39m [37m/wd/hub/session/c67f8b6d-bfe7-4ce1-b5c1-d01c2d4b6921/screenshot[39m
[35m[HTTP][39m [90m{}[39m
[35m[HTTP][39m [37m<-- GET /wd/hub/session/c67f8b6d-bfe7-4ce1-b5c1-d01c2d4b6921/screenshot [39m[32m200[39m [90m865 ms - 126676[39m
[35m[HTTP][39m [90m[39m
[35m[HTTP][39m [37m-->[39m [37mGET[39m [37m/wd/hub/session/c67f8b6d-bfe7-4ce1-b5c1-d01c2d4b6921/window/rect[39m
[35m[HTTP][39m [90m{}[39m
[35m[HTTP][39m [37m<-- GET /wd/hub/session/c67f8b6d-bfe7-4ce1-b5c1-d01c2d4b6921/window/rect [39m[32m200[39m [90m21 ms - 49[39m
[35m[HTTP][39m [90m[39m
[35m[HTTP][39m [37m-->[39m [37mGET[39m [37m/wd/hub/session/c67f8b6d-bfe7-4ce1-b5c1-d01c2d4b6921/appium/device/system_bars[39m
[35m[HTTP][39m [90m{}[39m
[35m[HTTP][39m [37m<-- GET /wd/hub/session/c67f8b6d-bfe7-4ce1-b5c1-d01c2d4b6921/appium/device/system_bars [39m[32m200[39m [90m269 ms - 145[39m
[35m[HTTP][39m [90m[39m
[35m[HTTP][39m [37m-->[39m [37mPOST[39m [37m/wd/hub/session/c67f8b6d-bfe7-4ce1-b5c1-d01c2d4b6921/appium/device/activate_app[39m
[35m[HTTP][39m [90m{"bundleId":"com.mirae.maxfund"}[39m
[35m[HTTP][39m [37m<-- POST /wd/hub/session/c67f8b6d-bfe7-4ce1-b5c1-d01c2d4b6921/appium/device/activate_app [39m[32m200[39m [90m1614 ms - 14[39m
[35m[HTTP][39m [90m[39m
[35m[HTTP][39m [37m-->[39m [37mPOST[39m [37m/wd/hub/session/c67f8b6d-bfe7-4ce1-b5c1-d01c2d4b6921/timeouts[39m
[35m[HTTP][39m [90m{"implicit":50}[39m
[35m[HTTP][39m [37m<-- POST /wd/hub/session/c67f8b6d-bfe7-4ce1-b5c1-d01c2d4b6921/timeouts [39m[32m200[39m [90m1 ms - 14[39m
[35m[HTTP][39m [90m[39m
[35m[HTTP][39m [37m-->[39m [37mGET[39m [37m/wd/hub/session/c67f8b6d-bfe7-4ce1-b5c1-d01c2d4b6921/window/rect[39m
[35m[HTTP][39m [90m{}[39m
[35m[HTTP][39m [37m<-- GET /wd/hub/session/c67f8b6d-bfe7-4ce1-b5c1-d01c2d4b6921/window/rect [39m[32m200[39m [90m44 ms - 49[39m
[35m[HTTP][39m [90m[39m
[35m[HTTP][39m [37m-->[39m [37mPOST[39m [37m/wd/hub/session/c67f8b6d-bfe7-4ce1-b5c1-d01c2d4b6921/elements[39m
[35m[HTTP][39m [90m{"using":"accessibility id","value":"Login"}[39m
[35m[HTTP][39m [37m<-- POST /wd/hub/session/c67f8b6d-bfe7-4ce1-b5c1-d01c2d4b6921/elements [39m[32m200[39m [90m115 ms - 12[39m
[35m[HTTP][39m [90m[39m
[35m[HTTP][39m [37m-->[39m [37mPOST[39m [37m/wd/hub/session/c67f8b6d-bfe7-4ce1-b5c1-d01c2d4b6921/elements[39m
[35m[HTTP][39m [90m{"using":"accessibility id","value":"Login"}[39m
[35m[HTTP][39m [37m<-- POST /wd/hub/session/c67f8b6d-bfe7-4ce1-b5c1-d01c2d4b6921/elements [39m[32m200[39m [90m106 ms - 12[39m
[35m[HTTP][39m [90m[39m
[35m[HTTP][39m [37m-->[39m [37mPOST[39m [37m/wd/hub/session/c67f8b6d-bfe7-4ce1-b5c1-d01c2d4b6921/elements[39m
[35m[HTTP][39m [90m{"using":"accessibility id","value":"Login"}[39m
[35m[HTTP][39m [37m<-- POST /wd/hub/session/c67f8b6d-bfe7-4ce1-b5c1-d01c2d4b6921/elements [39m[32m200[39m [90m59 ms - 12[39m
[35m[HTTP][39m [90m[39m
[35m[HTTP][39m [37m-->[39m [37mPOST[39m [37m/wd/hub/session/c67f8b6d-bfe7-4ce1-b5c1-d01c2d4b6921/elements[39m
[35m[HTTP][39m [90m{"using":"accessibility id","value":"Login"}[39m
[35m[HTTP][39m [37m<-- POST /wd/hub/session/c67f8b6d-bfe7-4ce1-b5c1-d01c2d4b6921/elements [39m[32m200[39m [90m102 ms - 12[39m
[35m[HTTP][39m [90m[39m
[35m[HTTP][39m [37m-->[39m [37mPOST[39m [37m/wd/hub/session/c67f8b6d-bfe7-4ce1-b5c1-d01c2d4b6921/elements[39m
[35m[HTTP][39m [90m{"using":"accessibility id","value":"Login"}[39m
[35m[HTTP][39m [37m<-- POST /wd/hub/session/c67f8b6d-bfe7-4ce1-b5c1-d01c2d4b6921/elements [39m[32m200[39m [90m113 ms - 12[39m
[35m[HTTP][39m [90m[39m
[35m[HTTP][39m [37m-->[39m [37mPOST[39m [37m/wd/hub/session/c67f8b6d-bfe7-4ce1-b5c1-d01c2d4b6921/elements[39m
[35m[HTTP][39m [90m{"using":"accessibility id","value":"Login"}[39m
[35m[HTTP][39m [37m<-- POST /wd/hub/session/c67f8b6d-bfe7-4ce1-b5c1-d01c2d4b6921/elements [39m[32m200[39m [90m105 ms - 12[39m
[35m[HTTP][39m [90m[39m
[35m[HTTP][39m [37m-->[39m [37mPOST[39m [37m/wd/hub/session/c67f8b6d-bfe7-4ce1-b5c1-d01c2d4b6921/elements[39m
[35m[HTTP][39m [90m{"using":"accessibility id","value":"Login"}[39m
[35m[HTTP][39m [37m<-- POST /wd/hub/session/c67f8b6d-bfe7-4ce1-b5c1-d01c2d4b6921/elements [39m[32m200[39m [90m108 ms - 12[39m
[35m[HTTP][39m [90m[39m
[35m[HTTP][39m [37m-->[39m [37mPOST[39m [37m/wd/hub/session/c67f8b6d-bfe7-4ce1-b5c1-d01c2d4b6921/elements[39m
[35m[HTTP][39m [90m{"using":"accessibility id","value":"Login"}[39m
[35m[HTTP][39m [37m<-- POST /wd/hub/session/c67f8b6d-bfe7-4ce1-b5c1-d01c2d4b6921/elements [39m[32m200[39m [90m102 ms - 12[39m
[35m[HTTP][39m [90m[39m
[35m[HTTP][39m [37m-->[39m [37mPOST[39m [37m/wd/hub/session/c67f8b6d-bfe7-4ce1-b5c1-d01c2d4b6921/elements[39m
[35m[HTTP][39m [90m{"using":"accessibility id","value":"Login"}[39m
[35m[HTTP][39m [37m<-- POST /wd/hub/session/c67f8b6d-bfe7-4ce1-b5c1-d01c2d4b6921/elements [39m[32m200[39m [90m56 ms - 12[39m
[35m[HTTP][39m [90m[39m
[35m[HTTP][39m [37m-->[39m [37mPOST[39m [37m/wd/hub/session/c67f8b6d-bfe7-4ce1-b5c1-d01c2d4b6921/elements[39m
[35m[HTTP][39m [90m{"using":"accessibility id","value":"Login"}[39m
[35m[HTTP][39m [37m<-- POST /wd/hub/session/c67f8b6d-bfe7-4ce1-b5c1-d01c2d4b6921/elements [39m[32m200[39m [90m110 ms - 12[39m
[35m[HTTP][39m [90m[39m
[35m[HTTP][39m [37m-->[39m [37mPOST[39m [37m/wd/hub/session/c67f8b6d-bfe7-4ce1-b5c1-d01c2d4b6921/elements[39m
[35m[HTTP][39m [90m{"using":"accessibility id","value":"Login"}[39m
[35m[HTTP][39m [37m<-- POST /wd/hub/session/c67f8b6d-bfe7-4ce1-b5c1-d01c2d4b6921/elements [39m[32m200[39m [90m52 ms - 12[39m
[35m[HTTP][39m [90m[39m
[35m[HTTP][39m [37m-->[39m [37mPOST[39m [37m/wd/hub/session/c67f8b6d-bfe7-4ce1-b5c1-d01c2d4b6921/elements[39m
[35m[HTTP][39m [90m{"using":"accessibility id","value":"Login"}[39m
[35m[HTTP][39m [37m<-- POST /wd/hub/session/c67f8b6d-bfe7-4ce1-b5c1-d01c2d4b6921/elements [39m[32m200[39m [90m110 ms - 12[39m
[35m[HTTP][39m [90m[39m
[35m[HTTP][39m [37m-->[39m [37mPOST[39m [37m/wd/hub/session/c67f8b6d-bfe7-4ce1-b5c1-d01c2d4b6921/elements[39m
[35m[HTTP][39m [90m{"using":"accessibility id","value":"Login"}[39m
[35m[HTTP][39m [37m<-- POST /wd/hub/session/c67f8b6d-bfe7-4ce1-b5c1-d01c2d4b6921/elements [39m[32m200[39m [90m96 ms - 12[39m
[35m[HTTP][39m [90m[39m
[35m[HTTP][39m [37m-->[39m [37mPOST[39m [37m/wd/hub/session/c67f8b6d-bfe7-4ce1-b5c1-d01c2d4b6921/elements[39m
[35m[HTTP][39m [90m{"using":"accessibility id","value":"Login"}[39m
[35m[HTTP][39m [37m<-- POST /wd/hub/session/c67f8b6d-bfe7-4ce1-b5c1-d01c2d4b6921/elements [39m[32m200[39m [90m97 ms - 12[39m
[35m[HTTP][39m [90m[39m
[35m[HTTP][39m [37m-->[39m [37mPOST[39m [37m/wd/hub/session/c67f8b6d-bfe7-4ce1-b5c1-d01c2d4b6921/elements[39m
[35m[HTTP][39m [90m{"using":"accessibility id","value":"Login"}[39m
[35m[HTTP][39m [37m<-- POST /wd/hub/session/c67f8b6d-bfe7-4ce1-b5c1-d01c2d4b6921/elements [39m[32m200[39m [90m85 ms - 12[39m
[35m[HTTP][39m [90m[39m
[35m[HTTP][39m [37m-->[39m [37mPOST[39m [37m/wd/hub/session/c67f8b6d-bfe7-4ce1-b5c1-d01c2d4b6921/elements[39m
[35m[HTTP][39m [90m{"using":"accessibility id","value":"Login"}[39m
[35m[HTTP][39m [37m<-- POST /wd/hub/session/c67f8b6d-bfe7-4ce1-b5c1-d01c2d4b6921/elements [39m[32m200[39m [90m86 ms - 12[39m
[35m[HTTP][39m [90m[39m
[35m[HTTP][39m [37m-->[39m [37mPOST[39m [37m/wd/hub/session/c67f8b6d-bfe7-4ce1-b5c1-d01c2d4b6921/elements[39m
[35m[HTTP][39m [90m{"using":"accessibility id","value":"Login"}[39m
[35m[HTTP][39m [37m<-- POST /wd/hub/session/c67f8b6d-bfe7-4ce1-b5c1-d01c2d4b6921/elements [39m[32m200[39m [90m86 ms - 12[39m
[35m[HTTP][39m [90m[39m
[35m[HTTP][39m [37m-->[39m [37mPOST[39m [37m/wd/hub/session/c67f8b6d-bfe7-4ce1-b5c1-d01c2d4b6921/elements[39m
[35m[HTTP][39m [90m{"using":"accessibility id","value":"Login"}[39m
[35m[HTTP][39m [37m<-- POST /wd/hub/session/c67f8b6d-bfe7-4ce1-b5c1-d01c2d4b6921/elements [39m[32m200[39m [90m96 ms - 12[39m
[35m[HTTP][39m [90m[39m
[35m[HTTP][39m [37m-->[39m [37mPOST[39m [37m/wd/hub/session/c67f8b6d-bfe7-4ce1-b5c1-d01c2d4b6921/elements[39m
[35m[HTTP][39m [90m{"using":"accessibility id","value":"Login"}[39m
[35m[HTTP][39m [37m<-- POST /wd/hub/session/c67f8b6d-bfe7-4ce1-b5c1-d01c2d4b6921/elements [39m[32m200[39m [90m99 ms - 12[39m
[35m[HTTP][39m [90m[39m
[35m[HTTP][39m [37m-->[39m [37mPOST[39m [37m/wd/hub/session/c67f8b6d-bfe7-4ce1-b5c1-d01c2d4b6921/timeouts[39m
[35m[HTTP][39m [90m{"implicit":60000}[39m
[35m[HTTP][39m [37m<-- POST /wd/hub/session/c67f8b6d-bfe7-4ce1-b5c1-d01c2d4b6921/timeouts [39m[32m200[39m [90m1 ms - 14[39m
[35m[HTTP][39m [90m[39m
[35m[HTTP][39m [37m-->[39m [37mGET[39m [37m/wd/hub/session/c67f8b6d-bfe7-4ce1-b5c1-d01c2d4b6921/context[39m
[35m[HTTP][39m [90m{}[39m
[35m[HTTP][39m [37m<-- GET /wd/hub/session/c67f8b6d-bfe7-4ce1-b5c1-d01c2d4b6921/context [39m[32m200[39m [90m1 ms - 22[39m
[35m[HTTP][39m [90m[39m
[35m[HTTP][39m [37m-->[39m [37mGET[39m [37m/wd/hub/session/c67f8b6d-bfe7-4ce1-b5c1-d01c2d4b6921/contexts[39m
[35m[HTTP][39m [90m{}[39m
[35m[HTTP][39m [37m<-- GET /wd/hub/session/c67f8b6d-bfe7-4ce1-b5c1-d01c2d4b6921/contexts [39m[32m200[39m [90m186 ms - 24[39m
[35m[HTTP][39m [90m[39m
[35m[HTTP][39m [37m-->[39m [37mPOST[39m [37m/wd/hub/session/c67f8b6d-bfe7-4ce1-b5c1-d01c2d4b6921/context[39m
[35m[HTTP][39m [90m{"name":"NATIVE_APP"}[39m
[35m[HTTP][39m [37m<-- POST /wd/hub/session/c67f8b6d-bfe7-4ce1-b5c1-d01c2d4b6921/context [39m[32m200[39m [90m1 ms - 14[39m
[35m[HTTP][39m [90m[39m
[35m[HTTP][39m [37m-->[39m [37mGET[39m [37m/wd/hub/session/c67f8b6d-bfe7-4ce1-b5c1-d01c2d4b6921/screenshot[39m
[35m[HTTP][39m [90m{}[39m
[35m[HTTP][39m [37m<-- GET /wd/hub/session/c67f8b6d-bfe7-4ce1-b5c1-d01c2d4b6921/screenshot [39m[32m200[39m [90m882 ms - 80032[39m
[35m[HTTP][39m [90m[39m
[35m[HTTP][39m [37m-->[39m [37mPOST[39m [37m/wd/hub/session/c67f8b6d-bfe7-4ce1-b5c1-d01c2d4b6921/context[39m
[35m[HTTP][39m [90m{"name":"NATIVE_APP"}[39m
[35m[HTTP][39m [37m<-- POST /wd/hub/session/c67f8b6d-bfe7-4ce1-b5c1-d01c2d4b6921/context [39m[32m200[39m [90m1 ms - 14[39m
[35m[HTTP][39m [90m[39m
[35m[HTTP][39m [37m-->[39m [37mPOST[39m [37m/wd/hub/session/c67f8b6d-bfe7-4ce1-b5c1-d01c2d4b6921/timeouts[39m
[35m[HTTP][39m [90m{"implicit":50}[39m
[35m[HTTP][39m [37m<-- POST /wd/hub/session/c67f8b6d-bfe7-4ce1-b5c1-d01c2d4b6921/timeouts [39m[32m200[39m [90m1 ms - 14[39m
[35m[HTTP][39m [90m[39m
[35m[HTTP][39m [37m-->[39m [37mGET[39m [37m/wd/hub/session/c67f8b6d-bfe7-4ce1-b5c1-d01c2d4b6921/window/rect[39m
[35m[HTTP][39m [90m{}[39m
[35m[HTTP][39m [37m<-- GET /wd/hub/session/c67f8b6d-bfe7-4ce1-b5c1-d01c2d4b6921/window/rect [39m[32m200[39m [90m25 ms - 49[39m
[35m[HTTP][39m [90m[39m
[35m[HTTP][39m [37m-->[39m [37mPOST[39m [37m/wd/hub/session/c67f8b6d-bfe7-4ce1-b5c1-d01c2d4b6921/elements[39m
[35m[HTTP][39m [90m{"using":"xpath","value":"//hierarchy/android.widget.FrameLayout[1]/android.widget.LinearLayout[1]/android.widget.FrameLayout[1]/android.widget.FrameLayout[1]/android.widget.FrameLayout[1]/android.widget.FrameLayout[1]/android.view.View[1]/android.view.View[1]/android.view.View[1]/android.view.View[1]/android.widget.ImageView[3]"}[39m
[35m[HTTP][39m [37m<-- POST /wd/hub/session/c67f8b6d-bfe7-4ce1-b5c1-d01c2d4b6921/elements [39m[32m200[39m [90m230 ms - 12[39m
[35m[HTTP][39m [90m[39m
[35m[HTTP][39m [37m-->[39m [37mPOST[39m [37m/wd/hub/session/c67f8b6d-bfe7-4ce1-b5c1-d01c2d4b6921/elements[39m
[35m[HTTP][39m [90m{"using":"xpath","value":"//hierarchy/android.widget.FrameLayout[1]/android.widget.LinearLayout[1]/android.widget.FrameLayout[1]/android.widget.FrameLayout[1]/android.widget.FrameLayout[1]/android.widget.FrameLayout[1]/android.view.View[1]/android.view.View[1]/android.view.View[1]/android.view.View[1]/android.widget.ImageView[3]"}[39m
[35m[HTTP][39m [37m<-- POST /wd/hub/session/c67f8b6d-bfe7-4ce1-b5c1-d01c2d4b6921/elements [39m[32m200[39m [90m89 ms - 12[39m
[35m[HTTP][39m [90m[39m
[35m[HTTP][39m [37m-->[39m [37mPOST[39m [37m/wd/hub/session/c67f8b6d-bfe7-4ce1-b5c1-d01c2d4b6921/elements[39m
[35m[HTTP][39m [90m{"using":"xpath","value":"//hierarchy/android.widget.FrameLayout[1]/android.widget.LinearLayout[1]/android.widget.FrameLayout[1]/android.widget.FrameLayout[1]/android.widget.FrameLayout[1]/android.widget.FrameLayout[1]/android.view.View[1]/android.view.View[1]/android.view.View[1]/android.view.View[1]/android.widget.ImageView[3]"}[39m
[35m[HTTP][39m [37m<-- POST /wd/hub/session/c67f8b6d-bfe7-4ce1-b5c1-d01c2d4b6921/elements [39m[32m200[39m [90m61 ms - 12[39m
[35m[HTTP][39m [90m[39m
[35m[HTTP][39m [37m-->[39m [37mPOST[39m [37m/wd/hub/session/c67f8b6d-bfe7-4ce1-b5c1-d01c2d4b6921/elements[39m
[35m[HTTP][39m [90m{"using":"xpath","value":"//hierarchy/android.widget.FrameLayout[1]/android.widget.LinearLayout[1]/android.widget.FrameLayout[1]/android.widget.FrameLayout[1]/android.widget.FrameLayout[1]/android.widget.FrameLayout[1]/android.view.View[1]/android.view.View[1]/android.view.View[1]/android.view.View[1]/android.widget.ImageView[3]"}[39m
[35m[HTTP][39m [37m<-- POST /wd/hub/session/c67f8b6d-bfe7-4ce1-b5c1-d01c2d4b6921/elements [39m[32m200[39m [90m75 ms - 12[39m
[35m[HTTP][39m [90m[39m
[35m[HTTP][39m [37m-->[39m [37mPOST[39m [37m/wd/hub/session/c67f8b6d-bfe7-4ce1-b5c1-d01c2d4b6921/elements[39m
[35m[HTTP][39m [90m{"using":"xpath","value":"//hierarchy/android.widget.FrameLayout[1]/android.widget.LinearLayout[1]/android.widget.FrameLayout[1]/android.widget.FrameLayout[1]/android.widget.FrameLayout[1]/android.widget.FrameLayout[1]/android.view.View[1]/android.view.View[1]/android.view.View[1]/android.view.View[1]/android.widget.ImageView[3]"}[39m
[35m[HTTP][39m [37m<-- POST /wd/hub/session/c67f8b6d-bfe7-4ce1-b5c1-d01c2d4b6921/elements [39m[32m200[39m [90m64 ms - 12[39m
[35m[HTTP][39m [90m[39m
[35m[HTTP][39m [37m-->[39m [37mPOST[39m [37m/wd/hub/session/c67f8b6d-bfe7-4ce1-b5c1-d01c2d4b6921/elements[39m
[35m[HTTP][39m [90m{"using":"xpath","value":"//hierarchy/android.widget.FrameLayout[1]/android.widget.LinearLayout[1]/android.widget.FrameLayout[1]/android.widget.FrameLayout[1]/android.widget.FrameLayout[1]/android.widget.FrameLayout[1]/android.view.View[1]/android.view.View[1]/android.view.View[1]/android.view.View[1]/android.widget.ImageView[3]"}[39m
[35m[HTTP][39m [37m<-- POST /wd/hub/session/c67f8b6d-bfe7-4ce1-b5c1-d01c2d4b6921/elements [39m[32m200[39m [90m73 ms - 12[39m
[35m[HTTP][39m [90m[39m
[35m[HTTP][39m [37m-->[39m [37mPOST[39m [37m/wd/hub/session/c67f8b6d-bfe7-4ce1-b5c1-d01c2d4b6921/elements[39m
[35m[HTTP][39m [90m{"using":"xpath","value":"//hierarchy/android.widget.FrameLayout[1]/android.widget.LinearLayout[1]/android.widget.FrameLayout[1]/android.widget.FrameLayout[1]/android.widget.FrameLayout[1]/android.widget.FrameLayout[1]/android.view.View[1]/android.view.View[1]/android.view.View[1]/android.view.View[1]/android.widget.ImageView[3]"}[39m
[35m[HTTP][39m [37m<-- POST /wd/hub/session/c67f8b6d-bfe7-4ce1-b5c1-d01c2d4b6921/elements [39m[32m200[39m [90m59 ms - 12[39m
[35m[HTTP][39m [90m[39m
[35m[HTTP][39m [37m-->[39m [37mPOST[39m [37m/wd/hub/session/c67f8b6d-bfe7-4ce1-b5c1-d01c2d4b6921/elements[39m
[35m[HTTP][39m [90m{"using":"xpath","value":"//hierarchy/android.widget.FrameLayout[1]/android.widget.LinearLayout[1]/android.widget.FrameLayout[1]/android.widget.FrameLayout[1]/android.widget.FrameLayout[1]/android.widget.FrameLayout[1]/android.view.View[1]/android.view.View[1]/android.view.View[1]/android.view.View[1]/android.widget.ImageView[3]"}[39m
[35m[HTTP][39m [37m<-- POST /wd/hub/session/c67f8b6d-bfe7-4ce1-b5c1-d01c2d4b6921/elements [39m[32m200[39m [90m57 ms - 12[39m
[35m[HTTP][39m [90m[39m
[35m[HTTP][39m [37m-->[39m [37mPOST[39m [37m/wd/hub/session/c67f8b6d-bfe7-4ce1-b5c1-d01c2d4b6921/elements[39m
[35m[HTTP][39m [90m{"using":"xpath","value":"//hierarchy/android.widget.FrameLayout[1]/android.widget.LinearLayout[1]/android.widget.FrameLayout[1]/android.widget.FrameLayout[1]/android.widget.FrameLayout[1]/android.widget.FrameLayout[1]/android.view.View[1]/android.view.View[1]/android.view.View[1]/android.view.View[1]/android.widget.ImageView[3]"}[39m
[35m[HTTP][39m [37m<-- POST /wd/hub/session/c67f8b6d-bfe7-4ce1-b5c1-d01c2d4b6921/elements [39m[32m200[39m [90m52 ms - 12[39m
[35m[HTTP][39m [90m[39m
[35m[HTTP][39m [37m-->[39m [37mPOST[39m [37m/wd/hub/session/c67f8b6d-bfe7-4ce1-b5c1-d01c2d4b6921/elements[39m
[35m[HTTP][39m [90m{"using":"xpath","value":"//hierarchy/android.widget.FrameLayout[1]/android.widget.LinearLayout[1]/android.widget.FrameLayout[1]/android.widget.FrameLayout[1]/android.widget.FrameLayout[1]/android.widget.FrameLayout[1]/android.view.View[1]/android.view.View[1]/android.view.View[1]/android.view.View[1]/android.widget.ImageView[3]"}[39m
[35m[HTTP][39m [37m<-- POST /wd/hub/session/c67f8b6d-bfe7-4ce1-b5c1-d01c2d4b6921/elements [39m[32m200[39m [90m82 ms - 12[39m
[35m[HTTP][39m [90m[39m
[35m[HTTP][39m [37m-->[39m [37mPOST[39m [37m/wd/hub/session/c67f8b6d-bfe7-4ce1-b5c1-d01c2d4b6921/elements[39m
[35m[HTTP][39m [90m{"using":"xpath","value":"//hierarchy/android.widget.FrameLayout[1]/android.widget.LinearLayout[1]/android.widget.FrameLayout[1]/android.widget.FrameLayout[1]/android.widget.FrameLayout[1]/android.widget.FrameLayout[1]/android.view.View[1]/android.view.View[1]/android.view.View[1]/android.view.View[1]/android.widget.ImageView[3]"}[39m
[35m[HTTP][39m [37m<-- POST /wd/hub/session/c67f8b6d-bfe7-4ce1-b5c1-d01c2d4b6921/elements [39m[32m200[39m [90m73 ms - 12[39m
[35m[HTTP][39m [90m[39m
[35m[HTTP][39m [37m-->[39m [37mPOST[39m [37m/wd/hub/session/c67f8b6d-bfe7-4ce1-b5c1-d01c2d4b6921/elements[39m
[35m[HTTP][39m [90m{"using":"xpath","value":"//hierarchy/android.widget.FrameLayout[1]/android.widget.LinearLayout[1]/android.widget.FrameLayout[1]/android.widget.FrameLayout[1]/android.widget.FrameLayout[1]/android.widget.FrameLayout[1]/android.view.View[1]/android.view.View[1]/android.view.View[1]/android.view.View[1]/android.widget.ImageView[3]"}[39m
[35m[HTTP][39m [37m<-- POST /wd/hub/session/c67f8b6d-bfe7-4ce1-b5c1-d01c2d4b6921/elements [39m[32m200[39m [90m72 ms - 12[39m
[35m[HTTP][39m [90m[39m
[35m[HTTP][39m [37m-->[39m [37mPOST[39m [37m/wd/hub/session/c67f8b6d-bfe7-4ce1-b5c1-d01c2d4b6921/elements[39m
[35m[HTTP][39m [90m{"using":"xpath","value":"//hierarchy/android.widget.FrameLayout[1]/android.widget.LinearLayout[1]/android.widget.FrameLayout[1]/android.widget.FrameLayout[1]/android.widget.FrameLayout[1]/android.widget.FrameLayout[1]/android.view.View[1]/android.view.View[1]/android.view.View[1]/android.view.View[1]/android.widget.ImageView[3]"}[39m
[35m[HTTP][39m [37m<-- POST /wd/hub/session/c67f8b6d-bfe7-4ce1-b5c1-d01c2d4b6921/elements [39m[32m200[39m [90m67 ms - 12[39m
[35m[HTTP][39m [90m[39m
[35m[HTTP][39m [37m-->[39m [37mPOST[39m [37m/wd/hub/session/c67f8b6d-bfe7-4ce1-b5c1-d01c2d4b6921/elements[39m
[35m[HTTP][39m [90m{"using":"xpath","value":"//hierarchy/android.widget.FrameLayout[1]/android.widget.LinearLayout[1]/android.widget.FrameLayout[1]/android.widget.FrameLayout[1]/android.widget.FrameLayout[1]/android.widget.FrameLayout[1]/android.view.View[1]/android.view.View[1]/android.view.View[1]/android.view.View[1]/android.widget.ImageView[3]"}[39m
[35m[HTTP][39m [37m<-- POST /wd/hub/session/c67f8b6d-bfe7-4ce1-b5c1-d01c2d4b6921/elements [39m[32m200[39m [90m64 ms - 12[39m
[35m[HTTP][39m [90m[39m
[35m[HTTP][39m [37m-->[39m [37mPOST[39m [37m/wd/hub/session/c67f8b6d-bfe7-4ce1-b5c1-d01c2d4b6921/elements[39m
[35m[HTTP][39m [90m{"using":"xpath","value":"//hierarchy/android.widget.FrameLayout[1]/android.widget.LinearLayout[1]/android.widget.FrameLayout[1]/android.widget.FrameLayout[1]/android.widget.FrameLayout[1]/android.widget.FrameLayout[1]/android.view.View[1]/android.view.View[1]/android.view.View[1]/android.view.View[1]/android.widget.ImageView[3]"}[39m
[35m[HTTP][39m [37m<-- POST /wd/hub/session/c67f8b6d-bfe7-4ce1-b5c1-d01c2d4b6921/elements [39m[32m200[39m [90m69 ms - 12[39m
[35m[HTTP][39m [90m[39m
[35m[HTTP][39m [37m-->[39m [37mPOST[39m [37m/wd/hub/session/c67f8b6d-bfe7-4ce1-b5c1-d01c2d4b6921/elements[39m
[35m[HTTP][39m [90m{"using":"xpath","value":"//hierarchy/android.widget.FrameLayout[1]/android.widget.LinearLayout[1]/android.widget.FrameLayout[1]/android.widget.FrameLayout[1]/android.widget.FrameLayout[1]/android.widget.FrameLayout[1]/android.view.View[1]/android.view.View[1]/android.view.View[1]/android.view.View[1]/android.widget.ImageView[3]"}[39m
[35m[HTTP][39m [37m<-- POST /wd/hub/session/c67f8b6d-bfe7-4ce1-b5c1-d01c2d4b6921/elements [39m[32m200[39m [90m67 ms - 12[39m
[35m[HTTP][39m [90m[39m
[35m[HTTP][39m [37m-->[39m [37mPOST[39m [37m/wd/hub/session/c67f8b6d-bfe7-4ce1-b5c1-d01c2d4b6921/elements[39m
[35m[HTTP][39m [90m{"using":"xpath","value":"//hierarchy/android.widget.FrameLayout[1]/android.widget.LinearLayout[1]/android.widget.FrameLayout[1]/android.widget.FrameLayout[1]/android.widget.FrameLayout[1]/android.widget.FrameLayout[1]/android.view.View[1]/android.view.View[1]/android.view.View[1]/android.view.View[1]/android.widget.ImageView[3]"}[39m
[35m[HTTP][39m [37m<-- POST /wd/hub/session/c67f8b6d-bfe7-4ce1-b5c1-d01c2d4b6921/elements [39m[32m200[39m [90m66 ms - 12[39m
[35m[HTTP][39m [90m[39m
[35m[HTTP][39m [37m-->[39m [37mPOST[39m [37m/wd/hub/session/c67f8b6d-bfe7-4ce1-b5c1-d01c2d4b6921/elements[39m
[35m[HTTP][39m [90m{"using":"xpath","value":"//hierarchy/android.widget.FrameLayout[1]/android.widget.LinearLayout[1]/android.widget.FrameLayout[1]/android.widget.FrameLayout[1]/android.widget.FrameLayout[1]/android.widget.FrameLayout[1]/android.view.View[1]/android.view.View[1]/android.view.View[1]/android.view.View[1]/android.widget.ImageView[3]"}[39m
[35m[HTTP][39m [37m<-- POST /wd/hub/session/c67f8b6d-bfe7-4ce1-b5c1-d01c2d4b6921/elements [39m[32m200[39m [90m64 ms - 12[39m
[35m[HTTP][39m [90m[39m
[35m[HTTP][39m [37m-->[39m [37mPOST[39m [37m/wd/hub/session/c67f8b6d-bfe7-4ce1-b5c1-d01c2d4b6921/elements[39m
[35m[HTTP][39m [90m{"using":"xpath","value":"//hierarchy/android.widget.FrameLayout[1]/android.widget.LinearLayout[1]/android.widget.FrameLayout[1]/android.widget.FrameLayout[1]/android.widget.FrameLayout[1]/android.widget.FrameLayout[1]/android.view.View[1]/android.view.View[1]/android.view.View[1]/android.view.View[1]/android.widget.ImageView[3]"}[39m
[35m[HTTP][39m [37m<-- POST /wd/hub/session/c67f8b6d-bfe7-4ce1-b5c1-d01c2d4b6921/elements [39m[32m200[39m [90m66 ms - 12[39m
[35m[HTTP][39m [90m[39m
[35m[HTTP][39m [37m-->[39m [37mPOST[39m [37m/wd/hub/session/c67f8b6d-bfe7-4ce1-b5c1-d01c2d4b6921/elements[39m
[35m[HTTP][39m [90m{"using":"xpath","value":"//hierarchy/android.widget.FrameLayout[1]/android.widget.LinearLayout[1]/android.widget.FrameLayout[1]/android.widget.FrameLayout[1]/android.widget.FrameLayout[1]/android.widget.FrameLayout[1]/android.view.View[1]/android.view.View[1]/android.view.View[1]/android.view.View[1]/android.widget.ImageView[3]"}[39m
[35m[HTTP][39m [37m<-- POST /wd/hub/session/c67f8b6d-bfe7-4ce1-b5c1-d01c2d4b6921/elements [39m[32m200[39m [90m70 ms - 12[39m
[35m[HTTP][39m [90m[39m
[35m[HTTP][39m [37m-->[39m [37mPOST[39m [37m/wd/hub/session/c67f8b6d-bfe7-4ce1-b5c1-d01c2d4b6921/elements[39m
[35m[HTTP][39m [90m{"using":"xpath","value":"//hierarchy/android.widget.FrameLayout[1]/android.widget.LinearLayout[1]/android.widget.FrameLayout[1]/android.widget.FrameLayout[1]/android.widget.FrameLayout[1]/android.widget.FrameLayout[1]/android.view.View[1]/android.view.View[1]/android.view.View[1]/android.view.View[1]/android.widget.ImageView[3]"}[39m
[35m[HTTP][39m [37m<-- POST /wd/hub/session/c67f8b6d-bfe7-4ce1-b5c1-d01c2d4b6921/elements [39m[32m200[39m [90m77 ms - 12[39m
[35m[HTTP][39m [90m[39m
[35m[HTTP][39m [37m-->[39m [37mPOST[39m [37m/wd/hub/session/c67f8b6d-bfe7-4ce1-b5c1-d01c2d4b6921/elements[39m
[35m[HTTP][39m [90m{"using":"xpath","value":"//hierarchy/android.widget.FrameLayout[1]/android.widget.LinearLayout[1]/android.widget.FrameLayout[1]/android.widget.FrameLayout[1]/android.widget.FrameLayout[1]/android.widget.FrameLayout[1]/android.view.View[1]/android.view.View[1]/android.view.View[1]/android.view.View[1]/android.widget.ImageView[3]"}[39m
[35m[HTTP][39m [37m<-- POST /wd/hub/session/c67f8b6d-bfe7-4ce1-b5c1-d01c2d4b6921/elements [39m[32m200[39m [90m57 ms - 12[39m
[35m[HTTP][39m [90m[39m
[35m[HTTP][39m [37m-->[39m [37mPOST[39m [37m/wd/hub/session/c67f8b6d-bfe7-4ce1-b5c1-d01c2d4b6921/elements[39m
[35m[HTTP][39m [90m{"using":"xpath","value":"//hierarchy/android.widget.FrameLayout[1]/android.widget.LinearLayout[1]/android.widget.FrameLayout[1]/android.widget.FrameLayout[1]/android.widget.FrameLayout[1]/android.widget.FrameLayout[1]/android.view.View[1]/android.view.View[1]/android.view.View[1]/android.view.View[1]/android.widget.ImageView[3]"}[39m
[35m[HTTP][39m [37m<-- POST /wd/hub/session/c67f8b6d-bfe7-4ce1-b5c1-d01c2d4b6921/elements [39m[32m200[39m [90m99 ms - 12[39m
[35m[HTTP][39m [90m[39m
[35m[HTTP][39m [37m-->[39m [37mPOST[39m [37m/wd/hub/session/c67f8b6d-bfe7-4ce1-b5c1-d01c2d4b6921/elements[39m
[35m[HTTP][39m [90m{"using":"xpath","value":"//hierarchy/android.widget.FrameLayout[1]/android.widget.LinearLayout[1]/android.widget.FrameLayout[1]/android.widget.FrameLayout[1]/android.widget.FrameLayout[1]/android.widget.FrameLayout[1]/android.view.View[1]/android.view.View[1]/android.view.View[1]/android.view.View[1]/android.widget.ImageView[3]"}[39m
[35m[HTTP][39m [37m<-- POST /wd/hub/session/c67f8b6d-bfe7-4ce1-b5c1-d01c2d4b6921/elements [39m[32m200[39m [90m113 ms - 12[39m
[35m[HTTP][39m [90m[39m
[35m[HTTP][39m [37m-->[39m [37mPOST[39m [37m/wd/hub/session/c67f8b6d-bfe7-4ce1-b5c1-d01c2d4b6921/elements[39m
[35m[HTTP][39m [90m{"using":"xpath","value":"//hierarchy/android.widget.FrameLayout[1]/android.widget.LinearLayout[1]/android.widget.FrameLayout[1]/android.widget.FrameLayout[1]/android.widget.FrameLayout[1]/android.widget.FrameLayout[1]/android.view.View[1]/android.view.View[1]/android.view.View[1]/android.view.View[1]/android.widget.ImageView[3]"}[39m
[35m[HTTP][39m [37m<-- POST /wd/hub/session/c67f8b6d-bfe7-4ce1-b5c1-d01c2d4b6921/elements [39m[32m200[39m [90m107 ms - 12[39m
[35m[HTTP][39m [90m[39m
[35m[HTTP][39m [37m-->[39m [37mPOST[39m [37m/wd/hub/session/c67f8b6d-bfe7-4ce1-b5c1-d01c2d4b6921/elements[39m
[35m[HTTP][39m [90m{"using":"xpath","value":"//hierarchy/android.widget.FrameLayout[1]/android.widget.LinearLayout[1]/android.widget.FrameLayout[1]/android.widget.FrameLayout[1]/android.widget.FrameLayout[1]/android.widget.FrameLayout[1]/android.view.View[1]/android.view.View[1]/android.view.View[1]/android.view.View[1]/android.widget.ImageView[3]"}[39m
[35m[HTTP][39m [37m<-- POST /wd/hub/session/c67f8b6d-bfe7-4ce1-b5c1-d01c2d4b6921/elements [39m[32m200[39m [90m62 ms - 12[39m
[35m[HTTP][39m [90m[39m
[35m[HTTP][39m [37m-->[39m [37mPOST[39m [37m/wd/hub/session/c67f8b6d-bfe7-4ce1-b5c1-d01c2d4b6921/elements[39m
[35m[HTTP][39m [90m{"using":"xpath","value":"//hierarchy/android.widget.FrameLayout[1]/android.widget.LinearLayout[1]/android.widget.FrameLayout[1]/android.widget.FrameLayout[1]/android.widget.FrameLayout[1]/android.widget.FrameLayout[1]/android.view.View[1]/android.view.View[1]/android.view.View[1]/android.view.View[1]/android.widget.ImageView[3]"}[39m
[35m[HTTP][39m [37m<-- POST /wd/hub/session/c67f8b6d-bfe7-4ce1-b5c1-d01c2d4b6921/elements [39m[32m200[39m [90m58 ms - 12[39m
[35m[HTTP][39m [90m[39m
[35m[HTTP][39m [37m-->[39m [37mPOST[39m [37m/wd/hub/session/c67f8b6d-bfe7-4ce1-b5c1-d01c2d4b6921/elements[39m
[35m[HTTP][39m [90m{"using":"xpath","value":"//hierarchy/android.widget.FrameLayout[1]/android.widget.LinearLayout[1]/android.widget.FrameLayout[1]/android.widget.FrameLayout[1]/android.widget.FrameLayout[1]/android.widget.FrameLayout[1]/android.view.View[1]/android.view.View[1]/android.view.View[1]/android.view.View[1]/android.widget.ImageView[3]"}[39m
[35m[HTTP][39m [37m<-- POST /wd/hub/session/c67f8b6d-bfe7-4ce1-b5c1-d01c2d4b6921/elements [39m[32m200[39m [90m63 ms - 12[39m
[35m[HTTP][39m [90m[39m
[35m[HTTP][39m [37m-->[39m [37mPOST[39m [37m/wd/hub/session/c67f8b6d-bfe7-4ce1-b5c1-d01c2d4b6921/elements[39m
[35m[HTTP][39m [90m{"using":"xpath","value":"//hierarchy/android.widget.FrameLayout[1]/android.widget.LinearLayout[1]/android.widget.FrameLayout[1]/android.widget.FrameLayout[1]/android.widget.FrameLayout[1]/android.widget.FrameLayout[1]/android.view.View[1]/android.view.View[1]/android.view.View[1]/android.view.View[1]/android.widget.ImageView[3]"}[39m
[35m[HTTP][39m [37m<-- POST /wd/hub/session/c67f8b6d-bfe7-4ce1-b5c1-d01c2d4b6921/elements [39m[32m200[39m [90m64 ms - 12[39m
[35m[HTTP][39m [90m[39m
[35m[HTTP][39m [37m-->[39m [37mPOST[39m [37m/wd/hub/session/c67f8b6d-bfe7-4ce1-b5c1-d01c2d4b6921/elements[39m
[35m[HTTP][39m [90m{"using":"xpath","value":"//hierarchy/android.widget.FrameLayout[1]/android.widget.LinearLayout[1]/android.widget.FrameLayout[1]/android.widget.FrameLayout[1]/android.widget.FrameLayout[1]/android.widget.FrameLayout[1]/android.view.View[1]/android.view.View[1]/android.view.View[1]/android.view.View[1]/android.widget.ImageView[3]"}[39m
[35m[HTTP][39m [37m<-- POST /wd/hub/session/c67f8b6d-bfe7-4ce1-b5c1-d01c2d4b6921/elements [39m[32m200[39m [90m66 ms - 12[39m
[35m[HTTP][39m [90m[39m
[35m[HTTP][39m [37m-->[39m [37mPOST[39m [37m/wd/hub/session/c67f8b6d-bfe7-4ce1-b5c1-d01c2d4b6921/elements[39m
[35m[HTTP][39m [90m{"using":"xpath","value":"//hierarchy/android.widget.FrameLayout[1]/android.widget.LinearLayout[1]/android.widget.FrameLayout[1]/android.widget.FrameLayout[1]/android.widget.FrameLayout[1]/android.widget.FrameLayout[1]/android.view.View[1]/android.view.View[1]/android.view.View[1]/android.view.View[1]/android.widget.ImageView[3]"}[39m
[35m[HTTP][39m [37m<-- POST /wd/hub/session/c67f8b6d-bfe7-4ce1-b5c1-d01c2d4b6921/elements [39m[32m200[39m [90m54 ms - 12[39m
[35m[HTTP][39m [90m[39m
[35m[HTTP][39m [37m-->[39m [37mPOST[39m [37m/wd/hub/session/c67f8b6d-bfe7-4ce1-b5c1-d01c2d4b6921/elements[39m
[35m[HTTP][39m [90m{"using":"xpath","value":"//hierarchy/android.widget.FrameLayout[1]/android.widget.LinearLayout[1]/android.widget.FrameLayout[1]/android.widget.FrameLayout[1]/android.widget.FrameLayout[1]/android.widget.FrameLayout[1]/android.view.View[1]/android.view.View[1]/android.view.View[1]/android.view.View[1]/android.widget.ImageView[3]"}[39m
[35m[HTTP][39m [37m<-- POST /wd/hub/session/c67f8b6d-bfe7-4ce1-b5c1-d01c2d4b6921/elements [39m[32m200[39m [90m108 ms - 12[39m
[35m[HTTP][39m [90m[39m
[35m[HTTP][39m [37m-->[39m [37mPOST[39m [37m/wd/hub/session/c67f8b6d-bfe7-4ce1-b5c1-d01c2d4b6921/elements[39m
[35m[HTTP][39m [90m{"using":"xpath","value":"//hierarchy/android.widget.FrameLayout[1]/android.widget.LinearLayout[1]/android.widget.FrameLayout[1]/android.widget.FrameLayout[1]/android.widget.FrameLayout[1]/android.widget.FrameLayout[1]/android.view.View[1]/android.view.View[1]/android.view.View[1]/android.view.View[1]/android.widget.ImageView[3]"}[39m
[35m[HTTP][39m [37m<-- POST /wd/hub/session/c67f8b6d-bfe7-4ce1-b5c1-d01c2d4b6921/elements [39m[32m-[39m [90m- ms - -[39m
[35m[HTTP][39m [90m[39m
