[35m[Appium][39m Welcome to Appium v1.22.0
[35m[Appium][39m Non-default server args:
[35m[Appium][39m   port: 56218
[35m[Appium][39m   loglevel: info
[35m[Appium][39m   tmpDir: C:\Users\Owner\AppData\Local\Temp\\Katalon\Appium\Temp1646188965508
[35m[Appium][39m   chromedriverPort: 56219
[35m[Appium][39m Deprecated server args:
[35m[Appium][39m   [31m--chromedriver-port[39m => --default-capabilities
[35m[Appium][39m Default capabilities, which will be added to each request unless overridden by desired capabilities:
[35m[Appium][39m   chromedriverPort: 56219
[35m[Appium][39m Appium REST http interface listener started on 0.0.0.0:56218
[35m[HTTP][39m [37m-->[39m [37mGET[39m [37m/wd/hub/status[39m
[35m[HTTP][39m [90m{}[39m
[35m[HTTP][39m [37m<-- GET /wd/hub/status [39m[32m200[39m [90m5 ms - 68[39m
[35m[HTTP][39m [90m[39m
[35m[HTTP][39m [37m-->[39m [37mPOST[39m [37m/wd/hub/session[39m
[35m[HTTP][39m [90m{"desiredCapabilities":{"appActivity":".Settings","appPackage":"com.android.settings","newCommandTimeout":1800,"platformVersion":"11","automationName":"uiautomator2","autoGrantPermissions":true,"platformName":"Android","udid":"RR8M40C9AXE","deviceName":"samsung SM-A205F (Android 11)","platform":"ANDROID","systemPort":8290},"capabilities":{"firstMatch":[{"appium:appActivity":".Settings","appium:appPackage":"com.android.settings","appium:autoGrantPermissions":true,"appium:automationName":"uiautomator2","appium:deviceName":"samsung SM-A205F (Android 11)","appium:newCommandTimeout":1800,"platform":"ANDROID","platformName":"android","appium:platformVersion":"11","appium:systemPort":8290,"appium:udid":"RR8M40C9AXE"}]}}[39m
[35m[BaseDriver][39m The following capabilities are not standard capabilities and should have an extension prefix:
[35m[BaseDriver][39m   platform
[35m[BaseDriver][39m   chromedriverPort
[35m[Appium][39m Appium v1.22.0 creating new AndroidUiautomator2Driver (v1.69.0) session
[35m[BaseDriver][39m The following capabilities were provided, but are not recognized by Appium:
[35m[BaseDriver][39m   platform
[35m[BaseDriver][39m Session created with session id: 75dea5e9-e056-4e49-b53f-cbf4488f0877
[35m[UiAutomator2][39m Starting 'com.android.settings' directly on the device
[35m[ADB][39m Found 1 'build-tools' folders under 'C:\Users\Owner\.katalon\tools\android_sdk' (newest first):
[35m[ADB][39m     C:/Users/Owner/.katalon/tools/android_sdk/build-tools/29.0.3
[35m[ADB][39m Using 'adb.exe' from 'C:\Users\Owner\.katalon\tools\android_sdk\platform-tools\adb.exe'
[35m[AndroidDriver][39m Retrieving device list
[35m[AndroidDriver][39m Using device: RR8M40C9AXE
[35m[ADB][39m Using 'adb.exe' from 'C:\Users\Owner\.katalon\tools\android_sdk\platform-tools\adb.exe'
[35m[ADB][39m Getting device platform version
[35m[UiAutomator2][39m Relaxing hidden api policy
[35m[AndroidDriver][39m No app sent in, not parsing package/activity
[35m[ADB][39m Using 'apksigner.jar' from 'C:\Users\Owner\.katalon\tools\android_sdk\build-tools\29.0.3\lib\apksigner.jar'
[35m[ADB][39m 'C:\Users\Owner\AppData\Roaming\npm\node_modules\appium\node_modules\appium-uiautomator2-server\apks\appium-uiautomator2-server-v4.24.0.apk' is signed with the default certificate
[35m[ADB][39m 'C:\Users\Owner\AppData\Roaming\npm\node_modules\appium\node_modules\appium-uiautomator2-server\apks\appium-uiautomator2-server-debug-androidTest.apk' is signed with the default certificate
[35m[UiAutomator2][39m Server packages are not going to be (re)installed
[35m[ADB][39m Adding packages ["io.appium.settings","io.appium.uiautomator2.server","io.appium.uiautomator2.server.test"] to Doze whitelist
[35m[ADB][39m com.android.settings contains no permissions available for granting
[35m[UiAutomator2][39m Starting UIAutomator2 server 4.24.0
[35m[UiAutomator2][39m Using UIAutomator2 server from 'C:\Users\Owner\AppData\Roaming\npm\node_modules\appium\node_modules\appium-uiautomator2-server\apks\appium-uiautomator2-server-v4.24.0.apk' and test from 'C:\Users\Owner\AppData\Roaming\npm\node_modules\appium\node_modules\appium-uiautomator2-server\apks\appium-uiautomator2-server-debug-androidTest.apk'
[35m[UiAutomator2][39m Waiting up to 30000ms for UiAutomator2 to be online...
[35m[WD Proxy][39m socket hang up
[35m[WD Proxy][39m socket hang up
[35m[WD Proxy][39m socket hang up
[35m[WD Proxy][39m socket hang up
[35m[WD Proxy][39m socket hang up
[35m[WD Proxy][39m Determined the downstream protocol as 'W3C'
[35m[AndroidDriver][39m Screen already unlocked, doing nothing
[35m[UiAutomator2][39m Starting 'com.android.settings/.Settings and waiting for 'com.android.settings/.Settings'
[35m[Appium][39m New AndroidUiautomator2Driver session created successfully, session 75dea5e9-e056-4e49-b53f-cbf4488f0877 added to master session list
[35m[HTTP][39m [37m<-- POST /wd/hub/session [39m[32m200[39m [90m15541 ms - 1155[39m
[35m[HTTP][39m [90m[39m
[35m[HTTP][39m [37m-->[39m [37mGET[39m [37m/wd/hub/session/75dea5e9-e056-4e49-b53f-cbf4488f0877[39m
[35m[HTTP][39m [90m{}[39m
[35m[HTTP][39m [37m<-- GET /wd/hub/session/75dea5e9-e056-4e49-b53f-cbf4488f0877 [39m[32m200[39m [90m18 ms - 1109[39m
[35m[HTTP][39m [90m[39m
[35m[HTTP][39m [37m-->[39m [37mGET[39m [37m/wd/hub/session/75dea5e9-e056-4e49-b53f-cbf4488f0877[39m
[35m[HTTP][39m [90m{}[39m
[35m[HTTP][39m [37m<-- GET /wd/hub/session/75dea5e9-e056-4e49-b53f-cbf4488f0877 [39m[32m200[39m [90m17 ms - 1109[39m
[35m[HTTP][39m [90m[39m
[35m[HTTP][39m [37m-->[39m [37mGET[39m [37m/wd/hub/status[39m
[35m[HTTP][39m [90m{}[39m
[35m[HTTP][39m [37m<-- GET /wd/hub/status [39m[32m200[39m [90m1 ms - 68[39m
[35m[HTTP][39m [90m[39m
[35m[HTTP][39m [37m-->[39m [37mPOST[39m [37m/wd/hub/session/75dea5e9-e056-4e49-b53f-cbf4488f0877/timeouts[39m
[35m[HTTP][39m [90m{"implicit":60000}[39m
[35m[HTTP][39m [37m<-- POST /wd/hub/session/75dea5e9-e056-4e49-b53f-cbf4488f0877/timeouts [39m[32m200[39m [90m3 ms - 14[39m
[35m[HTTP][39m [90m[39m
[35m[HTTP][39m [37m-->[39m [37mGET[39m [37m/wd/hub/session/75dea5e9-e056-4e49-b53f-cbf4488f0877/screenshot[39m
[35m[HTTP][39m [90m{}[39m
[35m[HTTP][39m [37m<-- GET /wd/hub/session/75dea5e9-e056-4e49-b53f-cbf4488f0877/screenshot [39m[32m200[39m [90m574 ms - 127280[39m
[35m[HTTP][39m [90m[39m
[35m[HTTP][39m [37m-->[39m [37mGET[39m [37m/wd/hub/session/75dea5e9-e056-4e49-b53f-cbf4488f0877/window/rect[39m
[35m[HTTP][39m [90m{}[39m
[35m[HTTP][39m [37m<-- GET /wd/hub/session/75dea5e9-e056-4e49-b53f-cbf4488f0877/window/rect [39m[32m200[39m [90m32 ms - 49[39m
[35m[HTTP][39m [90m[39m
[35m[HTTP][39m [37m-->[39m [37mGET[39m [37m/wd/hub/session/75dea5e9-e056-4e49-b53f-cbf4488f0877/appium/device/system_bars[39m
[35m[HTTP][39m [90m{}[39m
[35m[HTTP][39m [37m<-- GET /wd/hub/session/75dea5e9-e056-4e49-b53f-cbf4488f0877/appium/device/system_bars [39m[32m200[39m [90m205 ms - 145[39m
[35m[HTTP][39m [90m[39m
[35m[HTTP][39m [37m-->[39m [37mPOST[39m [37m/wd/hub/session/75dea5e9-e056-4e49-b53f-cbf4488f0877/appium/device/activate_app[39m
[35m[HTTP][39m [90m{"bundleId":"id.co.miraeasset.sageclub"}[39m
[35m[HTTP][39m [37m<-- POST /wd/hub/session/75dea5e9-e056-4e49-b53f-cbf4488f0877/appium/device/activate_app [39m[32m200[39m [90m806 ms - 14[39m
[35m[HTTP][39m [90m[39m
[35m[HTTP][39m [37m-->[39m [37mPOST[39m [37m/wd/hub/session/75dea5e9-e056-4e49-b53f-cbf4488f0877/timeouts[39m
[35m[HTTP][39m [90m{"implicit":50}[39m
[35m[HTTP][39m [37m<-- POST /wd/hub/session/75dea5e9-e056-4e49-b53f-cbf4488f0877/timeouts [39m[32m200[39m [90m1 ms - 14[39m
[35m[HTTP][39m [90m[39m
[35m[HTTP][39m [37m-->[39m [37mGET[39m [37m/wd/hub/session/75dea5e9-e056-4e49-b53f-cbf4488f0877/window/rect[39m
[35m[HTTP][39m [90m{}[39m
[35m[HTTP][39m [37m<-- GET /wd/hub/session/75dea5e9-e056-4e49-b53f-cbf4488f0877/window/rect [39m[32m200[39m [90m19 ms - 49[39m
[35m[HTTP][39m [90m[39m
[35m[HTTP][39m [37m-->[39m [37mPOST[39m [37m/wd/hub/session/75dea5e9-e056-4e49-b53f-cbf4488f0877/elements[39m
[35m[HTTP][39m [90m{"using":"xpath","value":"//hierarchy/android.widget.FrameLayout[1]/android.widget.LinearLayout[1]/android.widget.FrameLayout[1]/android.widget.FrameLayout[1]/android.widget.FrameLayout[1]/android.widget.FrameLayout[1]/android.view.View[1]/android.view.View[1]/android.view.View[1]/android.view.View[1]/android.view.View[1]/android.widget.Button[1]"}[39m
[35m[HTTP][39m [37m<-- POST /wd/hub/session/75dea5e9-e056-4e49-b53f-cbf4488f0877/elements [39m[32m200[39m [90m227 ms - 139[39m
[35m[HTTP][39m [90m[39m
[35m[HTTP][39m [37m-->[39m [37mGET[39m [37m/wd/hub/session/75dea5e9-e056-4e49-b53f-cbf4488f0877/element/00000000-0000-0571-0000-000800000005/location[39m
[35m[HTTP][39m [90m{}[39m
[35m[W3C (75dea5e9)][39m Driver proxy active, passing request on via HTTP proxy
[35m[WD Proxy][39m Replacing sessionId fc21f636-be35-4c41-8ef6-8807689cdb5a with 75dea5e9-e056-4e49-b53f-cbf4488f0877
[35m[HTTP][39m [37m<-- GET /wd/hub/session/75dea5e9-e056-4e49-b53f-cbf4488f0877/element/00000000-0000-0571-0000-000800000005/location [39m[32m200[39m [90m28 ms - 77[39m
[35m[HTTP][39m [90m[39m
[35m[HTTP][39m [37m-->[39m [37mPOST[39m [37m/wd/hub/session/75dea5e9-e056-4e49-b53f-cbf4488f0877/timeouts[39m
[35m[HTTP][39m [90m{"implicit":60000}[39m
[35m[HTTP][39m [37m<-- POST /wd/hub/session/75dea5e9-e056-4e49-b53f-cbf4488f0877/timeouts [39m[32m200[39m [90m1 ms - 14[39m
[35m[HTTP][39m [90m[39m
[35m[HTTP][39m [37m-->[39m [37mPOST[39m [37m/wd/hub/session/75dea5e9-e056-4e49-b53f-cbf4488f0877/timeouts[39m
[35m[HTTP][39m [90m{"implicit":50}[39m
[35m[HTTP][39m [37m<-- POST /wd/hub/session/75dea5e9-e056-4e49-b53f-cbf4488f0877/timeouts [39m[32m200[39m [90m1 ms - 14[39m
[35m[HTTP][39m [90m[39m
[35m[HTTP][39m [37m-->[39m [37mGET[39m [37m/wd/hub/session/75dea5e9-e056-4e49-b53f-cbf4488f0877/window/rect[39m
[35m[HTTP][39m [90m{}[39m
[35m[HTTP][39m [37m<-- GET /wd/hub/session/75dea5e9-e056-4e49-b53f-cbf4488f0877/window/rect [39m[32m200[39m [90m16 ms - 49[39m
[35m[HTTP][39m [90m[39m
[35m[HTTP][39m [37m-->[39m [37mPOST[39m [37m/wd/hub/session/75dea5e9-e056-4e49-b53f-cbf4488f0877/elements[39m
[35m[HTTP][39m [90m{"using":"xpath","value":"//hierarchy/android.widget.FrameLayout[1]/android.widget.LinearLayout[1]/android.widget.FrameLayout[1]/android.widget.FrameLayout[1]/android.widget.FrameLayout[1]/android.widget.FrameLayout[1]/android.view.View[1]/android.view.View[1]/android.view.View[1]/android.view.View[1]/android.view.View[1]/android.widget.EditText[1]"}[39m
[35m[HTTP][39m [37m<-- POST /wd/hub/session/75dea5e9-e056-4e49-b53f-cbf4488f0877/elements [39m[32m200[39m [90m100 ms - 139[39m
[35m[HTTP][39m [90m[39m
[35m[HTTP][39m [37m-->[39m [37mGET[39m [37m/wd/hub/session/75dea5e9-e056-4e49-b53f-cbf4488f0877/element/00000000-0000-0571-0000-000500000005/location[39m
[35m[HTTP][39m [90m{}[39m
[35m[W3C (75dea5e9)][39m Driver proxy active, passing request on via HTTP proxy
[35m[WD Proxy][39m Replacing sessionId fc21f636-be35-4c41-8ef6-8807689cdb5a with 75dea5e9-e056-4e49-b53f-cbf4488f0877
[35m[HTTP][39m [37m<-- GET /wd/hub/session/75dea5e9-e056-4e49-b53f-cbf4488f0877/element/00000000-0000-0571-0000-000500000005/location [39m[32m200[39m [90m28 ms - 77[39m
[35m[HTTP][39m [90m[39m
[35m[HTTP][39m [37m-->[39m [37mPOST[39m [37m/wd/hub/session/75dea5e9-e056-4e49-b53f-cbf4488f0877/timeouts[39m
[35m[HTTP][39m [90m{"implicit":60000}[39m
[35m[HTTP][39m [37m<-- POST /wd/hub/session/75dea5e9-e056-4e49-b53f-cbf4488f0877/timeouts [39m[32m200[39m [90m1 ms - 14[39m
[35m[HTTP][39m [90m[39m
[35m[HTTP][39m [37m-->[39m [37mPOST[39m [37m/wd/hub/session/75dea5e9-e056-4e49-b53f-cbf4488f0877/touch/perform[39m
[35m[HTTP][39m [90m{"actions":[{"action":"tap","options":{"x":1,"y":1,"element":"00000000-0000-0571-0000-000500000005"}},{"action":"release","options":{}}]}[39m
[35m[UiAutomator2][39m calling get location: 00000000-0000-0571-0000-000500000005
[35m[HTTP][39m [37m<-- POST /wd/hub/session/75dea5e9-e056-4e49-b53f-cbf4488f0877/touch/perform [39m[32m200[39m [90m219 ms - 14[39m
[35m[HTTP][39m [90m[39m
[35m[HTTP][39m [37m-->[39m [37mPOST[39m [37m/wd/hub/session/75dea5e9-e056-4e49-b53f-cbf4488f0877/timeouts[39m
[35m[HTTP][39m [90m{"implicit":50}[39m
[35m[HTTP][39m [37m<-- POST /wd/hub/session/75dea5e9-e056-4e49-b53f-cbf4488f0877/timeouts [39m[32m200[39m [90m1 ms - 14[39m
[35m[HTTP][39m [90m[39m
[35m[HTTP][39m [37m-->[39m [37mGET[39m [37m/wd/hub/session/75dea5e9-e056-4e49-b53f-cbf4488f0877/window/rect[39m
[35m[HTTP][39m [90m{}[39m
[35m[HTTP][39m [37m<-- GET /wd/hub/session/75dea5e9-e056-4e49-b53f-cbf4488f0877/window/rect [39m[32m200[39m [90m22 ms - 49[39m
[35m[HTTP][39m [90m[39m
[35m[HTTP][39m [37m-->[39m [37mPOST[39m [37m/wd/hub/session/75dea5e9-e056-4e49-b53f-cbf4488f0877/elements[39m
[35m[HTTP][39m [90m{"using":"xpath","value":"//hierarchy/android.widget.FrameLayout[1]/android.widget.LinearLayout[1]/android.widget.FrameLayout[1]/android.widget.FrameLayout[1]/android.widget.FrameLayout[1]/android.widget.FrameLayout[1]/android.view.View[1]/android.view.View[1]/android.view.View[1]/android.view.View[1]/android.view.View[1]/android.widget.EditText[1]"}[39m
[35m[HTTP][39m [37m<-- POST /wd/hub/session/75dea5e9-e056-4e49-b53f-cbf4488f0877/elements [39m[32m200[39m [90m720 ms - 139[39m
[35m[HTTP][39m [90m[39m
[35m[HTTP][39m [37m-->[39m [37mGET[39m [37m/wd/hub/session/75dea5e9-e056-4e49-b53f-cbf4488f0877/element/00000000-0000-0571-0000-000500000005/location[39m
[35m[HTTP][39m [90m{}[39m
[35m[W3C (75dea5e9)][39m Driver proxy active, passing request on via HTTP proxy
[35m[WD Proxy][39m Replacing sessionId fc21f636-be35-4c41-8ef6-8807689cdb5a with 75dea5e9-e056-4e49-b53f-cbf4488f0877
[35m[HTTP][39m [37m<-- GET /wd/hub/session/75dea5e9-e056-4e49-b53f-cbf4488f0877/element/00000000-0000-0571-0000-000500000005/location [39m[32m200[39m [90m23 ms - 77[39m
[35m[HTTP][39m [90m[39m
[35m[HTTP][39m [37m-->[39m [37mPOST[39m [37m/wd/hub/session/75dea5e9-e056-4e49-b53f-cbf4488f0877/timeouts[39m
[35m[HTTP][39m [90m{"implicit":60000}[39m
[35m[HTTP][39m [37m<-- POST /wd/hub/session/75dea5e9-e056-4e49-b53f-cbf4488f0877/timeouts [39m[32m200[39m [90m1 ms - 14[39m
[35m[HTTP][39m [90m[39m
[35m[HTTP][39m [37m-->[39m [37mPOST[39m [37m/wd/hub/session/75dea5e9-e056-4e49-b53f-cbf4488f0877/element/00000000-0000-0571-0000-000500000005/clear[39m
[35m[HTTP][39m [90m{"id":"00000000-0000-0571-0000-000500000005"}[39m
[35m[HTTP][39m [37m<-- POST /wd/hub/session/75dea5e9-e056-4e49-b53f-cbf4488f0877/element/00000000-0000-0571-0000-000500000005/clear [39m[32m200[39m [90m32 ms - 14[39m
[35m[HTTP][39m [90m[39m
[35m[HTTP][39m [37m-->[39m [37mPOST[39m [37m/wd/hub/session/75dea5e9-e056-4e49-b53f-cbf4488f0877/element/00000000-0000-0571-0000-000500000005/value[39m
[35m[HTTP][39m [90m{"id":"00000000-0000-0571-0000-000500000005","text":"anggaaditya","value":["a","n","g","g","a","a","d","i","t","y","a"]}[39m
[35m[HTTP][39m [37m<-- POST /wd/hub/session/75dea5e9-e056-4e49-b53f-cbf4488f0877/element/00000000-0000-0571-0000-000500000005/value [39m[32m200[39m [90m53 ms - 14[39m
[35m[HTTP][39m [90m[39m
[35m[HTTP][39m [37m-->[39m [37mGET[39m [37m/wd/hub/session/75dea5e9-e056-4e49-b53f-cbf4488f0877/context[39m
[35m[HTTP][39m [90m{}[39m
[35m[HTTP][39m [37m<-- GET /wd/hub/session/75dea5e9-e056-4e49-b53f-cbf4488f0877/context [39m[32m200[39m [90m1 ms - 22[39m
[35m[HTTP][39m [90m[39m
[35m[HTTP][39m [37m-->[39m [37mGET[39m [37m/wd/hub/session/75dea5e9-e056-4e49-b53f-cbf4488f0877/contexts[39m
[35m[HTTP][39m [90m{}[39m
[35m[HTTP][39m [37m<-- GET /wd/hub/session/75dea5e9-e056-4e49-b53f-cbf4488f0877/contexts [39m[32m200[39m [90m166 ms - 24[39m
[35m[HTTP][39m [90m[39m
[35m[HTTP][39m [37m-->[39m [37mPOST[39m [37m/wd/hub/session/75dea5e9-e056-4e49-b53f-cbf4488f0877/context[39m
[35m[HTTP][39m [90m{"name":"NATIVE_APP"}[39m
[35m[HTTP][39m [37m<-- POST /wd/hub/session/75dea5e9-e056-4e49-b53f-cbf4488f0877/context [39m[32m200[39m [90m1 ms - 14[39m
[35m[HTTP][39m [90m[39m
[35m[HTTP][39m [37m-->[39m [37mPOST[39m [37m/wd/hub/session/75dea5e9-e056-4e49-b53f-cbf4488f0877/appium/device/hide_keyboard[39m
[35m[HTTP][39m [90m{}[39m
[35m[HTTP][39m [37m<-- POST /wd/hub/session/75dea5e9-e056-4e49-b53f-cbf4488f0877/appium/device/hide_keyboard [39m[32m200[39m [90m3868 ms - 14[39m
[35m[HTTP][39m [90m[39m
[35m[HTTP][39m [37m-->[39m [37mPOST[39m [37m/wd/hub/session/75dea5e9-e056-4e49-b53f-cbf4488f0877/context[39m
[35m[HTTP][39m [90m{"name":"NATIVE_APP"}[39m
[35m[HTTP][39m [37m<-- POST /wd/hub/session/75dea5e9-e056-4e49-b53f-cbf4488f0877/context [39m[32m200[39m [90m1 ms - 14[39m
[35m[HTTP][39m [90m[39m
[35m[HTTP][39m [37m-->[39m [37mPOST[39m [37m/wd/hub/session/75dea5e9-e056-4e49-b53f-cbf4488f0877/timeouts[39m
[35m[HTTP][39m [90m{"implicit":50}[39m
[35m[HTTP][39m [37m<-- POST /wd/hub/session/75dea5e9-e056-4e49-b53f-cbf4488f0877/timeouts [39m[32m200[39m [90m1 ms - 14[39m
[35m[HTTP][39m [90m[39m
[35m[HTTP][39m [37m-->[39m [37mGET[39m [37m/wd/hub/session/75dea5e9-e056-4e49-b53f-cbf4488f0877/window/rect[39m
[35m[HTTP][39m [90m{}[39m
[35m[HTTP][39m [37m<-- GET /wd/hub/session/75dea5e9-e056-4e49-b53f-cbf4488f0877/window/rect [39m[32m200[39m [90m18 ms - 49[39m
[35m[HTTP][39m [90m[39m
[35m[HTTP][39m [37m-->[39m [37mPOST[39m [37m/wd/hub/session/75dea5e9-e056-4e49-b53f-cbf4488f0877/elements[39m
[35m[HTTP][39m [90m{"using":"xpath","value":"//hierarchy/android.widget.FrameLayout[1]/android.widget.LinearLayout[1]/android.widget.FrameLayout[1]/android.widget.FrameLayout[1]/android.widget.FrameLayout[1]/android.widget.FrameLayout[1]/android.view.View[1]/android.view.View[1]/android.view.View[1]/android.view.View[1]/android.view.View[1]/android.widget.EditText[2]"}[39m
[35m[HTTP][39m [37m<-- POST /wd/hub/session/75dea5e9-e056-4e49-b53f-cbf4488f0877/elements [39m[32m200[39m [90m112 ms - 139[39m
[35m[HTTP][39m [90m[39m
[35m[HTTP][39m [37m-->[39m [37mGET[39m [37m/wd/hub/session/75dea5e9-e056-4e49-b53f-cbf4488f0877/element/00000000-0000-0571-0000-000600000005/location[39m
[35m[HTTP][39m [90m{}[39m
[35m[W3C (75dea5e9)][39m Driver proxy active, passing request on via HTTP proxy
[35m[WD Proxy][39m Replacing sessionId fc21f636-be35-4c41-8ef6-8807689cdb5a with 75dea5e9-e056-4e49-b53f-cbf4488f0877
[35m[HTTP][39m [37m<-- GET /wd/hub/session/75dea5e9-e056-4e49-b53f-cbf4488f0877/element/00000000-0000-0571-0000-000600000005/location [39m[32m200[39m [90m22 ms - 77[39m
[35m[HTTP][39m [90m[39m
[35m[HTTP][39m [37m-->[39m [37mPOST[39m [37m/wd/hub/session/75dea5e9-e056-4e49-b53f-cbf4488f0877/timeouts[39m
[35m[HTTP][39m [90m{"implicit":60000}[39m
[35m[HTTP][39m [37m<-- POST /wd/hub/session/75dea5e9-e056-4e49-b53f-cbf4488f0877/timeouts [39m[32m200[39m [90m1 ms - 14[39m
[35m[HTTP][39m [90m[39m
[35m[HTTP][39m [37m-->[39m [37mPOST[39m [37m/wd/hub/session/75dea5e9-e056-4e49-b53f-cbf4488f0877/touch/perform[39m
[35m[HTTP][39m [90m{"actions":[{"action":"tap","options":{"x":1,"y":1,"element":"00000000-0000-0571-0000-000600000005"}},{"action":"release","options":{}}]}[39m
[35m[UiAutomator2][39m calling get location: 00000000-0000-0571-0000-000600000005
[35m[HTTP][39m [37m<-- POST /wd/hub/session/75dea5e9-e056-4e49-b53f-cbf4488f0877/touch/perform [39m[32m200[39m [90m221 ms - 14[39m
[35m[HTTP][39m [90m[39m
[35m[HTTP][39m [37m-->[39m [37mPOST[39m [37m/wd/hub/session/75dea5e9-e056-4e49-b53f-cbf4488f0877/timeouts[39m
[35m[HTTP][39m [90m{"implicit":50}[39m
[35m[HTTP][39m [37m<-- POST /wd/hub/session/75dea5e9-e056-4e49-b53f-cbf4488f0877/timeouts [39m[32m200[39m [90m1 ms - 14[39m
[35m[HTTP][39m [90m[39m
[35m[HTTP][39m [37m-->[39m [37mGET[39m [37m/wd/hub/session/75dea5e9-e056-4e49-b53f-cbf4488f0877/window/rect[39m
[35m[HTTP][39m [90m{}[39m
[35m[HTTP][39m [37m<-- GET /wd/hub/session/75dea5e9-e056-4e49-b53f-cbf4488f0877/window/rect [39m[32m200[39m [90m34 ms - 49[39m
[35m[HTTP][39m [90m[39m
[35m[HTTP][39m [37m-->[39m [37mPOST[39m [37m/wd/hub/session/75dea5e9-e056-4e49-b53f-cbf4488f0877/elements[39m
[35m[HTTP][39m [90m{"using":"xpath","value":"//hierarchy/android.widget.FrameLayout[1]/android.widget.LinearLayout[1]/android.widget.FrameLayout[1]/android.widget.FrameLayout[1]/android.widget.FrameLayout[1]/android.widget.FrameLayout[1]/android.view.View[1]/android.view.View[1]/android.view.View[1]/android.view.View[1]/android.view.View[1]/android.widget.EditText[2]"}[39m
[35m[HTTP][39m [37m<-- POST /wd/hub/session/75dea5e9-e056-4e49-b53f-cbf4488f0877/elements [39m[32m200[39m [90m281 ms - 139[39m
[35m[HTTP][39m [90m[39m
[35m[HTTP][39m [37m-->[39m [37mGET[39m [37m/wd/hub/session/75dea5e9-e056-4e49-b53f-cbf4488f0877/element/00000000-0000-0571-0000-000600000005/location[39m
[35m[HTTP][39m [90m{}[39m
[35m[W3C (75dea5e9)][39m Driver proxy active, passing request on via HTTP proxy
[35m[WD Proxy][39m Replacing sessionId fc21f636-be35-4c41-8ef6-8807689cdb5a with 75dea5e9-e056-4e49-b53f-cbf4488f0877
[35m[HTTP][39m [37m<-- GET /wd/hub/session/75dea5e9-e056-4e49-b53f-cbf4488f0877/element/00000000-0000-0571-0000-000600000005/location [39m[32m200[39m [90m26 ms - 77[39m
[35m[HTTP][39m [90m[39m
[35m[HTTP][39m [37m-->[39m [37mPOST[39m [37m/wd/hub/session/75dea5e9-e056-4e49-b53f-cbf4488f0877/timeouts[39m
[35m[HTTP][39m [90m{"implicit":60000}[39m
[35m[HTTP][39m [37m<-- POST /wd/hub/session/75dea5e9-e056-4e49-b53f-cbf4488f0877/timeouts [39m[32m200[39m [90m1 ms - 14[39m
[35m[HTTP][39m [90m[39m
[35m[HTTP][39m [37m-->[39m [37mPOST[39m [37m/wd/hub/session/75dea5e9-e056-4e49-b53f-cbf4488f0877/element/00000000-0000-0571-0000-000600000005/clear[39m
[35m[HTTP][39m [90m{"id":"00000000-0000-0571-0000-000600000005"}[39m
[35m[HTTP][39m [37m<-- POST /wd/hub/session/75dea5e9-e056-4e49-b53f-cbf4488f0877/element/00000000-0000-0571-0000-000600000005/clear [39m[32m200[39m [90m26 ms - 14[39m
[35m[HTTP][39m [90m[39m
[35m[HTTP][39m [37m-->[39m [37mPOST[39m [37m/wd/hub/session/75dea5e9-e056-4e49-b53f-cbf4488f0877/element/00000000-0000-0571-0000-000600000005/value[39m
[35m[HTTP][39m [90m{"id":"00000000-0000-0571-0000-000600000005","text":"Shalawa18","value":["S","h","a","l","a","w","a","1","8"]}[39m
[35m[HTTP][39m [37m<-- POST /wd/hub/session/75dea5e9-e056-4e49-b53f-cbf4488f0877/element/00000000-0000-0571-0000-000600000005/value [39m[32m200[39m [90m53 ms - 14[39m
[35m[HTTP][39m [90m[39m
[35m[HTTP][39m [37m-->[39m [37mGET[39m [37m/wd/hub/session/75dea5e9-e056-4e49-b53f-cbf4488f0877/context[39m
[35m[HTTP][39m [90m{}[39m
[35m[HTTP][39m [37m<-- GET /wd/hub/session/75dea5e9-e056-4e49-b53f-cbf4488f0877/context [39m[32m200[39m [90m1 ms - 22[39m
[35m[HTTP][39m [90m[39m
[35m[HTTP][39m [37m-->[39m [37mGET[39m [37m/wd/hub/session/75dea5e9-e056-4e49-b53f-cbf4488f0877/contexts[39m
[35m[HTTP][39m [90m{}[39m
[35m[HTTP][39m [37m<-- GET /wd/hub/session/75dea5e9-e056-4e49-b53f-cbf4488f0877/contexts [39m[32m200[39m [90m153 ms - 24[39m
[35m[HTTP][39m [90m[39m
[35m[HTTP][39m [37m-->[39m [37mPOST[39m [37m/wd/hub/session/75dea5e9-e056-4e49-b53f-cbf4488f0877/context[39m
[35m[HTTP][39m [90m{"name":"NATIVE_APP"}[39m
[35m[HTTP][39m [37m<-- POST /wd/hub/session/75dea5e9-e056-4e49-b53f-cbf4488f0877/context [39m[32m200[39m [90m1 ms - 14[39m
[35m[HTTP][39m [90m[39m
[35m[HTTP][39m [37m-->[39m [37mPOST[39m [37m/wd/hub/session/75dea5e9-e056-4e49-b53f-cbf4488f0877/appium/device/hide_keyboard[39m
[35m[HTTP][39m [90m{}[39m
[35m[HTTP][39m [37m<-- POST /wd/hub/session/75dea5e9-e056-4e49-b53f-cbf4488f0877/appium/device/hide_keyboard [39m[32m200[39m [90m6048 ms - 14[39m
[35m[HTTP][39m [90m[39m
[35m[HTTP][39m [37m-->[39m [37mPOST[39m [37m/wd/hub/session/75dea5e9-e056-4e49-b53f-cbf4488f0877/context[39m
[35m[HTTP][39m [90m{"name":"NATIVE_APP"}[39m
[35m[HTTP][39m [37m<-- POST /wd/hub/session/75dea5e9-e056-4e49-b53f-cbf4488f0877/context [39m[32m200[39m [90m1 ms - 14[39m
[35m[HTTP][39m [90m[39m
[35m[HTTP][39m [37m-->[39m [37mPOST[39m [37m/wd/hub/session/75dea5e9-e056-4e49-b53f-cbf4488f0877/timeouts[39m
[35m[HTTP][39m [90m{"implicit":50}[39m
[35m[HTTP][39m [37m<-- POST /wd/hub/session/75dea5e9-e056-4e49-b53f-cbf4488f0877/timeouts [39m[32m200[39m [90m1 ms - 14[39m
[35m[HTTP][39m [90m[39m
[35m[HTTP][39m [37m-->[39m [37mGET[39m [37m/wd/hub/session/75dea5e9-e056-4e49-b53f-cbf4488f0877/window/rect[39m
[35m[HTTP][39m [90m{}[39m
[35m[HTTP][39m [37m<-- GET /wd/hub/session/75dea5e9-e056-4e49-b53f-cbf4488f0877/window/rect [39m[32m200[39m [90m16 ms - 49[39m
[35m[HTTP][39m [90m[39m
[35m[HTTP][39m [37m-->[39m [37mPOST[39m [37m/wd/hub/session/75dea5e9-e056-4e49-b53f-cbf4488f0877/elements[39m
[35m[HTTP][39m [90m{"using":"xpath","value":"//hierarchy/android.widget.FrameLayout[1]/android.widget.LinearLayout[1]/android.widget.FrameLayout[1]/android.widget.FrameLayout[1]/android.widget.FrameLayout[1]/android.widget.FrameLayout[1]/android.view.View[1]/android.view.View[1]/android.view.View[1]/android.view.View[1]/android.view.View[1]/android.widget.Button[1]"}[39m
[35m[HTTP][39m [37m<-- POST /wd/hub/session/75dea5e9-e056-4e49-b53f-cbf4488f0877/elements [39m[32m200[39m [90m99 ms - 139[39m
[35m[HTTP][39m [90m[39m
[35m[HTTP][39m [37m-->[39m [37mGET[39m [37m/wd/hub/session/75dea5e9-e056-4e49-b53f-cbf4488f0877/element/00000000-0000-0571-0000-000800000005/location[39m
[35m[HTTP][39m [90m{}[39m
[35m[W3C (75dea5e9)][39m Driver proxy active, passing request on via HTTP proxy
[35m[WD Proxy][39m Replacing sessionId fc21f636-be35-4c41-8ef6-8807689cdb5a with 75dea5e9-e056-4e49-b53f-cbf4488f0877
[35m[HTTP][39m [37m<-- GET /wd/hub/session/75dea5e9-e056-4e49-b53f-cbf4488f0877/element/00000000-0000-0571-0000-000800000005/location [39m[32m200[39m [90m24 ms - 77[39m
[35m[HTTP][39m [90m[39m
[35m[HTTP][39m [37m-->[39m [37mPOST[39m [37m/wd/hub/session/75dea5e9-e056-4e49-b53f-cbf4488f0877/timeouts[39m
[35m[HTTP][39m [90m{"implicit":60000}[39m
[35m[HTTP][39m [37m<-- POST /wd/hub/session/75dea5e9-e056-4e49-b53f-cbf4488f0877/timeouts [39m[32m200[39m [90m1 ms - 14[39m
[35m[HTTP][39m [90m[39m
[35m[HTTP][39m [37m-->[39m [37mPOST[39m [37m/wd/hub/session/75dea5e9-e056-4e49-b53f-cbf4488f0877/touch/perform[39m
[35m[HTTP][39m [90m{"actions":[{"action":"tap","options":{"x":1,"y":1,"element":"00000000-0000-0571-0000-000800000005"}},{"action":"release","options":{}}]}[39m
[35m[UiAutomator2][39m calling get location: 00000000-0000-0571-0000-000800000005
[35m[HTTP][39m [37m<-- POST /wd/hub/session/75dea5e9-e056-4e49-b53f-cbf4488f0877/touch/perform [39m[32m200[39m [90m745 ms - 14[39m
[35m[HTTP][39m [90m[39m
[35m[HTTP][39m [37m-->[39m [37mPOST[39m [37m/wd/hub/session/75dea5e9-e056-4e49-b53f-cbf4488f0877/timeouts[39m
[35m[HTTP][39m [90m{"implicit":50}[39m
[35m[HTTP][39m [37m<-- POST /wd/hub/session/75dea5e9-e056-4e49-b53f-cbf4488f0877/timeouts [39m[32m200[39m [90m1 ms - 14[39m
[35m[HTTP][39m [90m[39m
[35m[HTTP][39m [37m-->[39m [37mGET[39m [37m/wd/hub/session/75dea5e9-e056-4e49-b53f-cbf4488f0877/window/rect[39m
[35m[HTTP][39m [90m{}[39m
[35m[HTTP][39m [37m<-- GET /wd/hub/session/75dea5e9-e056-4e49-b53f-cbf4488f0877/window/rect [39m[32m200[39m [90m18 ms - 49[39m
[35m[HTTP][39m [90m[39m
[35m[HTTP][39m [37m-->[39m [37mPOST[39m [37m/wd/hub/session/75dea5e9-e056-4e49-b53f-cbf4488f0877/elements[39m
[35m[HTTP][39m [90m{"using":"xpath","value":"//hierarchy/android.widget.FrameLayout[1]/android.widget.LinearLayout[1]/android.widget.FrameLayout[1]/android.widget.FrameLayout[1]/android.widget.FrameLayout[1]/android.widget.FrameLayout[1]/android.view.View[1]/android.view.View[1]/android.view.View[1]/android.view.View[1]/android.view.View[1]/android.view.View[2]/android.widget.ImageView[2]"}[39m
[35m[HTTP][39m [37m<-- POST /wd/hub/session/75dea5e9-e056-4e49-b53f-cbf4488f0877/elements [39m[32m200[39m [90m1978 ms - 139[39m
[35m[HTTP][39m [90m[39m
[35m[HTTP][39m [37m-->[39m [37mGET[39m [37m/wd/hub/session/75dea5e9-e056-4e49-b53f-cbf4488f0877/element/00000000-0000-0571-0000-003e00000005/location[39m
[35m[HTTP][39m [90m{}[39m
[35m[W3C (75dea5e9)][39m Driver proxy active, passing request on via HTTP proxy
[35m[WD Proxy][39m Replacing sessionId fc21f636-be35-4c41-8ef6-8807689cdb5a with 75dea5e9-e056-4e49-b53f-cbf4488f0877
[35m[HTTP][39m [37m<-- GET /wd/hub/session/75dea5e9-e056-4e49-b53f-cbf4488f0877/element/00000000-0000-0571-0000-003e00000005/location [39m[32m200[39m [90m16 ms - 79[39m
[35m[HTTP][39m [90m[39m
[35m[HTTP][39m [37m-->[39m [37mPOST[39m [37m/wd/hub/session/75dea5e9-e056-4e49-b53f-cbf4488f0877/timeouts[39m
[35m[HTTP][39m [90m{"implicit":60000}[39m
[35m[HTTP][39m [37m<-- POST /wd/hub/session/75dea5e9-e056-4e49-b53f-cbf4488f0877/timeouts [39m[32m200[39m [90m1 ms - 14[39m
[35m[HTTP][39m [90m[39m
[35m[HTTP][39m [37m-->[39m [37mPOST[39m [37m/wd/hub/session/75dea5e9-e056-4e49-b53f-cbf4488f0877/touch/perform[39m
[35m[HTTP][39m [90m{"actions":[{"action":"tap","options":{"x":1,"y":1,"element":"00000000-0000-0571-0000-003e00000005"}},{"action":"release","options":{}}]}[39m
[35m[UiAutomator2][39m calling get location: 00000000-0000-0571-0000-003e00000005
[35m[HTTP][39m [37m<-- POST /wd/hub/session/75dea5e9-e056-4e49-b53f-cbf4488f0877/touch/perform [39m[32m200[39m [90m913 ms - 14[39m
[35m[HTTP][39m [90m[39m
[35m[HTTP][39m [37m-->[39m [37mPOST[39m [37m/wd/hub/session/75dea5e9-e056-4e49-b53f-cbf4488f0877/timeouts[39m
[35m[HTTP][39m [90m{"implicit":50}[39m
[35m[HTTP][39m [37m<-- POST /wd/hub/session/75dea5e9-e056-4e49-b53f-cbf4488f0877/timeouts [39m[32m200[39m [90m1 ms - 14[39m
[35m[HTTP][39m [90m[39m
[35m[HTTP][39m [37m-->[39m [37mGET[39m [37m/wd/hub/session/75dea5e9-e056-4e49-b53f-cbf4488f0877/window/rect[39m
[35m[HTTP][39m [90m{}[39m
[35m[HTTP][39m [37m<-- GET /wd/hub/session/75dea5e9-e056-4e49-b53f-cbf4488f0877/window/rect [39m[32m200[39m [90m37 ms - 49[39m
[35m[HTTP][39m [90m[39m
[35m[HTTP][39m [37m-->[39m [37mPOST[39m [37m/wd/hub/session/75dea5e9-e056-4e49-b53f-cbf4488f0877/elements[39m
[35m[HTTP][39m [90m{"using":"xpath","value":"//hierarchy/android.widget.FrameLayout[1]/android.widget.LinearLayout[1]/android.widget.FrameLayout[1]/android.widget.FrameLayout[1]/android.widget.FrameLayout[1]/android.widget.FrameLayout[1]/android.view.View[1]/android.view.View[1]/android.view.View[1]/android.view.View[1]/android.view.View[1]/android.view.View[2]/android.view.View[1]/android.view.View[2]/android.view.View[1]/android.view.View[1]/android.view.View[1]/android.view.View[1]/android.view.View[2]/android.widget.Button[1]"}[39m
[35m[HTTP][39m [37m<-- POST /wd/hub/session/75dea5e9-e056-4e49-b53f-cbf4488f0877/elements [39m[32m200[39m [90m122 ms - 139[39m
[35m[HTTP][39m [90m[39m
[35m[HTTP][39m [37m-->[39m [37mGET[39m [37m/wd/hub/session/75dea5e9-e056-4e49-b53f-cbf4488f0877/element/00000000-0000-0571-0000-005000000005/location[39m
[35m[HTTP][39m [90m{}[39m
[35m[W3C (75dea5e9)][39m Driver proxy active, passing request on via HTTP proxy
[35m[WD Proxy][39m Replacing sessionId fc21f636-be35-4c41-8ef6-8807689cdb5a with 75dea5e9-e056-4e49-b53f-cbf4488f0877
[35m[HTTP][39m [37m<-- GET /wd/hub/session/75dea5e9-e056-4e49-b53f-cbf4488f0877/element/00000000-0000-0571-0000-005000000005/location [39m[32m200[39m [90m16 ms - 77[39m
[35m[HTTP][39m [90m[39m
[35m[HTTP][39m [37m-->[39m [37mPOST[39m [37m/wd/hub/session/75dea5e9-e056-4e49-b53f-cbf4488f0877/timeouts[39m
[35m[HTTP][39m [90m{"implicit":60000}[39m
[35m[HTTP][39m [37m<-- POST /wd/hub/session/75dea5e9-e056-4e49-b53f-cbf4488f0877/timeouts [39m[32m200[39m [90m1 ms - 14[39m
[35m[HTTP][39m [90m[39m
[35m[HTTP][39m [37m-->[39m [37mPOST[39m [37m/wd/hub/session/75dea5e9-e056-4e49-b53f-cbf4488f0877/touch/perform[39m
[35m[HTTP][39m [90m{"actions":[{"action":"tap","options":{"x":1,"y":1,"element":"00000000-0000-0571-0000-005000000005"}},{"action":"release","options":{}}]}[39m
[35m[UiAutomator2][39m calling get location: 00000000-0000-0571-0000-005000000005
[35m[HTTP][39m [37m<-- POST /wd/hub/session/75dea5e9-e056-4e49-b53f-cbf4488f0877/touch/perform [39m[32m200[39m [90m1075 ms - 14[39m
[35m[HTTP][39m [90m[39m
[35m[HTTP][39m [37m-->[39m [37mPOST[39m [37m/wd/hub/session/75dea5e9-e056-4e49-b53f-cbf4488f0877/timeouts[39m
[35m[HTTP][39m [90m{"implicit":50}[39m
[35m[HTTP][39m [37m<-- POST /wd/hub/session/75dea5e9-e056-4e49-b53f-cbf4488f0877/timeouts [39m[32m200[39m [90m1 ms - 14[39m
[35m[HTTP][39m [90m[39m
[35m[HTTP][39m [37m-->[39m [37mGET[39m [37m/wd/hub/session/75dea5e9-e056-4e49-b53f-cbf4488f0877/window/rect[39m
[35m[HTTP][39m [90m{}[39m
[35m[HTTP][39m [37m<-- GET /wd/hub/session/75dea5e9-e056-4e49-b53f-cbf4488f0877/window/rect [39m[32m200[39m [90m36 ms - 49[39m
[35m[HTTP][39m [90m[39m
[35m[HTTP][39m [37m-->[39m [37mPOST[39m [37m/wd/hub/session/75dea5e9-e056-4e49-b53f-cbf4488f0877/elements[39m
[35m[HTTP][39m [90m{"using":"xpath","value":"//hierarchy/android.widget.FrameLayout[1]/android.widget.LinearLayout[1]/android.widget.FrameLayout[1]/android.widget.FrameLayout[1]/android.widget.FrameLayout[1]/android.widget.FrameLayout[1]/android.view.View[1]/android.view.View[1]/android.view.View[1]/android.view.View[1]/android.view.View[1]/android.view.View[1]/android.view.View[1]/android.view.View[3]"}[39m
[35m[HTTP][39m [37m<-- POST /wd/hub/session/75dea5e9-e056-4e49-b53f-cbf4488f0877/elements [39m[32m200[39m [90m86 ms - 139[39m
[35m[HTTP][39m [90m[39m
[35m[HTTP][39m [37m-->[39m [37mGET[39m [37m/wd/hub/session/75dea5e9-e056-4e49-b53f-cbf4488f0877/element/00000000-0000-0571-0000-006d00000005/location[39m
[35m[HTTP][39m [90m{}[39m
[35m[W3C (75dea5e9)][39m Driver proxy active, passing request on via HTTP proxy
[35m[WD Proxy][39m Replacing sessionId fc21f636-be35-4c41-8ef6-8807689cdb5a with 75dea5e9-e056-4e49-b53f-cbf4488f0877
[35m[HTTP][39m [37m<-- GET /wd/hub/session/75dea5e9-e056-4e49-b53f-cbf4488f0877/element/00000000-0000-0571-0000-006d00000005/location [39m[32m200[39m [90m22 ms - 78[39m
[35m[HTTP][39m [90m[39m
[35m[HTTP][39m [37m-->[39m [37mPOST[39m [37m/wd/hub/session/75dea5e9-e056-4e49-b53f-cbf4488f0877/timeouts[39m
[35m[HTTP][39m [90m{"implicit":60000}[39m
[35m[HTTP][39m [37m<-- POST /wd/hub/session/75dea5e9-e056-4e49-b53f-cbf4488f0877/timeouts [39m[32m200[39m [90m1 ms - 14[39m
[35m[HTTP][39m [90m[39m
[35m[HTTP][39m [37m-->[39m [37mPOST[39m [37m/wd/hub/session/75dea5e9-e056-4e49-b53f-cbf4488f0877/touch/perform[39m
[35m[HTTP][39m [90m{"actions":[{"action":"tap","options":{"x":1,"y":1,"element":"00000000-0000-0571-0000-006d00000005"}},{"action":"release","options":{}}]}[39m
[35m[UiAutomator2][39m calling get location: 00000000-0000-0571-0000-006d00000005
[35m[HTTP][39m [37m<-- POST /wd/hub/session/75dea5e9-e056-4e49-b53f-cbf4488f0877/touch/perform [39m[32m200[39m [90m1115 ms - 14[39m
[35m[HTTP][39m [90m[39m
[35m[HTTP][39m [37m-->[39m [37mPOST[39m [37m/wd/hub/session/75dea5e9-e056-4e49-b53f-cbf4488f0877/timeouts[39m
[35m[HTTP][39m [90m{"implicit":50}[39m
[35m[HTTP][39m [37m<-- POST /wd/hub/session/75dea5e9-e056-4e49-b53f-cbf4488f0877/timeouts [39m[32m200[39m [90m1 ms - 14[39m
[35m[HTTP][39m [90m[39m
[35m[HTTP][39m [37m-->[39m [37mGET[39m [37m/wd/hub/session/75dea5e9-e056-4e49-b53f-cbf4488f0877/window/rect[39m
[35m[HTTP][39m [90m{}[39m
[35m[HTTP][39m [37m<-- GET /wd/hub/session/75dea5e9-e056-4e49-b53f-cbf4488f0877/window/rect [39m[32m200[39m [90m23 ms - 49[39m
[35m[HTTP][39m [90m[39m
[35m[HTTP][39m [37m-->[39m [37mPOST[39m [37m/wd/hub/session/75dea5e9-e056-4e49-b53f-cbf4488f0877/elements[39m
[35m[HTTP][39m [90m{"using":"xpath","value":"//hierarchy/android.widget.FrameLayout[1]/android.widget.LinearLayout[1]/android.widget.FrameLayout[1]/android.widget.FrameLayout[1]/android.widget.FrameLayout[1]/android.widget.FrameLayout[1]/android.view.View[1]/android.view.View[1]/android.view.View[1]/android.view.View[1]/android.view.View[1]/android.view.View[2]/android.view.View[1]/android.view.View[2]/android.view.View[1]/android.view.View[1]/android.view.View[1]/android.view.View[1]/android.view.View[2]/android.widget.Button[2]"}[39m
[35m[HTTP][39m [37m<-- POST /wd/hub/session/75dea5e9-e056-4e49-b53f-cbf4488f0877/elements [39m[32m200[39m [90m133 ms - 139[39m
[35m[HTTP][39m [90m[39m
[35m[HTTP][39m [37m-->[39m [37mGET[39m [37m/wd/hub/session/75dea5e9-e056-4e49-b53f-cbf4488f0877/element/00000000-0000-0571-0000-005100000005/location[39m
[35m[HTTP][39m [90m{}[39m
[35m[W3C (75dea5e9)][39m Driver proxy active, passing request on via HTTP proxy
[35m[WD Proxy][39m Replacing sessionId fc21f636-be35-4c41-8ef6-8807689cdb5a with 75dea5e9-e056-4e49-b53f-cbf4488f0877
[35m[HTTP][39m [37m<-- GET /wd/hub/session/75dea5e9-e056-4e49-b53f-cbf4488f0877/element/00000000-0000-0571-0000-005100000005/location [39m[32m200[39m [90m16 ms - 77[39m
[35m[HTTP][39m [90m[39m
[35m[HTTP][39m [37m-->[39m [37mPOST[39m [37m/wd/hub/session/75dea5e9-e056-4e49-b53f-cbf4488f0877/timeouts[39m
[35m[HTTP][39m [90m{"implicit":60000}[39m
[35m[HTTP][39m [37m<-- POST /wd/hub/session/75dea5e9-e056-4e49-b53f-cbf4488f0877/timeouts [39m[32m200[39m [90m1 ms - 14[39m
[35m[HTTP][39m [90m[39m
[35m[HTTP][39m [37m-->[39m [37mPOST[39m [37m/wd/hub/session/75dea5e9-e056-4e49-b53f-cbf4488f0877/touch/perform[39m
[35m[HTTP][39m [90m{"actions":[{"action":"tap","options":{"x":1,"y":1,"element":"00000000-0000-0571-0000-005100000005"}},{"action":"release","options":{}}]}[39m
[35m[UiAutomator2][39m calling get location: 00000000-0000-0571-0000-005100000005
[35m[HTTP][39m [37m<-- POST /wd/hub/session/75dea5e9-e056-4e49-b53f-cbf4488f0877/touch/perform [39m[32m200[39m [90m934 ms - 14[39m
[35m[HTTP][39m [90m[39m
[35m[HTTP][39m [37m-->[39m [37mPOST[39m [37m/wd/hub/session/75dea5e9-e056-4e49-b53f-cbf4488f0877/timeouts[39m
[35m[HTTP][39m [90m{"implicit":50}[39m
[35m[HTTP][39m [37m<-- POST /wd/hub/session/75dea5e9-e056-4e49-b53f-cbf4488f0877/timeouts [39m[32m200[39m [90m1 ms - 14[39m
[35m[HTTP][39m [90m[39m
[35m[HTTP][39m [37m-->[39m [37mGET[39m [37m/wd/hub/session/75dea5e9-e056-4e49-b53f-cbf4488f0877/window/rect[39m
[35m[HTTP][39m [90m{}[39m
[35m[HTTP][39m [37m<-- GET /wd/hub/session/75dea5e9-e056-4e49-b53f-cbf4488f0877/window/rect [39m[32m200[39m [90m35 ms - 49[39m
[35m[HTTP][39m [90m[39m
[35m[HTTP][39m [37m-->[39m [37mPOST[39m [37m/wd/hub/session/75dea5e9-e056-4e49-b53f-cbf4488f0877/elements[39m
[35m[HTTP][39m [90m{"using":"xpath","value":"//hierarchy/android.widget.FrameLayout[1]/android.widget.LinearLayout[1]/android.widget.FrameLayout[1]/android.widget.FrameLayout[1]/android.widget.FrameLayout[1]/android.widget.FrameLayout[1]/android.view.View[1]/android.view.View[1]/android.view.View[1]/android.view.View[1]/android.view.View[1]/android.view.View[1]/android.view.View[1]/android.view.View[3]"}[39m
[35m[HTTP][39m [37m<-- POST /wd/hub/session/75dea5e9-e056-4e49-b53f-cbf4488f0877/elements [39m[32m200[39m [90m96 ms - 139[39m
[35m[HTTP][39m [90m[39m
[35m[HTTP][39m [37m-->[39m [37mGET[39m [37m/wd/hub/session/75dea5e9-e056-4e49-b53f-cbf4488f0877/element/00000000-0000-0571-0000-008300000005/location[39m
[35m[HTTP][39m [90m{}[39m
[35m[W3C (75dea5e9)][39m Driver proxy active, passing request on via HTTP proxy
[35m[WD Proxy][39m Replacing sessionId fc21f636-be35-4c41-8ef6-8807689cdb5a with 75dea5e9-e056-4e49-b53f-cbf4488f0877
[35m[HTTP][39m [37m<-- GET /wd/hub/session/75dea5e9-e056-4e49-b53f-cbf4488f0877/element/00000000-0000-0571-0000-008300000005/location [39m[32m200[39m [90m22 ms - 78[39m
[35m[HTTP][39m [90m[39m
[35m[HTTP][39m [37m-->[39m [37mPOST[39m [37m/wd/hub/session/75dea5e9-e056-4e49-b53f-cbf4488f0877/timeouts[39m
[35m[HTTP][39m [90m{"implicit":60000}[39m
[35m[HTTP][39m [37m<-- POST /wd/hub/session/75dea5e9-e056-4e49-b53f-cbf4488f0877/timeouts [39m[32m200[39m [90m1 ms - 14[39m
[35m[HTTP][39m [90m[39m
[35m[HTTP][39m [37m-->[39m [37mPOST[39m [37m/wd/hub/session/75dea5e9-e056-4e49-b53f-cbf4488f0877/touch/perform[39m
[35m[HTTP][39m [90m{"actions":[{"action":"tap","options":{"x":1,"y":1,"element":"00000000-0000-0571-0000-008300000005"}},{"action":"release","options":{}}]}[39m
[35m[UiAutomator2][39m calling get location: 00000000-0000-0571-0000-008300000005
[35m[HTTP][39m [37m<-- POST /wd/hub/session/75dea5e9-e056-4e49-b53f-cbf4488f0877/touch/perform [39m[32m200[39m [90m1026 ms - 14[39m
[35m[HTTP][39m [90m[39m
[35m[HTTP][39m [37m-->[39m [37mPOST[39m [37m/wd/hub/session/75dea5e9-e056-4e49-b53f-cbf4488f0877/timeouts[39m
[35m[HTTP][39m [90m{"implicit":50}[39m
[35m[HTTP][39m [37m<-- POST /wd/hub/session/75dea5e9-e056-4e49-b53f-cbf4488f0877/timeouts [39m[32m200[39m [90m1 ms - 14[39m
[35m[HTTP][39m [90m[39m
[35m[HTTP][39m [37m-->[39m [37mGET[39m [37m/wd/hub/session/75dea5e9-e056-4e49-b53f-cbf4488f0877/window/rect[39m
[35m[HTTP][39m [90m{}[39m
[35m[HTTP][39m [37m<-- GET /wd/hub/session/75dea5e9-e056-4e49-b53f-cbf4488f0877/window/rect [39m[32m200[39m [90m34 ms - 49[39m
[35m[HTTP][39m [90m[39m
[35m[HTTP][39m [37m-->[39m [37mPOST[39m [37m/wd/hub/session/75dea5e9-e056-4e49-b53f-cbf4488f0877/elements[39m
[35m[HTTP][39m [90m{"using":"xpath","value":"//hierarchy/android.widget.FrameLayout[1]/android.widget.LinearLayout[1]/android.widget.FrameLayout[1]/android.widget.FrameLayout[1]/android.widget.FrameLayout[1]/android.widget.FrameLayout[1]/android.view.View[1]/android.view.View[1]/android.view.View[1]/android.view.View[1]/android.view.View[1]/android.view.View[2]/android.view.View[1]/android.view.View[2]/android.view.View[1]/android.view.View[1]/android.view.View[1]/android.view.View[1]/android.view.View[2]/android.widget.Button[3]"}[39m
[35m[HTTP][39m [37m<-- POST /wd/hub/session/75dea5e9-e056-4e49-b53f-cbf4488f0877/elements [39m[32m200[39m [90m106 ms - 139[39m
[35m[HTTP][39m [90m[39m
[35m[HTTP][39m [37m-->[39m [37mGET[39m [37m/wd/hub/session/75dea5e9-e056-4e49-b53f-cbf4488f0877/element/00000000-0000-0571-0000-005200000005/location[39m
[35m[HTTP][39m [90m{}[39m
[35m[W3C (75dea5e9)][39m Driver proxy active, passing request on via HTTP proxy
[35m[WD Proxy][39m Replacing sessionId fc21f636-be35-4c41-8ef6-8807689cdb5a with 75dea5e9-e056-4e49-b53f-cbf4488f0877
[35m[HTTP][39m [37m<-- GET /wd/hub/session/75dea5e9-e056-4e49-b53f-cbf4488f0877/element/00000000-0000-0571-0000-005200000005/location [39m[32m200[39m [90m16 ms - 78[39m
[35m[HTTP][39m [90m[39m
[35m[HTTP][39m [37m-->[39m [37mPOST[39m [37m/wd/hub/session/75dea5e9-e056-4e49-b53f-cbf4488f0877/timeouts[39m
[35m[HTTP][39m [90m{"implicit":60000}[39m
[35m[HTTP][39m [37m<-- POST /wd/hub/session/75dea5e9-e056-4e49-b53f-cbf4488f0877/timeouts [39m[32m200[39m [90m1 ms - 14[39m
[35m[HTTP][39m [90m[39m
[35m[HTTP][39m [37m-->[39m [37mPOST[39m [37m/wd/hub/session/75dea5e9-e056-4e49-b53f-cbf4488f0877/touch/perform[39m
[35m[HTTP][39m [90m{"actions":[{"action":"tap","options":{"x":1,"y":1,"element":"00000000-0000-0571-0000-005200000005"}},{"action":"release","options":{}}]}[39m
[35m[UiAutomator2][39m calling get location: 00000000-0000-0571-0000-005200000005
[35m[HTTP][39m [37m<-- POST /wd/hub/session/75dea5e9-e056-4e49-b53f-cbf4488f0877/touch/perform [39m[32m200[39m [90m947 ms - 14[39m
[35m[HTTP][39m [90m[39m
[35m[HTTP][39m [37m-->[39m [37mPOST[39m [37m/wd/hub/session/75dea5e9-e056-4e49-b53f-cbf4488f0877/timeouts[39m
[35m[HTTP][39m [90m{"implicit":50}[39m
[35m[HTTP][39m [37m<-- POST /wd/hub/session/75dea5e9-e056-4e49-b53f-cbf4488f0877/timeouts [39m[32m200[39m [90m1 ms - 14[39m
[35m[HTTP][39m [90m[39m
[35m[HTTP][39m [37m-->[39m [37mGET[39m [37m/wd/hub/session/75dea5e9-e056-4e49-b53f-cbf4488f0877/window/rect[39m
[35m[HTTP][39m [90m{}[39m
[35m[HTTP][39m [37m<-- GET /wd/hub/session/75dea5e9-e056-4e49-b53f-cbf4488f0877/window/rect [39m[32m200[39m [90m20 ms - 49[39m
[35m[HTTP][39m [90m[39m
[35m[HTTP][39m [37m-->[39m [37mPOST[39m [37m/wd/hub/session/75dea5e9-e056-4e49-b53f-cbf4488f0877/elements[39m
[35m[HTTP][39m [90m{"using":"xpath","value":"//hierarchy/android.widget.FrameLayout[1]/android.widget.LinearLayout[1]/android.widget.FrameLayout[1]/android.widget.FrameLayout[1]/android.widget.FrameLayout[1]/android.widget.FrameLayout[1]/android.view.View[1]/android.view.View[1]/android.view.View[1]/android.view.View[1]/android.view.View[1]/android.view.View[1]/android.view.View[1]/android.view.View[3]"}[39m
[35m[HTTP][39m [37m<-- POST /wd/hub/session/75dea5e9-e056-4e49-b53f-cbf4488f0877/elements [39m[32m200[39m [90m354 ms - 139[39m
[35m[HTTP][39m [90m[39m
[35m[HTTP][39m [37m-->[39m [37mGET[39m [37m/wd/hub/session/75dea5e9-e056-4e49-b53f-cbf4488f0877/element/00000000-0000-0571-0000-009900000005/location[39m
[35m[HTTP][39m [90m{}[39m
[35m[W3C (75dea5e9)][39m Driver proxy active, passing request on via HTTP proxy
[35m[WD Proxy][39m Replacing sessionId fc21f636-be35-4c41-8ef6-8807689cdb5a with 75dea5e9-e056-4e49-b53f-cbf4488f0877
[35m[HTTP][39m [37m<-- GET /wd/hub/session/75dea5e9-e056-4e49-b53f-cbf4488f0877/element/00000000-0000-0571-0000-009900000005/location [39m[32m200[39m [90m22 ms - 78[39m
[35m[HTTP][39m [90m[39m
[35m[HTTP][39m [37m-->[39m [37mPOST[39m [37m/wd/hub/session/75dea5e9-e056-4e49-b53f-cbf4488f0877/timeouts[39m
[35m[HTTP][39m [90m{"implicit":60000}[39m
[35m[HTTP][39m [37m<-- POST /wd/hub/session/75dea5e9-e056-4e49-b53f-cbf4488f0877/timeouts [39m[32m200[39m [90m2 ms - 14[39m
[35m[HTTP][39m [90m[39m
[35m[HTTP][39m [37m-->[39m [37mPOST[39m [37m/wd/hub/session/75dea5e9-e056-4e49-b53f-cbf4488f0877/touch/perform[39m
[35m[HTTP][39m [90m{"actions":[{"action":"tap","options":{"x":1,"y":1,"element":"00000000-0000-0571-0000-009900000005"}},{"action":"release","options":{}}]}[39m
[35m[UiAutomator2][39m calling get location: 00000000-0000-0571-0000-009900000005
[35m[HTTP][39m [37m<-- POST /wd/hub/session/75dea5e9-e056-4e49-b53f-cbf4488f0877/touch/perform [39m[32m200[39m [90m1253 ms - 14[39m
[35m[HTTP][39m [90m[39m
[35m[HTTP][39m [37m-->[39m [37mPOST[39m [37m/wd/hub/session/75dea5e9-e056-4e49-b53f-cbf4488f0877/timeouts[39m
[35m[HTTP][39m [90m{"implicit":50}[39m
[35m[HTTP][39m [37m<-- POST /wd/hub/session/75dea5e9-e056-4e49-b53f-cbf4488f0877/timeouts [39m[32m200[39m [90m1 ms - 14[39m
[35m[HTTP][39m [90m[39m
[35m[HTTP][39m [37m-->[39m [37mGET[39m [37m/wd/hub/session/75dea5e9-e056-4e49-b53f-cbf4488f0877/window/rect[39m
[35m[HTTP][39m [90m{}[39m
[35m[HTTP][39m [37m<-- GET /wd/hub/session/75dea5e9-e056-4e49-b53f-cbf4488f0877/window/rect [39m[32m200[39m [90m20 ms - 49[39m
[35m[HTTP][39m [90m[39m
[35m[HTTP][39m [37m-->[39m [37mPOST[39m [37m/wd/hub/session/75dea5e9-e056-4e49-b53f-cbf4488f0877/elements[39m
[35m[HTTP][39m [90m{"using":"xpath","value":"//hierarchy/android.widget.FrameLayout[1]/android.widget.LinearLayout[1]/android.widget.FrameLayout[1]/android.widget.FrameLayout[1]/android.widget.FrameLayout[1]/android.widget.FrameLayout[1]/android.view.View[1]/android.view.View[1]/android.view.View[1]/android.view.View[1]/android.view.View[1]/android.view.View[2]/android.view.View[1]/android.view.View[2]/android.view.View[1]/android.view.View[1]/android.view.View[1]/android.view.View[1]/android.view.View[2]/android.widget.Button[4]"}[39m
[35m[HTTP][39m [37m<-- POST /wd/hub/session/75dea5e9-e056-4e49-b53f-cbf4488f0877/elements [39m[32m200[39m [90m116 ms - 139[39m
[35m[HTTP][39m [90m[39m
[35m[HTTP][39m [37m-->[39m [37mGET[39m [37m/wd/hub/session/75dea5e9-e056-4e49-b53f-cbf4488f0877/element/00000000-0000-0571-0000-005300000005/location[39m
[35m[HTTP][39m [90m{}[39m
[35m[W3C (75dea5e9)][39m Driver proxy active, passing request on via HTTP proxy
[35m[WD Proxy][39m Replacing sessionId fc21f636-be35-4c41-8ef6-8807689cdb5a with 75dea5e9-e056-4e49-b53f-cbf4488f0877
[35m[HTTP][39m [37m<-- GET /wd/hub/session/75dea5e9-e056-4e49-b53f-cbf4488f0877/element/00000000-0000-0571-0000-005300000005/location [39m[32m200[39m [90m16 ms - 77[39m
[35m[HTTP][39m [90m[39m
[35m[HTTP][39m [37m-->[39m [37mPOST[39m [37m/wd/hub/session/75dea5e9-e056-4e49-b53f-cbf4488f0877/timeouts[39m
[35m[HTTP][39m [90m{"implicit":60000}[39m
[35m[HTTP][39m [37m<-- POST /wd/hub/session/75dea5e9-e056-4e49-b53f-cbf4488f0877/timeouts [39m[32m200[39m [90m1 ms - 14[39m
[35m[HTTP][39m [90m[39m
[35m[HTTP][39m [37m-->[39m [37mPOST[39m [37m/wd/hub/session/75dea5e9-e056-4e49-b53f-cbf4488f0877/touch/perform[39m
[35m[HTTP][39m [90m{"actions":[{"action":"tap","options":{"x":1,"y":1,"element":"00000000-0000-0571-0000-005300000005"}},{"action":"release","options":{}}]}[39m
[35m[UiAutomator2][39m calling get location: 00000000-0000-0571-0000-005300000005
[35m[HTTP][39m [37m<-- POST /wd/hub/session/75dea5e9-e056-4e49-b53f-cbf4488f0877/touch/perform [39m[32m200[39m [90m954 ms - 14[39m
[35m[HTTP][39m [90m[39m
[35m[HTTP][39m [37m-->[39m [37mPOST[39m [37m/wd/hub/session/75dea5e9-e056-4e49-b53f-cbf4488f0877/timeouts[39m
[35m[HTTP][39m [90m{"implicit":50}[39m
[35m[HTTP][39m [37m<-- POST /wd/hub/session/75dea5e9-e056-4e49-b53f-cbf4488f0877/timeouts [39m[32m200[39m [90m1 ms - 14[39m
[35m[HTTP][39m [90m[39m
[35m[HTTP][39m [37m-->[39m [37mGET[39m [37m/wd/hub/session/75dea5e9-e056-4e49-b53f-cbf4488f0877/window/rect[39m
[35m[HTTP][39m [90m{}[39m
[35m[HTTP][39m [37m<-- GET /wd/hub/session/75dea5e9-e056-4e49-b53f-cbf4488f0877/window/rect [39m[32m200[39m [90m34 ms - 49[39m
[35m[HTTP][39m [90m[39m
[35m[HTTP][39m [37m-->[39m [37mPOST[39m [37m/wd/hub/session/75dea5e9-e056-4e49-b53f-cbf4488f0877/elements[39m
[35m[HTTP][39m [90m{"using":"xpath","value":"//hierarchy/android.widget.FrameLayout[1]/android.widget.LinearLayout[1]/android.widget.FrameLayout[1]/android.widget.FrameLayout[1]/android.widget.FrameLayout[1]/android.widget.FrameLayout[1]/android.view.View[1]/android.view.View[1]/android.view.View[1]/android.view.View[1]/android.view.View[1]/android.view.View[1]/android.view.View[1]/android.view.View[3]"}[39m
[35m[HTTP][39m [37m<-- POST /wd/hub/session/75dea5e9-e056-4e49-b53f-cbf4488f0877/elements [39m[32m200[39m [90m88 ms - 139[39m
[35m[HTTP][39m [90m[39m
[35m[HTTP][39m [37m-->[39m [37mGET[39m [37m/wd/hub/session/75dea5e9-e056-4e49-b53f-cbf4488f0877/element/00000000-0000-0571-0000-00ae00000005/location[39m
[35m[HTTP][39m [90m{}[39m
[35m[W3C (75dea5e9)][39m Driver proxy active, passing request on via HTTP proxy
[35m[WD Proxy][39m Replacing sessionId fc21f636-be35-4c41-8ef6-8807689cdb5a with 75dea5e9-e056-4e49-b53f-cbf4488f0877
[35m[HTTP][39m [37m<-- GET /wd/hub/session/75dea5e9-e056-4e49-b53f-cbf4488f0877/element/00000000-0000-0571-0000-00ae00000005/location [39m[32m200[39m [90m19 ms - 78[39m
[35m[HTTP][39m [90m[39m
[35m[HTTP][39m [37m-->[39m [37mPOST[39m [37m/wd/hub/session/75dea5e9-e056-4e49-b53f-cbf4488f0877/timeouts[39m
[35m[HTTP][39m [90m{"implicit":60000}[39m
[35m[HTTP][39m [37m<-- POST /wd/hub/session/75dea5e9-e056-4e49-b53f-cbf4488f0877/timeouts [39m[32m200[39m [90m1 ms - 14[39m
[35m[HTTP][39m [90m[39m
[35m[HTTP][39m [37m-->[39m [37mPOST[39m [37m/wd/hub/session/75dea5e9-e056-4e49-b53f-cbf4488f0877/touch/perform[39m
[35m[HTTP][39m [90m{"actions":[{"action":"tap","options":{"x":1,"y":1,"element":"00000000-0000-0571-0000-00ae00000005"}},{"action":"release","options":{}}]}[39m
[35m[UiAutomator2][39m calling get location: 00000000-0000-0571-0000-00ae00000005
[35m[HTTP][39m [37m<-- POST /wd/hub/session/75dea5e9-e056-4e49-b53f-cbf4488f0877/touch/perform [39m[32m200[39m [90m972 ms - 14[39m
[35m[HTTP][39m [90m[39m
[35m[HTTP][39m [37m-->[39m [37mPOST[39m [37m/wd/hub/session/75dea5e9-e056-4e49-b53f-cbf4488f0877/timeouts[39m
[35m[HTTP][39m [90m{"implicit":50}[39m
[35m[HTTP][39m [37m<-- POST /wd/hub/session/75dea5e9-e056-4e49-b53f-cbf4488f0877/timeouts [39m[32m200[39m [90m1 ms - 14[39m
[35m[HTTP][39m [90m[39m
[35m[HTTP][39m [37m-->[39m [37mGET[39m [37m/wd/hub/session/75dea5e9-e056-4e49-b53f-cbf4488f0877/window/rect[39m
[35m[HTTP][39m [90m{}[39m
[35m[HTTP][39m [37m<-- GET /wd/hub/session/75dea5e9-e056-4e49-b53f-cbf4488f0877/window/rect [39m[32m200[39m [90m36 ms - 49[39m
[35m[HTTP][39m [90m[39m
[35m[HTTP][39m [37m-->[39m [37mPOST[39m [37m/wd/hub/session/75dea5e9-e056-4e49-b53f-cbf4488f0877/elements[39m
[35m[HTTP][39m [90m{"using":"xpath","value":"//hierarchy/android.widget.FrameLayout[1]/android.widget.LinearLayout[1]/android.widget.FrameLayout[1]/android.widget.FrameLayout[1]/android.widget.FrameLayout[1]/android.widget.FrameLayout[1]/android.view.View[1]/android.view.View[1]/android.view.View[1]/android.view.View[1]/android.view.View[1]/android.view.View[2]/android.view.View[1]/android.view.View[2]/android.view.View[1]/android.view.View[1]/android.view.View[1]/android.view.View[1]/android.view.View[2]/android.widget.Button[5]"}[39m
[35m[HTTP][39m [37m<-- POST /wd/hub/session/75dea5e9-e056-4e49-b53f-cbf4488f0877/elements [39m[32m200[39m [90m103 ms - 139[39m
[35m[HTTP][39m [90m[39m
[35m[HTTP][39m [37m-->[39m [37mGET[39m [37m/wd/hub/session/75dea5e9-e056-4e49-b53f-cbf4488f0877/element/00000000-0000-0571-0000-005400000005/location[39m
[35m[HTTP][39m [90m{}[39m
[35m[W3C (75dea5e9)][39m Driver proxy active, passing request on via HTTP proxy
[35m[WD Proxy][39m Replacing sessionId fc21f636-be35-4c41-8ef6-8807689cdb5a with 75dea5e9-e056-4e49-b53f-cbf4488f0877
[35m[HTTP][39m [37m<-- GET /wd/hub/session/75dea5e9-e056-4e49-b53f-cbf4488f0877/element/00000000-0000-0571-0000-005400000005/location [39m[32m200[39m [90m23 ms - 78[39m
[35m[HTTP][39m [90m[39m
[35m[HTTP][39m [37m-->[39m [37mPOST[39m [37m/wd/hub/session/75dea5e9-e056-4e49-b53f-cbf4488f0877/timeouts[39m
[35m[HTTP][39m [90m{"implicit":60000}[39m
[35m[HTTP][39m [37m<-- POST /wd/hub/session/75dea5e9-e056-4e49-b53f-cbf4488f0877/timeouts [39m[32m200[39m [90m1 ms - 14[39m
[35m[HTTP][39m [90m[39m
[35m[HTTP][39m [37m-->[39m [37mPOST[39m [37m/wd/hub/session/75dea5e9-e056-4e49-b53f-cbf4488f0877/touch/perform[39m
[35m[HTTP][39m [90m{"actions":[{"action":"tap","options":{"x":1,"y":1,"element":"00000000-0000-0571-0000-005400000005"}},{"action":"release","options":{}}]}[39m
[35m[UiAutomator2][39m calling get location: 00000000-0000-0571-0000-005400000005
[35m[HTTP][39m [37m<-- POST /wd/hub/session/75dea5e9-e056-4e49-b53f-cbf4488f0877/touch/perform [39m[32m200[39m [90m961 ms - 14[39m
[35m[HTTP][39m [90m[39m
[35m[HTTP][39m [37m-->[39m [37mPOST[39m [37m/wd/hub/session/75dea5e9-e056-4e49-b53f-cbf4488f0877/timeouts[39m
[35m[HTTP][39m [90m{"implicit":50}[39m
[35m[HTTP][39m [37m<-- POST /wd/hub/session/75dea5e9-e056-4e49-b53f-cbf4488f0877/timeouts [39m[32m200[39m [90m1 ms - 14[39m
[35m[HTTP][39m [90m[39m
[35m[HTTP][39m [37m-->[39m [37mGET[39m [37m/wd/hub/session/75dea5e9-e056-4e49-b53f-cbf4488f0877/window/rect[39m
[35m[HTTP][39m [90m{}[39m
[35m[HTTP][39m [37m<-- GET /wd/hub/session/75dea5e9-e056-4e49-b53f-cbf4488f0877/window/rect [39m[32m200[39m [90m33 ms - 49[39m
[35m[HTTP][39m [90m[39m
[35m[HTTP][39m [37m-->[39m [37mPOST[39m [37m/wd/hub/session/75dea5e9-e056-4e49-b53f-cbf4488f0877/elements[39m
[35m[HTTP][39m [90m{"using":"xpath","value":"//hierarchy/android.widget.FrameLayout[1]/android.widget.LinearLayout[1]/android.widget.FrameLayout[1]/android.widget.FrameLayout[1]/android.widget.FrameLayout[1]/android.widget.FrameLayout[1]/android.view.View[1]/android.view.View[1]/android.view.View[1]/android.view.View[1]/android.view.View[1]/android.view.View[1]/android.view.View[1]/android.view.View[3]/android.view.View[1]/android.view.View[1]/android.view.View[2]"}[39m
[35m[HTTP][39m [37m<-- POST /wd/hub/session/75dea5e9-e056-4e49-b53f-cbf4488f0877/elements [39m[32m200[39m [90m88 ms - 139[39m
[35m[HTTP][39m [90m[39m
[35m[HTTP][39m [37m-->[39m [37mGET[39m [37m/wd/hub/session/75dea5e9-e056-4e49-b53f-cbf4488f0877/element/00000000-0000-0571-0000-00c700000005/location[39m
[35m[HTTP][39m [90m{}[39m
[35m[W3C (75dea5e9)][39m Driver proxy active, passing request on via HTTP proxy
[35m[WD Proxy][39m Replacing sessionId fc21f636-be35-4c41-8ef6-8807689cdb5a with 75dea5e9-e056-4e49-b53f-cbf4488f0877
[35m[HTTP][39m [37m<-- GET /wd/hub/session/75dea5e9-e056-4e49-b53f-cbf4488f0877/element/00000000-0000-0571-0000-00c700000005/location [39m[32m200[39m [90m21 ms - 77[39m
[35m[HTTP][39m [90m[39m
[35m[HTTP][39m [37m-->[39m [37mPOST[39m [37m/wd/hub/session/75dea5e9-e056-4e49-b53f-cbf4488f0877/timeouts[39m
[35m[HTTP][39m [90m{"implicit":60000}[39m
[35m[HTTP][39m [37m<-- POST /wd/hub/session/75dea5e9-e056-4e49-b53f-cbf4488f0877/timeouts [39m[32m200[39m [90m1 ms - 14[39m
[35m[HTTP][39m [90m[39m
[35m[HTTP][39m [37m-->[39m [37mPOST[39m [37m/wd/hub/session/75dea5e9-e056-4e49-b53f-cbf4488f0877/touch/perform[39m
[35m[HTTP][39m [90m{"actions":[{"action":"tap","options":{"x":1,"y":1,"element":"00000000-0000-0571-0000-00c700000005"}},{"action":"release","options":{}}]}[39m
[35m[UiAutomator2][39m calling get location: 00000000-0000-0571-0000-00c700000005
[35m[HTTP][39m [37m<-- POST /wd/hub/session/75dea5e9-e056-4e49-b53f-cbf4488f0877/touch/perform [39m[32m200[39m [90m1169 ms - 14[39m
[35m[HTTP][39m [90m[39m
[35m[HTTP][39m [37m-->[39m [37mPOST[39m [37m/wd/hub/session/75dea5e9-e056-4e49-b53f-cbf4488f0877/appium/device/press_keycode[39m
[35m[HTTP][39m [90m{"keycode":187}[39m
[35m[HTTP][39m [37m<-- POST /wd/hub/session/75dea5e9-e056-4e49-b53f-cbf4488f0877/appium/device/press_keycode [39m[32m200[39m [90m77 ms - 14[39m
[35m[HTTP][39m [90m[39m
[35m[HTTP][39m [37m-->[39m [37mGET[39m [37m/wd/hub/session/75dea5e9-e056-4e49-b53f-cbf4488f0877/context[39m
[35m[HTTP][39m [90m{}[39m
[35m[HTTP][39m [37m<-- GET /wd/hub/session/75dea5e9-e056-4e49-b53f-cbf4488f0877/context [39m[32m200[39m [90m1 ms - 22[39m
[35m[HTTP][39m [90m[39m
[35m[HTTP][39m [37m-->[39m [37mGET[39m [37m/wd/hub/session/75dea5e9-e056-4e49-b53f-cbf4488f0877/contexts[39m
[35m[HTTP][39m [90m{}[39m
[35m[HTTP][39m [37m<-- GET /wd/hub/session/75dea5e9-e056-4e49-b53f-cbf4488f0877/contexts [39m[32m200[39m [90m164 ms - 24[39m
[35m[HTTP][39m [90m[39m
[35m[HTTP][39m [37m-->[39m [37mPOST[39m [37m/wd/hub/session/75dea5e9-e056-4e49-b53f-cbf4488f0877/context[39m
[35m[HTTP][39m [90m{"name":"NATIVE_APP"}[39m
[35m[HTTP][39m [37m<-- POST /wd/hub/session/75dea5e9-e056-4e49-b53f-cbf4488f0877/context [39m[32m200[39m [90m2 ms - 14[39m
[35m[HTTP][39m [90m[39m
[35m[HTTP][39m [37m-->[39m [37mGET[39m [37m/wd/hub/session/75dea5e9-e056-4e49-b53f-cbf4488f0877/window/rect[39m
[35m[HTTP][39m [90m{}[39m
[35m[HTTP][39m [37m<-- GET /wd/hub/session/75dea5e9-e056-4e49-b53f-cbf4488f0877/window/rect [39m[32m200[39m [90m18 ms - 49[39m
[35m[HTTP][39m [90m[39m
[35m[HTTP][39m [37m-->[39m [37mPOST[39m [37m/wd/hub/session/75dea5e9-e056-4e49-b53f-cbf4488f0877/context[39m
[35m[HTTP][39m [90m{"name":"NATIVE_APP"}[39m
[35m[HTTP][39m [37m<-- POST /wd/hub/session/75dea5e9-e056-4e49-b53f-cbf4488f0877/context [39m[32m200[39m [90m1 ms - 14[39m
[35m[HTTP][39m [90m[39m
[35m[HTTP][39m [37m-->[39m [37mGET[39m [37m/wd/hub/session/75dea5e9-e056-4e49-b53f-cbf4488f0877/context[39m
[35m[HTTP][39m [90m{}[39m
[35m[HTTP][39m [37m<-- GET /wd/hub/session/75dea5e9-e056-4e49-b53f-cbf4488f0877/context [39m[32m200[39m [90m1 ms - 22[39m
[35m[HTTP][39m [90m[39m
[35m[HTTP][39m [37m-->[39m [37mGET[39m [37m/wd/hub/session/75dea5e9-e056-4e49-b53f-cbf4488f0877/contexts[39m
[35m[HTTP][39m [90m{}[39m
[35m[HTTP][39m [37m<-- GET /wd/hub/session/75dea5e9-e056-4e49-b53f-cbf4488f0877/contexts [39m[32m200[39m [90m151 ms - 24[39m
[35m[HTTP][39m [90m[39m
[35m[HTTP][39m [37m-->[39m [37mPOST[39m [37m/wd/hub/session/75dea5e9-e056-4e49-b53f-cbf4488f0877/context[39m
[35m[HTTP][39m [90m{"name":"NATIVE_APP"}[39m
[35m[HTTP][39m [37m<-- POST /wd/hub/session/75dea5e9-e056-4e49-b53f-cbf4488f0877/context [39m[32m200[39m [90m1 ms - 14[39m
[35m[HTTP][39m [90m[39m
[35m[HTTP][39m [37m-->[39m [37mGET[39m [37m/wd/hub/session/75dea5e9-e056-4e49-b53f-cbf4488f0877/window/rect[39m
[35m[HTTP][39m [90m{}[39m
[35m[HTTP][39m [37m<-- GET /wd/hub/session/75dea5e9-e056-4e49-b53f-cbf4488f0877/window/rect [39m[32m200[39m [90m34 ms - 49[39m
[35m[HTTP][39m [90m[39m
[35m[HTTP][39m [37m-->[39m [37mPOST[39m [37m/wd/hub/session/75dea5e9-e056-4e49-b53f-cbf4488f0877/context[39m
[35m[HTTP][39m [90m{"name":"NATIVE_APP"}[39m
[35m[HTTP][39m [37m<-- POST /wd/hub/session/75dea5e9-e056-4e49-b53f-cbf4488f0877/context [39m[32m200[39m [90m1 ms - 14[39m
[35m[HTTP][39m [90m[39m
[35m[HTTP][39m [37m-->[39m [37mGET[39m [37m/wd/hub/session/75dea5e9-e056-4e49-b53f-cbf4488f0877/context[39m
[35m[HTTP][39m [90m{}[39m
[35m[HTTP][39m [37m<-- GET /wd/hub/session/75dea5e9-e056-4e49-b53f-cbf4488f0877/context [39m[32m200[39m [90m1 ms - 22[39m
[35m[HTTP][39m [90m[39m
[35m[HTTP][39m [37m-->[39m [37mGET[39m [37m/wd/hub/session/75dea5e9-e056-4e49-b53f-cbf4488f0877/contexts[39m
[35m[HTTP][39m [90m{}[39m
[35m[HTTP][39m [37m<-- GET /wd/hub/session/75dea5e9-e056-4e49-b53f-cbf4488f0877/contexts [39m[32m200[39m [90m133 ms - 24[39m
[35m[HTTP][39m [90m[39m
[35m[HTTP][39m [37m-->[39m [37mPOST[39m [37m/wd/hub/session/75dea5e9-e056-4e49-b53f-cbf4488f0877/context[39m
[35m[HTTP][39m [90m{"name":"NATIVE_APP"}[39m
[35m[HTTP][39m [37m<-- POST /wd/hub/session/75dea5e9-e056-4e49-b53f-cbf4488f0877/context [39m[32m200[39m [90m1 ms - 14[39m
[35m[HTTP][39m [90m[39m
[35m[HTTP][39m [37m-->[39m [37mPOST[39m [37m/wd/hub/session/75dea5e9-e056-4e49-b53f-cbf4488f0877/touch/perform[39m
[35m[HTTP][39m [90m{"actions":[{"action":"press","options":{"x":360,"y":853}},{"action":"wait","options":{"ms":500}},{"action":"moveTo","options":{"x":360,"y":142}},{"action":"release","options":{}}]}[39m
[35m[HTTP][39m [37m<-- POST /wd/hub/session/75dea5e9-e056-4e49-b53f-cbf4488f0877/touch/perform [39m[32m200[39m [90m1152 ms - 14[39m
[35m[HTTP][39m [90m[39m
[35m[HTTP][39m [37m-->[39m [37mPOST[39m [37m/wd/hub/session/75dea5e9-e056-4e49-b53f-cbf4488f0877/context[39m
[35m[HTTP][39m [90m{"name":"NATIVE_APP"}[39m
[35m[HTTP][39m [37m<-- POST /wd/hub/session/75dea5e9-e056-4e49-b53f-cbf4488f0877/context [39m[32m200[39m [90m1 ms - 14[39m
[35m[HTTP][39m [90m[39m
[35m[HTTP][39m [37m-->[39m [37mGET[39m [37m/wd/hub/session/75dea5e9-e056-4e49-b53f-cbf4488f0877/context[39m
[35m[HTTP][39m [90m{}[39m
[35m[HTTP][39m [37m<-- GET /wd/hub/session/75dea5e9-e056-4e49-b53f-cbf4488f0877/context [39m[32m200[39m [90m1 ms - 22[39m
[35m[HTTP][39m [90m[39m
[35m[HTTP][39m [37m-->[39m [37mGET[39m [37m/wd/hub/session/75dea5e9-e056-4e49-b53f-cbf4488f0877/contexts[39m
[35m[HTTP][39m [90m{}[39m
[35m[HTTP][39m [37m<-- GET /wd/hub/session/75dea5e9-e056-4e49-b53f-cbf4488f0877/contexts [39m[32m200[39m [90m153 ms - 24[39m
[35m[HTTP][39m [90m[39m
[35m[HTTP][39m [37m-->[39m [37mPOST[39m [37m/wd/hub/session/75dea5e9-e056-4e49-b53f-cbf4488f0877/context[39m
[35m[HTTP][39m [90m{"name":"NATIVE_APP"}[39m
[35m[HTTP][39m [37m<-- POST /wd/hub/session/75dea5e9-e056-4e49-b53f-cbf4488f0877/context [39m[32m200[39m [90m1 ms - 14[39m
[35m[HTTP][39m [90m[39m
[35m[HTTP][39m [37m-->[39m [37mPOST[39m [37m/wd/hub/session/75dea5e9-e056-4e49-b53f-cbf4488f0877/touch/perform[39m
[35m[HTTP][39m [90m{"actions":[{"action":"press","options":{"x":360,"y":853}},{"action":"wait","options":{"ms":500}},{"action":"moveTo","options":{"x":360,"y":142}},{"action":"release","options":{}}]}[39m
[35m[HTTP][39m [37m<-- POST /wd/hub/session/75dea5e9-e056-4e49-b53f-cbf4488f0877/touch/perform [39m[32m200[39m [90m1053 ms - 14[39m
[35m[HTTP][39m [90m[39m
[35m[HTTP][39m [37m-->[39m [37mPOST[39m [37m/wd/hub/session/75dea5e9-e056-4e49-b53f-cbf4488f0877/context[39m
[35m[HTTP][39m [90m{"name":"NATIVE_APP"}[39m
[35m[HTTP][39m [37m<-- POST /wd/hub/session/75dea5e9-e056-4e49-b53f-cbf4488f0877/context [39m[32m200[39m [90m1 ms - 14[39m
[35m[HTTP][39m [90m[39m
[35m[HTTP][39m [37m-->[39m [37mGET[39m [37m/wd/hub/status[39m
[35m[HTTP][39m [90m{}[39m
[35m[HTTP][39m [37m<-- GET /wd/hub/status [39m[32m200[39m [90m0 ms - 68[39m
[35m[HTTP][39m [90m[39m
[35m[HTTP][39m [37m-->[39m [37mPOST[39m [37m/wd/hub/session[39m
[35m[HTTP][39m [90m{"desiredCapabilities":{"appActivity":".Settings","appPackage":"com.android.settings","newCommandTimeout":1800,"platformVersion":"11","automationName":"uiautomator2","autoGrantPermissions":true,"platformName":"Android","udid":"RR8M40C9AXE","deviceName":"samsung SM-A205F (Android 11)","platform":"ANDROID","systemPort":8258},"capabilities":{"firstMatch":[{"appium:appActivity":".Settings","appium:appPackage":"com.android.settings","appium:autoGrantPermissions":true,"appium:automationName":"uiautomator2","appium:deviceName":"samsung SM-A205F (Android 11)","appium:newCommandTimeout":1800,"platform":"ANDROID","platformName":"android","appium:platformVersion":"11","appium:systemPort":8258,"appium:udid":"RR8M40C9AXE"}]}}[39m
[35m[BaseDriver][39m The following capabilities are not standard capabilities and should have an extension prefix:
[35m[BaseDriver][39m   platform
[35m[BaseDriver][39m   chromedriverPort
[35m[Appium][39m Appium v1.22.0 creating new AndroidUiautomator2Driver (v1.69.0) session
[35m[BaseDriver][39m The following capabilities were provided, but are not recognized by Appium:
[35m[BaseDriver][39m   platform
[35m[BaseDriver][39m Session created with session id: 7d34f51e-6e04-42ce-a320-b83acaff3dee
[35m[UiAutomator2][39m Starting 'com.android.settings' directly on the device
[35m[ADB][39m Using 'adb.exe' from 'C:\Users\Owner\.katalon\tools\android_sdk\platform-tools\adb.exe'
[35m[AndroidDriver][39m Retrieving device list
[35m[AndroidDriver][39m Using device: RR8M40C9AXE
[35m[ADB][39m Using 'adb.exe' from 'C:\Users\Owner\.katalon\tools\android_sdk\platform-tools\adb.exe'
[35m[ADB][39m Getting device platform version
[35m[UiAutomator2][39m Relaxing hidden api policy
[35m[AndroidDriver][39m No app sent in, not parsing package/activity
[35m[UiAutomator2][39m Server packages are not going to be (re)installed
[35m[ADB][39m Adding packages ["io.appium.settings","io.appium.uiautomator2.server","io.appium.uiautomator2.server.test"] to Doze whitelist
[35m[ADB][39m com.android.settings contains no permissions available for granting
[35m[UiAutomator2][39m Starting UIAutomator2 server 4.24.0
[35m[UiAutomator2][39m Using UIAutomator2 server from 'C:\Users\Owner\AppData\Roaming\npm\node_modules\appium\node_modules\appium-uiautomator2-server\apks\appium-uiautomator2-server-v4.24.0.apk' and test from 'C:\Users\Owner\AppData\Roaming\npm\node_modules\appium\node_modules\appium-uiautomator2-server\apks\appium-uiautomator2-server-debug-androidTest.apk'
[35m[UiAutomator2][39m Waiting up to 30000ms for UiAutomator2 to be online...
[35m[WD Proxy][39m socket hang up
[35m[WD Proxy][39m socket hang up
[35m[WD Proxy][39m socket hang up
[35m[WD Proxy][39m Determined the downstream protocol as 'W3C'
[35m[AndroidDriver][39m Screen already unlocked, doing nothing
[35m[UiAutomator2][39m Starting 'com.android.settings/.Settings and waiting for 'com.android.settings/.Settings'
[35m[Appium][39m New AndroidUiautomator2Driver session created successfully, session 7d34f51e-6e04-42ce-a320-b83acaff3dee added to master session list
[35m[HTTP][39m [37m<-- POST /wd/hub/session [39m[32m200[39m [90m10641 ms - 1155[39m
[35m[HTTP][39m [90m[39m
[35m[HTTP][39m [37m-->[39m [37mGET[39m [37m/wd/hub/session/7d34f51e-6e04-42ce-a320-b83acaff3dee[39m
[35m[HTTP][39m [90m{}[39m
[35m[HTTP][39m [37m<-- GET /wd/hub/session/7d34f51e-6e04-42ce-a320-b83acaff3dee [39m[32m200[39m [90m22 ms - 1109[39m
[35m[HTTP][39m [90m[39m
[35m[HTTP][39m [37m-->[39m [37mGET[39m [37m/wd/hub/session/7d34f51e-6e04-42ce-a320-b83acaff3dee[39m
[35m[HTTP][39m [90m{}[39m
[35m[HTTP][39m [37m<-- GET /wd/hub/session/7d34f51e-6e04-42ce-a320-b83acaff3dee [39m[32m200[39m [90m18 ms - 1109[39m
[35m[HTTP][39m [90m[39m
[35m[HTTP][39m [37m-->[39m [37mGET[39m [37m/wd/hub/status[39m
[35m[HTTP][39m [90m{}[39m
[35m[HTTP][39m [37m<-- GET /wd/hub/status [39m[32m200[39m [90m1 ms - 68[39m
[35m[HTTP][39m [90m[39m
[35m[HTTP][39m [37m-->[39m [37mPOST[39m [37m/wd/hub/session/7d34f51e-6e04-42ce-a320-b83acaff3dee/timeouts[39m
[35m[HTTP][39m [90m{"implicit":60000}[39m
[35m[HTTP][39m [37m<-- POST /wd/hub/session/7d34f51e-6e04-42ce-a320-b83acaff3dee/timeouts [39m[32m200[39m [90m1 ms - 14[39m
[35m[HTTP][39m [90m[39m
[35m[HTTP][39m [37m-->[39m [37mGET[39m [37m/wd/hub/session/7d34f51e-6e04-42ce-a320-b83acaff3dee/screenshot[39m
[35m[HTTP][39m [90m{}[39m
[35m[HTTP][39m [37m<-- GET /wd/hub/session/7d34f51e-6e04-42ce-a320-b83acaff3dee/screenshot [39m[32m200[39m [90m603 ms - 126730[39m
[35m[HTTP][39m [90m[39m
[35m[HTTP][39m [37m-->[39m [37mGET[39m [37m/wd/hub/session/7d34f51e-6e04-42ce-a320-b83acaff3dee/window/rect[39m
[35m[HTTP][39m [90m{}[39m
[35m[HTTP][39m [37m<-- GET /wd/hub/session/7d34f51e-6e04-42ce-a320-b83acaff3dee/window/rect [39m[32m200[39m [90m20 ms - 49[39m
[35m[HTTP][39m [90m[39m
[35m[HTTP][39m [37m-->[39m [37mGET[39m [37m/wd/hub/session/7d34f51e-6e04-42ce-a320-b83acaff3dee/appium/device/system_bars[39m
[35m[HTTP][39m [90m{}[39m
[35m[HTTP][39m [37m<-- GET /wd/hub/session/7d34f51e-6e04-42ce-a320-b83acaff3dee/appium/device/system_bars [39m[32m200[39m [90m151 ms - 145[39m
[35m[HTTP][39m [90m[39m
[35m[HTTP][39m [37m-->[39m [37mPOST[39m [37m/wd/hub/session/7d34f51e-6e04-42ce-a320-b83acaff3dee/appium/device/activate_app[39m
[35m[HTTP][39m [90m{"bundleId":"id.co.miraeasset.sageclub"}[39m
[35m[HTTP][39m [37m<-- POST /wd/hub/session/7d34f51e-6e04-42ce-a320-b83acaff3dee/appium/device/activate_app [39m[32m200[39m [90m831 ms - 14[39m
[35m[HTTP][39m [90m[39m
[35m[HTTP][39m [37m-->[39m [37mPOST[39m [37m/wd/hub/session/7d34f51e-6e04-42ce-a320-b83acaff3dee/timeouts[39m
[35m[HTTP][39m [90m{"implicit":50}[39m
[35m[HTTP][39m [37m<-- POST /wd/hub/session/7d34f51e-6e04-42ce-a320-b83acaff3dee/timeouts [39m[32m200[39m [90m1 ms - 14[39m
[35m[HTTP][39m [90m[39m
[35m[HTTP][39m [37m-->[39m [37mGET[39m [37m/wd/hub/session/7d34f51e-6e04-42ce-a320-b83acaff3dee/window/rect[39m
[35m[HTTP][39m [90m{}[39m
[35m[HTTP][39m [37m<-- GET /wd/hub/session/7d34f51e-6e04-42ce-a320-b83acaff3dee/window/rect [39m[32m200[39m [90m24 ms - 49[39m
[35m[HTTP][39m [90m[39m
[35m[HTTP][39m [37m-->[39m [37mPOST[39m [37m/wd/hub/session/7d34f51e-6e04-42ce-a320-b83acaff3dee/elements[39m
[35m[HTTP][39m [90m{"using":"xpath","value":"//hierarchy/android.widget.FrameLayout[1]/android.widget.LinearLayout[1]/android.widget.FrameLayout[1]/android.widget.FrameLayout[1]/android.widget.FrameLayout[1]/android.widget.FrameLayout[1]/android.view.View[1]/android.view.View[1]/android.view.View[1]/android.view.View[1]/android.view.View[1]/android.widget.Button[1]"}[39m
[35m[HTTP][39m [37m<-- POST /wd/hub/session/7d34f51e-6e04-42ce-a320-b83acaff3dee/elements [39m[32m200[39m [90m1160 ms - 139[39m
[35m[HTTP][39m [90m[39m
[35m[HTTP][39m [37m-->[39m [37mGET[39m [37m/wd/hub/session/7d34f51e-6e04-42ce-a320-b83acaff3dee/element/00000000-0000-0580-0000-000800000005/location[39m
[35m[HTTP][39m [90m{}[39m
[35m[W3C (7d34f51e)][39m Driver proxy active, passing request on via HTTP proxy
[35m[WD Proxy][39m Replacing sessionId 11a48840-1acb-44fc-a5ef-c438a4a280c3 with 7d34f51e-6e04-42ce-a320-b83acaff3dee
[35m[HTTP][39m [37m<-- GET /wd/hub/session/7d34f51e-6e04-42ce-a320-b83acaff3dee/element/00000000-0000-0580-0000-000800000005/location [39m[32m200[39m [90m965 ms - 77[39m
[35m[HTTP][39m [90m[39m
[35m[HTTP][39m [37m-->[39m [37mPOST[39m [37m/wd/hub/session/7d34f51e-6e04-42ce-a320-b83acaff3dee/timeouts[39m
[35m[HTTP][39m [90m{"implicit":60000}[39m
[35m[HTTP][39m [37m<-- POST /wd/hub/session/7d34f51e-6e04-42ce-a320-b83acaff3dee/timeouts [39m[32m200[39m [90m1 ms - 14[39m
[35m[HTTP][39m [90m[39m
[35m[HTTP][39m [37m-->[39m [37mPOST[39m [37m/wd/hub/session/7d34f51e-6e04-42ce-a320-b83acaff3dee/timeouts[39m
[35m[HTTP][39m [90m{"implicit":50}[39m
[35m[HTTP][39m [37m<-- POST /wd/hub/session/7d34f51e-6e04-42ce-a320-b83acaff3dee/timeouts [39m[32m200[39m [90m1 ms - 14[39m
[35m[HTTP][39m [90m[39m
[35m[HTTP][39m [37m-->[39m [37mGET[39m [37m/wd/hub/session/7d34f51e-6e04-42ce-a320-b83acaff3dee/window/rect[39m
[35m[HTTP][39m [90m{}[39m
[35m[HTTP][39m [37m<-- GET /wd/hub/session/7d34f51e-6e04-42ce-a320-b83acaff3dee/window/rect [39m[32m200[39m [90m21 ms - 49[39m
[35m[HTTP][39m [90m[39m
[35m[HTTP][39m [37m-->[39m [37mPOST[39m [37m/wd/hub/session/7d34f51e-6e04-42ce-a320-b83acaff3dee/elements[39m
[35m[HTTP][39m [90m{"using":"xpath","value":"//hierarchy/android.widget.FrameLayout[1]/android.widget.LinearLayout[1]/android.widget.FrameLayout[1]/android.widget.FrameLayout[1]/android.widget.FrameLayout[1]/android.widget.FrameLayout[1]/android.view.View[1]/android.view.View[1]/android.view.View[1]/android.view.View[1]/android.view.View[1]/android.widget.EditText[1]"}[39m
[35m[HTTP][39m [37m<-- POST /wd/hub/session/7d34f51e-6e04-42ce-a320-b83acaff3dee/elements [39m[32m200[39m [90m105 ms - 139[39m
[35m[HTTP][39m [90m[39m
[35m[HTTP][39m [37m-->[39m [37mGET[39m [37m/wd/hub/session/7d34f51e-6e04-42ce-a320-b83acaff3dee/element/00000000-0000-0580-0000-000500000005/location[39m
[35m[HTTP][39m [90m{}[39m
[35m[W3C (7d34f51e)][39m Driver proxy active, passing request on via HTTP proxy
[35m[WD Proxy][39m Replacing sessionId 11a48840-1acb-44fc-a5ef-c438a4a280c3 with 7d34f51e-6e04-42ce-a320-b83acaff3dee
[35m[HTTP][39m [37m<-- GET /wd/hub/session/7d34f51e-6e04-42ce-a320-b83acaff3dee/element/00000000-0000-0580-0000-000500000005/location [39m[32m200[39m [90m24 ms - 77[39m
[35m[HTTP][39m [90m[39m
[35m[HTTP][39m [37m-->[39m [37mPOST[39m [37m/wd/hub/session/7d34f51e-6e04-42ce-a320-b83acaff3dee/timeouts[39m
[35m[HTTP][39m [90m{"implicit":60000}[39m
[35m[HTTP][39m [37m<-- POST /wd/hub/session/7d34f51e-6e04-42ce-a320-b83acaff3dee/timeouts [39m[32m200[39m [90m1 ms - 14[39m
[35m[HTTP][39m [90m[39m
[35m[HTTP][39m [37m-->[39m [37mPOST[39m [37m/wd/hub/session/7d34f51e-6e04-42ce-a320-b83acaff3dee/touch/perform[39m
[35m[HTTP][39m [90m{"actions":[{"action":"tap","options":{"x":1,"y":1,"element":"00000000-0000-0580-0000-000500000005"}},{"action":"release","options":{}}]}[39m
[35m[UiAutomator2][39m calling get location: 00000000-0000-0580-0000-000500000005
[35m[HTTP][39m [37m<-- POST /wd/hub/session/7d34f51e-6e04-42ce-a320-b83acaff3dee/touch/perform [39m[32m200[39m [90m194 ms - 14[39m
[35m[HTTP][39m [90m[39m
[35m[HTTP][39m [37m-->[39m [37mPOST[39m [37m/wd/hub/session/7d34f51e-6e04-42ce-a320-b83acaff3dee/timeouts[39m
[35m[HTTP][39m [90m{"implicit":50}[39m
[35m[HTTP][39m [37m<-- POST /wd/hub/session/7d34f51e-6e04-42ce-a320-b83acaff3dee/timeouts [39m[32m200[39m [90m1 ms - 14[39m
[35m[HTTP][39m [90m[39m
[35m[HTTP][39m [37m-->[39m [37mGET[39m [37m/wd/hub/session/7d34f51e-6e04-42ce-a320-b83acaff3dee/window/rect[39m
[35m[HTTP][39m [90m{}[39m
[35m[HTTP][39m [37m<-- GET /wd/hub/session/7d34f51e-6e04-42ce-a320-b83acaff3dee/window/rect [39m[32m200[39m [90m22 ms - 49[39m
[35m[HTTP][39m [90m[39m
[35m[HTTP][39m [37m-->[39m [37mPOST[39m [37m/wd/hub/session/7d34f51e-6e04-42ce-a320-b83acaff3dee/elements[39m
[35m[HTTP][39m [90m{"using":"xpath","value":"//hierarchy/android.widget.FrameLayout[1]/android.widget.LinearLayout[1]/android.widget.FrameLayout[1]/android.widget.FrameLayout[1]/android.widget.FrameLayout[1]/android.widget.FrameLayout[1]/android.view.View[1]/android.view.View[1]/android.view.View[1]/android.view.View[1]/android.view.View[1]/android.widget.EditText[1]"}[39m
[35m[HTTP][39m [37m<-- POST /wd/hub/session/7d34f51e-6e04-42ce-a320-b83acaff3dee/elements [39m[32m200[39m [90m454 ms - 139[39m
[35m[HTTP][39m [90m[39m
[35m[HTTP][39m [37m-->[39m [37mGET[39m [37m/wd/hub/session/7d34f51e-6e04-42ce-a320-b83acaff3dee/element/00000000-0000-0580-0000-000500000005/location[39m
[35m[HTTP][39m [90m{}[39m
[35m[W3C (7d34f51e)][39m Driver proxy active, passing request on via HTTP proxy
[35m[WD Proxy][39m Replacing sessionId 11a48840-1acb-44fc-a5ef-c438a4a280c3 with 7d34f51e-6e04-42ce-a320-b83acaff3dee
[35m[HTTP][39m [37m<-- GET /wd/hub/session/7d34f51e-6e04-42ce-a320-b83acaff3dee/element/00000000-0000-0580-0000-000500000005/location [39m[32m200[39m [90m19 ms - 77[39m
[35m[HTTP][39m [90m[39m
[35m[HTTP][39m [37m-->[39m [37mPOST[39m [37m/wd/hub/session/7d34f51e-6e04-42ce-a320-b83acaff3dee/timeouts[39m
[35m[HTTP][39m [90m{"implicit":60000}[39m
[35m[HTTP][39m [37m<-- POST /wd/hub/session/7d34f51e-6e04-42ce-a320-b83acaff3dee/timeouts [39m[32m200[39m [90m1 ms - 14[39m
[35m[HTTP][39m [90m[39m
[35m[HTTP][39m [37m-->[39m [37mPOST[39m [37m/wd/hub/session/7d34f51e-6e04-42ce-a320-b83acaff3dee/element/00000000-0000-0580-0000-000500000005/clear[39m
[35m[HTTP][39m [90m{"id":"00000000-0000-0580-0000-000500000005"}[39m
[35m[HTTP][39m [37m<-- POST /wd/hub/session/7d34f51e-6e04-42ce-a320-b83acaff3dee/element/00000000-0000-0580-0000-000500000005/clear [39m[32m200[39m [90m26 ms - 14[39m
[35m[HTTP][39m [90m[39m
[35m[HTTP][39m [37m-->[39m [37mPOST[39m [37m/wd/hub/session/7d34f51e-6e04-42ce-a320-b83acaff3dee/element/00000000-0000-0580-0000-000500000005/value[39m
[35m[HTTP][39m [90m{"id":"00000000-0000-0580-0000-000500000005","text":"anggaaditya","value":["a","n","g","g","a","a","d","i","t","y","a"]}[39m
[35m[HTTP][39m [37m<-- POST /wd/hub/session/7d34f51e-6e04-42ce-a320-b83acaff3dee/element/00000000-0000-0580-0000-000500000005/value [39m[32m200[39m [90m57 ms - 14[39m
[35m[HTTP][39m [90m[39m
[35m[HTTP][39m [37m-->[39m [37mGET[39m [37m/wd/hub/session/7d34f51e-6e04-42ce-a320-b83acaff3dee/context[39m
[35m[HTTP][39m [90m{}[39m
[35m[HTTP][39m [37m<-- GET /wd/hub/session/7d34f51e-6e04-42ce-a320-b83acaff3dee/context [39m[32m200[39m [90m1 ms - 22[39m
[35m[HTTP][39m [90m[39m
[35m[HTTP][39m [37m-->[39m [37mGET[39m [37m/wd/hub/session/7d34f51e-6e04-42ce-a320-b83acaff3dee/contexts[39m
[35m[HTTP][39m [90m{}[39m
[35m[HTTP][39m [37m<-- GET /wd/hub/session/7d34f51e-6e04-42ce-a320-b83acaff3dee/contexts [39m[32m200[39m [90m150 ms - 24[39m
[35m[HTTP][39m [90m[39m
[35m[HTTP][39m [37m-->[39m [37mPOST[39m [37m/wd/hub/session/7d34f51e-6e04-42ce-a320-b83acaff3dee/context[39m
[35m[HTTP][39m [90m{"name":"NATIVE_APP"}[39m
[35m[HTTP][39m [37m<-- POST /wd/hub/session/7d34f51e-6e04-42ce-a320-b83acaff3dee/context [39m[32m200[39m [90m1 ms - 14[39m
[35m[HTTP][39m [90m[39m
[35m[HTTP][39m [37m-->[39m [37mPOST[39m [37m/wd/hub/session/7d34f51e-6e04-42ce-a320-b83acaff3dee/appium/device/hide_keyboard[39m
[35m[HTTP][39m [90m{}[39m
[35m[HTTP][39m [37m<-- POST /wd/hub/session/7d34f51e-6e04-42ce-a320-b83acaff3dee/appium/device/hide_keyboard [39m[32m200[39m [90m3375 ms - 14[39m
[35m[HTTP][39m [90m[39m
[35m[HTTP][39m [37m-->[39m [37mPOST[39m [37m/wd/hub/session/7d34f51e-6e04-42ce-a320-b83acaff3dee/context[39m
[35m[HTTP][39m [90m{"name":"NATIVE_APP"}[39m
[35m[HTTP][39m [37m<-- POST /wd/hub/session/7d34f51e-6e04-42ce-a320-b83acaff3dee/context [39m[32m200[39m [90m1 ms - 14[39m
[35m[HTTP][39m [90m[39m
[35m[HTTP][39m [37m-->[39m [37mPOST[39m [37m/wd/hub/session/7d34f51e-6e04-42ce-a320-b83acaff3dee/timeouts[39m
[35m[HTTP][39m [90m{"implicit":50}[39m
[35m[HTTP][39m [37m<-- POST /wd/hub/session/7d34f51e-6e04-42ce-a320-b83acaff3dee/timeouts [39m[32m200[39m [90m1 ms - 14[39m
[35m[HTTP][39m [90m[39m
[35m[HTTP][39m [37m-->[39m [37mGET[39m [37m/wd/hub/session/7d34f51e-6e04-42ce-a320-b83acaff3dee/window/rect[39m
[35m[HTTP][39m [90m{}[39m
[35m[HTTP][39m [37m<-- GET /wd/hub/session/7d34f51e-6e04-42ce-a320-b83acaff3dee/window/rect [39m[32m200[39m [90m23 ms - 49[39m
[35m[HTTP][39m [90m[39m
[35m[HTTP][39m [37m-->[39m [37mPOST[39m [37m/wd/hub/session/7d34f51e-6e04-42ce-a320-b83acaff3dee/elements[39m
[35m[HTTP][39m [90m{"using":"xpath","value":"//hierarchy/android.widget.FrameLayout[1]/android.widget.LinearLayout[1]/android.widget.FrameLayout[1]/android.widget.FrameLayout[1]/android.widget.FrameLayout[1]/android.widget.FrameLayout[1]/android.view.View[1]/android.view.View[1]/android.view.View[1]/android.view.View[1]/android.view.View[1]/android.widget.EditText[2]"}[39m
[35m[HTTP][39m [37m<-- POST /wd/hub/session/7d34f51e-6e04-42ce-a320-b83acaff3dee/elements [39m[32m200[39m [90m94 ms - 139[39m
[35m[HTTP][39m [90m[39m
[35m[HTTP][39m [37m-->[39m [37mGET[39m [37m/wd/hub/session/7d34f51e-6e04-42ce-a320-b83acaff3dee/element/00000000-0000-0580-0000-000600000005/location[39m
[35m[HTTP][39m [90m{}[39m
[35m[W3C (7d34f51e)][39m Driver proxy active, passing request on via HTTP proxy
[35m[WD Proxy][39m Replacing sessionId 11a48840-1acb-44fc-a5ef-c438a4a280c3 with 7d34f51e-6e04-42ce-a320-b83acaff3dee
[35m[HTTP][39m [37m<-- GET /wd/hub/session/7d34f51e-6e04-42ce-a320-b83acaff3dee/element/00000000-0000-0580-0000-000600000005/location [39m[32m200[39m [90m19 ms - 77[39m
[35m[HTTP][39m [90m[39m
[35m[HTTP][39m [37m-->[39m [37mPOST[39m [37m/wd/hub/session/7d34f51e-6e04-42ce-a320-b83acaff3dee/timeouts[39m
[35m[HTTP][39m [90m{"implicit":60000}[39m
[35m[HTTP][39m [37m<-- POST /wd/hub/session/7d34f51e-6e04-42ce-a320-b83acaff3dee/timeouts [39m[32m200[39m [90m1 ms - 14[39m
[35m[HTTP][39m [90m[39m
[35m[HTTP][39m [37m-->[39m [37mPOST[39m [37m/wd/hub/session/7d34f51e-6e04-42ce-a320-b83acaff3dee/touch/perform[39m
[35m[HTTP][39m [90m{"actions":[{"action":"tap","options":{"x":1,"y":1,"element":"00000000-0000-0580-0000-000600000005"}},{"action":"release","options":{}}]}[39m
[35m[UiAutomator2][39m calling get location: 00000000-0000-0580-0000-000600000005
[35m[HTTP][39m [37m<-- POST /wd/hub/session/7d34f51e-6e04-42ce-a320-b83acaff3dee/touch/perform [39m[32m200[39m [90m207 ms - 14[39m
[35m[HTTP][39m [90m[39m
[35m[HTTP][39m [37m-->[39m [37mPOST[39m [37m/wd/hub/session/7d34f51e-6e04-42ce-a320-b83acaff3dee/timeouts[39m
[35m[HTTP][39m [90m{"implicit":50}[39m
[35m[HTTP][39m [37m<-- POST /wd/hub/session/7d34f51e-6e04-42ce-a320-b83acaff3dee/timeouts [39m[32m200[39m [90m2 ms - 14[39m
[35m[HTTP][39m [90m[39m
[35m[HTTP][39m [37m-->[39m [37mGET[39m [37m/wd/hub/session/7d34f51e-6e04-42ce-a320-b83acaff3dee/window/rect[39m
[35m[HTTP][39m [90m{}[39m
[35m[HTTP][39m [37m<-- GET /wd/hub/session/7d34f51e-6e04-42ce-a320-b83acaff3dee/window/rect [39m[32m200[39m [90m21 ms - 49[39m
[35m[HTTP][39m [90m[39m
[35m[HTTP][39m [37m-->[39m [37mPOST[39m [37m/wd/hub/session/7d34f51e-6e04-42ce-a320-b83acaff3dee/elements[39m
[35m[HTTP][39m [90m{"using":"xpath","value":"//hierarchy/android.widget.FrameLayout[1]/android.widget.LinearLayout[1]/android.widget.FrameLayout[1]/android.widget.FrameLayout[1]/android.widget.FrameLayout[1]/android.widget.FrameLayout[1]/android.view.View[1]/android.view.View[1]/android.view.View[1]/android.view.View[1]/android.view.View[1]/android.widget.EditText[2]"}[39m
[35m[HTTP][39m [37m<-- POST /wd/hub/session/7d34f51e-6e04-42ce-a320-b83acaff3dee/elements [39m[32m200[39m [90m291 ms - 139[39m
[35m[HTTP][39m [90m[39m
[35m[HTTP][39m [37m-->[39m [37mGET[39m [37m/wd/hub/session/7d34f51e-6e04-42ce-a320-b83acaff3dee/element/00000000-0000-0580-0000-000600000005/location[39m
[35m[HTTP][39m [90m{}[39m
[35m[W3C (7d34f51e)][39m Driver proxy active, passing request on via HTTP proxy
[35m[WD Proxy][39m Replacing sessionId 11a48840-1acb-44fc-a5ef-c438a4a280c3 with 7d34f51e-6e04-42ce-a320-b83acaff3dee
[35m[HTTP][39m [37m<-- GET /wd/hub/session/7d34f51e-6e04-42ce-a320-b83acaff3dee/element/00000000-0000-0580-0000-000600000005/location [39m[32m200[39m [90m23 ms - 77[39m
[35m[HTTP][39m [90m[39m
[35m[HTTP][39m [37m-->[39m [37mPOST[39m [37m/wd/hub/session/7d34f51e-6e04-42ce-a320-b83acaff3dee/timeouts[39m
[35m[HTTP][39m [90m{"implicit":60000}[39m
[35m[HTTP][39m [37m<-- POST /wd/hub/session/7d34f51e-6e04-42ce-a320-b83acaff3dee/timeouts [39m[32m200[39m [90m1 ms - 14[39m
[35m[HTTP][39m [90m[39m
[35m[HTTP][39m [37m-->[39m [37mPOST[39m [37m/wd/hub/session/7d34f51e-6e04-42ce-a320-b83acaff3dee/element/00000000-0000-0580-0000-000600000005/clear[39m
[35m[HTTP][39m [90m{"id":"00000000-0000-0580-0000-000600000005"}[39m
[35m[HTTP][39m [37m<-- POST /wd/hub/session/7d34f51e-6e04-42ce-a320-b83acaff3dee/element/00000000-0000-0580-0000-000600000005/clear [39m[32m200[39m [90m28 ms - 14[39m
[35m[HTTP][39m [90m[39m
[35m[HTTP][39m [37m-->[39m [37mPOST[39m [37m/wd/hub/session/7d34f51e-6e04-42ce-a320-b83acaff3dee/element/00000000-0000-0580-0000-000600000005/value[39m
[35m[HTTP][39m [90m{"id":"00000000-0000-0580-0000-000600000005","text":"Shalawa18","value":["S","h","a","l","a","w","a","1","8"]}[39m
[35m[HTTP][39m [37m<-- POST /wd/hub/session/7d34f51e-6e04-42ce-a320-b83acaff3dee/element/00000000-0000-0580-0000-000600000005/value [39m[32m200[39m [90m76 ms - 14[39m
[35m[HTTP][39m [90m[39m
[35m[HTTP][39m [37m-->[39m [37mGET[39m [37m/wd/hub/session/7d34f51e-6e04-42ce-a320-b83acaff3dee/context[39m
[35m[HTTP][39m [90m{}[39m
[35m[HTTP][39m [37m<-- GET /wd/hub/session/7d34f51e-6e04-42ce-a320-b83acaff3dee/context [39m[32m200[39m [90m1 ms - 22[39m
[35m[HTTP][39m [90m[39m
[35m[HTTP][39m [37m-->[39m [37mGET[39m [37m/wd/hub/session/7d34f51e-6e04-42ce-a320-b83acaff3dee/contexts[39m
[35m[HTTP][39m [90m{}[39m
[35m[HTTP][39m [37m<-- GET /wd/hub/session/7d34f51e-6e04-42ce-a320-b83acaff3dee/contexts [39m[32m200[39m [90m158 ms - 24[39m
[35m[HTTP][39m [90m[39m
[35m[HTTP][39m [37m-->[39m [37mPOST[39m [37m/wd/hub/session/7d34f51e-6e04-42ce-a320-b83acaff3dee/context[39m
[35m[HTTP][39m [90m{"name":"NATIVE_APP"}[39m
[35m[HTTP][39m [37m<-- POST /wd/hub/session/7d34f51e-6e04-42ce-a320-b83acaff3dee/context [39m[32m200[39m [90m1 ms - 14[39m
[35m[HTTP][39m [90m[39m
[35m[HTTP][39m [37m-->[39m [37mPOST[39m [37m/wd/hub/session/7d34f51e-6e04-42ce-a320-b83acaff3dee/appium/device/hide_keyboard[39m
[35m[HTTP][39m [90m{}[39m
[35m[HTTP][39m [37m<-- POST /wd/hub/session/7d34f51e-6e04-42ce-a320-b83acaff3dee/appium/device/hide_keyboard [39m[32m200[39m [90m6010 ms - 14[39m
[35m[HTTP][39m [90m[39m
[35m[HTTP][39m [37m-->[39m [37mPOST[39m [37m/wd/hub/session/7d34f51e-6e04-42ce-a320-b83acaff3dee/context[39m
[35m[HTTP][39m [90m{"name":"NATIVE_APP"}[39m
[35m[HTTP][39m [37m<-- POST /wd/hub/session/7d34f51e-6e04-42ce-a320-b83acaff3dee/context [39m[32m200[39m [90m1 ms - 14[39m
[35m[HTTP][39m [90m[39m
[35m[HTTP][39m [37m-->[39m [37mPOST[39m [37m/wd/hub/session/7d34f51e-6e04-42ce-a320-b83acaff3dee/timeouts[39m
[35m[HTTP][39m [90m{"implicit":50}[39m
[35m[HTTP][39m [37m<-- POST /wd/hub/session/7d34f51e-6e04-42ce-a320-b83acaff3dee/timeouts [39m[32m200[39m [90m1 ms - 14[39m
[35m[HTTP][39m [90m[39m
[35m[HTTP][39m [37m-->[39m [37mGET[39m [37m/wd/hub/session/7d34f51e-6e04-42ce-a320-b83acaff3dee/window/rect[39m
[35m[HTTP][39m [90m{}[39m
[35m[HTTP][39m [37m<-- GET /wd/hub/session/7d34f51e-6e04-42ce-a320-b83acaff3dee/window/rect [39m[32m200[39m [90m21 ms - 49[39m
[35m[HTTP][39m [90m[39m
[35m[HTTP][39m [37m-->[39m [37mPOST[39m [37m/wd/hub/session/7d34f51e-6e04-42ce-a320-b83acaff3dee/elements[39m
[35m[HTTP][39m [90m{"using":"xpath","value":"//hierarchy/android.widget.FrameLayout[1]/android.widget.LinearLayout[1]/android.widget.FrameLayout[1]/android.widget.FrameLayout[1]/android.widget.FrameLayout[1]/android.widget.FrameLayout[1]/android.view.View[1]/android.view.View[1]/android.view.View[1]/android.view.View[1]/android.view.View[1]/android.widget.Button[1]"}[39m
[35m[HTTP][39m [37m<-- POST /wd/hub/session/7d34f51e-6e04-42ce-a320-b83acaff3dee/elements [39m[32m200[39m [90m92 ms - 139[39m
[35m[HTTP][39m [90m[39m
[35m[HTTP][39m [37m-->[39m [37mGET[39m [37m/wd/hub/session/7d34f51e-6e04-42ce-a320-b83acaff3dee/element/00000000-0000-0580-0000-000800000005/location[39m
[35m[HTTP][39m [90m{}[39m
[35m[W3C (7d34f51e)][39m Driver proxy active, passing request on via HTTP proxy
[35m[WD Proxy][39m Replacing sessionId 11a48840-1acb-44fc-a5ef-c438a4a280c3 with 7d34f51e-6e04-42ce-a320-b83acaff3dee
[35m[HTTP][39m [37m<-- GET /wd/hub/session/7d34f51e-6e04-42ce-a320-b83acaff3dee/element/00000000-0000-0580-0000-000800000005/location [39m[32m200[39m [90m22 ms - 77[39m
[35m[HTTP][39m [90m[39m
[35m[HTTP][39m [37m-->[39m [37mPOST[39m [37m/wd/hub/session/7d34f51e-6e04-42ce-a320-b83acaff3dee/timeouts[39m
[35m[HTTP][39m [90m{"implicit":60000}[39m
[35m[HTTP][39m [37m<-- POST /wd/hub/session/7d34f51e-6e04-42ce-a320-b83acaff3dee/timeouts [39m[32m200[39m [90m1 ms - 14[39m
[35m[HTTP][39m [90m[39m
[35m[HTTP][39m [37m-->[39m [37mPOST[39m [37m/wd/hub/session/7d34f51e-6e04-42ce-a320-b83acaff3dee/touch/perform[39m
[35m[HTTP][39m [90m{"actions":[{"action":"tap","options":{"x":1,"y":1,"element":"00000000-0000-0580-0000-000800000005"}},{"action":"release","options":{}}]}[39m
[35m[UiAutomator2][39m calling get location: 00000000-0000-0580-0000-000800000005
[35m[HTTP][39m [37m<-- POST /wd/hub/session/7d34f51e-6e04-42ce-a320-b83acaff3dee/touch/perform [39m[32m200[39m [90m191 ms - 14[39m
[35m[HTTP][39m [90m[39m
[35m[HTTP][39m [37m-->[39m [37mPOST[39m [37m/wd/hub/session/7d34f51e-6e04-42ce-a320-b83acaff3dee/timeouts[39m
[35m[HTTP][39m [90m{"implicit":50}[39m
[35m[HTTP][39m [37m<-- POST /wd/hub/session/7d34f51e-6e04-42ce-a320-b83acaff3dee/timeouts [39m[32m200[39m [90m1 ms - 14[39m
[35m[HTTP][39m [90m[39m
[35m[HTTP][39m [37m-->[39m [37mGET[39m [37m/wd/hub/session/7d34f51e-6e04-42ce-a320-b83acaff3dee/window/rect[39m
[35m[HTTP][39m [90m{}[39m
[35m[HTTP][39m [37m<-- GET /wd/hub/session/7d34f51e-6e04-42ce-a320-b83acaff3dee/window/rect [39m[32m200[39m [90m16 ms - 49[39m
[35m[HTTP][39m [90m[39m
[35m[HTTP][39m [37m-->[39m [37mPOST[39m [37m/wd/hub/session/7d34f51e-6e04-42ce-a320-b83acaff3dee/elements[39m
[35m[HTTP][39m [90m{"using":"xpath","value":"//hierarchy/android.widget.FrameLayout[1]/android.widget.LinearLayout[1]/android.widget.FrameLayout[1]/android.widget.FrameLayout[1]/android.widget.FrameLayout[1]/android.widget.FrameLayout[1]/android.view.View[1]/android.view.View[1]/android.view.View[1]/android.view.View[1]/android.view.View[1]/android.view.View[2]/android.widget.ImageView[2]"}[39m
[35m[HTTP][39m [37m<-- POST /wd/hub/session/7d34f51e-6e04-42ce-a320-b83acaff3dee/elements [39m[32m200[39m [90m2603 ms - 139[39m
[35m[HTTP][39m [90m[39m
[35m[HTTP][39m [37m-->[39m [37mGET[39m [37m/wd/hub/session/7d34f51e-6e04-42ce-a320-b83acaff3dee/element/00000000-0000-0580-0000-003e00000005/location[39m
[35m[HTTP][39m [90m{}[39m
[35m[W3C (7d34f51e)][39m Driver proxy active, passing request on via HTTP proxy
[35m[WD Proxy][39m Replacing sessionId 11a48840-1acb-44fc-a5ef-c438a4a280c3 with 7d34f51e-6e04-42ce-a320-b83acaff3dee
[35m[HTTP][39m [37m<-- GET /wd/hub/session/7d34f51e-6e04-42ce-a320-b83acaff3dee/element/00000000-0000-0580-0000-003e00000005/location [39m[32m200[39m [90m18 ms - 79[39m
[35m[HTTP][39m [90m[39m
[35m[HTTP][39m [37m-->[39m [37mPOST[39m [37m/wd/hub/session/7d34f51e-6e04-42ce-a320-b83acaff3dee/timeouts[39m
[35m[HTTP][39m [90m{"implicit":60000}[39m
[35m[HTTP][39m [37m<-- POST /wd/hub/session/7d34f51e-6e04-42ce-a320-b83acaff3dee/timeouts [39m[32m200[39m [90m1 ms - 14[39m
[35m[HTTP][39m [90m[39m
[35m[HTTP][39m [37m-->[39m [37mPOST[39m [37m/wd/hub/session/7d34f51e-6e04-42ce-a320-b83acaff3dee/touch/perform[39m
[35m[HTTP][39m [90m{"actions":[{"action":"tap","options":{"x":1,"y":1,"element":"00000000-0000-0580-0000-003e00000005"}},{"action":"release","options":{}}]}[39m
[35m[UiAutomator2][39m calling get location: 00000000-0000-0580-0000-003e00000005
[35m[HTTP][39m [37m<-- POST /wd/hub/session/7d34f51e-6e04-42ce-a320-b83acaff3dee/touch/perform [39m[32m200[39m [90m1171 ms - 14[39m
[35m[HTTP][39m [90m[39m
[35m[HTTP][39m [37m-->[39m [37mGET[39m [37m/wd/hub/session/7d34f51e-6e04-42ce-a320-b83acaff3dee/window/rect[39m
[35m[HTTP][39m [90m{}[39m
[35m[HTTP][39m [37m<-- GET /wd/hub/session/7d34f51e-6e04-42ce-a320-b83acaff3dee/window/rect [39m[32m200[39m [90m39 ms - 49[39m
[35m[HTTP][39m [90m[39m
[35m[HTTP][39m [37m-->[39m [37mPOST[39m [37m/wd/hub/session/7d34f51e-6e04-42ce-a320-b83acaff3dee/elements[39m
[35m[HTTP][39m [90m{"using":"xpath","value":"//hierarchy/android.widget.FrameLayout[1]/android.widget.LinearLayout[1]/android.widget.FrameLayout[1]/android.widget.FrameLayout[1]/android.widget.FrameLayout[1]/android.widget.FrameLayout[1]/android.view.View[1]/android.view.View[1]/android.view.View[1]/android.view.View[1]/android.view.View[1]/android.view.View[2]/android.view.View[1]/android.view.View[2]/android.view.View[1]/android.view.View[1]/android.view.View[1]/android.view.View[1]/android.view.View[2]/android.view.View[1]/android.view.View[1]/android.view.View[1]/android.view.View[1]"}[39m
[35m[HTTP][39m [37m<-- POST /wd/hub/session/7d34f51e-6e04-42ce-a320-b83acaff3dee/elements [39m[32m-[39m [90m- ms - -[39m
[35m[HTTP][39m [90m[39m
