[35m[Appium][39m Welcome to Appium v1.22.0
[35m[Appium][39m Non-default server args:
[35m[Appium][39m   port: 62817
[35m[Appium][39m   loglevel: info
[35m[Appium][39m   tmpDir: C:\Users\Owner\AppData\Local\Temp\\Katalon\Appium\Temp1642564347052
[35m[Appium][39m   chromedriverPort: 62818
[35m[Appium][39m Deprecated server args:
[35m[Appium][39m   [31m--chromedriver-port[39m => --default-capabilities
[35m[Appium][39m Default capabilities, which will be added to each request unless overridden by desired capabilities:
[35m[Appium][39m   chromedriverPort: 62818
[35m[Appium][39m Appium REST http interface listener started on 0.0.0.0:62817
[35m[HTTP][39m [37m-->[39m [37mGET[39m [37m/wd/hub/status[39m
[35m[HTTP][39m [90m{}[39m
[35m[HTTP][39m [37m<-- GET /wd/hub/status [39m[32m200[39m [90m5 ms - 68[39m
[35m[HTTP][39m [90m[39m
[35m[HTTP][39m [37m-->[39m [37mPOST[39m [37m/wd/hub/session[39m
[35m[HTTP][39m [90m{"desiredCapabilities":{"appActivity":".Settings","appPackage":"com.android.settings","newCommandTimeout":1800,"platformVersion":"11","automationName":"uiautomator2","autoGrantPermissions":true,"platformName":"Android","udid":"RR8M40C9AXE","deviceName":"samsung SM-A205F (Android 11)","platform":"ANDROID","systemPort":8249},"capabilities":{"firstMatch":[{"appium:appActivity":".Settings","appium:appPackage":"com.android.settings","appium:autoGrantPermissions":true,"appium:automationName":"uiautomator2","appium:deviceName":"samsung SM-A205F (Android 11)","appium:newCommandTimeout":1800,"platform":"ANDROID","platformName":"android","appium:platformVersion":"11","appium:systemPort":8249,"appium:udid":"RR8M40C9AXE"}]}}[39m
[35m[BaseDriver][39m The following capabilities are not standard capabilities and should have an extension prefix:
[35m[BaseDriver][39m   platform
[35m[BaseDriver][39m   chromedriverPort
[35m[Appium][39m Appium v1.22.0 creating new AndroidUiautomator2Driver (v1.69.0) session
[35m[BaseDriver][39m The following capabilities were provided, but are not recognized by Appium:
[35m[BaseDriver][39m   platform
[35m[BaseDriver][39m Session created with session id: 34839747-7e42-4f5e-a78f-fc2f2942252f
[35m[UiAutomator2][39m Starting 'com.android.settings' directly on the device
[35m[ADB][39m Found 1 'build-tools' folders under 'C:\Users\Owner\.katalon\tools\android_sdk' (newest first):
[35m[ADB][39m     C:/Users/Owner/.katalon/tools/android_sdk/build-tools/29.0.3
[35m[ADB][39m Using 'adb.exe' from 'C:\Users\Owner\.katalon\tools\android_sdk\platform-tools\adb.exe'
[35m[AndroidDriver][39m Retrieving device list
[35m[AndroidDriver][39m Using device: RR8M40C9AXE
[35m[ADB][39m Using 'adb.exe' from 'C:\Users\Owner\.katalon\tools\android_sdk\platform-tools\adb.exe'
[35m[ADB][39m Getting device platform version
[35m[UiAutomator2][39m Relaxing hidden api policy
[35m[AndroidDriver][39m No app sent in, not parsing package/activity
[35m[ADB][39m Using 'apksigner.jar' from 'C:\Users\Owner\.katalon\tools\android_sdk\build-tools\29.0.3\lib\apksigner.jar'
[35m[ADB][39m 'C:\Users\Owner\AppData\Roaming\npm\node_modules\appium\node_modules\appium-uiautomator2-server\apks\appium-uiautomator2-server-v4.24.0.apk' is signed with the default certificate
[35m[ADB][39m 'C:\Users\Owner\AppData\Roaming\npm\node_modules\appium\node_modules\appium-uiautomator2-server\apks\appium-uiautomator2-server-debug-androidTest.apk' is signed with the default certificate
[35m[UiAutomator2][39m Server packages are not going to be (re)installed
[35m[ADB][39m Adding packages ["io.appium.settings","io.appium.uiautomator2.server","io.appium.uiautomator2.server.test"] to Doze whitelist
[35m[ADB][39m com.android.settings contains no permissions available for granting
[35m[UiAutomator2][39m Starting UIAutomator2 server 4.24.0
[35m[UiAutomator2][39m Using UIAutomator2 server from 'C:\Users\Owner\AppData\Roaming\npm\node_modules\appium\node_modules\appium-uiautomator2-server\apks\appium-uiautomator2-server-v4.24.0.apk' and test from 'C:\Users\Owner\AppData\Roaming\npm\node_modules\appium\node_modules\appium-uiautomator2-server\apks\appium-uiautomator2-server-debug-androidTest.apk'
[35m[UiAutomator2][39m Waiting up to 30000ms for UiAutomator2 to be online...
[35m[WD Proxy][39m socket hang up
[35m[WD Proxy][39m socket hang up
[35m[WD Proxy][39m socket hang up
[35m[WD Proxy][39m Determined the downstream protocol as 'W3C'
[35m[AndroidDriver][39m Screen already unlocked, doing nothing
[35m[UiAutomator2][39m Starting 'com.android.settings/.Settings and waiting for 'com.android.settings/.Settings'
[35m[Appium][39m New AndroidUiautomator2Driver session created successfully, session 34839747-7e42-4f5e-a78f-fc2f2942252f added to master session list
[35m[HTTP][39m [37m<-- POST /wd/hub/session [39m[32m200[39m [90m12082 ms - 1155[39m
[35m[HTTP][39m [90m[39m
[35m[HTTP][39m [37m-->[39m [37mGET[39m [37m/wd/hub/session/34839747-7e42-4f5e-a78f-fc2f2942252f[39m
[35m[HTTP][39m [90m{}[39m
[35m[HTTP][39m [37m<-- GET /wd/hub/session/34839747-7e42-4f5e-a78f-fc2f2942252f [39m[32m200[39m [90m25 ms - 1109[39m
[35m[HTTP][39m [90m[39m
[35m[HTTP][39m [37m-->[39m [37mGET[39m [37m/wd/hub/session/34839747-7e42-4f5e-a78f-fc2f2942252f[39m
[35m[HTTP][39m [90m{}[39m
[35m[HTTP][39m [37m<-- GET /wd/hub/session/34839747-7e42-4f5e-a78f-fc2f2942252f [39m[32m200[39m [90m19 ms - 1109[39m
[35m[HTTP][39m [90m[39m
[35m[HTTP][39m [37m-->[39m [37mGET[39m [37m/wd/hub/status[39m
[35m[HTTP][39m [90m{}[39m
[35m[HTTP][39m [37m<-- GET /wd/hub/status [39m[32m200[39m [90m1 ms - 68[39m
[35m[HTTP][39m [90m[39m
[35m[HTTP][39m [37m-->[39m [37mPOST[39m [37m/wd/hub/session/34839747-7e42-4f5e-a78f-fc2f2942252f/timeouts[39m
[35m[HTTP][39m [90m{"implicit":60000}[39m
[35m[HTTP][39m [37m<-- POST /wd/hub/session/34839747-7e42-4f5e-a78f-fc2f2942252f/timeouts [39m[32m200[39m [90m1 ms - 14[39m
[35m[HTTP][39m [90m[39m
[35m[HTTP][39m [37m-->[39m [37mGET[39m [37m/wd/hub/session/34839747-7e42-4f5e-a78f-fc2f2942252f/screenshot[39m
[35m[HTTP][39m [90m{}[39m
[35m[HTTP][39m [37m<-- GET /wd/hub/session/34839747-7e42-4f5e-a78f-fc2f2942252f/screenshot [39m[32m200[39m [90m515 ms - 121578[39m
[35m[HTTP][39m [90m[39m
[35m[HTTP][39m [37m-->[39m [37mGET[39m [37m/wd/hub/session/34839747-7e42-4f5e-a78f-fc2f2942252f/window/rect[39m
[35m[HTTP][39m [90m{}[39m
[35m[HTTP][39m [37m<-- GET /wd/hub/session/34839747-7e42-4f5e-a78f-fc2f2942252f/window/rect [39m[32m200[39m [90m33 ms - 49[39m
[35m[HTTP][39m [90m[39m
[35m[HTTP][39m [37m-->[39m [37mGET[39m [37m/wd/hub/session/34839747-7e42-4f5e-a78f-fc2f2942252f/appium/device/system_bars[39m
[35m[HTTP][39m [90m{}[39m
[35m[HTTP][39m [37m<-- GET /wd/hub/session/34839747-7e42-4f5e-a78f-fc2f2942252f/appium/device/system_bars [39m[32m200[39m [90m195 ms - 145[39m
[35m[HTTP][39m [90m[39m
[35m[HTTP][39m [37m-->[39m [37mPOST[39m [37m/wd/hub/session/34839747-7e42-4f5e-a78f-fc2f2942252f/appium/device/activate_app[39m
[35m[HTTP][39m [90m{"bundleId":"id.co.miraeasset.sageclub"}[39m
[35m[HTTP][39m [37m<-- POST /wd/hub/session/34839747-7e42-4f5e-a78f-fc2f2942252f/appium/device/activate_app [39m[32m200[39m [90m838 ms - 14[39m
[35m[HTTP][39m [90m[39m
[35m[HTTP][39m [37m-->[39m [37mPOST[39m [37m/wd/hub/session/34839747-7e42-4f5e-a78f-fc2f2942252f/timeouts[39m
[35m[HTTP][39m [90m{"implicit":50}[39m
[35m[HTTP][39m [37m<-- POST /wd/hub/session/34839747-7e42-4f5e-a78f-fc2f2942252f/timeouts [39m[32m200[39m [90m1 ms - 14[39m
[35m[HTTP][39m [90m[39m
[35m[HTTP][39m [37m-->[39m [37mGET[39m [37m/wd/hub/session/34839747-7e42-4f5e-a78f-fc2f2942252f/window/rect[39m
[35m[HTTP][39m [90m{}[39m
[35m[HTTP][39m [37m<-- GET /wd/hub/session/34839747-7e42-4f5e-a78f-fc2f2942252f/window/rect [39m[32m200[39m [90m41 ms - 49[39m
[35m[HTTP][39m [90m[39m
[35m[HTTP][39m [37m-->[39m [37mPOST[39m [37m/wd/hub/session/34839747-7e42-4f5e-a78f-fc2f2942252f/elements[39m
[35m[HTTP][39m [90m{"using":"xpath","value":"//hierarchy/android.widget.FrameLayout[1]/android.widget.LinearLayout[1]/android.widget.FrameLayout[1]/android.widget.FrameLayout[1]/android.widget.FrameLayout[1]/android.widget.FrameLayout[1]/android.view.View[1]/android.view.View[1]/android.view.View[1]/android.view.View[1]/android.widget.Button[1]"}[39m
[35m[HTTP][39m [37m<-- POST /wd/hub/session/34839747-7e42-4f5e-a78f-fc2f2942252f/elements [39m[32m200[39m [90m195 ms - 139[39m
[35m[HTTP][39m [90m[39m
[35m[HTTP][39m [37m-->[39m [37mGET[39m [37m/wd/hub/session/34839747-7e42-4f5e-a78f-fc2f2942252f/element/00000000-0000-03e1-0000-000700000005/location[39m
[35m[HTTP][39m [90m{}[39m
[35m[W3C (34839747)][39m Driver proxy active, passing request on via HTTP proxy
[35m[WD Proxy][39m Replacing sessionId 126902d2-e75d-4e9f-8af6-665ab73ad793 with 34839747-7e42-4f5e-a78f-fc2f2942252f
[35m[HTTP][39m [37m<-- GET /wd/hub/session/34839747-7e42-4f5e-a78f-fc2f2942252f/element/00000000-0000-03e1-0000-000700000005/location [39m[32m200[39m [90m30 ms - 77[39m
[35m[HTTP][39m [90m[39m
[35m[HTTP][39m [37m-->[39m [37mPOST[39m [37m/wd/hub/session/34839747-7e42-4f5e-a78f-fc2f2942252f/timeouts[39m
[35m[HTTP][39m [90m{"implicit":60000}[39m
[35m[HTTP][39m [37m<-- POST /wd/hub/session/34839747-7e42-4f5e-a78f-fc2f2942252f/timeouts [39m[32m200[39m [90m1 ms - 14[39m
[35m[HTTP][39m [90m[39m
[35m[HTTP][39m [37m-->[39m [37mPOST[39m [37m/wd/hub/session/34839747-7e42-4f5e-a78f-fc2f2942252f/timeouts[39m
[35m[HTTP][39m [90m{"implicit":50}[39m
[35m[HTTP][39m [37m<-- POST /wd/hub/session/34839747-7e42-4f5e-a78f-fc2f2942252f/timeouts [39m[32m200[39m [90m1 ms - 14[39m
[35m[HTTP][39m [90m[39m
[35m[HTTP][39m [37m-->[39m [37mGET[39m [37m/wd/hub/session/34839747-7e42-4f5e-a78f-fc2f2942252f/window/rect[39m
[35m[HTTP][39m [90m{}[39m
[35m[HTTP][39m [37m<-- GET /wd/hub/session/34839747-7e42-4f5e-a78f-fc2f2942252f/window/rect [39m[32m200[39m [90m18 ms - 49[39m
[35m[HTTP][39m [90m[39m
[35m[HTTP][39m [37m-->[39m [37mPOST[39m [37m/wd/hub/session/34839747-7e42-4f5e-a78f-fc2f2942252f/elements[39m
[35m[HTTP][39m [90m{"using":"xpath","value":"//hierarchy/android.widget.FrameLayout[1]/android.widget.LinearLayout[1]/android.widget.FrameLayout[1]/android.widget.FrameLayout[1]/android.widget.FrameLayout[1]/android.widget.FrameLayout[1]/android.view.View[1]/android.view.View[1]/android.view.View[1]/android.view.View[1]/android.widget.EditText[1]"}[39m
[35m[HTTP][39m [37m<-- POST /wd/hub/session/34839747-7e42-4f5e-a78f-fc2f2942252f/elements [39m[32m200[39m [90m109 ms - 139[39m
[35m[HTTP][39m [90m[39m
[35m[HTTP][39m [37m-->[39m [37mGET[39m [37m/wd/hub/session/34839747-7e42-4f5e-a78f-fc2f2942252f/element/00000000-0000-03e1-0000-000400000005/location[39m
[35m[HTTP][39m [90m{}[39m
[35m[W3C (34839747)][39m Driver proxy active, passing request on via HTTP proxy
[35m[WD Proxy][39m Replacing sessionId 126902d2-e75d-4e9f-8af6-665ab73ad793 with 34839747-7e42-4f5e-a78f-fc2f2942252f
[35m[HTTP][39m [37m<-- GET /wd/hub/session/34839747-7e42-4f5e-a78f-fc2f2942252f/element/00000000-0000-03e1-0000-000400000005/location [39m[32m200[39m [90m25 ms - 77[39m
[35m[HTTP][39m [90m[39m
[35m[HTTP][39m [37m-->[39m [37mPOST[39m [37m/wd/hub/session/34839747-7e42-4f5e-a78f-fc2f2942252f/timeouts[39m
[35m[HTTP][39m [90m{"implicit":60000}[39m
[35m[HTTP][39m [37m<-- POST /wd/hub/session/34839747-7e42-4f5e-a78f-fc2f2942252f/timeouts [39m[32m200[39m [90m1 ms - 14[39m
[35m[HTTP][39m [90m[39m
[35m[HTTP][39m [37m-->[39m [37mPOST[39m [37m/wd/hub/session/34839747-7e42-4f5e-a78f-fc2f2942252f/touch/perform[39m
[35m[HTTP][39m [90m{"actions":[{"action":"tap","options":{"x":1,"y":1,"element":"00000000-0000-03e1-0000-000400000005"}},{"action":"release","options":{}}]}[39m
[35m[UiAutomator2][39m calling get location: 00000000-0000-03e1-0000-000400000005
[35m[HTTP][39m [37m<-- POST /wd/hub/session/34839747-7e42-4f5e-a78f-fc2f2942252f/touch/perform [39m[32m200[39m [90m236 ms - 14[39m
[35m[HTTP][39m [90m[39m
[35m[HTTP][39m [37m-->[39m [37mPOST[39m [37m/wd/hub/session/34839747-7e42-4f5e-a78f-fc2f2942252f/timeouts[39m
[35m[HTTP][39m [90m{"implicit":50}[39m
[35m[HTTP][39m [37m<-- POST /wd/hub/session/34839747-7e42-4f5e-a78f-fc2f2942252f/timeouts [39m[32m200[39m [90m1 ms - 14[39m
[35m[HTTP][39m [90m[39m
[35m[HTTP][39m [37m-->[39m [37mGET[39m [37m/wd/hub/session/34839747-7e42-4f5e-a78f-fc2f2942252f/window/rect[39m
[35m[HTTP][39m [90m{}[39m
[35m[HTTP][39m [37m<-- GET /wd/hub/session/34839747-7e42-4f5e-a78f-fc2f2942252f/window/rect [39m[32m200[39m [90m26 ms - 49[39m
[35m[HTTP][39m [90m[39m
[35m[HTTP][39m [37m-->[39m [37mPOST[39m [37m/wd/hub/session/34839747-7e42-4f5e-a78f-fc2f2942252f/elements[39m
[35m[HTTP][39m [90m{"using":"xpath","value":"//hierarchy/android.widget.FrameLayout[1]/android.widget.LinearLayout[1]/android.widget.FrameLayout[1]/android.widget.FrameLayout[1]/android.widget.FrameLayout[1]/android.widget.FrameLayout[1]/android.view.View[1]/android.view.View[1]/android.view.View[1]/android.view.View[1]/android.widget.EditText[1]"}[39m
[35m[HTTP][39m [37m<-- POST /wd/hub/session/34839747-7e42-4f5e-a78f-fc2f2942252f/elements [39m[32m200[39m [90m429 ms - 139[39m
[35m[HTTP][39m [90m[39m
[35m[HTTP][39m [37m-->[39m [37mGET[39m [37m/wd/hub/session/34839747-7e42-4f5e-a78f-fc2f2942252f/element/00000000-0000-03e1-0000-000400000005/location[39m
[35m[HTTP][39m [90m{}[39m
[35m[W3C (34839747)][39m Driver proxy active, passing request on via HTTP proxy
[35m[WD Proxy][39m Replacing sessionId 126902d2-e75d-4e9f-8af6-665ab73ad793 with 34839747-7e42-4f5e-a78f-fc2f2942252f
[35m[HTTP][39m [37m<-- GET /wd/hub/session/34839747-7e42-4f5e-a78f-fc2f2942252f/element/00000000-0000-03e1-0000-000400000005/location [39m[32m200[39m [90m31 ms - 77[39m
[35m[HTTP][39m [90m[39m
[35m[HTTP][39m [37m-->[39m [37mPOST[39m [37m/wd/hub/session/34839747-7e42-4f5e-a78f-fc2f2942252f/timeouts[39m
[35m[HTTP][39m [90m{"implicit":60000}[39m
[35m[HTTP][39m [37m<-- POST /wd/hub/session/34839747-7e42-4f5e-a78f-fc2f2942252f/timeouts [39m[32m200[39m [90m1 ms - 14[39m
[35m[HTTP][39m [90m[39m
[35m[HTTP][39m [37m-->[39m [37mPOST[39m [37m/wd/hub/session/34839747-7e42-4f5e-a78f-fc2f2942252f/element/00000000-0000-03e1-0000-000400000005/clear[39m
[35m[HTTP][39m [90m{"id":"00000000-0000-03e1-0000-000400000005"}[39m
[35m[HTTP][39m [37m<-- POST /wd/hub/session/34839747-7e42-4f5e-a78f-fc2f2942252f/element/00000000-0000-03e1-0000-000400000005/clear [39m[32m200[39m [90m33 ms - 14[39m
[35m[HTTP][39m [90m[39m
[35m[HTTP][39m [37m-->[39m [37mPOST[39m [37m/wd/hub/session/34839747-7e42-4f5e-a78f-fc2f2942252f/element/00000000-0000-03e1-0000-000400000005/value[39m
[35m[HTTP][39m [90m{"id":"00000000-0000-03e1-0000-000400000005","text":"anggaaditya","value":["a","n","g","g","a","a","d","i","t","y","a"]}[39m
[35m[HTTP][39m [37m<-- POST /wd/hub/session/34839747-7e42-4f5e-a78f-fc2f2942252f/element/00000000-0000-03e1-0000-000400000005/value [39m[32m200[39m [90m74 ms - 14[39m
[35m[HTTP][39m [90m[39m
[35m[HTTP][39m [37m-->[39m [37mGET[39m [37m/wd/hub/session/34839747-7e42-4f5e-a78f-fc2f2942252f/context[39m
[35m[HTTP][39m [90m{}[39m
[35m[HTTP][39m [37m<-- GET /wd/hub/session/34839747-7e42-4f5e-a78f-fc2f2942252f/context [39m[32m200[39m [90m1 ms - 22[39m
[35m[HTTP][39m [90m[39m
[35m[HTTP][39m [37m-->[39m [37mGET[39m [37m/wd/hub/session/34839747-7e42-4f5e-a78f-fc2f2942252f/contexts[39m
[35m[HTTP][39m [90m{}[39m
[35m[HTTP][39m [37m<-- GET /wd/hub/session/34839747-7e42-4f5e-a78f-fc2f2942252f/contexts [39m[32m200[39m [90m154 ms - 24[39m
[35m[HTTP][39m [90m[39m
[35m[HTTP][39m [37m-->[39m [37mPOST[39m [37m/wd/hub/session/34839747-7e42-4f5e-a78f-fc2f2942252f/context[39m
[35m[HTTP][39m [90m{"name":"NATIVE_APP"}[39m
[35m[HTTP][39m [37m<-- POST /wd/hub/session/34839747-7e42-4f5e-a78f-fc2f2942252f/context [39m[32m200[39m [90m1 ms - 14[39m
[35m[HTTP][39m [90m[39m
[35m[HTTP][39m [37m-->[39m [37mPOST[39m [37m/wd/hub/session/34839747-7e42-4f5e-a78f-fc2f2942252f/appium/device/hide_keyboard[39m
[35m[HTTP][39m [90m{}[39m
[35m[HTTP][39m [37m<-- POST /wd/hub/session/34839747-7e42-4f5e-a78f-fc2f2942252f/appium/device/hide_keyboard [39m[32m200[39m [90m3393 ms - 14[39m
[35m[HTTP][39m [90m[39m
[35m[HTTP][39m [37m-->[39m [37mPOST[39m [37m/wd/hub/session/34839747-7e42-4f5e-a78f-fc2f2942252f/context[39m
[35m[HTTP][39m [90m{"name":"NATIVE_APP"}[39m
[35m[HTTP][39m [37m<-- POST /wd/hub/session/34839747-7e42-4f5e-a78f-fc2f2942252f/context [39m[32m200[39m [90m1 ms - 14[39m
[35m[HTTP][39m [90m[39m
[35m[HTTP][39m [37m-->[39m [37mPOST[39m [37m/wd/hub/session/34839747-7e42-4f5e-a78f-fc2f2942252f/timeouts[39m
[35m[HTTP][39m [90m{"implicit":50}[39m
[35m[HTTP][39m [37m<-- POST /wd/hub/session/34839747-7e42-4f5e-a78f-fc2f2942252f/timeouts [39m[32m200[39m [90m1 ms - 14[39m
[35m[HTTP][39m [90m[39m
[35m[HTTP][39m [37m-->[39m [37mGET[39m [37m/wd/hub/session/34839747-7e42-4f5e-a78f-fc2f2942252f/window/rect[39m
[35m[HTTP][39m [90m{}[39m
[35m[HTTP][39m [37m<-- GET /wd/hub/session/34839747-7e42-4f5e-a78f-fc2f2942252f/window/rect [39m[32m200[39m [90m17 ms - 49[39m
[35m[HTTP][39m [90m[39m
[35m[HTTP][39m [37m-->[39m [37mPOST[39m [37m/wd/hub/session/34839747-7e42-4f5e-a78f-fc2f2942252f/elements[39m
[35m[HTTP][39m [90m{"using":"xpath","value":"//hierarchy/android.widget.FrameLayout[1]/android.widget.LinearLayout[1]/android.widget.FrameLayout[1]/android.widget.FrameLayout[1]/android.widget.FrameLayout[1]/android.widget.FrameLayout[1]/android.view.View[1]/android.view.View[1]/android.view.View[1]/android.view.View[1]/android.widget.EditText[2]"}[39m
[35m[HTTP][39m [37m<-- POST /wd/hub/session/34839747-7e42-4f5e-a78f-fc2f2942252f/elements [39m[32m200[39m [90m125 ms - 139[39m
[35m[HTTP][39m [90m[39m
[35m[HTTP][39m [37m-->[39m [37mGET[39m [37m/wd/hub/session/34839747-7e42-4f5e-a78f-fc2f2942252f/element/00000000-0000-03e1-0000-000500000005/location[39m
[35m[HTTP][39m [90m{}[39m
[35m[W3C (34839747)][39m Driver proxy active, passing request on via HTTP proxy
[35m[WD Proxy][39m Replacing sessionId 126902d2-e75d-4e9f-8af6-665ab73ad793 with 34839747-7e42-4f5e-a78f-fc2f2942252f
[35m[HTTP][39m [37m<-- GET /wd/hub/session/34839747-7e42-4f5e-a78f-fc2f2942252f/element/00000000-0000-03e1-0000-000500000005/location [39m[32m200[39m [90m29 ms - 77[39m
[35m[HTTP][39m [90m[39m
[35m[HTTP][39m [37m-->[39m [37mPOST[39m [37m/wd/hub/session/34839747-7e42-4f5e-a78f-fc2f2942252f/timeouts[39m
[35m[HTTP][39m [90m{"implicit":60000}[39m
[35m[HTTP][39m [37m<-- POST /wd/hub/session/34839747-7e42-4f5e-a78f-fc2f2942252f/timeouts [39m[32m200[39m [90m1 ms - 14[39m
[35m[HTTP][39m [90m[39m
[35m[HTTP][39m [37m-->[39m [37mPOST[39m [37m/wd/hub/session/34839747-7e42-4f5e-a78f-fc2f2942252f/touch/perform[39m
[35m[HTTP][39m [90m{"actions":[{"action":"tap","options":{"x":1,"y":1,"element":"00000000-0000-03e1-0000-000500000005"}},{"action":"release","options":{}}]}[39m
[35m[UiAutomator2][39m calling get location: 00000000-0000-03e1-0000-000500000005
[35m[HTTP][39m [37m<-- POST /wd/hub/session/34839747-7e42-4f5e-a78f-fc2f2942252f/touch/perform [39m[32m200[39m [90m200 ms - 14[39m
[35m[HTTP][39m [90m[39m
[35m[HTTP][39m [37m-->[39m [37mPOST[39m [37m/wd/hub/session/34839747-7e42-4f5e-a78f-fc2f2942252f/timeouts[39m
[35m[HTTP][39m [90m{"implicit":50}[39m
[35m[HTTP][39m [37m<-- POST /wd/hub/session/34839747-7e42-4f5e-a78f-fc2f2942252f/timeouts [39m[32m200[39m [90m1 ms - 14[39m
[35m[HTTP][39m [90m[39m
[35m[HTTP][39m [37m-->[39m [37mGET[39m [37m/wd/hub/session/34839747-7e42-4f5e-a78f-fc2f2942252f/window/rect[39m
[35m[HTTP][39m [90m{}[39m
[35m[HTTP][39m [37m<-- GET /wd/hub/session/34839747-7e42-4f5e-a78f-fc2f2942252f/window/rect [39m[32m200[39m [90m54 ms - 49[39m
[35m[HTTP][39m [90m[39m
[35m[HTTP][39m [37m-->[39m [37mPOST[39m [37m/wd/hub/session/34839747-7e42-4f5e-a78f-fc2f2942252f/elements[39m
[35m[HTTP][39m [90m{"using":"xpath","value":"//hierarchy/android.widget.FrameLayout[1]/android.widget.LinearLayout[1]/android.widget.FrameLayout[1]/android.widget.FrameLayout[1]/android.widget.FrameLayout[1]/android.widget.FrameLayout[1]/android.view.View[1]/android.view.View[1]/android.view.View[1]/android.view.View[1]/android.widget.EditText[2]"}[39m
[35m[HTTP][39m [37m<-- POST /wd/hub/session/34839747-7e42-4f5e-a78f-fc2f2942252f/elements [39m[32m200[39m [90m560 ms - 139[39m
[35m[HTTP][39m [90m[39m
[35m[HTTP][39m [37m-->[39m [37mGET[39m [37m/wd/hub/session/34839747-7e42-4f5e-a78f-fc2f2942252f/element/00000000-0000-03e1-0000-000500000005/location[39m
[35m[HTTP][39m [90m{}[39m
[35m[W3C (34839747)][39m Driver proxy active, passing request on via HTTP proxy
[35m[WD Proxy][39m Replacing sessionId 126902d2-e75d-4e9f-8af6-665ab73ad793 with 34839747-7e42-4f5e-a78f-fc2f2942252f
[35m[HTTP][39m [37m<-- GET /wd/hub/session/34839747-7e42-4f5e-a78f-fc2f2942252f/element/00000000-0000-03e1-0000-000500000005/location [39m[32m200[39m [90m25 ms - 77[39m
[35m[HTTP][39m [90m[39m
[35m[HTTP][39m [37m-->[39m [37mPOST[39m [37m/wd/hub/session/34839747-7e42-4f5e-a78f-fc2f2942252f/timeouts[39m
[35m[HTTP][39m [90m{"implicit":60000}[39m
[35m[HTTP][39m [37m<-- POST /wd/hub/session/34839747-7e42-4f5e-a78f-fc2f2942252f/timeouts [39m[32m200[39m [90m1 ms - 14[39m
[35m[HTTP][39m [90m[39m
[35m[HTTP][39m [37m-->[39m [37mPOST[39m [37m/wd/hub/session/34839747-7e42-4f5e-a78f-fc2f2942252f/element/00000000-0000-03e1-0000-000500000005/clear[39m
[35m[HTTP][39m [90m{"id":"00000000-0000-03e1-0000-000500000005"}[39m
[35m[HTTP][39m [37m<-- POST /wd/hub/session/34839747-7e42-4f5e-a78f-fc2f2942252f/element/00000000-0000-03e1-0000-000500000005/clear [39m[32m200[39m [90m33 ms - 14[39m
[35m[HTTP][39m [90m[39m
[35m[HTTP][39m [37m-->[39m [37mPOST[39m [37m/wd/hub/session/34839747-7e42-4f5e-a78f-fc2f2942252f/element/00000000-0000-03e1-0000-000500000005/value[39m
[35m[HTTP][39m [90m{"id":"00000000-0000-03e1-0000-000500000005","text":"Shalawa18","value":["S","h","a","l","a","w","a","1","8"]}[39m
[35m[HTTP][39m [37m<-- POST /wd/hub/session/34839747-7e42-4f5e-a78f-fc2f2942252f/element/00000000-0000-03e1-0000-000500000005/value [39m[32m200[39m [90m81 ms - 14[39m
[35m[HTTP][39m [90m[39m
[35m[HTTP][39m [37m-->[39m [37mGET[39m [37m/wd/hub/session/34839747-7e42-4f5e-a78f-fc2f2942252f/context[39m
[35m[HTTP][39m [90m{}[39m
[35m[HTTP][39m [37m<-- GET /wd/hub/session/34839747-7e42-4f5e-a78f-fc2f2942252f/context [39m[32m200[39m [90m1 ms - 22[39m
[35m[HTTP][39m [90m[39m
[35m[HTTP][39m [37m-->[39m [37mGET[39m [37m/wd/hub/session/34839747-7e42-4f5e-a78f-fc2f2942252f/contexts[39m
[35m[HTTP][39m [90m{}[39m
[35m[HTTP][39m [37m<-- GET /wd/hub/session/34839747-7e42-4f5e-a78f-fc2f2942252f/contexts [39m[32m200[39m [90m169 ms - 24[39m
[35m[HTTP][39m [90m[39m
[35m[HTTP][39m [37m-->[39m [37mPOST[39m [37m/wd/hub/session/34839747-7e42-4f5e-a78f-fc2f2942252f/context[39m
[35m[HTTP][39m [90m{"name":"NATIVE_APP"}[39m
[35m[HTTP][39m [37m<-- POST /wd/hub/session/34839747-7e42-4f5e-a78f-fc2f2942252f/context [39m[32m200[39m [90m1 ms - 14[39m
[35m[HTTP][39m [90m[39m
[35m[HTTP][39m [37m-->[39m [37mPOST[39m [37m/wd/hub/session/34839747-7e42-4f5e-a78f-fc2f2942252f/appium/device/hide_keyboard[39m
[35m[HTTP][39m [90m{}[39m
[35m[HTTP][39m [37m<-- POST /wd/hub/session/34839747-7e42-4f5e-a78f-fc2f2942252f/appium/device/hide_keyboard [39m[32m200[39m [90m5988 ms - 14[39m
[35m[HTTP][39m [90m[39m
[35m[HTTP][39m [37m-->[39m [37mPOST[39m [37m/wd/hub/session/34839747-7e42-4f5e-a78f-fc2f2942252f/context[39m
[35m[HTTP][39m [90m{"name":"NATIVE_APP"}[39m
[35m[HTTP][39m [37m<-- POST /wd/hub/session/34839747-7e42-4f5e-a78f-fc2f2942252f/context [39m[32m200[39m [90m1 ms - 14[39m
[35m[HTTP][39m [90m[39m
[35m[HTTP][39m [37m-->[39m [37mPOST[39m [37m/wd/hub/session/34839747-7e42-4f5e-a78f-fc2f2942252f/timeouts[39m
[35m[HTTP][39m [90m{"implicit":50}[39m
[35m[HTTP][39m [37m<-- POST /wd/hub/session/34839747-7e42-4f5e-a78f-fc2f2942252f/timeouts [39m[32m200[39m [90m1 ms - 14[39m
[35m[HTTP][39m [90m[39m
[35m[HTTP][39m [37m-->[39m [37mGET[39m [37m/wd/hub/session/34839747-7e42-4f5e-a78f-fc2f2942252f/window/rect[39m
[35m[HTTP][39m [90m{}[39m
[35m[HTTP][39m [37m<-- GET /wd/hub/session/34839747-7e42-4f5e-a78f-fc2f2942252f/window/rect [39m[32m200[39m [90m24 ms - 49[39m
[35m[HTTP][39m [90m[39m
[35m[HTTP][39m [37m-->[39m [37mPOST[39m [37m/wd/hub/session/34839747-7e42-4f5e-a78f-fc2f2942252f/elements[39m
[35m[HTTP][39m [90m{"using":"xpath","value":"//hierarchy/android.widget.FrameLayout[1]/android.widget.LinearLayout[1]/android.widget.FrameLayout[1]/android.widget.FrameLayout[1]/android.widget.FrameLayout[1]/android.widget.FrameLayout[1]/android.view.View[1]/android.view.View[1]/android.view.View[1]/android.view.View[1]/android.widget.Button[1]"}[39m
[35m[HTTP][39m [37m<-- POST /wd/hub/session/34839747-7e42-4f5e-a78f-fc2f2942252f/elements [39m[32m200[39m [90m112 ms - 139[39m
[35m[HTTP][39m [90m[39m
[35m[HTTP][39m [37m-->[39m [37mGET[39m [37m/wd/hub/session/34839747-7e42-4f5e-a78f-fc2f2942252f/element/00000000-0000-03e1-0000-000700000005/location[39m
[35m[HTTP][39m [90m{}[39m
[35m[W3C (34839747)][39m Driver proxy active, passing request on via HTTP proxy
[35m[WD Proxy][39m Replacing sessionId 126902d2-e75d-4e9f-8af6-665ab73ad793 with 34839747-7e42-4f5e-a78f-fc2f2942252f
[35m[HTTP][39m [37m<-- GET /wd/hub/session/34839747-7e42-4f5e-a78f-fc2f2942252f/element/00000000-0000-03e1-0000-000700000005/location [39m[32m200[39m [90m23 ms - 77[39m
[35m[HTTP][39m [90m[39m
[35m[HTTP][39m [37m-->[39m [37mPOST[39m [37m/wd/hub/session/34839747-7e42-4f5e-a78f-fc2f2942252f/timeouts[39m
[35m[HTTP][39m [90m{"implicit":60000}[39m
[35m[HTTP][39m [37m<-- POST /wd/hub/session/34839747-7e42-4f5e-a78f-fc2f2942252f/timeouts [39m[32m200[39m [90m1 ms - 14[39m
[35m[HTTP][39m [90m[39m
[35m[HTTP][39m [37m-->[39m [37mPOST[39m [37m/wd/hub/session/34839747-7e42-4f5e-a78f-fc2f2942252f/touch/perform[39m
[35m[HTTP][39m [90m{"actions":[{"action":"tap","options":{"x":1,"y":1,"element":"00000000-0000-03e1-0000-000700000005"}},{"action":"release","options":{}}]}[39m
[35m[UiAutomator2][39m calling get location: 00000000-0000-03e1-0000-000700000005
[35m[HTTP][39m [37m<-- POST /wd/hub/session/34839747-7e42-4f5e-a78f-fc2f2942252f/touch/perform [39m[32m200[39m [90m199 ms - 14[39m
[35m[HTTP][39m [90m[39m
[35m[HTTP][39m [37m-->[39m [37mPOST[39m [37m/wd/hub/session/34839747-7e42-4f5e-a78f-fc2f2942252f/timeouts[39m
[35m[HTTP][39m [90m{"implicit":50}[39m
[35m[HTTP][39m [37m<-- POST /wd/hub/session/34839747-7e42-4f5e-a78f-fc2f2942252f/timeouts [39m[32m200[39m [90m1 ms - 14[39m
[35m[HTTP][39m [90m[39m
[35m[HTTP][39m [37m-->[39m [37mGET[39m [37m/wd/hub/session/34839747-7e42-4f5e-a78f-fc2f2942252f/window/rect[39m
[35m[HTTP][39m [90m{}[39m
[35m[HTTP][39m [37m<-- GET /wd/hub/session/34839747-7e42-4f5e-a78f-fc2f2942252f/window/rect [39m[32m200[39m [90m19 ms - 49[39m
[35m[HTTP][39m [90m[39m
[35m[HTTP][39m [37m-->[39m [37mPOST[39m [37m/wd/hub/session/34839747-7e42-4f5e-a78f-fc2f2942252f/elements[39m
[35m[HTTP][39m [90m{"using":"xpath","value":"//hierarchy/android.widget.FrameLayout[1]/android.widget.LinearLayout[1]/android.widget.FrameLayout[1]/android.widget.FrameLayout[1]/android.widget.FrameLayout[1]/android.widget.FrameLayout[1]/android.view.View[1]/android.view.View[1]/android.view.View[1]/android.view.View[1]/android.view.View[3]/android.widget.ImageView[3]"}[39m
[35m[HTTP][39m [37m<-- POST /wd/hub/session/34839747-7e42-4f5e-a78f-fc2f2942252f/elements [39m[32m200[39m [90m868 ms - 139[39m
[35m[HTTP][39m [90m[39m
[35m[HTTP][39m [37m-->[39m [37mGET[39m [37m/wd/hub/session/34839747-7e42-4f5e-a78f-fc2f2942252f/element/00000000-0000-03e1-0000-002000000005/location[39m
[35m[HTTP][39m [90m{}[39m
[35m[W3C (34839747)][39m Driver proxy active, passing request on via HTTP proxy
[35m[WD Proxy][39m Replacing sessionId 126902d2-e75d-4e9f-8af6-665ab73ad793 with 34839747-7e42-4f5e-a78f-fc2f2942252f
[35m[HTTP][39m [37m<-- GET /wd/hub/session/34839747-7e42-4f5e-a78f-fc2f2942252f/element/00000000-0000-03e1-0000-002000000005/location [39m[32m200[39m [90m22 ms - 79[39m
[35m[HTTP][39m [90m[39m
[35m[HTTP][39m [37m-->[39m [37mPOST[39m [37m/wd/hub/session/34839747-7e42-4f5e-a78f-fc2f2942252f/timeouts[39m
[35m[HTTP][39m [90m{"implicit":60000}[39m
[35m[HTTP][39m [37m<-- POST /wd/hub/session/34839747-7e42-4f5e-a78f-fc2f2942252f/timeouts [39m[32m200[39m [90m1 ms - 14[39m
[35m[HTTP][39m [90m[39m
[35m[HTTP][39m [37m-->[39m [37mPOST[39m [37m/wd/hub/session/34839747-7e42-4f5e-a78f-fc2f2942252f/touch/perform[39m
[35m[HTTP][39m [90m{"actions":[{"action":"tap","options":{"x":1,"y":1,"element":"00000000-0000-03e1-0000-002000000005"}},{"action":"release","options":{}}]}[39m
[35m[UiAutomator2][39m calling get location: 00000000-0000-03e1-0000-002000000005
[35m[HTTP][39m [37m<-- POST /wd/hub/session/34839747-7e42-4f5e-a78f-fc2f2942252f/touch/perform [39m[32m200[39m [90m184 ms - 14[39m
[35m[HTTP][39m [90m[39m
[35m[HTTP][39m [37m-->[39m [37mGET[39m [37m/wd/hub/session/34839747-7e42-4f5e-a78f-fc2f2942252f/window/rect[39m
[35m[HTTP][39m [90m{}[39m
[35m[HTTP][39m [37m<-- GET /wd/hub/session/34839747-7e42-4f5e-a78f-fc2f2942252f/window/rect [39m[32m200[39m [90m23 ms - 49[39m
[35m[HTTP][39m [90m[39m
[35m[HTTP][39m [37m-->[39m [37mPOST[39m [37m/wd/hub/session/34839747-7e42-4f5e-a78f-fc2f2942252f/elements[39m
[35m[HTTP][39m [90m{"using":"xpath","value":"//hierarchy/android.widget.FrameLayout[1]/android.widget.LinearLayout[1]/android.widget.FrameLayout[1]/android.widget.FrameLayout[1]/android.widget.FrameLayout[1]/android.widget.FrameLayout[1]/android.view.View[1]/android.view.View[1]/android.view.View[1]/android.view.View[1]/android.view.View[2]/android.view.View[1]/android.widget.HorizontalScrollView[1]/android.view.View[1]"}[39m
[35m[HTTP][39m [37m<-- POST /wd/hub/session/34839747-7e42-4f5e-a78f-fc2f2942252f/elements [39m[32m200[39m [90m448 ms - 139[39m
[35m[HTTP][39m [90m[39m
[35m[HTTP][39m [37m-->[39m [37mGET[39m [37m/wd/hub/session/34839747-7e42-4f5e-a78f-fc2f2942252f/element/00000000-0000-03e1-0000-003b00000005/location[39m
[35m[HTTP][39m [90m{}[39m
[35m[W3C (34839747)][39m Driver proxy active, passing request on via HTTP proxy
[35m[WD Proxy][39m Replacing sessionId 126902d2-e75d-4e9f-8af6-665ab73ad793 with 34839747-7e42-4f5e-a78f-fc2f2942252f
[35m[HTTP][39m [37m<-- GET /wd/hub/session/34839747-7e42-4f5e-a78f-fc2f2942252f/element/00000000-0000-03e1-0000-003b00000005/location [39m[32m200[39m [90m19 ms - 77[39m
[35m[HTTP][39m [90m[39m
[35m[HTTP][39m [37m-->[39m [37mGET[39m [37m/wd/hub/session/34839747-7e42-4f5e-a78f-fc2f2942252f/element/00000000-0000-03e1-0000-003b00000005/location[39m
[35m[HTTP][39m [90m{}[39m
[35m[W3C (34839747)][39m Driver proxy active, passing request on via HTTP proxy
[35m[WD Proxy][39m Replacing sessionId 126902d2-e75d-4e9f-8af6-665ab73ad793 with 34839747-7e42-4f5e-a78f-fc2f2942252f
[35m[HTTP][39m [37m<-- GET /wd/hub/session/34839747-7e42-4f5e-a78f-fc2f2942252f/element/00000000-0000-03e1-0000-003b00000005/location [39m[32m200[39m [90m25 ms - 77[39m
[35m[HTTP][39m [90m[39m
[35m[HTTP][39m [37m-->[39m [37mGET[39m [37m/wd/hub/session/34839747-7e42-4f5e-a78f-fc2f2942252f/window/rect[39m
[35m[HTTP][39m [90m{}[39m
[35m[HTTP][39m [37m<-- GET /wd/hub/session/34839747-7e42-4f5e-a78f-fc2f2942252f/window/rect [39m[32m200[39m [90m17 ms - 49[39m
[35m[HTTP][39m [90m[39m
[35m[HTTP][39m [37m-->[39m [37mPOST[39m [37m/wd/hub/session/34839747-7e42-4f5e-a78f-fc2f2942252f/elements[39m
[35m[HTTP][39m [90m{"using":"xpath","value":"//hierarchy/android.widget.FrameLayout[1]/android.widget.LinearLayout[1]/android.widget.FrameLayout[1]/android.widget.FrameLayout[1]/android.widget.FrameLayout[1]/android.widget.FrameLayout[1]/android.view.View[1]/android.view.View[1]/android.view.View[1]/android.view.View[1]/android.view.View[2]/android.view.View[1]/android.widget.HorizontalScrollView[1]/android.view.View[1]"}[39m
[35m[HTTP][39m [37m<-- POST /wd/hub/session/34839747-7e42-4f5e-a78f-fc2f2942252f/elements [39m[32m200[39m [90m93 ms - 139[39m
[35m[HTTP][39m [90m[39m
[35m[HTTP][39m [37m-->[39m [37mGET[39m [37m/wd/hub/session/34839747-7e42-4f5e-a78f-fc2f2942252f/element/00000000-0000-03e1-0000-003b00000005/location[39m
[35m[HTTP][39m [90m{}[39m
[35m[W3C (34839747)][39m Driver proxy active, passing request on via HTTP proxy
[35m[WD Proxy][39m Replacing sessionId 126902d2-e75d-4e9f-8af6-665ab73ad793 with 34839747-7e42-4f5e-a78f-fc2f2942252f
[35m[HTTP][39m [37m<-- GET /wd/hub/session/34839747-7e42-4f5e-a78f-fc2f2942252f/element/00000000-0000-03e1-0000-003b00000005/location [39m[32m200[39m [90m18 ms - 77[39m
[35m[HTTP][39m [90m[39m
[35m[HTTP][39m [37m-->[39m [37mGET[39m [37m/wd/hub/session/34839747-7e42-4f5e-a78f-fc2f2942252f/element/00000000-0000-03e1-0000-003b00000005/location[39m
[35m[HTTP][39m [90m{}[39m
[35m[W3C (34839747)][39m Driver proxy active, passing request on via HTTP proxy
[35m[WD Proxy][39m Replacing sessionId 126902d2-e75d-4e9f-8af6-665ab73ad793 with 34839747-7e42-4f5e-a78f-fc2f2942252f
[35m[HTTP][39m [37m<-- GET /wd/hub/session/34839747-7e42-4f5e-a78f-fc2f2942252f/element/00000000-0000-03e1-0000-003b00000005/location [39m[32m200[39m [90m20 ms - 77[39m
[35m[HTTP][39m [90m[39m
[35m[HTTP][39m [37m-->[39m [37mGET[39m [37m/wd/hub/session/34839747-7e42-4f5e-a78f-fc2f2942252f/window/rect[39m
[35m[HTTP][39m [90m{}[39m
[35m[HTTP][39m [37m<-- GET /wd/hub/session/34839747-7e42-4f5e-a78f-fc2f2942252f/window/rect [39m[32m200[39m [90m14 ms - 49[39m
[35m[HTTP][39m [90m[39m
[35m[HTTP][39m [37m-->[39m [37mPOST[39m [37m/wd/hub/session/34839747-7e42-4f5e-a78f-fc2f2942252f/elements[39m
[35m[HTTP][39m [90m{"using":"xpath","value":"//hierarchy/android.widget.FrameLayout[1]/android.widget.LinearLayout[1]/android.widget.FrameLayout[1]/android.widget.FrameLayout[1]/android.widget.FrameLayout[1]/android.widget.FrameLayout[1]/android.view.View[1]/android.view.View[1]/android.view.View[1]/android.view.View[1]/android.view.View[2]/android.view.View[1]/android.widget.HorizontalScrollView[1]/android.view.View[1]"}[39m
[35m[HTTP][39m [37m<-- POST /wd/hub/session/34839747-7e42-4f5e-a78f-fc2f2942252f/elements [39m[32m200[39m [90m89 ms - 139[39m
[35m[HTTP][39m [90m[39m
[35m[HTTP][39m [37m-->[39m [37mGET[39m [37m/wd/hub/session/34839747-7e42-4f5e-a78f-fc2f2942252f/element/00000000-0000-03e1-0000-003b00000005/location[39m
[35m[HTTP][39m [90m{}[39m
[35m[W3C (34839747)][39m Driver proxy active, passing request on via HTTP proxy
[35m[WD Proxy][39m Replacing sessionId 126902d2-e75d-4e9f-8af6-665ab73ad793 with 34839747-7e42-4f5e-a78f-fc2f2942252f
[35m[HTTP][39m [37m<-- GET /wd/hub/session/34839747-7e42-4f5e-a78f-fc2f2942252f/element/00000000-0000-03e1-0000-003b00000005/location [39m[32m200[39m [90m39 ms - 77[39m
[35m[HTTP][39m [90m[39m
[35m[HTTP][39m [37m-->[39m [37mGET[39m [37m/wd/hub/session/34839747-7e42-4f5e-a78f-fc2f2942252f/element/00000000-0000-03e1-0000-003b00000005/size[39m
[35m[HTTP][39m [90m{}[39m
[35m[W3C (34839747)][39m Driver proxy active, passing request on via HTTP proxy
[35m[WD Proxy][39m Replacing sessionId 126902d2-e75d-4e9f-8af6-665ab73ad793 with 34839747-7e42-4f5e-a78f-fc2f2942252f
[35m[HTTP][39m [37m<-- GET /wd/hub/session/34839747-7e42-4f5e-a78f-fc2f2942252f/element/00000000-0000-03e1-0000-003b00000005/size [39m[32m200[39m [90m22 ms - 86[39m
[35m[HTTP][39m [90m[39m
[35m[HTTP][39m [37m-->[39m [37mGET[39m [37m/wd/hub/session/34839747-7e42-4f5e-a78f-fc2f2942252f/window/rect[39m
[35m[HTTP][39m [90m{}[39m
[35m[HTTP][39m [37m<-- GET /wd/hub/session/34839747-7e42-4f5e-a78f-fc2f2942252f/window/rect [39m[32m200[39m [90m16 ms - 49[39m
[35m[HTTP][39m [90m[39m
[35m[HTTP][39m [37m-->[39m [37mPOST[39m [37m/wd/hub/session/34839747-7e42-4f5e-a78f-fc2f2942252f/elements[39m
[35m[HTTP][39m [90m{"using":"xpath","value":"//hierarchy/android.widget.FrameLayout[1]/android.widget.LinearLayout[1]/android.widget.FrameLayout[1]/android.widget.FrameLayout[1]/android.widget.FrameLayout[1]/android.widget.FrameLayout[1]/android.view.View[1]/android.view.View[1]/android.view.View[1]/android.view.View[1]/android.view.View[2]/android.view.View[1]/android.widget.HorizontalScrollView[1]/android.view.View[1]"}[39m
[35m[HTTP][39m [37m<-- POST /wd/hub/session/34839747-7e42-4f5e-a78f-fc2f2942252f/elements [39m[32m200[39m [90m85 ms - 139[39m
[35m[HTTP][39m [90m[39m
[35m[HTTP][39m [37m-->[39m [37mGET[39m [37m/wd/hub/session/34839747-7e42-4f5e-a78f-fc2f2942252f/element/00000000-0000-03e1-0000-003b00000005/location[39m
[35m[HTTP][39m [90m{}[39m
[35m[W3C (34839747)][39m Driver proxy active, passing request on via HTTP proxy
[35m[WD Proxy][39m Replacing sessionId 126902d2-e75d-4e9f-8af6-665ab73ad793 with 34839747-7e42-4f5e-a78f-fc2f2942252f
[35m[HTTP][39m [37m<-- GET /wd/hub/session/34839747-7e42-4f5e-a78f-fc2f2942252f/element/00000000-0000-03e1-0000-003b00000005/location [39m[32m200[39m [90m20 ms - 77[39m
[35m[HTTP][39m [90m[39m
[35m[HTTP][39m [37m-->[39m [37mGET[39m [37m/wd/hub/session/34839747-7e42-4f5e-a78f-fc2f2942252f/element/00000000-0000-03e1-0000-003b00000005/size[39m
[35m[HTTP][39m [90m{}[39m
[35m[W3C (34839747)][39m Driver proxy active, passing request on via HTTP proxy
[35m[WD Proxy][39m Replacing sessionId 126902d2-e75d-4e9f-8af6-665ab73ad793 with 34839747-7e42-4f5e-a78f-fc2f2942252f
[35m[HTTP][39m [37m<-- GET /wd/hub/session/34839747-7e42-4f5e-a78f-fc2f2942252f/element/00000000-0000-03e1-0000-003b00000005/size [39m[32m200[39m [90m21 ms - 86[39m
[35m[HTTP][39m [90m[39m
[35m[HTTP][39m [37m-->[39m [37mGET[39m [37m/wd/hub/session/34839747-7e42-4f5e-a78f-fc2f2942252f/context[39m
[35m[HTTP][39m [90m{}[39m
[35m[HTTP][39m [37m<-- GET /wd/hub/session/34839747-7e42-4f5e-a78f-fc2f2942252f/context [39m[32m200[39m [90m1 ms - 22[39m
[35m[HTTP][39m [90m[39m
[35m[HTTP][39m [37m-->[39m [37mGET[39m [37m/wd/hub/session/34839747-7e42-4f5e-a78f-fc2f2942252f/contexts[39m
[35m[HTTP][39m [90m{}[39m
[35m[HTTP][39m [37m<-- GET /wd/hub/session/34839747-7e42-4f5e-a78f-fc2f2942252f/contexts [39m[32m200[39m [90m160 ms - 24[39m
[35m[HTTP][39m [90m[39m
[35m[HTTP][39m [37m-->[39m [37mPOST[39m [37m/wd/hub/session/34839747-7e42-4f5e-a78f-fc2f2942252f/context[39m
[35m[HTTP][39m [90m{"name":"NATIVE_APP"}[39m
[35m[HTTP][39m [37m<-- POST /wd/hub/session/34839747-7e42-4f5e-a78f-fc2f2942252f/context [39m[32m200[39m [90m1 ms - 14[39m
[35m[HTTP][39m [90m[39m
[35m[HTTP][39m [37m-->[39m [37mGET[39m [37m/wd/hub/session/34839747-7e42-4f5e-a78f-fc2f2942252f/window/rect[39m
[35m[HTTP][39m [90m{}[39m
[35m[HTTP][39m [37m<-- GET /wd/hub/session/34839747-7e42-4f5e-a78f-fc2f2942252f/window/rect [39m[32m200[39m [90m16 ms - 49[39m
[35m[HTTP][39m [90m[39m
[35m[HTTP][39m [37m-->[39m [37mPOST[39m [37m/wd/hub/session/34839747-7e42-4f5e-a78f-fc2f2942252f/context[39m
[35m[HTTP][39m [90m{"name":"NATIVE_APP"}[39m
[35m[HTTP][39m [37m<-- POST /wd/hub/session/34839747-7e42-4f5e-a78f-fc2f2942252f/context [39m[32m200[39m [90m1 ms - 14[39m
[35m[HTTP][39m [90m[39m
[35m[HTTP][39m [37m-->[39m [37mGET[39m [37m/wd/hub/session/34839747-7e42-4f5e-a78f-fc2f2942252f/context[39m
[35m[HTTP][39m [90m{}[39m
[35m[HTTP][39m [37m<-- GET /wd/hub/session/34839747-7e42-4f5e-a78f-fc2f2942252f/context [39m[32m200[39m [90m1 ms - 22[39m
[35m[HTTP][39m [90m[39m
[35m[HTTP][39m [37m-->[39m [37mGET[39m [37m/wd/hub/session/34839747-7e42-4f5e-a78f-fc2f2942252f/contexts[39m
[35m[HTTP][39m [90m{}[39m
[35m[HTTP][39m [37m<-- GET /wd/hub/session/34839747-7e42-4f5e-a78f-fc2f2942252f/contexts [39m[32m200[39m [90m150 ms - 24[39m
[35m[HTTP][39m [90m[39m
[35m[HTTP][39m [37m-->[39m [37mPOST[39m [37m/wd/hub/session/34839747-7e42-4f5e-a78f-fc2f2942252f/context[39m
[35m[HTTP][39m [90m{"name":"NATIVE_APP"}[39m
[35m[HTTP][39m [37m<-- POST /wd/hub/session/34839747-7e42-4f5e-a78f-fc2f2942252f/context [39m[32m200[39m [90m1 ms - 14[39m
[35m[HTTP][39m [90m[39m
[35m[HTTP][39m [37m-->[39m [37mPOST[39m [37m/wd/hub/session/34839747-7e42-4f5e-a78f-fc2f2942252f/touch/perform[39m
[35m[HTTP][39m [90m{"actions":[{"action":"press","options":{"x":620,"y":304}},{"action":"wait","options":{"ms":500}},{"action":"moveTo","options":{"x":100,"y":304}},{"action":"release","options":{}}]}[39m
[35m[HTTP][39m [37m<-- POST /wd/hub/session/34839747-7e42-4f5e-a78f-fc2f2942252f/touch/perform [39m[32m200[39m [90m1027 ms - 14[39m
[35m[HTTP][39m [90m[39m
[35m[HTTP][39m [37m-->[39m [37mPOST[39m [37m/wd/hub/session/34839747-7e42-4f5e-a78f-fc2f2942252f/context[39m
[35m[HTTP][39m [90m{"name":"NATIVE_APP"}[39m
[35m[HTTP][39m [37m<-- POST /wd/hub/session/34839747-7e42-4f5e-a78f-fc2f2942252f/context [39m[32m200[39m [90m1 ms - 14[39m
[35m[HTTP][39m [90m[39m
[35m[HTTP][39m [37m-->[39m [37mPOST[39m [37m/wd/hub/session/34839747-7e42-4f5e-a78f-fc2f2942252f/timeouts[39m
[35m[HTTP][39m [90m{"implicit":50}[39m
[35m[HTTP][39m [37m<-- POST /wd/hub/session/34839747-7e42-4f5e-a78f-fc2f2942252f/timeouts [39m[32m200[39m [90m1 ms - 14[39m
[35m[HTTP][39m [90m[39m
[35m[HTTP][39m [37m-->[39m [37mGET[39m [37m/wd/hub/session/34839747-7e42-4f5e-a78f-fc2f2942252f/window/rect[39m
[35m[HTTP][39m [90m{}[39m
[35m[HTTP][39m [37m<-- GET /wd/hub/session/34839747-7e42-4f5e-a78f-fc2f2942252f/window/rect [39m[32m200[39m [90m41 ms - 49[39m
[35m[HTTP][39m [90m[39m
[35m[HTTP][39m [37m-->[39m [37mPOST[39m [37m/wd/hub/session/34839747-7e42-4f5e-a78f-fc2f2942252f/elements[39m
[35m[HTTP][39m [90m{"using":"xpath","value":"//hierarchy/android.widget.FrameLayout[1]/android.widget.LinearLayout[1]/android.widget.FrameLayout[1]/android.widget.FrameLayout[1]/android.widget.FrameLayout[1]/android.widget.FrameLayout[1]/android.view.View[1]/android.view.View[1]/android.view.View[1]/android.view.View[1]/android.view.View[2]/android.view.View[1]/android.widget.HorizontalScrollView[1]/android.view.View[4]"}[39m
[35m[HTTP][39m [37m<-- POST /wd/hub/session/34839747-7e42-4f5e-a78f-fc2f2942252f/elements [39m[32m200[39m [90m118 ms - 139[39m
[35m[HTTP][39m [90m[39m
[35m[HTTP][39m [37m-->[39m [37mGET[39m [37m/wd/hub/session/34839747-7e42-4f5e-a78f-fc2f2942252f/element/00000000-0000-03e1-0000-003f00000005/location[39m
[35m[HTTP][39m [90m{}[39m
[35m[W3C (34839747)][39m Driver proxy active, passing request on via HTTP proxy
[35m[WD Proxy][39m Replacing sessionId 126902d2-e75d-4e9f-8af6-665ab73ad793 with 34839747-7e42-4f5e-a78f-fc2f2942252f
[35m[HTTP][39m [37m<-- GET /wd/hub/session/34839747-7e42-4f5e-a78f-fc2f2942252f/element/00000000-0000-03e1-0000-003f00000005/location [39m[32m200[39m [90m26 ms - 78[39m
[35m[HTTP][39m [90m[39m
[35m[HTTP][39m [37m-->[39m [37mPOST[39m [37m/wd/hub/session/34839747-7e42-4f5e-a78f-fc2f2942252f/timeouts[39m
[35m[HTTP][39m [90m{"implicit":60000}[39m
[35m[HTTP][39m [37m<-- POST /wd/hub/session/34839747-7e42-4f5e-a78f-fc2f2942252f/timeouts [39m[32m200[39m [90m1 ms - 14[39m
[35m[HTTP][39m [90m[39m
[35m[HTTP][39m [37m-->[39m [37mPOST[39m [37m/wd/hub/session/34839747-7e42-4f5e-a78f-fc2f2942252f/touch/perform[39m
[35m[HTTP][39m [90m{"actions":[{"action":"tap","options":{"x":1,"y":1,"element":"00000000-0000-03e1-0000-003f00000005"}},{"action":"release","options":{}}]}[39m
[35m[UiAutomator2][39m calling get location: 00000000-0000-03e1-0000-003f00000005
[35m[HTTP][39m [37m<-- POST /wd/hub/session/34839747-7e42-4f5e-a78f-fc2f2942252f/touch/perform [39m[32m200[39m [90m1049 ms - 14[39m
[35m[HTTP][39m [90m[39m
[35m[HTTP][39m [37m-->[39m [37mPOST[39m [37m/wd/hub/session/34839747-7e42-4f5e-a78f-fc2f2942252f/timeouts[39m
[35m[HTTP][39m [90m{"implicit":50}[39m
[35m[HTTP][39m [37m<-- POST /wd/hub/session/34839747-7e42-4f5e-a78f-fc2f2942252f/timeouts [39m[32m200[39m [90m1 ms - 14[39m
[35m[HTTP][39m [90m[39m
[35m[HTTP][39m [37m-->[39m [37mGET[39m [37m/wd/hub/session/34839747-7e42-4f5e-a78f-fc2f2942252f/window/rect[39m
[35m[HTTP][39m [90m{}[39m
[35m[HTTP][39m [37m<-- GET /wd/hub/session/34839747-7e42-4f5e-a78f-fc2f2942252f/window/rect [39m[32m200[39m [90m37 ms - 49[39m
[35m[HTTP][39m [90m[39m
[35m[HTTP][39m [37m-->[39m [37mPOST[39m [37m/wd/hub/session/34839747-7e42-4f5e-a78f-fc2f2942252f/elements[39m
[35m[HTTP][39m [90m{"using":"xpath","value":"//hierarchy/android.widget.FrameLayout[1]/android.widget.LinearLayout[1]/android.widget.FrameLayout[1]/android.widget.FrameLayout[1]/android.widget.FrameLayout[1]/android.widget.FrameLayout[1]/android.view.View[1]/android.view.View[1]/android.view.View[1]/android.view.View[1]/android.view.View[2]/android.view.View[1]/android.view.View[2]/android.view.View[1]/android.view.View[1]/android.view.View[1]/android.view.View[1]/android.view.View[1]/android.view.View[1]/android.view.View[1]/android.view.View[1]/android.view.View[1]/android.widget.Button[1]"}[39m
[35m[HTTP][39m [37m<-- POST /wd/hub/session/34839747-7e42-4f5e-a78f-fc2f2942252f/elements [39m[32m200[39m [90m131 ms - 139[39m
[35m[HTTP][39m [90m[39m
[35m[HTTP][39m [37m-->[39m [37mGET[39m [37m/wd/hub/session/34839747-7e42-4f5e-a78f-fc2f2942252f/element/00000000-0000-03e1-0000-005500000005/location[39m
[35m[HTTP][39m [90m{}[39m
[35m[W3C (34839747)][39m Driver proxy active, passing request on via HTTP proxy
[35m[WD Proxy][39m Replacing sessionId 126902d2-e75d-4e9f-8af6-665ab73ad793 with 34839747-7e42-4f5e-a78f-fc2f2942252f
[35m[HTTP][39m [37m<-- GET /wd/hub/session/34839747-7e42-4f5e-a78f-fc2f2942252f/element/00000000-0000-03e1-0000-005500000005/location [39m[32m200[39m [90m25 ms - 77[39m
[35m[HTTP][39m [90m[39m
[35m[HTTP][39m [37m-->[39m [37mPOST[39m [37m/wd/hub/session/34839747-7e42-4f5e-a78f-fc2f2942252f/timeouts[39m
[35m[HTTP][39m [90m{"implicit":60000}[39m
[35m[HTTP][39m [37m<-- POST /wd/hub/session/34839747-7e42-4f5e-a78f-fc2f2942252f/timeouts [39m[32m200[39m [90m1 ms - 14[39m
[35m[HTTP][39m [90m[39m
[35m[HTTP][39m [37m-->[39m [37mPOST[39m [37m/wd/hub/session/34839747-7e42-4f5e-a78f-fc2f2942252f/touch/perform[39m
[35m[HTTP][39m [90m{"actions":[{"action":"tap","options":{"x":1,"y":1,"element":"00000000-0000-03e1-0000-005500000005"}},{"action":"release","options":{}}]}[39m
[35m[UiAutomator2][39m calling get location: 00000000-0000-03e1-0000-005500000005
[35m[HTTP][39m [37m<-- POST /wd/hub/session/34839747-7e42-4f5e-a78f-fc2f2942252f/touch/perform [39m[32m200[39m [90m203 ms - 14[39m
[35m[HTTP][39m [90m[39m
[35m[HTTP][39m [37m-->[39m [37mPOST[39m [37m/wd/hub/session/34839747-7e42-4f5e-a78f-fc2f2942252f/timeouts[39m
[35m[HTTP][39m [90m{"implicit":50}[39m
[35m[HTTP][39m [37m<-- POST /wd/hub/session/34839747-7e42-4f5e-a78f-fc2f2942252f/timeouts [39m[32m200[39m [90m1 ms - 14[39m
[35m[HTTP][39m [90m[39m
[35m[HTTP][39m [37m-->[39m [37mGET[39m [37m/wd/hub/session/34839747-7e42-4f5e-a78f-fc2f2942252f/window/rect[39m
[35m[HTTP][39m [90m{}[39m
[35m[HTTP][39m [37m<-- GET /wd/hub/session/34839747-7e42-4f5e-a78f-fc2f2942252f/window/rect [39m[32m200[39m [90m32 ms - 49[39m
[35m[HTTP][39m [90m[39m
[35m[HTTP][39m [37m-->[39m [37mPOST[39m [37m/wd/hub/session/34839747-7e42-4f5e-a78f-fc2f2942252f/elements[39m
[35m[HTTP][39m [90m{"using":"xpath","value":"//hierarchy/android.widget.FrameLayout[1]/android.widget.LinearLayout[1]/android.widget.FrameLayout[1]/android.widget.FrameLayout[1]/android.widget.FrameLayout[1]/android.widget.FrameLayout[1]/android.view.View[1]/android.view.View[1]/android.view.View[1]/android.view.View[1]/android.view.View[2]/android.view.View[1]/android.view.View[2]/android.view.View[1]/android.view.View[1]/android.view.View[1]/android.view.View[1]/android.view.View[1]/android.view.View[1]/android.view.View[1]/android.view.View[1]/android.view.View[1]/android.widget.Button[2]"}[39m
[35m[HTTP][39m [37m<-- POST /wd/hub/session/34839747-7e42-4f5e-a78f-fc2f2942252f/elements [39m[32m200[39m [90m124 ms - 139[39m
[35m[HTTP][39m [90m[39m
[35m[HTTP][39m [37m-->[39m [37mGET[39m [37m/wd/hub/session/34839747-7e42-4f5e-a78f-fc2f2942252f/element/00000000-0000-03e1-0000-005600000005/location[39m
[35m[HTTP][39m [90m{}[39m
[35m[W3C (34839747)][39m Driver proxy active, passing request on via HTTP proxy
[35m[WD Proxy][39m Replacing sessionId 126902d2-e75d-4e9f-8af6-665ab73ad793 with 34839747-7e42-4f5e-a78f-fc2f2942252f
[35m[HTTP][39m [37m<-- GET /wd/hub/session/34839747-7e42-4f5e-a78f-fc2f2942252f/element/00000000-0000-03e1-0000-005600000005/location [39m[32m200[39m [90m19 ms - 78[39m
[35m[HTTP][39m [90m[39m
[35m[HTTP][39m [37m-->[39m [37mPOST[39m [37m/wd/hub/session/34839747-7e42-4f5e-a78f-fc2f2942252f/timeouts[39m
[35m[HTTP][39m [90m{"implicit":60000}[39m
[35m[HTTP][39m [37m<-- POST /wd/hub/session/34839747-7e42-4f5e-a78f-fc2f2942252f/timeouts [39m[32m200[39m [90m1 ms - 14[39m
[35m[HTTP][39m [90m[39m
[35m[HTTP][39m [37m-->[39m [37mPOST[39m [37m/wd/hub/session/34839747-7e42-4f5e-a78f-fc2f2942252f/touch/perform[39m
[35m[HTTP][39m [90m{"actions":[{"action":"tap","options":{"x":1,"y":1,"element":"00000000-0000-03e1-0000-005600000005"}},{"action":"release","options":{}}]}[39m
[35m[UiAutomator2][39m calling get location: 00000000-0000-03e1-0000-005600000005
[35m[HTTP][39m [37m<-- POST /wd/hub/session/34839747-7e42-4f5e-a78f-fc2f2942252f/touch/perform [39m[32m200[39m [90m751 ms - 14[39m
[35m[HTTP][39m [90m[39m
[35m[HTTP][39m [37m-->[39m [37mPOST[39m [37m/wd/hub/session/34839747-7e42-4f5e-a78f-fc2f2942252f/timeouts[39m
[35m[HTTP][39m [90m{"implicit":50}[39m
[35m[HTTP][39m [37m<-- POST /wd/hub/session/34839747-7e42-4f5e-a78f-fc2f2942252f/timeouts [39m[32m200[39m [90m1 ms - 14[39m
[35m[HTTP][39m [90m[39m
[35m[HTTP][39m [37m-->[39m [37mGET[39m [37m/wd/hub/session/34839747-7e42-4f5e-a78f-fc2f2942252f/window/rect[39m
[35m[HTTP][39m [90m{}[39m
[35m[HTTP][39m [37m<-- GET /wd/hub/session/34839747-7e42-4f5e-a78f-fc2f2942252f/window/rect [39m[32m200[39m [90m37 ms - 49[39m
[35m[HTTP][39m [90m[39m
[35m[HTTP][39m [37m-->[39m [37mPOST[39m [37m/wd/hub/session/34839747-7e42-4f5e-a78f-fc2f2942252f/elements[39m
[35m[HTTP][39m [90m{"using":"xpath","value":"//hierarchy/android.widget.FrameLayout[1]/android.widget.LinearLayout[1]/android.widget.FrameLayout[1]/android.widget.FrameLayout[1]/android.widget.FrameLayout[1]/android.widget.FrameLayout[1]/android.view.View[1]/android.view.View[1]/android.view.View[1]/android.view.View[1]/android.view.View[2]/android.view.View[1]/android.view.View[2]/android.view.View[1]/android.view.View[1]/android.view.View[1]/android.view.View[1]/android.view.View[1]/android.view.View[1]/android.view.View[1]/android.view.View[1]/android.view.View[1]/android.widget.Button[3]"}[39m
[35m[HTTP][39m [37m<-- POST /wd/hub/session/34839747-7e42-4f5e-a78f-fc2f2942252f/elements [39m[32m200[39m [90m134 ms - 139[39m
[35m[HTTP][39m [90m[39m
[35m[HTTP][39m [37m-->[39m [37mGET[39m [37m/wd/hub/session/34839747-7e42-4f5e-a78f-fc2f2942252f/element/00000000-0000-03e1-0000-005700000005/location[39m
[35m[HTTP][39m [90m{}[39m
[35m[W3C (34839747)][39m Driver proxy active, passing request on via HTTP proxy
[35m[WD Proxy][39m Replacing sessionId 126902d2-e75d-4e9f-8af6-665ab73ad793 with 34839747-7e42-4f5e-a78f-fc2f2942252f
[35m[HTTP][39m [37m<-- GET /wd/hub/session/34839747-7e42-4f5e-a78f-fc2f2942252f/element/00000000-0000-03e1-0000-005700000005/location [39m[32m200[39m [90m25 ms - 78[39m
[35m[HTTP][39m [90m[39m
[35m[HTTP][39m [37m-->[39m [37mPOST[39m [37m/wd/hub/session/34839747-7e42-4f5e-a78f-fc2f2942252f/timeouts[39m
[35m[HTTP][39m [90m{"implicit":60000}[39m
[35m[HTTP][39m [37m<-- POST /wd/hub/session/34839747-7e42-4f5e-a78f-fc2f2942252f/timeouts [39m[32m200[39m [90m1 ms - 14[39m
[35m[HTTP][39m [90m[39m
[35m[HTTP][39m [37m-->[39m [37mPOST[39m [37m/wd/hub/session/34839747-7e42-4f5e-a78f-fc2f2942252f/touch/perform[39m
[35m[HTTP][39m [90m{"actions":[{"action":"tap","options":{"x":1,"y":1,"element":"00000000-0000-03e1-0000-005700000005"}},{"action":"release","options":{}}]}[39m
[35m[UiAutomator2][39m calling get location: 00000000-0000-03e1-0000-005700000005
[35m[HTTP][39m [37m<-- POST /wd/hub/session/34839747-7e42-4f5e-a78f-fc2f2942252f/touch/perform [39m[32m200[39m [90m792 ms - 14[39m
[35m[HTTP][39m [90m[39m
[35m[HTTP][39m [37m-->[39m [37mPOST[39m [37m/wd/hub/session/34839747-7e42-4f5e-a78f-fc2f2942252f/appium/device/press_keycode[39m
[35m[HTTP][39m [90m{"keycode":187}[39m
[35m[HTTP][39m [37m<-- POST /wd/hub/session/34839747-7e42-4f5e-a78f-fc2f2942252f/appium/device/press_keycode [39m[32m200[39m [90m430 ms - 14[39m
[35m[HTTP][39m [90m[39m
[35m[HTTP][39m [37m-->[39m [37mGET[39m [37m/wd/hub/session/34839747-7e42-4f5e-a78f-fc2f2942252f/context[39m
[35m[HTTP][39m [90m{}[39m
[35m[HTTP][39m [37m<-- GET /wd/hub/session/34839747-7e42-4f5e-a78f-fc2f2942252f/context [39m[32m200[39m [90m1 ms - 22[39m
[35m[HTTP][39m [90m[39m
[35m[HTTP][39m [37m-->[39m [37mGET[39m [37m/wd/hub/session/34839747-7e42-4f5e-a78f-fc2f2942252f/contexts[39m
[35m[HTTP][39m [90m{}[39m
[35m[HTTP][39m [37m<-- GET /wd/hub/session/34839747-7e42-4f5e-a78f-fc2f2942252f/contexts [39m[32m200[39m [90m158 ms - 24[39m
[35m[HTTP][39m [90m[39m
[35m[HTTP][39m [37m-->[39m [37mPOST[39m [37m/wd/hub/session/34839747-7e42-4f5e-a78f-fc2f2942252f/context[39m
[35m[HTTP][39m [90m{"name":"NATIVE_APP"}[39m
[35m[HTTP][39m [37m<-- POST /wd/hub/session/34839747-7e42-4f5e-a78f-fc2f2942252f/context [39m[32m200[39m [90m1 ms - 14[39m
[35m[HTTP][39m [90m[39m
[35m[HTTP][39m [37m-->[39m [37mGET[39m [37m/wd/hub/session/34839747-7e42-4f5e-a78f-fc2f2942252f/window/rect[39m
[35m[HTTP][39m [90m{}[39m
[35m[HTTP][39m [37m<-- GET /wd/hub/session/34839747-7e42-4f5e-a78f-fc2f2942252f/window/rect [39m[32m200[39m [90m22 ms - 49[39m
[35m[HTTP][39m [90m[39m
[35m[HTTP][39m [37m-->[39m [37mPOST[39m [37m/wd/hub/session/34839747-7e42-4f5e-a78f-fc2f2942252f/context[39m
[35m[HTTP][39m [90m{"name":"NATIVE_APP"}[39m
[35m[HTTP][39m [37m<-- POST /wd/hub/session/34839747-7e42-4f5e-a78f-fc2f2942252f/context [39m[32m200[39m [90m1 ms - 14[39m
[35m[HTTP][39m [90m[39m
[35m[HTTP][39m [37m-->[39m [37mGET[39m [37m/wd/hub/session/34839747-7e42-4f5e-a78f-fc2f2942252f/context[39m
[35m[HTTP][39m [90m{}[39m
[35m[HTTP][39m [37m<-- GET /wd/hub/session/34839747-7e42-4f5e-a78f-fc2f2942252f/context [39m[32m200[39m [90m2 ms - 22[39m
[35m[HTTP][39m [90m[39m
[35m[HTTP][39m [37m-->[39m [37mGET[39m [37m/wd/hub/session/34839747-7e42-4f5e-a78f-fc2f2942252f/contexts[39m
[35m[HTTP][39m [90m{}[39m
[35m[HTTP][39m [37m<-- GET /wd/hub/session/34839747-7e42-4f5e-a78f-fc2f2942252f/contexts [39m[32m200[39m [90m133 ms - 24[39m
[35m[HTTP][39m [90m[39m
[35m[HTTP][39m [37m-->[39m [37mPOST[39m [37m/wd/hub/session/34839747-7e42-4f5e-a78f-fc2f2942252f/context[39m
[35m[HTTP][39m [90m{"name":"NATIVE_APP"}[39m
[35m[HTTP][39m [37m<-- POST /wd/hub/session/34839747-7e42-4f5e-a78f-fc2f2942252f/context [39m[32m200[39m [90m1 ms - 14[39m
[35m[HTTP][39m [90m[39m
[35m[HTTP][39m [37m-->[39m [37mGET[39m [37m/wd/hub/session/34839747-7e42-4f5e-a78f-fc2f2942252f/window/rect[39m
[35m[HTTP][39m [90m{}[39m
[35m[HTTP][39m [37m<-- GET /wd/hub/session/34839747-7e42-4f5e-a78f-fc2f2942252f/window/rect [39m[32m200[39m [90m30 ms - 49[39m
[35m[HTTP][39m [90m[39m
[35m[HTTP][39m [37m-->[39m [37mPOST[39m [37m/wd/hub/session/34839747-7e42-4f5e-a78f-fc2f2942252f/context[39m
[35m[HTTP][39m [90m{"name":"NATIVE_APP"}[39m
[35m[HTTP][39m [37m<-- POST /wd/hub/session/34839747-7e42-4f5e-a78f-fc2f2942252f/context [39m[32m200[39m [90m1 ms - 14[39m
[35m[HTTP][39m [90m[39m
[35m[HTTP][39m [37m-->[39m [37mGET[39m [37m/wd/hub/session/34839747-7e42-4f5e-a78f-fc2f2942252f/context[39m
[35m[HTTP][39m [90m{}[39m
[35m[HTTP][39m [37m<-- GET /wd/hub/session/34839747-7e42-4f5e-a78f-fc2f2942252f/context [39m[32m200[39m [90m1 ms - 22[39m
[35m[HTTP][39m [90m[39m
[35m[HTTP][39m [37m-->[39m [37mGET[39m [37m/wd/hub/session/34839747-7e42-4f5e-a78f-fc2f2942252f/contexts[39m
[35m[HTTP][39m [90m{}[39m
[35m[HTTP][39m [37m<-- GET /wd/hub/session/34839747-7e42-4f5e-a78f-fc2f2942252f/contexts [39m[32m200[39m [90m141 ms - 24[39m
[35m[HTTP][39m [90m[39m
[35m[HTTP][39m [37m-->[39m [37mPOST[39m [37m/wd/hub/session/34839747-7e42-4f5e-a78f-fc2f2942252f/context[39m
[35m[HTTP][39m [90m{"name":"NATIVE_APP"}[39m
[35m[HTTP][39m [37m<-- POST /wd/hub/session/34839747-7e42-4f5e-a78f-fc2f2942252f/context [39m[32m200[39m [90m1 ms - 14[39m
[35m[HTTP][39m [90m[39m
[35m[HTTP][39m [37m-->[39m [37mPOST[39m [37m/wd/hub/session/34839747-7e42-4f5e-a78f-fc2f2942252f/touch/perform[39m
[35m[HTTP][39m [90m{"actions":[{"action":"press","options":{"x":360,"y":853}},{"action":"wait","options":{"ms":500}},{"action":"moveTo","options":{"x":360,"y":142}},{"action":"release","options":{}}]}[39m
[35m[HTTP][39m [37m<-- POST /wd/hub/session/34839747-7e42-4f5e-a78f-fc2f2942252f/touch/perform [39m[32m200[39m [90m1150 ms - 14[39m
[35m[HTTP][39m [90m[39m
[35m[HTTP][39m [37m-->[39m [37mPOST[39m [37m/wd/hub/session/34839747-7e42-4f5e-a78f-fc2f2942252f/context[39m
[35m[HTTP][39m [90m{"name":"NATIVE_APP"}[39m
[35m[HTTP][39m [37m<-- POST /wd/hub/session/34839747-7e42-4f5e-a78f-fc2f2942252f/context [39m[32m200[39m [90m1 ms - 14[39m
[35m[HTTP][39m [90m[39m
[35m[HTTP][39m [37m-->[39m [37mGET[39m [37m/wd/hub/session/34839747-7e42-4f5e-a78f-fc2f2942252f/context[39m
[35m[HTTP][39m [90m{}[39m
[35m[HTTP][39m [37m<-- GET /wd/hub/session/34839747-7e42-4f5e-a78f-fc2f2942252f/context [39m[32m200[39m [90m1 ms - 22[39m
[35m[HTTP][39m [90m[39m
[35m[HTTP][39m [37m-->[39m [37mGET[39m [37m/wd/hub/session/34839747-7e42-4f5e-a78f-fc2f2942252f/contexts[39m
[35m[HTTP][39m [90m{}[39m
[35m[HTTP][39m [37m<-- GET /wd/hub/session/34839747-7e42-4f5e-a78f-fc2f2942252f/contexts [39m[32m200[39m [90m142 ms - 24[39m
[35m[HTTP][39m [90m[39m
[35m[HTTP][39m [37m-->[39m [37mPOST[39m [37m/wd/hub/session/34839747-7e42-4f5e-a78f-fc2f2942252f/context[39m
[35m[HTTP][39m [90m{"name":"NATIVE_APP"}[39m
[35m[HTTP][39m [37m<-- POST /wd/hub/session/34839747-7e42-4f5e-a78f-fc2f2942252f/context [39m[32m200[39m [90m1 ms - 14[39m
[35m[HTTP][39m [90m[39m
[35m[HTTP][39m [37m-->[39m [37mPOST[39m [37m/wd/hub/session/34839747-7e42-4f5e-a78f-fc2f2942252f/touch/perform[39m
[35m[HTTP][39m [90m{"actions":[{"action":"press","options":{"x":360,"y":853}},{"action":"wait","options":{"ms":500}},{"action":"moveTo","options":{"x":360,"y":142}},{"action":"release","options":{}}]}[39m
[35m[HTTP][39m [37m<-- POST /wd/hub/session/34839747-7e42-4f5e-a78f-fc2f2942252f/touch/perform [39m[32m200[39m [90m1126 ms - 14[39m
[35m[HTTP][39m [90m[39m
[35m[HTTP][39m [37m-->[39m [37mPOST[39m [37m/wd/hub/session/34839747-7e42-4f5e-a78f-fc2f2942252f/context[39m
[35m[HTTP][39m [90m{"name":"NATIVE_APP"}[39m
[35m[HTTP][39m [37m<-- POST /wd/hub/session/34839747-7e42-4f5e-a78f-fc2f2942252f/context [39m[32m200[39m [90m1 ms - 14[39m
[35m[HTTP][39m [90m[39m
[35m[HTTP][39m [37m-->[39m [37mGET[39m [37m/wd/hub/status[39m
[35m[HTTP][39m [90m{}[39m
[35m[HTTP][39m [37m<-- GET /wd/hub/status [39m[32m200[39m [90m1 ms - 68[39m
[35m[HTTP][39m [90m[39m
[35m[HTTP][39m [37m-->[39m [37mPOST[39m [37m/wd/hub/session[39m
[35m[HTTP][39m [90m{"desiredCapabilities":{"appActivity":".Settings","appPackage":"com.android.settings","newCommandTimeout":1800,"platformVersion":"11","automationName":"uiautomator2","autoGrantPermissions":true,"platformName":"Android","udid":"RR8M40C9AXE","deviceName":"samsung SM-A205F (Android 11)","platform":"ANDROID","systemPort":8231},"capabilities":{"firstMatch":[{"appium:appActivity":".Settings","appium:appPackage":"com.android.settings","appium:autoGrantPermissions":true,"appium:automationName":"uiautomator2","appium:deviceName":"samsung SM-A205F (Android 11)","appium:newCommandTimeout":1800,"platform":"ANDROID","platformName":"android","appium:platformVersion":"11","appium:systemPort":8231,"appium:udid":"RR8M40C9AXE"}]}}[39m
[35m[BaseDriver][39m The following capabilities are not standard capabilities and should have an extension prefix:
[35m[BaseDriver][39m   platform
[35m[BaseDriver][39m   chromedriverPort
[35m[Appium][39m Appium v1.22.0 creating new AndroidUiautomator2Driver (v1.69.0) session
[35m[BaseDriver][39m The following capabilities were provided, but are not recognized by Appium:
[35m[BaseDriver][39m   platform
[35m[BaseDriver][39m Session created with session id: 5e5ded52-778e-4a16-bffd-ceff2eaa0c9f
[35m[UiAutomator2][39m Starting 'com.android.settings' directly on the device
[35m[ADB][39m Using 'adb.exe' from 'C:\Users\Owner\.katalon\tools\android_sdk\platform-tools\adb.exe'
[35m[AndroidDriver][39m Retrieving device list
[35m[AndroidDriver][39m Using device: RR8M40C9AXE
[35m[ADB][39m Using 'adb.exe' from 'C:\Users\Owner\.katalon\tools\android_sdk\platform-tools\adb.exe'
[35m[ADB][39m Getting device platform version
[35m[UiAutomator2][39m Relaxing hidden api policy
[35m[AndroidDriver][39m No app sent in, not parsing package/activity
[35m[UiAutomator2][39m Server packages are not going to be (re)installed
[35m[ADB][39m Adding packages ["io.appium.settings","io.appium.uiautomator2.server","io.appium.uiautomator2.server.test"] to Doze whitelist
[35m[ADB][39m com.android.settings contains no permissions available for granting
[35m[UiAutomator2][39m Starting UIAutomator2 server 4.24.0
[35m[UiAutomator2][39m Using UIAutomator2 server from 'C:\Users\Owner\AppData\Roaming\npm\node_modules\appium\node_modules\appium-uiautomator2-server\apks\appium-uiautomator2-server-v4.24.0.apk' and test from 'C:\Users\Owner\AppData\Roaming\npm\node_modules\appium\node_modules\appium-uiautomator2-server\apks\appium-uiautomator2-server-debug-androidTest.apk'
[35m[UiAutomator2][39m Waiting up to 30000ms for UiAutomator2 to be online...
[35m[WD Proxy][39m socket hang up
[35m[WD Proxy][39m socket hang up
[35m[WD Proxy][39m socket hang up
[35m[WD Proxy][39m Determined the downstream protocol as 'W3C'
[35m[AndroidDriver][39m Screen already unlocked, doing nothing
[35m[UiAutomator2][39m Starting 'com.android.settings/.Settings and waiting for 'com.android.settings/.Settings'
[35m[Appium][39m New AndroidUiautomator2Driver session created successfully, session 5e5ded52-778e-4a16-bffd-ceff2eaa0c9f added to master session list
[35m[HTTP][39m [37m<-- POST /wd/hub/session [39m[32m200[39m [90m10217 ms - 1155[39m
[35m[HTTP][39m [90m[39m
[35m[HTTP][39m [37m-->[39m [37mGET[39m [37m/wd/hub/session/5e5ded52-778e-4a16-bffd-ceff2eaa0c9f[39m
[35m[HTTP][39m [90m{}[39m
[35m[HTTP][39m [37m<-- GET /wd/hub/session/5e5ded52-778e-4a16-bffd-ceff2eaa0c9f [39m[32m200[39m [90m30 ms - 1109[39m
[35m[HTTP][39m [90m[39m
[35m[HTTP][39m [37m-->[39m [37mGET[39m [37m/wd/hub/session/5e5ded52-778e-4a16-bffd-ceff2eaa0c9f[39m
[35m[HTTP][39m [90m{}[39m
[35m[HTTP][39m [37m<-- GET /wd/hub/session/5e5ded52-778e-4a16-bffd-ceff2eaa0c9f [39m[32m200[39m [90m19 ms - 1109[39m
[35m[HTTP][39m [90m[39m
[35m[HTTP][39m [37m-->[39m [37mGET[39m [37m/wd/hub/status[39m
[35m[HTTP][39m [90m{}[39m
[35m[HTTP][39m [37m<-- GET /wd/hub/status [39m[32m200[39m [90m1 ms - 68[39m
[35m[HTTP][39m [90m[39m
[35m[HTTP][39m [37m-->[39m [37mPOST[39m [37m/wd/hub/session/5e5ded52-778e-4a16-bffd-ceff2eaa0c9f/timeouts[39m
[35m[HTTP][39m [90m{"implicit":60000}[39m
[35m[HTTP][39m [37m<-- POST /wd/hub/session/5e5ded52-778e-4a16-bffd-ceff2eaa0c9f/timeouts [39m[32m200[39m [90m1 ms - 14[39m
[35m[HTTP][39m [90m[39m
[35m[HTTP][39m [37m-->[39m [37mGET[39m [37m/wd/hub/session/5e5ded52-778e-4a16-bffd-ceff2eaa0c9f/screenshot[39m
[35m[HTTP][39m [90m{}[39m
[35m[HTTP][39m [37m<-- GET /wd/hub/session/5e5ded52-778e-4a16-bffd-ceff2eaa0c9f/screenshot [39m[32m200[39m [90m512 ms - 121738[39m
[35m[HTTP][39m [90m[39m
[35m[HTTP][39m [37m-->[39m [37mGET[39m [37m/wd/hub/session/5e5ded52-778e-4a16-bffd-ceff2eaa0c9f/window/rect[39m
[35m[HTTP][39m [90m{}[39m
[35m[HTTP][39m [37m<-- GET /wd/hub/session/5e5ded52-778e-4a16-bffd-ceff2eaa0c9f/window/rect [39m[32m200[39m [90m22 ms - 49[39m
[35m[HTTP][39m [90m[39m
[35m[HTTP][39m [37m-->[39m [37mGET[39m [37m/wd/hub/session/5e5ded52-778e-4a16-bffd-ceff2eaa0c9f/appium/device/system_bars[39m
[35m[HTTP][39m [90m{}[39m
[35m[HTTP][39m [37m<-- GET /wd/hub/session/5e5ded52-778e-4a16-bffd-ceff2eaa0c9f/appium/device/system_bars [39m[32m200[39m [90m149 ms - 145[39m
[35m[HTTP][39m [90m[39m
[35m[HTTP][39m [37m-->[39m [37mPOST[39m [37m/wd/hub/session/5e5ded52-778e-4a16-bffd-ceff2eaa0c9f/appium/device/activate_app[39m
[35m[HTTP][39m [90m{"bundleId":"id.co.miraeasset.sageclub"}[39m
[35m[HTTP][39m [37m<-- POST /wd/hub/session/5e5ded52-778e-4a16-bffd-ceff2eaa0c9f/appium/device/activate_app [39m[32m200[39m [90m880 ms - 14[39m
[35m[HTTP][39m [90m[39m
[35m[HTTP][39m [37m-->[39m [37mPOST[39m [37m/wd/hub/session/5e5ded52-778e-4a16-bffd-ceff2eaa0c9f/timeouts[39m
[35m[HTTP][39m [90m{"implicit":50}[39m
[35m[HTTP][39m [37m<-- POST /wd/hub/session/5e5ded52-778e-4a16-bffd-ceff2eaa0c9f/timeouts [39m[32m200[39m [90m1 ms - 14[39m
[35m[HTTP][39m [90m[39m
[35m[HTTP][39m [37m-->[39m [37mGET[39m [37m/wd/hub/session/5e5ded52-778e-4a16-bffd-ceff2eaa0c9f/window/rect[39m
[35m[HTTP][39m [90m{}[39m
[35m[HTTP][39m [37m<-- GET /wd/hub/session/5e5ded52-778e-4a16-bffd-ceff2eaa0c9f/window/rect [39m[32m200[39m [90m45 ms - 49[39m
[35m[HTTP][39m [90m[39m
[35m[HTTP][39m [37m-->[39m [37mPOST[39m [37m/wd/hub/session/5e5ded52-778e-4a16-bffd-ceff2eaa0c9f/elements[39m
[35m[HTTP][39m [90m{"using":"xpath","value":"//hierarchy/android.widget.FrameLayout[1]/android.widget.LinearLayout[1]/android.widget.FrameLayout[1]/android.widget.FrameLayout[1]/android.widget.FrameLayout[1]/android.widget.FrameLayout[1]/android.view.View[1]/android.view.View[1]/android.view.View[1]/android.view.View[1]/android.widget.Button[1]"}[39m
[35m[HTTP][39m [37m<-- POST /wd/hub/session/5e5ded52-778e-4a16-bffd-ceff2eaa0c9f/elements [39m[32m200[39m [90m1816 ms - 139[39m
[35m[HTTP][39m [90m[39m
[35m[HTTP][39m [37m-->[39m [37mGET[39m [37m/wd/hub/session/5e5ded52-778e-4a16-bffd-ceff2eaa0c9f/element/00000000-0000-03ef-0000-000700000005/location[39m
[35m[HTTP][39m [90m{}[39m
[35m[W3C (5e5ded52)][39m Driver proxy active, passing request on via HTTP proxy
[35m[WD Proxy][39m Replacing sessionId 0c45fba6-d804-4ebb-b291-9d9be3fb2fc7 with 5e5ded52-778e-4a16-bffd-ceff2eaa0c9f
[35m[HTTP][39m [37m<-- GET /wd/hub/session/5e5ded52-778e-4a16-bffd-ceff2eaa0c9f/element/00000000-0000-03ef-0000-000700000005/location [39m[32m200[39m [90m46 ms - 77[39m
[35m[HTTP][39m [90m[39m
[35m[HTTP][39m [37m-->[39m [37mPOST[39m [37m/wd/hub/session/5e5ded52-778e-4a16-bffd-ceff2eaa0c9f/timeouts[39m
[35m[HTTP][39m [90m{"implicit":60000}[39m
[35m[HTTP][39m [37m<-- POST /wd/hub/session/5e5ded52-778e-4a16-bffd-ceff2eaa0c9f/timeouts [39m[32m200[39m [90m1 ms - 14[39m
[35m[HTTP][39m [90m[39m
[35m[HTTP][39m [37m-->[39m [37mPOST[39m [37m/wd/hub/session/5e5ded52-778e-4a16-bffd-ceff2eaa0c9f/timeouts[39m
[35m[HTTP][39m [90m{"implicit":50}[39m
[35m[HTTP][39m [37m<-- POST /wd/hub/session/5e5ded52-778e-4a16-bffd-ceff2eaa0c9f/timeouts [39m[32m200[39m [90m1 ms - 14[39m
[35m[HTTP][39m [90m[39m
[35m[HTTP][39m [37m-->[39m [37mGET[39m [37m/wd/hub/session/5e5ded52-778e-4a16-bffd-ceff2eaa0c9f/window/rect[39m
[35m[HTTP][39m [90m{}[39m
[35m[HTTP][39m [37m<-- GET /wd/hub/session/5e5ded52-778e-4a16-bffd-ceff2eaa0c9f/window/rect [39m[32m200[39m [90m17 ms - 49[39m
[35m[HTTP][39m [90m[39m
[35m[HTTP][39m [37m-->[39m [37mPOST[39m [37m/wd/hub/session/5e5ded52-778e-4a16-bffd-ceff2eaa0c9f/elements[39m
[35m[HTTP][39m [90m{"using":"xpath","value":"//hierarchy/android.widget.FrameLayout[1]/android.widget.LinearLayout[1]/android.widget.FrameLayout[1]/android.widget.FrameLayout[1]/android.widget.FrameLayout[1]/android.widget.FrameLayout[1]/android.view.View[1]/android.view.View[1]/android.view.View[1]/android.view.View[1]/android.widget.EditText[1]"}[39m
[35m[HTTP][39m [37m<-- POST /wd/hub/session/5e5ded52-778e-4a16-bffd-ceff2eaa0c9f/elements [39m[32m200[39m [90m108 ms - 139[39m
[35m[HTTP][39m [90m[39m
[35m[HTTP][39m [37m-->[39m [37mGET[39m [37m/wd/hub/session/5e5ded52-778e-4a16-bffd-ceff2eaa0c9f/element/00000000-0000-03ef-0000-000400000005/location[39m
[35m[HTTP][39m [90m{}[39m
[35m[W3C (5e5ded52)][39m Driver proxy active, passing request on via HTTP proxy
[35m[WD Proxy][39m Replacing sessionId 0c45fba6-d804-4ebb-b291-9d9be3fb2fc7 with 5e5ded52-778e-4a16-bffd-ceff2eaa0c9f
[35m[HTTP][39m [37m<-- GET /wd/hub/session/5e5ded52-778e-4a16-bffd-ceff2eaa0c9f/element/00000000-0000-03ef-0000-000400000005/location [39m[32m200[39m [90m26 ms - 77[39m
[35m[HTTP][39m [90m[39m
[35m[HTTP][39m [37m-->[39m [37mPOST[39m [37m/wd/hub/session/5e5ded52-778e-4a16-bffd-ceff2eaa0c9f/timeouts[39m
[35m[HTTP][39m [90m{"implicit":60000}[39m
[35m[HTTP][39m [37m<-- POST /wd/hub/session/5e5ded52-778e-4a16-bffd-ceff2eaa0c9f/timeouts [39m[32m200[39m [90m1 ms - 14[39m
[35m[HTTP][39m [90m[39m
[35m[HTTP][39m [37m-->[39m [37mPOST[39m [37m/wd/hub/session/5e5ded52-778e-4a16-bffd-ceff2eaa0c9f/touch/perform[39m
[35m[HTTP][39m [90m{"actions":[{"action":"tap","options":{"x":1,"y":1,"element":"00000000-0000-03ef-0000-000400000005"}},{"action":"release","options":{}}]}[39m
[35m[UiAutomator2][39m calling get location: 00000000-0000-03ef-0000-000400000005
[35m[HTTP][39m [37m<-- POST /wd/hub/session/5e5ded52-778e-4a16-bffd-ceff2eaa0c9f/touch/perform [39m[32m200[39m [90m215 ms - 14[39m
[35m[HTTP][39m [90m[39m
[35m[HTTP][39m [37m-->[39m [37mPOST[39m [37m/wd/hub/session/5e5ded52-778e-4a16-bffd-ceff2eaa0c9f/timeouts[39m
[35m[HTTP][39m [90m{"implicit":50}[39m
[35m[HTTP][39m [37m<-- POST /wd/hub/session/5e5ded52-778e-4a16-bffd-ceff2eaa0c9f/timeouts [39m[32m200[39m [90m1 ms - 14[39m
[35m[HTTP][39m [90m[39m
[35m[HTTP][39m [37m-->[39m [37mGET[39m [37m/wd/hub/session/5e5ded52-778e-4a16-bffd-ceff2eaa0c9f/window/rect[39m
[35m[HTTP][39m [90m{}[39m
[35m[HTTP][39m [37m<-- GET /wd/hub/session/5e5ded52-778e-4a16-bffd-ceff2eaa0c9f/window/rect [39m[32m200[39m [90m33 ms - 49[39m
[35m[HTTP][39m [90m[39m
[35m[HTTP][39m [37m-->[39m [37mPOST[39m [37m/wd/hub/session/5e5ded52-778e-4a16-bffd-ceff2eaa0c9f/elements[39m
[35m[HTTP][39m [90m{"using":"xpath","value":"//hierarchy/android.widget.FrameLayout[1]/android.widget.LinearLayout[1]/android.widget.FrameLayout[1]/android.widget.FrameLayout[1]/android.widget.FrameLayout[1]/android.widget.FrameLayout[1]/android.view.View[1]/android.view.View[1]/android.view.View[1]/android.view.View[1]/android.widget.EditText[1]"}[39m
[35m[HTTP][39m [37m<-- POST /wd/hub/session/5e5ded52-778e-4a16-bffd-ceff2eaa0c9f/elements [39m[32m200[39m [90m477 ms - 139[39m
[35m[HTTP][39m [90m[39m
[35m[HTTP][39m [37m-->[39m [37mGET[39m [37m/wd/hub/session/5e5ded52-778e-4a16-bffd-ceff2eaa0c9f/element/00000000-0000-03ef-0000-000400000005/location[39m
[35m[HTTP][39m [90m{}[39m
[35m[W3C (5e5ded52)][39m Driver proxy active, passing request on via HTTP proxy
[35m[WD Proxy][39m Replacing sessionId 0c45fba6-d804-4ebb-b291-9d9be3fb2fc7 with 5e5ded52-778e-4a16-bffd-ceff2eaa0c9f
[35m[HTTP][39m [37m<-- GET /wd/hub/session/5e5ded52-778e-4a16-bffd-ceff2eaa0c9f/element/00000000-0000-03ef-0000-000400000005/location [39m[32m200[39m [90m26 ms - 77[39m
[35m[HTTP][39m [90m[39m
[35m[HTTP][39m [37m-->[39m [37mPOST[39m [37m/wd/hub/session/5e5ded52-778e-4a16-bffd-ceff2eaa0c9f/timeouts[39m
[35m[HTTP][39m [90m{"implicit":60000}[39m
[35m[HTTP][39m [37m<-- POST /wd/hub/session/5e5ded52-778e-4a16-bffd-ceff2eaa0c9f/timeouts [39m[32m200[39m [90m1 ms - 14[39m
[35m[HTTP][39m [90m[39m
[35m[HTTP][39m [37m-->[39m [37mPOST[39m [37m/wd/hub/session/5e5ded52-778e-4a16-bffd-ceff2eaa0c9f/element/00000000-0000-03ef-0000-000400000005/clear[39m
[35m[HTTP][39m [90m{"id":"00000000-0000-03ef-0000-000400000005"}[39m
[35m[HTTP][39m [37m<-- POST /wd/hub/session/5e5ded52-778e-4a16-bffd-ceff2eaa0c9f/element/00000000-0000-03ef-0000-000400000005/clear [39m[32m200[39m [90m29 ms - 14[39m
[35m[HTTP][39m [90m[39m
[35m[HTTP][39m [37m-->[39m [37mPOST[39m [37m/wd/hub/session/5e5ded52-778e-4a16-bffd-ceff2eaa0c9f/element/00000000-0000-03ef-0000-000400000005/value[39m
[35m[HTTP][39m [90m{"id":"00000000-0000-03ef-0000-000400000005","text":"anggaaditya","value":["a","n","g","g","a","a","d","i","t","y","a"]}[39m
[35m[HTTP][39m [37m<-- POST /wd/hub/session/5e5ded52-778e-4a16-bffd-ceff2eaa0c9f/element/00000000-0000-03ef-0000-000400000005/value [39m[32m200[39m [90m72 ms - 14[39m
[35m[HTTP][39m [90m[39m
[35m[HTTP][39m [37m-->[39m [37mGET[39m [37m/wd/hub/session/5e5ded52-778e-4a16-bffd-ceff2eaa0c9f/context[39m
[35m[HTTP][39m [90m{}[39m
[35m[HTTP][39m [37m<-- GET /wd/hub/session/5e5ded52-778e-4a16-bffd-ceff2eaa0c9f/context [39m[32m200[39m [90m1 ms - 22[39m
[35m[HTTP][39m [90m[39m
[35m[HTTP][39m [37m-->[39m [37mGET[39m [37m/wd/hub/session/5e5ded52-778e-4a16-bffd-ceff2eaa0c9f/contexts[39m
[35m[HTTP][39m [90m{}[39m
[35m[HTTP][39m [37m<-- GET /wd/hub/session/5e5ded52-778e-4a16-bffd-ceff2eaa0c9f/contexts [39m[32m200[39m [90m138 ms - 24[39m
[35m[HTTP][39m [90m[39m
[35m[HTTP][39m [37m-->[39m [37mPOST[39m [37m/wd/hub/session/5e5ded52-778e-4a16-bffd-ceff2eaa0c9f/context[39m
[35m[HTTP][39m [90m{"name":"NATIVE_APP"}[39m
[35m[HTTP][39m [37m<-- POST /wd/hub/session/5e5ded52-778e-4a16-bffd-ceff2eaa0c9f/context [39m[32m200[39m [90m1 ms - 14[39m
[35m[HTTP][39m [90m[39m
[35m[HTTP][39m [37m-->[39m [37mPOST[39m [37m/wd/hub/session/5e5ded52-778e-4a16-bffd-ceff2eaa0c9f/appium/device/hide_keyboard[39m
[35m[HTTP][39m [90m{}[39m
[35m[HTTP][39m [37m<-- POST /wd/hub/session/5e5ded52-778e-4a16-bffd-ceff2eaa0c9f/appium/device/hide_keyboard [39m[32m200[39m [90m3461 ms - 14[39m
[35m[HTTP][39m [90m[39m
[35m[HTTP][39m [37m-->[39m [37mPOST[39m [37m/wd/hub/session/5e5ded52-778e-4a16-bffd-ceff2eaa0c9f/context[39m
[35m[HTTP][39m [90m{"name":"NATIVE_APP"}[39m
[35m[HTTP][39m [37m<-- POST /wd/hub/session/5e5ded52-778e-4a16-bffd-ceff2eaa0c9f/context [39m[32m200[39m [90m1 ms - 14[39m
[35m[HTTP][39m [90m[39m
[35m[HTTP][39m [37m-->[39m [37mPOST[39m [37m/wd/hub/session/5e5ded52-778e-4a16-bffd-ceff2eaa0c9f/timeouts[39m
[35m[HTTP][39m [90m{"implicit":50}[39m
[35m[HTTP][39m [37m<-- POST /wd/hub/session/5e5ded52-778e-4a16-bffd-ceff2eaa0c9f/timeouts [39m[32m200[39m [90m1 ms - 14[39m
[35m[HTTP][39m [90m[39m
[35m[HTTP][39m [37m-->[39m [37mGET[39m [37m/wd/hub/session/5e5ded52-778e-4a16-bffd-ceff2eaa0c9f/window/rect[39m
[35m[HTTP][39m [90m{}[39m
[35m[HTTP][39m [37m<-- GET /wd/hub/session/5e5ded52-778e-4a16-bffd-ceff2eaa0c9f/window/rect [39m[32m200[39m [90m20 ms - 49[39m
[35m[HTTP][39m [90m[39m
[35m[HTTP][39m [37m-->[39m [37mPOST[39m [37m/wd/hub/session/5e5ded52-778e-4a16-bffd-ceff2eaa0c9f/elements[39m
[35m[HTTP][39m [90m{"using":"xpath","value":"//hierarchy/android.widget.FrameLayout[1]/android.widget.LinearLayout[1]/android.widget.FrameLayout[1]/android.widget.FrameLayout[1]/android.widget.FrameLayout[1]/android.widget.FrameLayout[1]/android.view.View[1]/android.view.View[1]/android.view.View[1]/android.view.View[1]/android.widget.EditText[2]"}[39m
[35m[HTTP][39m [37m<-- POST /wd/hub/session/5e5ded52-778e-4a16-bffd-ceff2eaa0c9f/elements [39m[32m200[39m [90m123 ms - 139[39m
[35m[HTTP][39m [90m[39m
[35m[HTTP][39m [37m-->[39m [37mGET[39m [37m/wd/hub/session/5e5ded52-778e-4a16-bffd-ceff2eaa0c9f/element/00000000-0000-03ef-0000-000500000005/location[39m
[35m[HTTP][39m [90m{}[39m
[35m[W3C (5e5ded52)][39m Driver proxy active, passing request on via HTTP proxy
[35m[WD Proxy][39m Replacing sessionId 0c45fba6-d804-4ebb-b291-9d9be3fb2fc7 with 5e5ded52-778e-4a16-bffd-ceff2eaa0c9f
[35m[HTTP][39m [37m<-- GET /wd/hub/session/5e5ded52-778e-4a16-bffd-ceff2eaa0c9f/element/00000000-0000-03ef-0000-000500000005/location [39m[32m200[39m [90m23 ms - 77[39m
[35m[HTTP][39m [90m[39m
[35m[HTTP][39m [37m-->[39m [37mPOST[39m [37m/wd/hub/session/5e5ded52-778e-4a16-bffd-ceff2eaa0c9f/timeouts[39m
[35m[HTTP][39m [90m{"implicit":60000}[39m
[35m[HTTP][39m [37m<-- POST /wd/hub/session/5e5ded52-778e-4a16-bffd-ceff2eaa0c9f/timeouts [39m[32m200[39m [90m1 ms - 14[39m
[35m[HTTP][39m [90m[39m
[35m[HTTP][39m [37m-->[39m [37mPOST[39m [37m/wd/hub/session/5e5ded52-778e-4a16-bffd-ceff2eaa0c9f/touch/perform[39m
[35m[HTTP][39m [90m{"actions":[{"action":"tap","options":{"x":1,"y":1,"element":"00000000-0000-03ef-0000-000500000005"}},{"action":"release","options":{}}]}[39m
[35m[UiAutomator2][39m calling get location: 00000000-0000-03ef-0000-000500000005
[35m[HTTP][39m [37m<-- POST /wd/hub/session/5e5ded52-778e-4a16-bffd-ceff2eaa0c9f/touch/perform [39m[32m200[39m [90m233 ms - 14[39m
[35m[HTTP][39m [90m[39m
[35m[HTTP][39m [37m-->[39m [37mPOST[39m [37m/wd/hub/session/5e5ded52-778e-4a16-bffd-ceff2eaa0c9f/timeouts[39m
[35m[HTTP][39m [90m{"implicit":50}[39m
[35m[HTTP][39m [37m<-- POST /wd/hub/session/5e5ded52-778e-4a16-bffd-ceff2eaa0c9f/timeouts [39m[32m200[39m [90m1 ms - 14[39m
[35m[HTTP][39m [90m[39m
[35m[HTTP][39m [37m-->[39m [37mGET[39m [37m/wd/hub/session/5e5ded52-778e-4a16-bffd-ceff2eaa0c9f/window/rect[39m
[35m[HTTP][39m [90m{}[39m
[35m[HTTP][39m [37m<-- GET /wd/hub/session/5e5ded52-778e-4a16-bffd-ceff2eaa0c9f/window/rect [39m[32m200[39m [90m23 ms - 49[39m
[35m[HTTP][39m [90m[39m
[35m[HTTP][39m [37m-->[39m [37mPOST[39m [37m/wd/hub/session/5e5ded52-778e-4a16-bffd-ceff2eaa0c9f/elements[39m
[35m[HTTP][39m [90m{"using":"xpath","value":"//hierarchy/android.widget.FrameLayout[1]/android.widget.LinearLayout[1]/android.widget.FrameLayout[1]/android.widget.FrameLayout[1]/android.widget.FrameLayout[1]/android.widget.FrameLayout[1]/android.view.View[1]/android.view.View[1]/android.view.View[1]/android.view.View[1]/android.widget.EditText[2]"}[39m
[35m[HTTP][39m [37m<-- POST /wd/hub/session/5e5ded52-778e-4a16-bffd-ceff2eaa0c9f/elements [39m[32m-[39m [90m- ms - -[39m
[35m[HTTP][39m [90m[39m
[35m[BaseDriver][39m Shutting down because we waited 1800 seconds for a command
[35m[Appium][39m Closing session, cause was 'New Command Timeout of 1800 seconds expired. Try customizing the timeout using the 'newCommandTimeout' desired capability'
[35m[Appium][39m Removing session '34839747-7e42-4f5e-a78f-fc2f2942252f' from our master session list
[35m[UiAutomator2][39m Did not get confirmation UiAutomator2 deleteSession worked; Error was: UnknownError: An unknown server-side error occurred while processing the command. Original error: 'DELETE /' cannot be proxied to UiAutomator2 server because the instrumentation process is not running (probably crashed). Check the server log and/or the logcat output for more details
[35m[UiAutomator2][39m Restoring hidden api policy to the device default configuration
[35m[BaseDriver][39m Shutting down because we waited 1800 seconds for a command
[35m[Appium][39m Closing session, cause was 'New Command Timeout of 1800 seconds expired. Try customizing the timeout using the 'newCommandTimeout' desired capability'
[35m[Appium][39m Removing session '5e5ded52-778e-4a16-bffd-ceff2eaa0c9f' from our master session list
[35m[UiAutomator2][39m Did not get confirmation UiAutomator2 deleteSession worked; Error was: UnknownError: An unknown server-side error occurred while processing the command. Original error: 'DELETE /' cannot be proxied to UiAutomator2 server because the instrumentation process is not running (probably crashed). Check the server log and/or the logcat output for more details
[35m[UiAutomator2][39m Restoring hidden api policy to the device default configuration
