[35m[Appium][39m Welcome to Appium v1.22.0
[35m[Appium][39m Non-default server args:
[35m[Appium][39m   port: 56648
[35m[Appium][39m   loglevel: info
[35m[Appium][39m   tmpDir: C:\Users\Owner\AppData\Local\Temp\\Katalon\Appium\Temp1641263288701
[35m[Appium][39m   chromedriverPort: 56649
[35m[Appium][39m Deprecated server args:
[35m[Appium][39m   [31m--chromedriver-port[39m => --default-capabilities
[35m[Appium][39m Default capabilities, which will be added to each request unless overridden by desired capabilities:
[35m[Appium][39m   chromedriverPort: 56649
[35m[Appium][39m Appium REST http interface listener started on 0.0.0.0:56648
[35m[HTTP][39m [37m-->[39m [37mGET[39m [37m/wd/hub/status[39m
[35m[HTTP][39m [90m{}[39m
[35m[HTTP][39m [37m<-- GET /wd/hub/status [39m[32m200[39m [90m4 ms - 68[39m
[35m[HTTP][39m [90m[39m
[35m[HTTP][39m [37m-->[39m [37mPOST[39m [37m/wd/hub/session[39m
[35m[HTTP][39m [90m{"desiredCapabilities":{"appActivity":".Settings","appPackage":"com.android.settings","newCommandTimeout":1800,"platformVersion":"11","automationName":"uiautomator2","autoGrantPermissions":true,"platformName":"Android","udid":"RR8M40C9AXE","deviceName":"samsung SM-A205F (Android 11)","platform":"ANDROID","systemPort":8279},"capabilities":{"firstMatch":[{"appium:appActivity":".Settings","appium:appPackage":"com.android.settings","appium:autoGrantPermissions":true,"appium:automationName":"uiautomator2","appium:deviceName":"samsung SM-A205F (Android 11)","appium:newCommandTimeout":1800,"platform":"ANDROID","platformName":"android","appium:platformVersion":"11","appium:systemPort":8279,"appium:udid":"RR8M40C9AXE"}]}}[39m
[35m[BaseDriver][39m The following capabilities are not standard capabilities and should have an extension prefix:
[35m[BaseDriver][39m   platform
[35m[BaseDriver][39m   chromedriverPort
[35m[Appium][39m Appium v1.22.0 creating new AndroidUiautomator2Driver (v1.69.0) session
[35m[BaseDriver][39m The following capabilities were provided, but are not recognized by Appium:
[35m[BaseDriver][39m   platform
[35m[BaseDriver][39m Session created with session id: 808f325c-cd48-49d7-a186-3261f61cd105
[35m[UiAutomator2][39m Starting 'com.android.settings' directly on the device
[35m[ADB][39m Found 1 'build-tools' folders under 'C:\Users\Owner\.katalon\tools\android_sdk' (newest first):
[35m[ADB][39m     C:/Users/Owner/.katalon/tools/android_sdk/build-tools/29.0.3
[35m[ADB][39m Using 'adb.exe' from 'C:\Users\Owner\.katalon\tools\android_sdk\platform-tools\adb.exe'
[35m[AndroidDriver][39m Retrieving device list
[35m[AndroidDriver][39m Using device: RR8M40C9AXE
[35m[ADB][39m Using 'adb.exe' from 'C:\Users\Owner\.katalon\tools\android_sdk\platform-tools\adb.exe'
[35m[ADB][39m Getting device platform version
[35m[UiAutomator2][39m Relaxing hidden api policy
[35m[AndroidDriver][39m No app sent in, not parsing package/activity
[35m[ADB][39m Using 'apksigner.jar' from 'C:\Users\Owner\.katalon\tools\android_sdk\build-tools\29.0.3\lib\apksigner.jar'
[35m[ADB][39m 'C:\Users\Owner\AppData\Roaming\npm\node_modules\appium\node_modules\appium-uiautomator2-server\apks\appium-uiautomator2-server-v4.24.0.apk' is signed with the default certificate
[35m[ADB][39m 'C:\Users\Owner\AppData\Roaming\npm\node_modules\appium\node_modules\appium-uiautomator2-server\apks\appium-uiautomator2-server-debug-androidTest.apk' is signed with the default certificate
[35m[UiAutomator2][39m Server packages are not going to be (re)installed
[35m[ADB][39m Adding packages ["io.appium.settings","io.appium.uiautomator2.server","io.appium.uiautomator2.server.test"] to Doze whitelist
[35m[ADB][39m com.android.settings contains no permissions available for granting
[35m[UiAutomator2][39m Starting UIAutomator2 server 4.24.0
[35m[UiAutomator2][39m Using UIAutomator2 server from 'C:\Users\Owner\AppData\Roaming\npm\node_modules\appium\node_modules\appium-uiautomator2-server\apks\appium-uiautomator2-server-v4.24.0.apk' and test from 'C:\Users\Owner\AppData\Roaming\npm\node_modules\appium\node_modules\appium-uiautomator2-server\apks\appium-uiautomator2-server-debug-androidTest.apk'
[35m[UiAutomator2][39m Waiting up to 30000ms for UiAutomator2 to be online...
[35m[WD Proxy][39m socket hang up
[35m[WD Proxy][39m socket hang up
[35m[WD Proxy][39m socket hang up
[35m[WD Proxy][39m socket hang up
[35m[WD Proxy][39m Determined the downstream protocol as 'W3C'
[35m[AndroidDriver][39m Screen already unlocked, doing nothing
[35m[UiAutomator2][39m Starting 'com.android.settings/.Settings and waiting for 'com.android.settings/.Settings'
[35m[Appium][39m New AndroidUiautomator2Driver session created successfully, session 808f325c-cd48-49d7-a186-3261f61cd105 added to master session list
[35m[HTTP][39m [37m<-- POST /wd/hub/session [39m[32m200[39m [90m15931 ms - 1155[39m
[35m[HTTP][39m [90m[39m
[35m[HTTP][39m [37m-->[39m [37mGET[39m [37m/wd/hub/session/808f325c-cd48-49d7-a186-3261f61cd105[39m
[35m[HTTP][39m [90m{}[39m
[35m[HTTP][39m [37m<-- GET /wd/hub/session/808f325c-cd48-49d7-a186-3261f61cd105 [39m[32m200[39m [90m38 ms - 1109[39m
[35m[HTTP][39m [90m[39m
[35m[HTTP][39m [37m-->[39m [37mGET[39m [37m/wd/hub/session/808f325c-cd48-49d7-a186-3261f61cd105[39m
[35m[HTTP][39m [90m{}[39m
[35m[HTTP][39m [37m<-- GET /wd/hub/session/808f325c-cd48-49d7-a186-3261f61cd105 [39m[32m200[39m [90m22 ms - 1109[39m
[35m[HTTP][39m [90m[39m
[35m[HTTP][39m [37m-->[39m [37mGET[39m [37m/wd/hub/status[39m
[35m[HTTP][39m [90m{}[39m
[35m[HTTP][39m [37m<-- GET /wd/hub/status [39m[32m200[39m [90m1 ms - 68[39m
[35m[HTTP][39m [90m[39m
[35m[HTTP][39m [37m-->[39m [37mPOST[39m [37m/wd/hub/session/808f325c-cd48-49d7-a186-3261f61cd105/timeouts[39m
[35m[HTTP][39m [90m{"implicit":60000}[39m
[35m[HTTP][39m [37m<-- POST /wd/hub/session/808f325c-cd48-49d7-a186-3261f61cd105/timeouts [39m[32m200[39m [90m2 ms - 14[39m
[35m[HTTP][39m [90m[39m
[35m[HTTP][39m [37m-->[39m [37mGET[39m [37m/wd/hub/session/808f325c-cd48-49d7-a186-3261f61cd105/screenshot[39m
[35m[HTTP][39m [90m{}[39m
[35m[HTTP][39m [37m<-- GET /wd/hub/session/808f325c-cd48-49d7-a186-3261f61cd105/screenshot [39m[32m200[39m [90m522 ms - 125544[39m
[35m[HTTP][39m [90m[39m
[35m[HTTP][39m [37m-->[39m [37mGET[39m [37m/wd/hub/session/808f325c-cd48-49d7-a186-3261f61cd105/window/rect[39m
[35m[HTTP][39m [90m{}[39m
[35m[HTTP][39m [37m<-- GET /wd/hub/session/808f325c-cd48-49d7-a186-3261f61cd105/window/rect [39m[32m200[39m [90m31 ms - 49[39m
[35m[HTTP][39m [90m[39m
[35m[HTTP][39m [37m-->[39m [37mGET[39m [37m/wd/hub/session/808f325c-cd48-49d7-a186-3261f61cd105/appium/device/system_bars[39m
[35m[HTTP][39m [90m{}[39m
[35m[HTTP][39m [37m<-- GET /wd/hub/session/808f325c-cd48-49d7-a186-3261f61cd105/appium/device/system_bars [39m[32m200[39m [90m254 ms - 145[39m
[35m[HTTP][39m [90m[39m
[35m[HTTP][39m [37m-->[39m [37mPOST[39m [37m/wd/hub/session/808f325c-cd48-49d7-a186-3261f61cd105/appium/device/activate_app[39m
[35m[HTTP][39m [90m{"bundleId":"id.co.miraeasset.sageclub"}[39m
[35m[HTTP][39m [37m<-- POST /wd/hub/session/808f325c-cd48-49d7-a186-3261f61cd105/appium/device/activate_app [39m[32m200[39m [90m1133 ms - 14[39m
[35m[HTTP][39m [90m[39m
[35m[HTTP][39m [37m-->[39m [37mPOST[39m [37m/wd/hub/session/808f325c-cd48-49d7-a186-3261f61cd105/timeouts[39m
[35m[HTTP][39m [90m{"implicit":50}[39m
[35m[HTTP][39m [37m<-- POST /wd/hub/session/808f325c-cd48-49d7-a186-3261f61cd105/timeouts [39m[32m200[39m [90m2 ms - 14[39m
[35m[HTTP][39m [90m[39m
[35m[HTTP][39m [37m-->[39m [37mGET[39m [37m/wd/hub/session/808f325c-cd48-49d7-a186-3261f61cd105/window/rect[39m
[35m[HTTP][39m [90m{}[39m
[35m[HTTP][39m [37m<-- GET /wd/hub/session/808f325c-cd48-49d7-a186-3261f61cd105/window/rect [39m[32m200[39m [90m31 ms - 49[39m
[35m[HTTP][39m [90m[39m
[35m[HTTP][39m [37m-->[39m [37mPOST[39m [37m/wd/hub/session/808f325c-cd48-49d7-a186-3261f61cd105/elements[39m
[35m[HTTP][39m [90m{"using":"xpath","value":"//hierarchy/android.widget.FrameLayout[1]/android.widget.LinearLayout[1]/android.widget.FrameLayout[1]/android.widget.FrameLayout[1]/android.widget.FrameLayout[1]/android.widget.FrameLayout[1]/android.view.View[1]/android.view.View[1]/android.view.View[1]/android.view.View[1]/android.widget.Button[1]"}[39m
[35m[HTTP][39m [37m<-- POST /wd/hub/session/808f325c-cd48-49d7-a186-3261f61cd105/elements [39m[32m200[39m [90m268 ms - 139[39m
[35m[HTTP][39m [90m[39m
[35m[HTTP][39m [37m-->[39m [37mGET[39m [37m/wd/hub/session/808f325c-cd48-49d7-a186-3261f61cd105/element/00000000-0000-0116-0000-000700000005/location[39m
[35m[HTTP][39m [90m{}[39m
[35m[W3C (808f325c)][39m Driver proxy active, passing request on via HTTP proxy
[35m[WD Proxy][39m Replacing sessionId 0d0d06da-9563-45d1-a309-4d88f9b69465 with 808f325c-cd48-49d7-a186-3261f61cd105
[35m[HTTP][39m [37m<-- GET /wd/hub/session/808f325c-cd48-49d7-a186-3261f61cd105/element/00000000-0000-0116-0000-000700000005/location [39m[32m200[39m [90m33 ms - 77[39m
[35m[HTTP][39m [90m[39m
[35m[HTTP][39m [37m-->[39m [37mPOST[39m [37m/wd/hub/session/808f325c-cd48-49d7-a186-3261f61cd105/timeouts[39m
[35m[HTTP][39m [90m{"implicit":60000}[39m
[35m[HTTP][39m [37m<-- POST /wd/hub/session/808f325c-cd48-49d7-a186-3261f61cd105/timeouts [39m[32m200[39m [90m1 ms - 14[39m
[35m[HTTP][39m [90m[39m
[35m[HTTP][39m [37m-->[39m [37mPOST[39m [37m/wd/hub/session/808f325c-cd48-49d7-a186-3261f61cd105/timeouts[39m
[35m[HTTP][39m [90m{"implicit":50}[39m
[35m[HTTP][39m [37m<-- POST /wd/hub/session/808f325c-cd48-49d7-a186-3261f61cd105/timeouts [39m[32m200[39m [90m1 ms - 14[39m
[35m[HTTP][39m [90m[39m
[35m[HTTP][39m [37m-->[39m [37mGET[39m [37m/wd/hub/session/808f325c-cd48-49d7-a186-3261f61cd105/window/rect[39m
[35m[HTTP][39m [90m{}[39m
[35m[HTTP][39m [37m<-- GET /wd/hub/session/808f325c-cd48-49d7-a186-3261f61cd105/window/rect [39m[32m200[39m [90m14 ms - 49[39m
[35m[HTTP][39m [90m[39m
[35m[HTTP][39m [37m-->[39m [37mPOST[39m [37m/wd/hub/session/808f325c-cd48-49d7-a186-3261f61cd105/elements[39m
[35m[HTTP][39m [90m{"using":"xpath","value":"//hierarchy/android.widget.FrameLayout[1]/android.widget.LinearLayout[1]/android.widget.FrameLayout[1]/android.widget.FrameLayout[1]/android.widget.FrameLayout[1]/android.widget.FrameLayout[1]/android.view.View[1]/android.view.View[1]/android.view.View[1]/android.view.View[1]/android.widget.EditText[1]"}[39m
[35m[HTTP][39m [37m<-- POST /wd/hub/session/808f325c-cd48-49d7-a186-3261f61cd105/elements [39m[32m200[39m [90m143 ms - 139[39m
[35m[HTTP][39m [90m[39m
[35m[HTTP][39m [37m-->[39m [37mGET[39m [37m/wd/hub/session/808f325c-cd48-49d7-a186-3261f61cd105/element/00000000-0000-0116-0000-000400000005/location[39m
[35m[HTTP][39m [90m{}[39m
[35m[W3C (808f325c)][39m Driver proxy active, passing request on via HTTP proxy
[35m[WD Proxy][39m Replacing sessionId 0d0d06da-9563-45d1-a309-4d88f9b69465 with 808f325c-cd48-49d7-a186-3261f61cd105
[35m[HTTP][39m [37m<-- GET /wd/hub/session/808f325c-cd48-49d7-a186-3261f61cd105/element/00000000-0000-0116-0000-000400000005/location [39m[32m200[39m [90m31 ms - 77[39m
[35m[HTTP][39m [90m[39m
[35m[HTTP][39m [37m-->[39m [37mPOST[39m [37m/wd/hub/session/808f325c-cd48-49d7-a186-3261f61cd105/timeouts[39m
[35m[HTTP][39m [90m{"implicit":60000}[39m
[35m[HTTP][39m [37m<-- POST /wd/hub/session/808f325c-cd48-49d7-a186-3261f61cd105/timeouts [39m[32m200[39m [90m1 ms - 14[39m
[35m[HTTP][39m [90m[39m
[35m[HTTP][39m [37m-->[39m [37mPOST[39m [37m/wd/hub/session/808f325c-cd48-49d7-a186-3261f61cd105/touch/perform[39m
[35m[HTTP][39m [90m{"actions":[{"action":"tap","options":{"x":1,"y":1,"element":"00000000-0000-0116-0000-000400000005"}},{"action":"release","options":{}}]}[39m
[35m[UiAutomator2][39m calling get location: 00000000-0000-0116-0000-000400000005
[35m[HTTP][39m [37m<-- POST /wd/hub/session/808f325c-cd48-49d7-a186-3261f61cd105/touch/perform [39m[32m200[39m [90m232 ms - 14[39m
[35m[HTTP][39m [90m[39m
[35m[HTTP][39m [37m-->[39m [37mPOST[39m [37m/wd/hub/session/808f325c-cd48-49d7-a186-3261f61cd105/timeouts[39m
[35m[HTTP][39m [90m{"implicit":50}[39m
[35m[HTTP][39m [37m<-- POST /wd/hub/session/808f325c-cd48-49d7-a186-3261f61cd105/timeouts [39m[32m200[39m [90m2 ms - 14[39m
[35m[HTTP][39m [90m[39m
[35m[HTTP][39m [37m-->[39m [37mGET[39m [37m/wd/hub/session/808f325c-cd48-49d7-a186-3261f61cd105/window/rect[39m
[35m[HTTP][39m [90m{}[39m
[35m[HTTP][39m [37m<-- GET /wd/hub/session/808f325c-cd48-49d7-a186-3261f61cd105/window/rect [39m[32m200[39m [90m49 ms - 49[39m
[35m[HTTP][39m [90m[39m
[35m[HTTP][39m [37m-->[39m [37mPOST[39m [37m/wd/hub/session/808f325c-cd48-49d7-a186-3261f61cd105/elements[39m
[35m[HTTP][39m [90m{"using":"xpath","value":"//hierarchy/android.widget.FrameLayout[1]/android.widget.LinearLayout[1]/android.widget.FrameLayout[1]/android.widget.FrameLayout[1]/android.widget.FrameLayout[1]/android.widget.FrameLayout[1]/android.view.View[1]/android.view.View[1]/android.view.View[1]/android.view.View[1]/android.widget.EditText[1]"}[39m
[35m[HTTP][39m [37m<-- POST /wd/hub/session/808f325c-cd48-49d7-a186-3261f61cd105/elements [39m[32m200[39m [90m348 ms - 139[39m
[35m[HTTP][39m [90m[39m
[35m[HTTP][39m [37m-->[39m [37mGET[39m [37m/wd/hub/session/808f325c-cd48-49d7-a186-3261f61cd105/element/00000000-0000-0116-0000-000400000005/location[39m
[35m[HTTP][39m [90m{}[39m
[35m[W3C (808f325c)][39m Driver proxy active, passing request on via HTTP proxy
[35m[WD Proxy][39m Replacing sessionId 0d0d06da-9563-45d1-a309-4d88f9b69465 with 808f325c-cd48-49d7-a186-3261f61cd105
[35m[HTTP][39m [37m<-- GET /wd/hub/session/808f325c-cd48-49d7-a186-3261f61cd105/element/00000000-0000-0116-0000-000400000005/location [39m[32m200[39m [90m133 ms - 77[39m
[35m[HTTP][39m [90m[39m
[35m[HTTP][39m [37m-->[39m [37mPOST[39m [37m/wd/hub/session/808f325c-cd48-49d7-a186-3261f61cd105/timeouts[39m
[35m[HTTP][39m [90m{"implicit":60000}[39m
[35m[HTTP][39m [37m<-- POST /wd/hub/session/808f325c-cd48-49d7-a186-3261f61cd105/timeouts [39m[32m200[39m [90m1 ms - 14[39m
[35m[HTTP][39m [90m[39m
[35m[HTTP][39m [37m-->[39m [37mPOST[39m [37m/wd/hub/session/808f325c-cd48-49d7-a186-3261f61cd105/element/00000000-0000-0116-0000-000400000005/clear[39m
[35m[HTTP][39m [90m{"id":"00000000-0000-0116-0000-000400000005"}[39m
[35m[HTTP][39m [37m<-- POST /wd/hub/session/808f325c-cd48-49d7-a186-3261f61cd105/element/00000000-0000-0116-0000-000400000005/clear [39m[32m200[39m [90m57 ms - 14[39m
[35m[HTTP][39m [90m[39m
[35m[HTTP][39m [37m-->[39m [37mPOST[39m [37m/wd/hub/session/808f325c-cd48-49d7-a186-3261f61cd105/element/00000000-0000-0116-0000-000400000005/value[39m
[35m[HTTP][39m [90m{"id":"00000000-0000-0116-0000-000400000005","text":"anggaaditya","value":["a","n","g","g","a","a","d","i","t","y","a"]}[39m
[35m[HTTP][39m [37m<-- POST /wd/hub/session/808f325c-cd48-49d7-a186-3261f61cd105/element/00000000-0000-0116-0000-000400000005/value [39m[32m200[39m [90m1043 ms - 14[39m
[35m[HTTP][39m [90m[39m
[35m[HTTP][39m [37m-->[39m [37mGET[39m [37m/wd/hub/session/808f325c-cd48-49d7-a186-3261f61cd105/context[39m
[35m[HTTP][39m [90m{}[39m
[35m[HTTP][39m [37m<-- GET /wd/hub/session/808f325c-cd48-49d7-a186-3261f61cd105/context [39m[32m200[39m [90m1 ms - 22[39m
[35m[HTTP][39m [90m[39m
[35m[HTTP][39m [37m-->[39m [37mGET[39m [37m/wd/hub/session/808f325c-cd48-49d7-a186-3261f61cd105/contexts[39m
[35m[HTTP][39m [90m{}[39m
[35m[HTTP][39m [37m<-- GET /wd/hub/session/808f325c-cd48-49d7-a186-3261f61cd105/contexts [39m[32m200[39m [90m263 ms - 24[39m
[35m[HTTP][39m [90m[39m
[35m[HTTP][39m [37m-->[39m [37mPOST[39m [37m/wd/hub/session/808f325c-cd48-49d7-a186-3261f61cd105/context[39m
[35m[HTTP][39m [90m{"name":"NATIVE_APP"}[39m
[35m[HTTP][39m [37m<-- POST /wd/hub/session/808f325c-cd48-49d7-a186-3261f61cd105/context [39m[32m200[39m [90m1 ms - 14[39m
[35m[HTTP][39m [90m[39m
[35m[HTTP][39m [37m-->[39m [37mPOST[39m [37m/wd/hub/session/808f325c-cd48-49d7-a186-3261f61cd105/appium/device/hide_keyboard[39m
[35m[HTTP][39m [90m{}[39m
[35m[HTTP][39m [37m<-- POST /wd/hub/session/808f325c-cd48-49d7-a186-3261f61cd105/appium/device/hide_keyboard [39m[32m200[39m [90m4299 ms - 14[39m
[35m[HTTP][39m [90m[39m
[35m[HTTP][39m [37m-->[39m [37mPOST[39m [37m/wd/hub/session/808f325c-cd48-49d7-a186-3261f61cd105/context[39m
[35m[HTTP][39m [90m{"name":"NATIVE_APP"}[39m
[35m[HTTP][39m [37m<-- POST /wd/hub/session/808f325c-cd48-49d7-a186-3261f61cd105/context [39m[32m200[39m [90m1 ms - 14[39m
[35m[HTTP][39m [90m[39m
[35m[HTTP][39m [37m-->[39m [37mPOST[39m [37m/wd/hub/session/808f325c-cd48-49d7-a186-3261f61cd105/timeouts[39m
[35m[HTTP][39m [90m{"implicit":50}[39m
[35m[HTTP][39m [37m<-- POST /wd/hub/session/808f325c-cd48-49d7-a186-3261f61cd105/timeouts [39m[32m200[39m [90m1 ms - 14[39m
[35m[HTTP][39m [90m[39m
[35m[HTTP][39m [37m-->[39m [37mGET[39m [37m/wd/hub/session/808f325c-cd48-49d7-a186-3261f61cd105/window/rect[39m
[35m[HTTP][39m [90m{}[39m
[35m[HTTP][39m [37m<-- GET /wd/hub/session/808f325c-cd48-49d7-a186-3261f61cd105/window/rect [39m[32m200[39m [90m26 ms - 49[39m
[35m[HTTP][39m [90m[39m
[35m[HTTP][39m [37m-->[39m [37mPOST[39m [37m/wd/hub/session/808f325c-cd48-49d7-a186-3261f61cd105/elements[39m
[35m[HTTP][39m [90m{"using":"xpath","value":"//hierarchy/android.widget.FrameLayout[1]/android.widget.LinearLayout[1]/android.widget.FrameLayout[1]/android.widget.FrameLayout[1]/android.widget.FrameLayout[1]/android.widget.FrameLayout[1]/android.view.View[1]/android.view.View[1]/android.view.View[1]/android.view.View[1]/android.widget.EditText[2]"}[39m
[35m[HTTP][39m [37m<-- POST /wd/hub/session/808f325c-cd48-49d7-a186-3261f61cd105/elements [39m[32m200[39m [90m419 ms - 139[39m
[35m[HTTP][39m [90m[39m
[35m[HTTP][39m [37m-->[39m [37mGET[39m [37m/wd/hub/session/808f325c-cd48-49d7-a186-3261f61cd105/element/00000000-0000-0116-0000-000500000005/location[39m
[35m[HTTP][39m [90m{}[39m
[35m[W3C (808f325c)][39m Driver proxy active, passing request on via HTTP proxy
[35m[WD Proxy][39m Replacing sessionId 0d0d06da-9563-45d1-a309-4d88f9b69465 with 808f325c-cd48-49d7-a186-3261f61cd105
[35m[HTTP][39m [37m<-- GET /wd/hub/session/808f325c-cd48-49d7-a186-3261f61cd105/element/00000000-0000-0116-0000-000500000005/location [39m[32m200[39m [90m27 ms - 77[39m
[35m[HTTP][39m [90m[39m
[35m[HTTP][39m [37m-->[39m [37mPOST[39m [37m/wd/hub/session/808f325c-cd48-49d7-a186-3261f61cd105/timeouts[39m
[35m[HTTP][39m [90m{"implicit":60000}[39m
[35m[HTTP][39m [37m<-- POST /wd/hub/session/808f325c-cd48-49d7-a186-3261f61cd105/timeouts [39m[32m200[39m [90m1 ms - 14[39m
[35m[HTTP][39m [90m[39m
[35m[HTTP][39m [37m-->[39m [37mPOST[39m [37m/wd/hub/session/808f325c-cd48-49d7-a186-3261f61cd105/touch/perform[39m
[35m[HTTP][39m [90m{"actions":[{"action":"tap","options":{"x":1,"y":1,"element":"00000000-0000-0116-0000-000500000005"}},{"action":"release","options":{}}]}[39m
[35m[UiAutomator2][39m calling get location: 00000000-0000-0116-0000-000500000005
[35m[HTTP][39m [37m<-- POST /wd/hub/session/808f325c-cd48-49d7-a186-3261f61cd105/touch/perform [39m[32m200[39m [90m204 ms - 14[39m
[35m[HTTP][39m [90m[39m
[35m[HTTP][39m [37m-->[39m [37mPOST[39m [37m/wd/hub/session/808f325c-cd48-49d7-a186-3261f61cd105/timeouts[39m
[35m[HTTP][39m [90m{"implicit":50}[39m
[35m[HTTP][39m [37m<-- POST /wd/hub/session/808f325c-cd48-49d7-a186-3261f61cd105/timeouts [39m[32m200[39m [90m1 ms - 14[39m
[35m[HTTP][39m [90m[39m
[35m[HTTP][39m [37m-->[39m [37mGET[39m [37m/wd/hub/session/808f325c-cd48-49d7-a186-3261f61cd105/window/rect[39m
[35m[HTTP][39m [90m{}[39m
[35m[HTTP][39m [37m<-- GET /wd/hub/session/808f325c-cd48-49d7-a186-3261f61cd105/window/rect [39m[32m200[39m [90m26 ms - 49[39m
[35m[HTTP][39m [90m[39m
[35m[HTTP][39m [37m-->[39m [37mPOST[39m [37m/wd/hub/session/808f325c-cd48-49d7-a186-3261f61cd105/elements[39m
[35m[HTTP][39m [90m{"using":"xpath","value":"//hierarchy/android.widget.FrameLayout[1]/android.widget.LinearLayout[1]/android.widget.FrameLayout[1]/android.widget.FrameLayout[1]/android.widget.FrameLayout[1]/android.widget.FrameLayout[1]/android.view.View[1]/android.view.View[1]/android.view.View[1]/android.view.View[1]/android.widget.EditText[2]"}[39m
[35m[HTTP][39m [37m<-- POST /wd/hub/session/808f325c-cd48-49d7-a186-3261f61cd105/elements [39m[32m200[39m [90m326 ms - 139[39m
[35m[HTTP][39m [90m[39m
[35m[HTTP][39m [37m-->[39m [37mGET[39m [37m/wd/hub/session/808f325c-cd48-49d7-a186-3261f61cd105/element/00000000-0000-0116-0000-000500000005/location[39m
[35m[HTTP][39m [90m{}[39m
[35m[W3C (808f325c)][39m Driver proxy active, passing request on via HTTP proxy
[35m[WD Proxy][39m Replacing sessionId 0d0d06da-9563-45d1-a309-4d88f9b69465 with 808f325c-cd48-49d7-a186-3261f61cd105
[35m[HTTP][39m [37m<-- GET /wd/hub/session/808f325c-cd48-49d7-a186-3261f61cd105/element/00000000-0000-0116-0000-000500000005/location [39m[32m200[39m [90m22 ms - 77[39m
[35m[HTTP][39m [90m[39m
[35m[HTTP][39m [37m-->[39m [37mPOST[39m [37m/wd/hub/session/808f325c-cd48-49d7-a186-3261f61cd105/timeouts[39m
[35m[HTTP][39m [90m{"implicit":60000}[39m
[35m[HTTP][39m [37m<-- POST /wd/hub/session/808f325c-cd48-49d7-a186-3261f61cd105/timeouts [39m[32m200[39m [90m1 ms - 14[39m
[35m[HTTP][39m [90m[39m
[35m[HTTP][39m [37m-->[39m [37mPOST[39m [37m/wd/hub/session/808f325c-cd48-49d7-a186-3261f61cd105/element/00000000-0000-0116-0000-000500000005/clear[39m
[35m[HTTP][39m [90m{"id":"00000000-0000-0116-0000-000500000005"}[39m
[35m[HTTP][39m [37m<-- POST /wd/hub/session/808f325c-cd48-49d7-a186-3261f61cd105/element/00000000-0000-0116-0000-000500000005/clear [39m[32m200[39m [90m35 ms - 14[39m
[35m[HTTP][39m [90m[39m
[35m[HTTP][39m [37m-->[39m [37mPOST[39m [37m/wd/hub/session/808f325c-cd48-49d7-a186-3261f61cd105/element/00000000-0000-0116-0000-000500000005/value[39m
[35m[HTTP][39m [90m{"id":"00000000-0000-0116-0000-000500000005","text":"Shalawa18","value":["S","h","a","l","a","w","a","1","8"]}[39m
[35m[HTTP][39m [37m<-- POST /wd/hub/session/808f325c-cd48-49d7-a186-3261f61cd105/element/00000000-0000-0116-0000-000500000005/value [39m[32m200[39m [90m98 ms - 14[39m
[35m[HTTP][39m [90m[39m
[35m[HTTP][39m [37m-->[39m [37mGET[39m [37m/wd/hub/session/808f325c-cd48-49d7-a186-3261f61cd105/context[39m
[35m[HTTP][39m [90m{}[39m
[35m[HTTP][39m [37m<-- GET /wd/hub/session/808f325c-cd48-49d7-a186-3261f61cd105/context [39m[32m200[39m [90m1 ms - 22[39m
[35m[HTTP][39m [90m[39m
[35m[HTTP][39m [37m-->[39m [37mGET[39m [37m/wd/hub/session/808f325c-cd48-49d7-a186-3261f61cd105/contexts[39m
[35m[HTTP][39m [90m{}[39m
[35m[HTTP][39m [37m<-- GET /wd/hub/session/808f325c-cd48-49d7-a186-3261f61cd105/contexts [39m[32m200[39m [90m218 ms - 24[39m
[35m[HTTP][39m [90m[39m
[35m[HTTP][39m [37m-->[39m [37mPOST[39m [37m/wd/hub/session/808f325c-cd48-49d7-a186-3261f61cd105/context[39m
[35m[HTTP][39m [90m{"name":"NATIVE_APP"}[39m
[35m[HTTP][39m [37m<-- POST /wd/hub/session/808f325c-cd48-49d7-a186-3261f61cd105/context [39m[32m200[39m [90m1 ms - 14[39m
[35m[HTTP][39m [90m[39m
[35m[HTTP][39m [37m-->[39m [37mPOST[39m [37m/wd/hub/session/808f325c-cd48-49d7-a186-3261f61cd105/appium/device/hide_keyboard[39m
[35m[HTTP][39m [90m{}[39m
[35m[HTTP][39m [37m<-- POST /wd/hub/session/808f325c-cd48-49d7-a186-3261f61cd105/appium/device/hide_keyboard [39m[32m200[39m [90m6233 ms - 14[39m
[35m[HTTP][39m [90m[39m
[35m[HTTP][39m [37m-->[39m [37mPOST[39m [37m/wd/hub/session/808f325c-cd48-49d7-a186-3261f61cd105/context[39m
[35m[HTTP][39m [90m{"name":"NATIVE_APP"}[39m
[35m[HTTP][39m [37m<-- POST /wd/hub/session/808f325c-cd48-49d7-a186-3261f61cd105/context [39m[32m200[39m [90m1 ms - 14[39m
[35m[HTTP][39m [90m[39m
[35m[HTTP][39m [37m-->[39m [37mPOST[39m [37m/wd/hub/session/808f325c-cd48-49d7-a186-3261f61cd105/timeouts[39m
[35m[HTTP][39m [90m{"implicit":50}[39m
[35m[HTTP][39m [37m<-- POST /wd/hub/session/808f325c-cd48-49d7-a186-3261f61cd105/timeouts [39m[32m200[39m [90m1 ms - 14[39m
[35m[HTTP][39m [90m[39m
[35m[HTTP][39m [37m-->[39m [37mGET[39m [37m/wd/hub/session/808f325c-cd48-49d7-a186-3261f61cd105/window/rect[39m
[35m[HTTP][39m [90m{}[39m
[35m[HTTP][39m [37m<-- GET /wd/hub/session/808f325c-cd48-49d7-a186-3261f61cd105/window/rect [39m[32m200[39m [90m22 ms - 49[39m
[35m[HTTP][39m [90m[39m
[35m[HTTP][39m [37m-->[39m [37mPOST[39m [37m/wd/hub/session/808f325c-cd48-49d7-a186-3261f61cd105/elements[39m
[35m[HTTP][39m [90m{"using":"xpath","value":"//hierarchy/android.widget.FrameLayout[1]/android.widget.LinearLayout[1]/android.widget.FrameLayout[1]/android.widget.FrameLayout[1]/android.widget.FrameLayout[1]/android.widget.FrameLayout[1]/android.view.View[1]/android.view.View[1]/android.view.View[1]/android.view.View[1]/android.widget.Button[1]"}[39m
[35m[HTTP][39m [37m<-- POST /wd/hub/session/808f325c-cd48-49d7-a186-3261f61cd105/elements [39m[32m200[39m [90m98 ms - 139[39m
[35m[HTTP][39m [90m[39m
[35m[HTTP][39m [37m-->[39m [37mGET[39m [37m/wd/hub/session/808f325c-cd48-49d7-a186-3261f61cd105/element/00000000-0000-0116-0000-000700000005/location[39m
[35m[HTTP][39m [90m{}[39m
[35m[W3C (808f325c)][39m Driver proxy active, passing request on via HTTP proxy
[35m[WD Proxy][39m Replacing sessionId 0d0d06da-9563-45d1-a309-4d88f9b69465 with 808f325c-cd48-49d7-a186-3261f61cd105
[35m[HTTP][39m [37m<-- GET /wd/hub/session/808f325c-cd48-49d7-a186-3261f61cd105/element/00000000-0000-0116-0000-000700000005/location [39m[32m200[39m [90m28 ms - 77[39m
[35m[HTTP][39m [90m[39m
[35m[HTTP][39m [37m-->[39m [37mPOST[39m [37m/wd/hub/session/808f325c-cd48-49d7-a186-3261f61cd105/timeouts[39m
[35m[HTTP][39m [90m{"implicit":60000}[39m
[35m[HTTP][39m [37m<-- POST /wd/hub/session/808f325c-cd48-49d7-a186-3261f61cd105/timeouts [39m[32m200[39m [90m1 ms - 14[39m
[35m[HTTP][39m [90m[39m
[35m[HTTP][39m [37m-->[39m [37mPOST[39m [37m/wd/hub/session/808f325c-cd48-49d7-a186-3261f61cd105/touch/perform[39m
[35m[HTTP][39m [90m{"actions":[{"action":"tap","options":{"x":1,"y":1,"element":"00000000-0000-0116-0000-000700000005"}},{"action":"release","options":{}}]}[39m
[35m[UiAutomator2][39m calling get location: 00000000-0000-0116-0000-000700000005
[35m[HTTP][39m [37m<-- POST /wd/hub/session/808f325c-cd48-49d7-a186-3261f61cd105/touch/perform [39m[32m200[39m [90m716 ms - 14[39m
[35m[HTTP][39m [90m[39m
[35m[HTTP][39m [37m-->[39m [37mPOST[39m [37m/wd/hub/session/808f325c-cd48-49d7-a186-3261f61cd105/timeouts[39m
[35m[HTTP][39m [90m{"implicit":50}[39m
[35m[HTTP][39m [37m<-- POST /wd/hub/session/808f325c-cd48-49d7-a186-3261f61cd105/timeouts [39m[32m200[39m [90m1 ms - 14[39m
[35m[HTTP][39m [90m[39m
[35m[HTTP][39m [37m-->[39m [37mGET[39m [37m/wd/hub/session/808f325c-cd48-49d7-a186-3261f61cd105/window/rect[39m
[35m[HTTP][39m [90m{}[39m
[35m[HTTP][39m [37m<-- GET /wd/hub/session/808f325c-cd48-49d7-a186-3261f61cd105/window/rect [39m[32m200[39m [90m21 ms - 49[39m
[35m[HTTP][39m [90m[39m
[35m[HTTP][39m [37m-->[39m [37mPOST[39m [37m/wd/hub/session/808f325c-cd48-49d7-a186-3261f61cd105/elements[39m
[35m[HTTP][39m [90m{"using":"xpath","value":"//hierarchy/android.widget.FrameLayout[1]/android.widget.LinearLayout[1]/android.widget.FrameLayout[1]/android.widget.FrameLayout[1]/android.widget.FrameLayout[1]/android.widget.FrameLayout[1]/android.view.View[1]/android.view.View[1]/android.view.View[1]/android.view.View[1]/android.view.View[3]/android.widget.ImageView[3]"}[39m
[35m[HTTP][39m [37m<-- POST /wd/hub/session/808f325c-cd48-49d7-a186-3261f61cd105/elements [39m[32m200[39m [90m826 ms - 139[39m
[35m[HTTP][39m [90m[39m
[35m[HTTP][39m [37m-->[39m [37mGET[39m [37m/wd/hub/session/808f325c-cd48-49d7-a186-3261f61cd105/element/00000000-0000-0116-0000-002000000005/location[39m
[35m[HTTP][39m [90m{}[39m
[35m[W3C (808f325c)][39m Driver proxy active, passing request on via HTTP proxy
[35m[WD Proxy][39m Replacing sessionId 0d0d06da-9563-45d1-a309-4d88f9b69465 with 808f325c-cd48-49d7-a186-3261f61cd105
[35m[HTTP][39m [37m<-- GET /wd/hub/session/808f325c-cd48-49d7-a186-3261f61cd105/element/00000000-0000-0116-0000-002000000005/location [39m[32m200[39m [90m18 ms - 79[39m
[35m[HTTP][39m [90m[39m
[35m[HTTP][39m [37m-->[39m [37mPOST[39m [37m/wd/hub/session/808f325c-cd48-49d7-a186-3261f61cd105/timeouts[39m
[35m[HTTP][39m [90m{"implicit":60000}[39m
[35m[HTTP][39m [37m<-- POST /wd/hub/session/808f325c-cd48-49d7-a186-3261f61cd105/timeouts [39m[32m200[39m [90m1 ms - 14[39m
[35m[HTTP][39m [90m[39m
[35m[HTTP][39m [37m-->[39m [37mPOST[39m [37m/wd/hub/session/808f325c-cd48-49d7-a186-3261f61cd105/touch/perform[39m
[35m[HTTP][39m [90m{"actions":[{"action":"tap","options":{"x":1,"y":1,"element":"00000000-0000-0116-0000-002000000005"}},{"action":"release","options":{}}]}[39m
[35m[UiAutomator2][39m calling get location: 00000000-0000-0116-0000-002000000005
[35m[HTTP][39m [37m<-- POST /wd/hub/session/808f325c-cd48-49d7-a186-3261f61cd105/touch/perform [39m[32m200[39m [90m198 ms - 14[39m
[35m[HTTP][39m [90m[39m
[35m[HTTP][39m [37m-->[39m [37mGET[39m [37m/wd/hub/session/808f325c-cd48-49d7-a186-3261f61cd105/window/rect[39m
[35m[HTTP][39m [90m{}[39m
[35m[HTTP][39m [37m<-- GET /wd/hub/session/808f325c-cd48-49d7-a186-3261f61cd105/window/rect [39m[32m200[39m [90m26 ms - 49[39m
[35m[HTTP][39m [90m[39m
[35m[HTTP][39m [37m-->[39m [37mPOST[39m [37m/wd/hub/session/808f325c-cd48-49d7-a186-3261f61cd105/elements[39m
[35m[HTTP][39m [90m{"using":"xpath","value":"//hierarchy/android.widget.FrameLayout[1]/android.widget.LinearLayout[1]/android.widget.FrameLayout[1]/android.widget.FrameLayout[1]/android.widget.FrameLayout[1]/android.widget.FrameLayout[1]/android.view.View[1]/android.view.View[1]/android.view.View[1]/android.view.View[1]/android.view.View[2]/android.view.View[1]/android.widget.HorizontalScrollView[1]/android.view.View[1]"}[39m
[35m[HTTP][39m [37m<-- POST /wd/hub/session/808f325c-cd48-49d7-a186-3261f61cd105/elements [39m[32m200[39m [90m692 ms - 139[39m
[35m[HTTP][39m [90m[39m
[35m[HTTP][39m [37m-->[39m [37mGET[39m [37m/wd/hub/session/808f325c-cd48-49d7-a186-3261f61cd105/element/00000000-0000-0116-0000-003b00000005/location[39m
[35m[HTTP][39m [90m{}[39m
[35m[W3C (808f325c)][39m Driver proxy active, passing request on via HTTP proxy
[35m[WD Proxy][39m Replacing sessionId 0d0d06da-9563-45d1-a309-4d88f9b69465 with 808f325c-cd48-49d7-a186-3261f61cd105
[35m[HTTP][39m [37m<-- GET /wd/hub/session/808f325c-cd48-49d7-a186-3261f61cd105/element/00000000-0000-0116-0000-003b00000005/location [39m[32m200[39m [90m30 ms - 77[39m
[35m[HTTP][39m [90m[39m
[35m[HTTP][39m [37m-->[39m [37mGET[39m [37m/wd/hub/session/808f325c-cd48-49d7-a186-3261f61cd105/element/00000000-0000-0116-0000-003b00000005/location[39m
[35m[HTTP][39m [90m{}[39m
[35m[W3C (808f325c)][39m Driver proxy active, passing request on via HTTP proxy
[35m[WD Proxy][39m Replacing sessionId 0d0d06da-9563-45d1-a309-4d88f9b69465 with 808f325c-cd48-49d7-a186-3261f61cd105
[35m[HTTP][39m [37m<-- GET /wd/hub/session/808f325c-cd48-49d7-a186-3261f61cd105/element/00000000-0000-0116-0000-003b00000005/location [39m[32m200[39m [90m28 ms - 77[39m
[35m[HTTP][39m [90m[39m
[35m[HTTP][39m [37m-->[39m [37mGET[39m [37m/wd/hub/session/808f325c-cd48-49d7-a186-3261f61cd105/window/rect[39m
[35m[HTTP][39m [90m{}[39m
[35m[HTTP][39m [37m<-- GET /wd/hub/session/808f325c-cd48-49d7-a186-3261f61cd105/window/rect [39m[32m200[39m [90m13 ms - 49[39m
[35m[HTTP][39m [90m[39m
[35m[HTTP][39m [37m-->[39m [37mPOST[39m [37m/wd/hub/session/808f325c-cd48-49d7-a186-3261f61cd105/elements[39m
[35m[HTTP][39m [90m{"using":"xpath","value":"//hierarchy/android.widget.FrameLayout[1]/android.widget.LinearLayout[1]/android.widget.FrameLayout[1]/android.widget.FrameLayout[1]/android.widget.FrameLayout[1]/android.widget.FrameLayout[1]/android.view.View[1]/android.view.View[1]/android.view.View[1]/android.view.View[1]/android.view.View[2]/android.view.View[1]/android.widget.HorizontalScrollView[1]/android.view.View[1]"}[39m
[35m[HTTP][39m [37m<-- POST /wd/hub/session/808f325c-cd48-49d7-a186-3261f61cd105/elements [39m[32m200[39m [90m94 ms - 139[39m
[35m[HTTP][39m [90m[39m
[35m[HTTP][39m [37m-->[39m [37mGET[39m [37m/wd/hub/session/808f325c-cd48-49d7-a186-3261f61cd105/element/00000000-0000-0116-0000-003b00000005/location[39m
[35m[HTTP][39m [90m{}[39m
[35m[W3C (808f325c)][39m Driver proxy active, passing request on via HTTP proxy
[35m[WD Proxy][39m Replacing sessionId 0d0d06da-9563-45d1-a309-4d88f9b69465 with 808f325c-cd48-49d7-a186-3261f61cd105
[35m[HTTP][39m [37m<-- GET /wd/hub/session/808f325c-cd48-49d7-a186-3261f61cd105/element/00000000-0000-0116-0000-003b00000005/location [39m[32m200[39m [90m19 ms - 77[39m
[35m[HTTP][39m [90m[39m
[35m[HTTP][39m [37m-->[39m [37mGET[39m [37m/wd/hub/session/808f325c-cd48-49d7-a186-3261f61cd105/element/00000000-0000-0116-0000-003b00000005/location[39m
[35m[HTTP][39m [90m{}[39m
[35m[W3C (808f325c)][39m Driver proxy active, passing request on via HTTP proxy
[35m[WD Proxy][39m Replacing sessionId 0d0d06da-9563-45d1-a309-4d88f9b69465 with 808f325c-cd48-49d7-a186-3261f61cd105
[35m[HTTP][39m [37m<-- GET /wd/hub/session/808f325c-cd48-49d7-a186-3261f61cd105/element/00000000-0000-0116-0000-003b00000005/location [39m[32m200[39m [90m20 ms - 77[39m
[35m[HTTP][39m [90m[39m
[35m[HTTP][39m [37m-->[39m [37mGET[39m [37m/wd/hub/session/808f325c-cd48-49d7-a186-3261f61cd105/window/rect[39m
[35m[HTTP][39m [90m{}[39m
[35m[HTTP][39m [37m<-- GET /wd/hub/session/808f325c-cd48-49d7-a186-3261f61cd105/window/rect [39m[32m200[39m [90m14 ms - 49[39m
[35m[HTTP][39m [90m[39m
[35m[HTTP][39m [37m-->[39m [37mPOST[39m [37m/wd/hub/session/808f325c-cd48-49d7-a186-3261f61cd105/elements[39m
[35m[HTTP][39m [90m{"using":"xpath","value":"//hierarchy/android.widget.FrameLayout[1]/android.widget.LinearLayout[1]/android.widget.FrameLayout[1]/android.widget.FrameLayout[1]/android.widget.FrameLayout[1]/android.widget.FrameLayout[1]/android.view.View[1]/android.view.View[1]/android.view.View[1]/android.view.View[1]/android.view.View[2]/android.view.View[1]/android.widget.HorizontalScrollView[1]/android.view.View[1]"}[39m
[35m[HTTP][39m [37m<-- POST /wd/hub/session/808f325c-cd48-49d7-a186-3261f61cd105/elements [39m[32m200[39m [90m88 ms - 139[39m
[35m[HTTP][39m [90m[39m
[35m[HTTP][39m [37m-->[39m [37mGET[39m [37m/wd/hub/session/808f325c-cd48-49d7-a186-3261f61cd105/element/00000000-0000-0116-0000-003b00000005/location[39m
[35m[HTTP][39m [90m{}[39m
[35m[W3C (808f325c)][39m Driver proxy active, passing request on via HTTP proxy
[35m[WD Proxy][39m Replacing sessionId 0d0d06da-9563-45d1-a309-4d88f9b69465 with 808f325c-cd48-49d7-a186-3261f61cd105
[35m[HTTP][39m [37m<-- GET /wd/hub/session/808f325c-cd48-49d7-a186-3261f61cd105/element/00000000-0000-0116-0000-003b00000005/location [39m[32m200[39m [90m21 ms - 77[39m
[35m[HTTP][39m [90m[39m
[35m[HTTP][39m [37m-->[39m [37mGET[39m [37m/wd/hub/session/808f325c-cd48-49d7-a186-3261f61cd105/element/00000000-0000-0116-0000-003b00000005/size[39m
[35m[HTTP][39m [90m{}[39m
[35m[W3C (808f325c)][39m Driver proxy active, passing request on via HTTP proxy
[35m[WD Proxy][39m Replacing sessionId 0d0d06da-9563-45d1-a309-4d88f9b69465 with 808f325c-cd48-49d7-a186-3261f61cd105
[35m[HTTP][39m [37m<-- GET /wd/hub/session/808f325c-cd48-49d7-a186-3261f61cd105/element/00000000-0000-0116-0000-003b00000005/size [39m[32m200[39m [90m29 ms - 86[39m
[35m[HTTP][39m [90m[39m
[35m[HTTP][39m [37m-->[39m [37mGET[39m [37m/wd/hub/session/808f325c-cd48-49d7-a186-3261f61cd105/window/rect[39m
[35m[HTTP][39m [90m{}[39m
[35m[HTTP][39m [37m<-- GET /wd/hub/session/808f325c-cd48-49d7-a186-3261f61cd105/window/rect [39m[32m200[39m [90m17 ms - 49[39m
[35m[HTTP][39m [90m[39m
[35m[HTTP][39m [37m-->[39m [37mPOST[39m [37m/wd/hub/session/808f325c-cd48-49d7-a186-3261f61cd105/elements[39m
[35m[HTTP][39m [90m{"using":"xpath","value":"//hierarchy/android.widget.FrameLayout[1]/android.widget.LinearLayout[1]/android.widget.FrameLayout[1]/android.widget.FrameLayout[1]/android.widget.FrameLayout[1]/android.widget.FrameLayout[1]/android.view.View[1]/android.view.View[1]/android.view.View[1]/android.view.View[1]/android.view.View[2]/android.view.View[1]/android.widget.HorizontalScrollView[1]/android.view.View[1]"}[39m
[35m[HTTP][39m [37m<-- POST /wd/hub/session/808f325c-cd48-49d7-a186-3261f61cd105/elements [39m[32m200[39m [90m85 ms - 139[39m
[35m[HTTP][39m [90m[39m
[35m[HTTP][39m [37m-->[39m [37mGET[39m [37m/wd/hub/session/808f325c-cd48-49d7-a186-3261f61cd105/element/00000000-0000-0116-0000-003b00000005/location[39m
[35m[HTTP][39m [90m{}[39m
[35m[W3C (808f325c)][39m Driver proxy active, passing request on via HTTP proxy
[35m[WD Proxy][39m Replacing sessionId 0d0d06da-9563-45d1-a309-4d88f9b69465 with 808f325c-cd48-49d7-a186-3261f61cd105
[35m[HTTP][39m [37m<-- GET /wd/hub/session/808f325c-cd48-49d7-a186-3261f61cd105/element/00000000-0000-0116-0000-003b00000005/location [39m[32m200[39m [90m20 ms - 77[39m
[35m[HTTP][39m [90m[39m
[35m[HTTP][39m [37m-->[39m [37mGET[39m [37m/wd/hub/session/808f325c-cd48-49d7-a186-3261f61cd105/element/00000000-0000-0116-0000-003b00000005/size[39m
[35m[HTTP][39m [90m{}[39m
[35m[W3C (808f325c)][39m Driver proxy active, passing request on via HTTP proxy
[35m[WD Proxy][39m Replacing sessionId 0d0d06da-9563-45d1-a309-4d88f9b69465 with 808f325c-cd48-49d7-a186-3261f61cd105
[35m[HTTP][39m [37m<-- GET /wd/hub/session/808f325c-cd48-49d7-a186-3261f61cd105/element/00000000-0000-0116-0000-003b00000005/size [39m[32m200[39m [90m19 ms - 86[39m
[35m[HTTP][39m [90m[39m
[35m[HTTP][39m [37m-->[39m [37mGET[39m [37m/wd/hub/session/808f325c-cd48-49d7-a186-3261f61cd105/context[39m
[35m[HTTP][39m [90m{}[39m
[35m[HTTP][39m [37m<-- GET /wd/hub/session/808f325c-cd48-49d7-a186-3261f61cd105/context [39m[32m200[39m [90m1 ms - 22[39m
[35m[HTTP][39m [90m[39m
[35m[HTTP][39m [37m-->[39m [37mGET[39m [37m/wd/hub/session/808f325c-cd48-49d7-a186-3261f61cd105/contexts[39m
[35m[HTTP][39m [90m{}[39m
[35m[HTTP][39m [37m<-- GET /wd/hub/session/808f325c-cd48-49d7-a186-3261f61cd105/contexts [39m[32m200[39m [90m212 ms - 24[39m
[35m[HTTP][39m [90m[39m
[35m[HTTP][39m [37m-->[39m [37mPOST[39m [37m/wd/hub/session/808f325c-cd48-49d7-a186-3261f61cd105/context[39m
[35m[HTTP][39m [90m{"name":"NATIVE_APP"}[39m
[35m[HTTP][39m [37m<-- POST /wd/hub/session/808f325c-cd48-49d7-a186-3261f61cd105/context [39m[32m200[39m [90m1 ms - 14[39m
[35m[HTTP][39m [90m[39m
[35m[HTTP][39m [37m-->[39m [37mGET[39m [37m/wd/hub/session/808f325c-cd48-49d7-a186-3261f61cd105/window/rect[39m
[35m[HTTP][39m [90m{}[39m
[35m[HTTP][39m [37m<-- GET /wd/hub/session/808f325c-cd48-49d7-a186-3261f61cd105/window/rect [39m[32m200[39m [90m17 ms - 49[39m
[35m[HTTP][39m [90m[39m
[35m[HTTP][39m [37m-->[39m [37mPOST[39m [37m/wd/hub/session/808f325c-cd48-49d7-a186-3261f61cd105/context[39m
[35m[HTTP][39m [90m{"name":"NATIVE_APP"}[39m
[35m[HTTP][39m [37m<-- POST /wd/hub/session/808f325c-cd48-49d7-a186-3261f61cd105/context [39m[32m200[39m [90m1 ms - 14[39m
[35m[HTTP][39m [90m[39m
[35m[HTTP][39m [37m-->[39m [37mGET[39m [37m/wd/hub/session/808f325c-cd48-49d7-a186-3261f61cd105/context[39m
[35m[HTTP][39m [90m{}[39m
[35m[HTTP][39m [37m<-- GET /wd/hub/session/808f325c-cd48-49d7-a186-3261f61cd105/context [39m[32m200[39m [90m1 ms - 22[39m
[35m[HTTP][39m [90m[39m
[35m[HTTP][39m [37m-->[39m [37mGET[39m [37m/wd/hub/session/808f325c-cd48-49d7-a186-3261f61cd105/contexts[39m
[35m[HTTP][39m [90m{}[39m
[35m[HTTP][39m [37m<-- GET /wd/hub/session/808f325c-cd48-49d7-a186-3261f61cd105/contexts [39m[32m200[39m [90m192 ms - 24[39m
[35m[HTTP][39m [90m[39m
[35m[HTTP][39m [37m-->[39m [37mPOST[39m [37m/wd/hub/session/808f325c-cd48-49d7-a186-3261f61cd105/context[39m
[35m[HTTP][39m [90m{"name":"NATIVE_APP"}[39m
[35m[HTTP][39m [37m<-- POST /wd/hub/session/808f325c-cd48-49d7-a186-3261f61cd105/context [39m[32m200[39m [90m1 ms - 14[39m
[35m[HTTP][39m [90m[39m
[35m[HTTP][39m [37m-->[39m [37mPOST[39m [37m/wd/hub/session/808f325c-cd48-49d7-a186-3261f61cd105/touch/perform[39m
[35m[HTTP][39m [90m{"actions":[{"action":"press","options":{"x":620,"y":304}},{"action":"wait","options":{"ms":500}},{"action":"moveTo","options":{"x":100,"y":304}},{"action":"release","options":{}}]}[39m
[35m[HTTP][39m [37m<-- POST /wd/hub/session/808f325c-cd48-49d7-a186-3261f61cd105/touch/perform [39m[32m200[39m [90m1063 ms - 14[39m
[35m[HTTP][39m [90m[39m
[35m[HTTP][39m [37m-->[39m [37mPOST[39m [37m/wd/hub/session/808f325c-cd48-49d7-a186-3261f61cd105/context[39m
[35m[HTTP][39m [90m{"name":"NATIVE_APP"}[39m
[35m[HTTP][39m [37m<-- POST /wd/hub/session/808f325c-cd48-49d7-a186-3261f61cd105/context [39m[32m200[39m [90m1 ms - 14[39m
[35m[HTTP][39m [90m[39m
[35m[HTTP][39m [37m-->[39m [37mPOST[39m [37m/wd/hub/session/808f325c-cd48-49d7-a186-3261f61cd105/timeouts[39m
[35m[HTTP][39m [90m{"implicit":50}[39m
[35m[HTTP][39m [37m<-- POST /wd/hub/session/808f325c-cd48-49d7-a186-3261f61cd105/timeouts [39m[32m200[39m [90m1 ms - 14[39m
[35m[HTTP][39m [90m[39m
[35m[HTTP][39m [37m-->[39m [37mGET[39m [37m/wd/hub/session/808f325c-cd48-49d7-a186-3261f61cd105/window/rect[39m
[35m[HTTP][39m [90m{}[39m
[35m[HTTP][39m [37m<-- GET /wd/hub/session/808f325c-cd48-49d7-a186-3261f61cd105/window/rect [39m[32m200[39m [90m36 ms - 49[39m
[35m[HTTP][39m [90m[39m
[35m[HTTP][39m [37m-->[39m [37mPOST[39m [37m/wd/hub/session/808f325c-cd48-49d7-a186-3261f61cd105/elements[39m
[35m[HTTP][39m [90m{"using":"xpath","value":"//hierarchy/android.widget.FrameLayout[1]/android.widget.LinearLayout[1]/android.widget.FrameLayout[1]/android.widget.FrameLayout[1]/android.widget.FrameLayout[1]/android.widget.FrameLayout[1]/android.view.View[1]/android.view.View[1]/android.view.View[1]/android.view.View[1]/android.view.View[2]/android.view.View[1]/android.widget.HorizontalScrollView[1]/android.view.View[4]"}[39m
[35m[HTTP][39m [37m<-- POST /wd/hub/session/808f325c-cd48-49d7-a186-3261f61cd105/elements [39m[32m200[39m [90m117 ms - 139[39m
[35m[HTTP][39m [90m[39m
[35m[HTTP][39m [37m-->[39m [37mGET[39m [37m/wd/hub/session/808f325c-cd48-49d7-a186-3261f61cd105/element/00000000-0000-0116-0000-003f00000005/location[39m
[35m[HTTP][39m [90m{}[39m
[35m[W3C (808f325c)][39m Driver proxy active, passing request on via HTTP proxy
[35m[WD Proxy][39m Replacing sessionId 0d0d06da-9563-45d1-a309-4d88f9b69465 with 808f325c-cd48-49d7-a186-3261f61cd105
[35m[HTTP][39m [37m<-- GET /wd/hub/session/808f325c-cd48-49d7-a186-3261f61cd105/element/00000000-0000-0116-0000-003f00000005/location [39m[32m200[39m [90m18 ms - 78[39m
[35m[HTTP][39m [90m[39m
[35m[HTTP][39m [37m-->[39m [37mPOST[39m [37m/wd/hub/session/808f325c-cd48-49d7-a186-3261f61cd105/timeouts[39m
[35m[HTTP][39m [90m{"implicit":60000}[39m
[35m[HTTP][39m [37m<-- POST /wd/hub/session/808f325c-cd48-49d7-a186-3261f61cd105/timeouts [39m[32m200[39m [90m1 ms - 14[39m
[35m[HTTP][39m [90m[39m
[35m[HTTP][39m [37m-->[39m [37mPOST[39m [37m/wd/hub/session/808f325c-cd48-49d7-a186-3261f61cd105/touch/perform[39m
[35m[HTTP][39m [90m{"actions":[{"action":"tap","options":{"x":1,"y":1,"element":"00000000-0000-0116-0000-003f00000005"}},{"action":"release","options":{}}]}[39m
[35m[UiAutomator2][39m calling get location: 00000000-0000-0116-0000-003f00000005
[35m[HTTP][39m [37m<-- POST /wd/hub/session/808f325c-cd48-49d7-a186-3261f61cd105/touch/perform [39m[32m200[39m [90m1007 ms - 14[39m
[35m[HTTP][39m [90m[39m
[35m[HTTP][39m [37m-->[39m [37mPOST[39m [37m/wd/hub/session/808f325c-cd48-49d7-a186-3261f61cd105/timeouts[39m
[35m[HTTP][39m [90m{"implicit":50}[39m
[35m[HTTP][39m [37m<-- POST /wd/hub/session/808f325c-cd48-49d7-a186-3261f61cd105/timeouts [39m[32m200[39m [90m1 ms - 14[39m
[35m[HTTP][39m [90m[39m
[35m[HTTP][39m [37m-->[39m [37mGET[39m [37m/wd/hub/session/808f325c-cd48-49d7-a186-3261f61cd105/window/rect[39m
[35m[HTTP][39m [90m{}[39m
[35m[HTTP][39m [37m<-- GET /wd/hub/session/808f325c-cd48-49d7-a186-3261f61cd105/window/rect [39m[32m200[39m [90m40 ms - 49[39m
[35m[HTTP][39m [90m[39m
[35m[HTTP][39m [37m-->[39m [37mPOST[39m [37m/wd/hub/session/808f325c-cd48-49d7-a186-3261f61cd105/elements[39m
[35m[HTTP][39m [90m{"using":"xpath","value":"//hierarchy/android.widget.FrameLayout[1]/android.widget.LinearLayout[1]/android.widget.FrameLayout[1]/android.widget.FrameLayout[1]/android.widget.FrameLayout[1]/android.widget.FrameLayout[1]/android.view.View[1]/android.view.View[1]/android.view.View[1]/android.view.View[1]/android.view.View[2]/android.view.View[1]/android.view.View[2]/android.view.View[1]/android.view.View[1]/android.view.View[1]/android.view.View[1]/android.view.View[1]/android.view.View[1]/android.view.View[1]/android.view.View[1]/android.view.View[1]/android.widget.Button[1]"}[39m
[35m[HTTP][39m [37m<-- POST /wd/hub/session/808f325c-cd48-49d7-a186-3261f61cd105/elements [39m[32m200[39m [90m133 ms - 139[39m
[35m[HTTP][39m [90m[39m
[35m[HTTP][39m [37m-->[39m [37mGET[39m [37m/wd/hub/session/808f325c-cd48-49d7-a186-3261f61cd105/element/00000000-0000-0116-0000-005500000005/location[39m
[35m[HTTP][39m [90m{}[39m
[35m[W3C (808f325c)][39m Driver proxy active, passing request on via HTTP proxy
[35m[WD Proxy][39m Replacing sessionId 0d0d06da-9563-45d1-a309-4d88f9b69465 with 808f325c-cd48-49d7-a186-3261f61cd105
[35m[HTTP][39m [37m<-- GET /wd/hub/session/808f325c-cd48-49d7-a186-3261f61cd105/element/00000000-0000-0116-0000-005500000005/location [39m[32m200[39m [90m20 ms - 77[39m
[35m[HTTP][39m [90m[39m
[35m[HTTP][39m [37m-->[39m [37mPOST[39m [37m/wd/hub/session/808f325c-cd48-49d7-a186-3261f61cd105/timeouts[39m
[35m[HTTP][39m [90m{"implicit":60000}[39m
[35m[HTTP][39m [37m<-- POST /wd/hub/session/808f325c-cd48-49d7-a186-3261f61cd105/timeouts [39m[32m200[39m [90m1 ms - 14[39m
[35m[HTTP][39m [90m[39m
[35m[HTTP][39m [37m-->[39m [37mPOST[39m [37m/wd/hub/session/808f325c-cd48-49d7-a186-3261f61cd105/touch/perform[39m
[35m[HTTP][39m [90m{"actions":[{"action":"tap","options":{"x":1,"y":1,"element":"00000000-0000-0116-0000-005500000005"}},{"action":"release","options":{}}]}[39m
[35m[UiAutomator2][39m calling get location: 00000000-0000-0116-0000-005500000005
[35m[HTTP][39m [37m<-- POST /wd/hub/session/808f325c-cd48-49d7-a186-3261f61cd105/touch/perform [39m[32m200[39m [90m672 ms - 14[39m
[35m[HTTP][39m [90m[39m
[35m[HTTP][39m [37m-->[39m [37mPOST[39m [37m/wd/hub/session/808f325c-cd48-49d7-a186-3261f61cd105/timeouts[39m
[35m[HTTP][39m [90m{"implicit":50}[39m
[35m[HTTP][39m [37m<-- POST /wd/hub/session/808f325c-cd48-49d7-a186-3261f61cd105/timeouts [39m[32m200[39m [90m1 ms - 14[39m
[35m[HTTP][39m [90m[39m
[35m[HTTP][39m [37m-->[39m [37mGET[39m [37m/wd/hub/session/808f325c-cd48-49d7-a186-3261f61cd105/window/rect[39m
[35m[HTTP][39m [90m{}[39m
[35m[HTTP][39m [37m<-- GET /wd/hub/session/808f325c-cd48-49d7-a186-3261f61cd105/window/rect [39m[32m200[39m [90m34 ms - 49[39m
[35m[HTTP][39m [90m[39m
[35m[HTTP][39m [37m-->[39m [37mPOST[39m [37m/wd/hub/session/808f325c-cd48-49d7-a186-3261f61cd105/elements[39m
[35m[HTTP][39m [90m{"using":"xpath","value":"//hierarchy/android.widget.FrameLayout[1]/android.widget.LinearLayout[1]/android.widget.FrameLayout[1]/android.widget.FrameLayout[1]/android.widget.FrameLayout[1]/android.widget.FrameLayout[1]/android.view.View[1]/android.view.View[1]/android.view.View[1]/android.view.View[1]/android.view.View[2]/android.view.View[1]/android.view.View[2]/android.view.View[1]/android.view.View[1]/android.view.View[1]/android.view.View[1]/android.view.View[1]/android.view.View[1]/android.view.View[1]/android.view.View[1]/android.view.View[1]/android.widget.Button[2]"}[39m
[35m[HTTP][39m [37m<-- POST /wd/hub/session/808f325c-cd48-49d7-a186-3261f61cd105/elements [39m[32m200[39m [90m132 ms - 139[39m
[35m[HTTP][39m [90m[39m
[35m[HTTP][39m [37m-->[39m [37mGET[39m [37m/wd/hub/session/808f325c-cd48-49d7-a186-3261f61cd105/element/00000000-0000-0116-0000-005600000005/location[39m
[35m[HTTP][39m [90m{}[39m
[35m[W3C (808f325c)][39m Driver proxy active, passing request on via HTTP proxy
[35m[WD Proxy][39m Replacing sessionId 0d0d06da-9563-45d1-a309-4d88f9b69465 with 808f325c-cd48-49d7-a186-3261f61cd105
[35m[HTTP][39m [37m<-- GET /wd/hub/session/808f325c-cd48-49d7-a186-3261f61cd105/element/00000000-0000-0116-0000-005600000005/location [39m[32m200[39m [90m21 ms - 78[39m
[35m[HTTP][39m [90m[39m
[35m[HTTP][39m [37m-->[39m [37mPOST[39m [37m/wd/hub/session/808f325c-cd48-49d7-a186-3261f61cd105/timeouts[39m
[35m[HTTP][39m [90m{"implicit":60000}[39m
[35m[HTTP][39m [37m<-- POST /wd/hub/session/808f325c-cd48-49d7-a186-3261f61cd105/timeouts [39m[32m200[39m [90m1 ms - 14[39m
[35m[HTTP][39m [90m[39m
[35m[HTTP][39m [37m-->[39m [37mPOST[39m [37m/wd/hub/session/808f325c-cd48-49d7-a186-3261f61cd105/touch/perform[39m
[35m[HTTP][39m [90m{"actions":[{"action":"tap","options":{"x":1,"y":1,"element":"00000000-0000-0116-0000-005600000005"}},{"action":"release","options":{}}]}[39m
[35m[UiAutomator2][39m calling get location: 00000000-0000-0116-0000-005600000005
[35m[HTTP][39m [37m<-- POST /wd/hub/session/808f325c-cd48-49d7-a186-3261f61cd105/touch/perform [39m[32m200[39m [90m742 ms - 14[39m
[35m[HTTP][39m [90m[39m
[35m[HTTP][39m [37m-->[39m [37mPOST[39m [37m/wd/hub/session/808f325c-cd48-49d7-a186-3261f61cd105/timeouts[39m
[35m[HTTP][39m [90m{"implicit":50}[39m
[35m[HTTP][39m [37m<-- POST /wd/hub/session/808f325c-cd48-49d7-a186-3261f61cd105/timeouts [39m[32m200[39m [90m2 ms - 14[39m
[35m[HTTP][39m [90m[39m
[35m[HTTP][39m [37m-->[39m [37mGET[39m [37m/wd/hub/session/808f325c-cd48-49d7-a186-3261f61cd105/window/rect[39m
[35m[HTTP][39m [90m{}[39m
[35m[HTTP][39m [37m<-- GET /wd/hub/session/808f325c-cd48-49d7-a186-3261f61cd105/window/rect [39m[32m200[39m [90m37 ms - 49[39m
[35m[HTTP][39m [90m[39m
[35m[HTTP][39m [37m-->[39m [37mPOST[39m [37m/wd/hub/session/808f325c-cd48-49d7-a186-3261f61cd105/elements[39m
[35m[HTTP][39m [90m{"using":"xpath","value":"//hierarchy/android.widget.FrameLayout[1]/android.widget.LinearLayout[1]/android.widget.FrameLayout[1]/android.widget.FrameLayout[1]/android.widget.FrameLayout[1]/android.widget.FrameLayout[1]/android.view.View[1]/android.view.View[1]/android.view.View[1]/android.view.View[1]/android.view.View[2]/android.view.View[1]/android.view.View[2]/android.view.View[1]/android.view.View[1]/android.view.View[1]/android.view.View[1]/android.view.View[1]/android.view.View[1]/android.view.View[1]/android.view.View[1]/android.view.View[1]/android.widget.Button[3]"}[39m
[35m[HTTP][39m [37m<-- POST /wd/hub/session/808f325c-cd48-49d7-a186-3261f61cd105/elements [39m[32m200[39m [90m128 ms - 139[39m
[35m[HTTP][39m [90m[39m
[35m[HTTP][39m [37m-->[39m [37mGET[39m [37m/wd/hub/session/808f325c-cd48-49d7-a186-3261f61cd105/element/00000000-0000-0116-0000-005700000005/location[39m
[35m[HTTP][39m [90m{}[39m
[35m[W3C (808f325c)][39m Driver proxy active, passing request on via HTTP proxy
[35m[WD Proxy][39m Replacing sessionId 0d0d06da-9563-45d1-a309-4d88f9b69465 with 808f325c-cd48-49d7-a186-3261f61cd105
[35m[HTTP][39m [37m<-- GET /wd/hub/session/808f325c-cd48-49d7-a186-3261f61cd105/element/00000000-0000-0116-0000-005700000005/location [39m[32m200[39m [90m17 ms - 78[39m
[35m[HTTP][39m [90m[39m
[35m[HTTP][39m [37m-->[39m [37mPOST[39m [37m/wd/hub/session/808f325c-cd48-49d7-a186-3261f61cd105/timeouts[39m
[35m[HTTP][39m [90m{"implicit":60000}[39m
[35m[HTTP][39m [37m<-- POST /wd/hub/session/808f325c-cd48-49d7-a186-3261f61cd105/timeouts [39m[32m200[39m [90m1 ms - 14[39m
[35m[HTTP][39m [90m[39m
[35m[HTTP][39m [37m-->[39m [37mPOST[39m [37m/wd/hub/session/808f325c-cd48-49d7-a186-3261f61cd105/touch/perform[39m
[35m[HTTP][39m [90m{"actions":[{"action":"tap","options":{"x":1,"y":1,"element":"00000000-0000-0116-0000-005700000005"}},{"action":"release","options":{}}]}[39m
[35m[UiAutomator2][39m calling get location: 00000000-0000-0116-0000-005700000005
[35m[HTTP][39m [37m<-- POST /wd/hub/session/808f325c-cd48-49d7-a186-3261f61cd105/touch/perform [39m[32m200[39m [90m752 ms - 14[39m
[35m[HTTP][39m [90m[39m
[35m[HTTP][39m [37m-->[39m [37mPOST[39m [37m/wd/hub/session/808f325c-cd48-49d7-a186-3261f61cd105/appium/device/press_keycode[39m
[35m[HTTP][39m [90m{"keycode":187}[39m
[35m[HTTP][39m [37m<-- POST /wd/hub/session/808f325c-cd48-49d7-a186-3261f61cd105/appium/device/press_keycode [39m[32m200[39m [90m90 ms - 14[39m
[35m[HTTP][39m [90m[39m
[35m[HTTP][39m [37m-->[39m [37mGET[39m [37m/wd/hub/session/808f325c-cd48-49d7-a186-3261f61cd105/context[39m
[35m[HTTP][39m [90m{}[39m
[35m[HTTP][39m [37m<-- GET /wd/hub/session/808f325c-cd48-49d7-a186-3261f61cd105/context [39m[32m200[39m [90m1 ms - 22[39m
[35m[HTTP][39m [90m[39m
[35m[HTTP][39m [37m-->[39m [37mGET[39m [37m/wd/hub/session/808f325c-cd48-49d7-a186-3261f61cd105/contexts[39m
[35m[HTTP][39m [90m{}[39m
[35m[HTTP][39m [37m<-- GET /wd/hub/session/808f325c-cd48-49d7-a186-3261f61cd105/contexts [39m[32m200[39m [90m220 ms - 24[39m
[35m[HTTP][39m [90m[39m
[35m[HTTP][39m [37m-->[39m [37mPOST[39m [37m/wd/hub/session/808f325c-cd48-49d7-a186-3261f61cd105/context[39m
[35m[HTTP][39m [90m{"name":"NATIVE_APP"}[39m
[35m[HTTP][39m [37m<-- POST /wd/hub/session/808f325c-cd48-49d7-a186-3261f61cd105/context [39m[32m200[39m [90m1 ms - 14[39m
[35m[HTTP][39m [90m[39m
[35m[HTTP][39m [37m-->[39m [37mGET[39m [37m/wd/hub/session/808f325c-cd48-49d7-a186-3261f61cd105/window/rect[39m
[35m[HTTP][39m [90m{}[39m
[35m[HTTP][39m [37m<-- GET /wd/hub/session/808f325c-cd48-49d7-a186-3261f61cd105/window/rect [39m[32m200[39m [90m45 ms - 49[39m
[35m[HTTP][39m [90m[39m
[35m[HTTP][39m [37m-->[39m [37mPOST[39m [37m/wd/hub/session/808f325c-cd48-49d7-a186-3261f61cd105/context[39m
[35m[HTTP][39m [90m{"name":"NATIVE_APP"}[39m
[35m[HTTP][39m [37m<-- POST /wd/hub/session/808f325c-cd48-49d7-a186-3261f61cd105/context [39m[32m200[39m [90m1 ms - 14[39m
[35m[HTTP][39m [90m[39m
[35m[HTTP][39m [37m-->[39m [37mGET[39m [37m/wd/hub/session/808f325c-cd48-49d7-a186-3261f61cd105/context[39m
[35m[HTTP][39m [90m{}[39m
[35m[HTTP][39m [37m<-- GET /wd/hub/session/808f325c-cd48-49d7-a186-3261f61cd105/context [39m[32m200[39m [90m1 ms - 22[39m
[35m[HTTP][39m [90m[39m
[35m[HTTP][39m [37m-->[39m [37mGET[39m [37m/wd/hub/session/808f325c-cd48-49d7-a186-3261f61cd105/contexts[39m
[35m[HTTP][39m [90m{}[39m
[35m[HTTP][39m [37m<-- GET /wd/hub/session/808f325c-cd48-49d7-a186-3261f61cd105/contexts [39m[32m200[39m [90m199 ms - 24[39m
[35m[HTTP][39m [90m[39m
[35m[HTTP][39m [37m-->[39m [37mPOST[39m [37m/wd/hub/session/808f325c-cd48-49d7-a186-3261f61cd105/context[39m
[35m[HTTP][39m [90m{"name":"NATIVE_APP"}[39m
[35m[HTTP][39m [37m<-- POST /wd/hub/session/808f325c-cd48-49d7-a186-3261f61cd105/context [39m[32m200[39m [90m1 ms - 14[39m
[35m[HTTP][39m [90m[39m
[35m[HTTP][39m [37m-->[39m [37mGET[39m [37m/wd/hub/session/808f325c-cd48-49d7-a186-3261f61cd105/window/rect[39m
[35m[HTTP][39m [90m{}[39m
[35m[HTTP][39m [37m<-- GET /wd/hub/session/808f325c-cd48-49d7-a186-3261f61cd105/window/rect [39m[32m200[39m [90m29 ms - 49[39m
[35m[HTTP][39m [90m[39m
[35m[HTTP][39m [37m-->[39m [37mPOST[39m [37m/wd/hub/session/808f325c-cd48-49d7-a186-3261f61cd105/context[39m
[35m[HTTP][39m [90m{"name":"NATIVE_APP"}[39m
[35m[HTTP][39m [37m<-- POST /wd/hub/session/808f325c-cd48-49d7-a186-3261f61cd105/context [39m[32m200[39m [90m1 ms - 14[39m
[35m[HTTP][39m [90m[39m
[35m[HTTP][39m [37m-->[39m [37mGET[39m [37m/wd/hub/session/808f325c-cd48-49d7-a186-3261f61cd105/context[39m
[35m[HTTP][39m [90m{}[39m
[35m[HTTP][39m [37m<-- GET /wd/hub/session/808f325c-cd48-49d7-a186-3261f61cd105/context [39m[32m200[39m [90m1 ms - 22[39m
[35m[HTTP][39m [90m[39m
[35m[HTTP][39m [37m-->[39m [37mGET[39m [37m/wd/hub/session/808f325c-cd48-49d7-a186-3261f61cd105/contexts[39m
[35m[HTTP][39m [90m{}[39m
[35m[HTTP][39m [37m<-- GET /wd/hub/session/808f325c-cd48-49d7-a186-3261f61cd105/contexts [39m[32m200[39m [90m203 ms - 24[39m
[35m[HTTP][39m [90m[39m
[35m[HTTP][39m [37m-->[39m [37mPOST[39m [37m/wd/hub/session/808f325c-cd48-49d7-a186-3261f61cd105/context[39m
[35m[HTTP][39m [90m{"name":"NATIVE_APP"}[39m
[35m[HTTP][39m [37m<-- POST /wd/hub/session/808f325c-cd48-49d7-a186-3261f61cd105/context [39m[32m200[39m [90m1 ms - 14[39m
[35m[HTTP][39m [90m[39m
[35m[HTTP][39m [37m-->[39m [37mPOST[39m [37m/wd/hub/session/808f325c-cd48-49d7-a186-3261f61cd105/touch/perform[39m
[35m[HTTP][39m [90m{"actions":[{"action":"press","options":{"x":360,"y":853}},{"action":"wait","options":{"ms":500}},{"action":"moveTo","options":{"x":360,"y":142}},{"action":"release","options":{}}]}[39m
[35m[HTTP][39m [37m<-- POST /wd/hub/session/808f325c-cd48-49d7-a186-3261f61cd105/touch/perform [39m[32m200[39m [90m1169 ms - 14[39m
[35m[HTTP][39m [90m[39m
[35m[HTTP][39m [37m-->[39m [37mPOST[39m [37m/wd/hub/session/808f325c-cd48-49d7-a186-3261f61cd105/context[39m
[35m[HTTP][39m [90m{"name":"NATIVE_APP"}[39m
[35m[HTTP][39m [37m<-- POST /wd/hub/session/808f325c-cd48-49d7-a186-3261f61cd105/context [39m[32m200[39m [90m1 ms - 14[39m
[35m[HTTP][39m [90m[39m
[35m[HTTP][39m [37m-->[39m [37mGET[39m [37m/wd/hub/session/808f325c-cd48-49d7-a186-3261f61cd105/context[39m
[35m[HTTP][39m [90m{}[39m
[35m[HTTP][39m [37m<-- GET /wd/hub/session/808f325c-cd48-49d7-a186-3261f61cd105/context [39m[32m200[39m [90m1 ms - 22[39m
[35m[HTTP][39m [90m[39m
[35m[HTTP][39m [37m-->[39m [37mGET[39m [37m/wd/hub/session/808f325c-cd48-49d7-a186-3261f61cd105/contexts[39m
[35m[HTTP][39m [90m{}[39m
[35m[HTTP][39m [37m<-- GET /wd/hub/session/808f325c-cd48-49d7-a186-3261f61cd105/contexts [39m[32m200[39m [90m174 ms - 24[39m
[35m[HTTP][39m [90m[39m
[35m[HTTP][39m [37m-->[39m [37mPOST[39m [37m/wd/hub/session/808f325c-cd48-49d7-a186-3261f61cd105/context[39m
[35m[HTTP][39m [90m{"name":"NATIVE_APP"}[39m
[35m[HTTP][39m [37m<-- POST /wd/hub/session/808f325c-cd48-49d7-a186-3261f61cd105/context [39m[32m200[39m [90m1 ms - 14[39m
[35m[HTTP][39m [90m[39m
[35m[HTTP][39m [37m-->[39m [37mPOST[39m [37m/wd/hub/session/808f325c-cd48-49d7-a186-3261f61cd105/touch/perform[39m
[35m[HTTP][39m [90m{"actions":[{"action":"press","options":{"x":360,"y":853}},{"action":"wait","options":{"ms":500}},{"action":"moveTo","options":{"x":360,"y":142}},{"action":"release","options":{}}]}[39m
[35m[HTTP][39m [37m<-- POST /wd/hub/session/808f325c-cd48-49d7-a186-3261f61cd105/touch/perform [39m[32m200[39m [90m1137 ms - 14[39m
[35m[HTTP][39m [90m[39m
[35m[HTTP][39m [37m-->[39m [37mPOST[39m [37m/wd/hub/session/808f325c-cd48-49d7-a186-3261f61cd105/context[39m
[35m[HTTP][39m [90m{"name":"NATIVE_APP"}[39m
[35m[HTTP][39m [37m<-- POST /wd/hub/session/808f325c-cd48-49d7-a186-3261f61cd105/context [39m[32m200[39m [90m1 ms - 14[39m
[35m[HTTP][39m [90m[39m
[35m[HTTP][39m [37m-->[39m [37mGET[39m [37m/wd/hub/status[39m
[35m[HTTP][39m [90m{}[39m
[35m[HTTP][39m [37m<-- GET /wd/hub/status [39m[32m200[39m [90m0 ms - 68[39m
[35m[HTTP][39m [90m[39m
[35m[HTTP][39m [37m-->[39m [37mPOST[39m [37m/wd/hub/session[39m
[35m[HTTP][39m [90m{"desiredCapabilities":{"appActivity":".Settings","appPackage":"com.android.settings","newCommandTimeout":1800,"platformVersion":"11","automationName":"uiautomator2","autoGrantPermissions":true,"platformName":"Android","udid":"RR8M40C9AXE","deviceName":"samsung SM-A205F (Android 11)","platform":"ANDROID","systemPort":8257},"capabilities":{"firstMatch":[{"appium:appActivity":".Settings","appium:appPackage":"com.android.settings","appium:autoGrantPermissions":true,"appium:automationName":"uiautomator2","appium:deviceName":"samsung SM-A205F (Android 11)","appium:newCommandTimeout":1800,"platform":"ANDROID","platformName":"android","appium:platformVersion":"11","appium:systemPort":8257,"appium:udid":"RR8M40C9AXE"}]}}[39m
[35m[BaseDriver][39m The following capabilities are not standard capabilities and should have an extension prefix:
[35m[BaseDriver][39m   platform
[35m[BaseDriver][39m   chromedriverPort
[35m[Appium][39m Appium v1.22.0 creating new AndroidUiautomator2Driver (v1.69.0) session
[35m[BaseDriver][39m The following capabilities were provided, but are not recognized by Appium:
[35m[BaseDriver][39m   platform
[35m[BaseDriver][39m Session created with session id: 9dcf75c7-eb65-4704-81dc-f6209b634de1
[35m[UiAutomator2][39m Starting 'com.android.settings' directly on the device
[35m[ADB][39m Using 'adb.exe' from 'C:\Users\Owner\.katalon\tools\android_sdk\platform-tools\adb.exe'
[35m[AndroidDriver][39m Retrieving device list
[35m[AndroidDriver][39m Using device: RR8M40C9AXE
[35m[ADB][39m Using 'adb.exe' from 'C:\Users\Owner\.katalon\tools\android_sdk\platform-tools\adb.exe'
[35m[ADB][39m Getting device platform version
[35m[UiAutomator2][39m Relaxing hidden api policy
[35m[AndroidDriver][39m No app sent in, not parsing package/activity
[35m[UiAutomator2][39m Server packages are not going to be (re)installed
[35m[ADB][39m Adding packages ["io.appium.settings","io.appium.uiautomator2.server","io.appium.uiautomator2.server.test"] to Doze whitelist
[35m[ADB][39m com.android.settings contains no permissions available for granting
[35m[UiAutomator2][39m Starting UIAutomator2 server 4.24.0
[35m[UiAutomator2][39m Using UIAutomator2 server from 'C:\Users\Owner\AppData\Roaming\npm\node_modules\appium\node_modules\appium-uiautomator2-server\apks\appium-uiautomator2-server-v4.24.0.apk' and test from 'C:\Users\Owner\AppData\Roaming\npm\node_modules\appium\node_modules\appium-uiautomator2-server\apks\appium-uiautomator2-server-debug-androidTest.apk'
[35m[UiAutomator2][39m Waiting up to 30000ms for UiAutomator2 to be online...
[35m[WD Proxy][39m socket hang up
[35m[WD Proxy][39m socket hang up
[35m[WD Proxy][39m socket hang up
[35m[WD Proxy][39m Determined the downstream protocol as 'W3C'
[35m[AndroidDriver][39m Screen already unlocked, doing nothing
[35m[UiAutomator2][39m Starting 'com.android.settings/.Settings and waiting for 'com.android.settings/.Settings'
[35m[Appium][39m New AndroidUiautomator2Driver session created successfully, session 9dcf75c7-eb65-4704-81dc-f6209b634de1 added to master session list
[35m[HTTP][39m [37m<-- POST /wd/hub/session [39m[32m200[39m [90m11979 ms - 1155[39m
[35m[HTTP][39m [90m[39m
[35m[HTTP][39m [37m-->[39m [37mGET[39m [37m/wd/hub/session/9dcf75c7-eb65-4704-81dc-f6209b634de1[39m
[35m[HTTP][39m [90m{}[39m
[35m[HTTP][39m [37m<-- GET /wd/hub/session/9dcf75c7-eb65-4704-81dc-f6209b634de1 [39m[32m200[39m [90m29 ms - 1109[39m
[35m[HTTP][39m [90m[39m
[35m[HTTP][39m [37m-->[39m [37mGET[39m [37m/wd/hub/session/9dcf75c7-eb65-4704-81dc-f6209b634de1[39m
[35m[HTTP][39m [90m{}[39m
[35m[HTTP][39m [37m<-- GET /wd/hub/session/9dcf75c7-eb65-4704-81dc-f6209b634de1 [39m[32m200[39m [90m24 ms - 1109[39m
[35m[HTTP][39m [90m[39m
[35m[HTTP][39m [37m-->[39m [37mGET[39m [37m/wd/hub/status[39m
[35m[HTTP][39m [90m{}[39m
[35m[HTTP][39m [37m<-- GET /wd/hub/status [39m[32m200[39m [90m1 ms - 68[39m
[35m[HTTP][39m [90m[39m
[35m[HTTP][39m [37m-->[39m [37mPOST[39m [37m/wd/hub/session/9dcf75c7-eb65-4704-81dc-f6209b634de1/timeouts[39m
[35m[HTTP][39m [90m{"implicit":60000}[39m
[35m[HTTP][39m [37m<-- POST /wd/hub/session/9dcf75c7-eb65-4704-81dc-f6209b634de1/timeouts [39m[32m200[39m [90m1 ms - 14[39m
[35m[HTTP][39m [90m[39m
[35m[HTTP][39m [37m-->[39m [37mGET[39m [37m/wd/hub/session/9dcf75c7-eb65-4704-81dc-f6209b634de1/screenshot[39m
[35m[HTTP][39m [90m{}[39m
[35m[HTTP][39m [37m<-- GET /wd/hub/session/9dcf75c7-eb65-4704-81dc-f6209b634de1/screenshot [39m[32m200[39m [90m510 ms - 124710[39m
[35m[HTTP][39m [90m[39m
[35m[HTTP][39m [37m-->[39m [37mGET[39m [37m/wd/hub/session/9dcf75c7-eb65-4704-81dc-f6209b634de1/window/rect[39m
[35m[HTTP][39m [90m{}[39m
[35m[HTTP][39m [37m<-- GET /wd/hub/session/9dcf75c7-eb65-4704-81dc-f6209b634de1/window/rect [39m[32m200[39m [90m22 ms - 49[39m
[35m[HTTP][39m [90m[39m
[35m[HTTP][39m [37m-->[39m [37mGET[39m [37m/wd/hub/session/9dcf75c7-eb65-4704-81dc-f6209b634de1/appium/device/system_bars[39m
[35m[HTTP][39m [90m{}[39m
[35m[HTTP][39m [37m<-- GET /wd/hub/session/9dcf75c7-eb65-4704-81dc-f6209b634de1/appium/device/system_bars [39m[32m200[39m [90m245 ms - 145[39m
[35m[HTTP][39m [90m[39m
[35m[HTTP][39m [37m-->[39m [37mPOST[39m [37m/wd/hub/session/9dcf75c7-eb65-4704-81dc-f6209b634de1/appium/device/activate_app[39m
[35m[HTTP][39m [90m{"bundleId":"id.co.miraeasset.sageclub"}[39m
[35m[HTTP][39m [37m<-- POST /wd/hub/session/9dcf75c7-eb65-4704-81dc-f6209b634de1/appium/device/activate_app [39m[32m200[39m [90m1054 ms - 14[39m
[35m[HTTP][39m [90m[39m
[35m[HTTP][39m [37m-->[39m [37mPOST[39m [37m/wd/hub/session/9dcf75c7-eb65-4704-81dc-f6209b634de1/timeouts[39m
[35m[HTTP][39m [90m{"implicit":50}[39m
[35m[HTTP][39m [37m<-- POST /wd/hub/session/9dcf75c7-eb65-4704-81dc-f6209b634de1/timeouts [39m[32m200[39m [90m1 ms - 14[39m
[35m[HTTP][39m [90m[39m
[35m[HTTP][39m [37m-->[39m [37mGET[39m [37m/wd/hub/session/9dcf75c7-eb65-4704-81dc-f6209b634de1/window/rect[39m
[35m[HTTP][39m [90m{}[39m
[35m[HTTP][39m [37m<-- GET /wd/hub/session/9dcf75c7-eb65-4704-81dc-f6209b634de1/window/rect [39m[32m200[39m [90m28 ms - 49[39m
[35m[HTTP][39m [90m[39m
[35m[HTTP][39m [37m-->[39m [37mPOST[39m [37m/wd/hub/session/9dcf75c7-eb65-4704-81dc-f6209b634de1/elements[39m
[35m[HTTP][39m [90m{"using":"xpath","value":"//hierarchy/android.widget.FrameLayout[1]/android.widget.LinearLayout[1]/android.widget.FrameLayout[1]/android.widget.FrameLayout[1]/android.widget.FrameLayout[1]/android.widget.FrameLayout[1]/android.view.View[1]/android.view.View[1]/android.view.View[1]/android.view.View[1]/android.widget.Button[1]"}[39m
[35m[HTTP][39m [37m<-- POST /wd/hub/session/9dcf75c7-eb65-4704-81dc-f6209b634de1/elements [39m[32m200[39m [90m1739 ms - 12[39m
[35m[HTTP][39m [90m[39m
[35m[HTTP][39m [37m-->[39m [37mPOST[39m [37m/wd/hub/session/9dcf75c7-eb65-4704-81dc-f6209b634de1/elements[39m
[35m[HTTP][39m [90m{"using":"xpath","value":"//hierarchy/android.widget.FrameLayout[1]/android.widget.LinearLayout[1]/android.widget.FrameLayout[1]/android.widget.FrameLayout[1]/android.widget.FrameLayout[1]/android.widget.FrameLayout[1]/android.view.View[1]/android.view.View[1]/android.view.View[1]/android.view.View[1]/android.widget.Button[1]"}[39m
[35m[HTTP][39m [37m<-- POST /wd/hub/session/9dcf75c7-eb65-4704-81dc-f6209b634de1/elements [39m[32m200[39m [90m109 ms - 12[39m
[35m[HTTP][39m [90m[39m
[35m[HTTP][39m [37m-->[39m [37mPOST[39m [37m/wd/hub/session/9dcf75c7-eb65-4704-81dc-f6209b634de1/elements[39m
[35m[HTTP][39m [90m{"using":"xpath","value":"//hierarchy/android.widget.FrameLayout[1]/android.widget.LinearLayout[1]/android.widget.FrameLayout[1]/android.widget.FrameLayout[1]/android.widget.FrameLayout[1]/android.widget.FrameLayout[1]/android.view.View[1]/android.view.View[1]/android.view.View[1]/android.view.View[1]/android.widget.Button[1]"}[39m
[35m[HTTP][39m [37m<-- POST /wd/hub/session/9dcf75c7-eb65-4704-81dc-f6209b634de1/elements [39m[32m200[39m [90m1239 ms - 139[39m
[35m[HTTP][39m [90m[39m
[35m[HTTP][39m [37m-->[39m [37mGET[39m [37m/wd/hub/session/9dcf75c7-eb65-4704-81dc-f6209b634de1/element/00000000-0000-0124-0000-000700000005/location[39m
[35m[HTTP][39m [90m{}[39m
[35m[W3C (9dcf75c7)][39m Driver proxy active, passing request on via HTTP proxy
[35m[WD Proxy][39m Replacing sessionId 0b1a9d20-022e-4a17-874d-8a908eb02755 with 9dcf75c7-eb65-4704-81dc-f6209b634de1
[35m[HTTP][39m [37m<-- GET /wd/hub/session/9dcf75c7-eb65-4704-81dc-f6209b634de1/element/00000000-0000-0124-0000-000700000005/location [39m[32m200[39m [90m26 ms - 77[39m
[35m[HTTP][39m [90m[39m
[35m[HTTP][39m [37m-->[39m [37mPOST[39m [37m/wd/hub/session/9dcf75c7-eb65-4704-81dc-f6209b634de1/timeouts[39m
[35m[HTTP][39m [90m{"implicit":60000}[39m
[35m[HTTP][39m [37m<-- POST /wd/hub/session/9dcf75c7-eb65-4704-81dc-f6209b634de1/timeouts [39m[32m200[39m [90m1 ms - 14[39m
[35m[HTTP][39m [90m[39m
[35m[HTTP][39m [37m-->[39m [37mPOST[39m [37m/wd/hub/session/9dcf75c7-eb65-4704-81dc-f6209b634de1/timeouts[39m
[35m[HTTP][39m [90m{"implicit":50}[39m
[35m[HTTP][39m [37m<-- POST /wd/hub/session/9dcf75c7-eb65-4704-81dc-f6209b634de1/timeouts [39m[32m200[39m [90m1 ms - 14[39m
[35m[HTTP][39m [90m[39m
[35m[HTTP][39m [37m-->[39m [37mGET[39m [37m/wd/hub/session/9dcf75c7-eb65-4704-81dc-f6209b634de1/window/rect[39m
[35m[HTTP][39m [90m{}[39m
[35m[HTTP][39m [37m<-- GET /wd/hub/session/9dcf75c7-eb65-4704-81dc-f6209b634de1/window/rect [39m[32m200[39m [90m15 ms - 49[39m
[35m[HTTP][39m [90m[39m
[35m[HTTP][39m [37m-->[39m [37mPOST[39m [37m/wd/hub/session/9dcf75c7-eb65-4704-81dc-f6209b634de1/elements[39m
[35m[HTTP][39m [90m{"using":"xpath","value":"//hierarchy/android.widget.FrameLayout[1]/android.widget.LinearLayout[1]/android.widget.FrameLayout[1]/android.widget.FrameLayout[1]/android.widget.FrameLayout[1]/android.widget.FrameLayout[1]/android.view.View[1]/android.view.View[1]/android.view.View[1]/android.view.View[1]/android.widget.EditText[1]"}[39m
[35m[HTTP][39m [37m<-- POST /wd/hub/session/9dcf75c7-eb65-4704-81dc-f6209b634de1/elements [39m[32m200[39m [90m125 ms - 139[39m
[35m[HTTP][39m [90m[39m
[35m[HTTP][39m [37m-->[39m [37mGET[39m [37m/wd/hub/session/9dcf75c7-eb65-4704-81dc-f6209b634de1/element/00000000-0000-0124-0000-000400000005/location[39m
[35m[HTTP][39m [90m{}[39m
[35m[W3C (9dcf75c7)][39m Driver proxy active, passing request on via HTTP proxy
[35m[WD Proxy][39m Replacing sessionId 0b1a9d20-022e-4a17-874d-8a908eb02755 with 9dcf75c7-eb65-4704-81dc-f6209b634de1
[35m[HTTP][39m [37m<-- GET /wd/hub/session/9dcf75c7-eb65-4704-81dc-f6209b634de1/element/00000000-0000-0124-0000-000400000005/location [39m[32m200[39m [90m22 ms - 77[39m
[35m[HTTP][39m [90m[39m
[35m[HTTP][39m [37m-->[39m [37mPOST[39m [37m/wd/hub/session/9dcf75c7-eb65-4704-81dc-f6209b634de1/timeouts[39m
[35m[HTTP][39m [90m{"implicit":60000}[39m
[35m[HTTP][39m [37m<-- POST /wd/hub/session/9dcf75c7-eb65-4704-81dc-f6209b634de1/timeouts [39m[32m200[39m [90m1 ms - 14[39m
[35m[HTTP][39m [90m[39m
[35m[HTTP][39m [37m-->[39m [37mPOST[39m [37m/wd/hub/session/9dcf75c7-eb65-4704-81dc-f6209b634de1/touch/perform[39m
[35m[HTTP][39m [90m{"actions":[{"action":"tap","options":{"x":1,"y":1,"element":"00000000-0000-0124-0000-000400000005"}},{"action":"release","options":{}}]}[39m
[35m[UiAutomator2][39m calling get location: 00000000-0000-0124-0000-000400000005
[35m[HTTP][39m [37m<-- POST /wd/hub/session/9dcf75c7-eb65-4704-81dc-f6209b634de1/touch/perform [39m[32m200[39m [90m242 ms - 14[39m
[35m[HTTP][39m [90m[39m
[35m[HTTP][39m [37m-->[39m [37mPOST[39m [37m/wd/hub/session/9dcf75c7-eb65-4704-81dc-f6209b634de1/timeouts[39m
[35m[HTTP][39m [90m{"implicit":50}[39m
[35m[HTTP][39m [37m<-- POST /wd/hub/session/9dcf75c7-eb65-4704-81dc-f6209b634de1/timeouts [39m[32m200[39m [90m1 ms - 14[39m
[35m[HTTP][39m [90m[39m
[35m[HTTP][39m [37m-->[39m [37mGET[39m [37m/wd/hub/session/9dcf75c7-eb65-4704-81dc-f6209b634de1/window/rect[39m
[35m[HTTP][39m [90m{}[39m
[35m[HTTP][39m [37m<-- GET /wd/hub/session/9dcf75c7-eb65-4704-81dc-f6209b634de1/window/rect [39m[32m200[39m [90m38 ms - 49[39m
[35m[HTTP][39m [90m[39m
[35m[HTTP][39m [37m-->[39m [37mPOST[39m [37m/wd/hub/session/9dcf75c7-eb65-4704-81dc-f6209b634de1/elements[39m
[35m[HTTP][39m [90m{"using":"xpath","value":"//hierarchy/android.widget.FrameLayout[1]/android.widget.LinearLayout[1]/android.widget.FrameLayout[1]/android.widget.FrameLayout[1]/android.widget.FrameLayout[1]/android.widget.FrameLayout[1]/android.view.View[1]/android.view.View[1]/android.view.View[1]/android.view.View[1]/android.widget.EditText[1]"}[39m
[35m[HTTP][39m [37m<-- POST /wd/hub/session/9dcf75c7-eb65-4704-81dc-f6209b634de1/elements [39m[32m200[39m [90m555 ms - 139[39m
[35m[HTTP][39m [90m[39m
[35m[HTTP][39m [37m-->[39m [37mGET[39m [37m/wd/hub/session/9dcf75c7-eb65-4704-81dc-f6209b634de1/element/00000000-0000-0124-0000-000400000005/location[39m
[35m[HTTP][39m [90m{}[39m
[35m[W3C (9dcf75c7)][39m Driver proxy active, passing request on via HTTP proxy
[35m[WD Proxy][39m Replacing sessionId 0b1a9d20-022e-4a17-874d-8a908eb02755 with 9dcf75c7-eb65-4704-81dc-f6209b634de1
[35m[HTTP][39m [37m<-- GET /wd/hub/session/9dcf75c7-eb65-4704-81dc-f6209b634de1/element/00000000-0000-0124-0000-000400000005/location [39m[32m200[39m [90m25 ms - 77[39m
[35m[HTTP][39m [90m[39m
[35m[HTTP][39m [37m-->[39m [37mPOST[39m [37m/wd/hub/session/9dcf75c7-eb65-4704-81dc-f6209b634de1/timeouts[39m
[35m[HTTP][39m [90m{"implicit":60000}[39m
[35m[HTTP][39m [37m<-- POST /wd/hub/session/9dcf75c7-eb65-4704-81dc-f6209b634de1/timeouts [39m[32m200[39m [90m1 ms - 14[39m
[35m[HTTP][39m [90m[39m
[35m[HTTP][39m [37m-->[39m [37mPOST[39m [37m/wd/hub/session/9dcf75c7-eb65-4704-81dc-f6209b634de1/element/00000000-0000-0124-0000-000400000005/clear[39m
[35m[HTTP][39m [90m{"id":"00000000-0000-0124-0000-000400000005"}[39m
[35m[HTTP][39m [37m<-- POST /wd/hub/session/9dcf75c7-eb65-4704-81dc-f6209b634de1/element/00000000-0000-0124-0000-000400000005/clear [39m[32m200[39m [90m27 ms - 14[39m
[35m[HTTP][39m [90m[39m
[35m[HTTP][39m [37m-->[39m [37mPOST[39m [37m/wd/hub/session/9dcf75c7-eb65-4704-81dc-f6209b634de1/element/00000000-0000-0124-0000-000400000005/value[39m
[35m[HTTP][39m [90m{"id":"00000000-0000-0124-0000-000400000005","text":"anggaaditya","value":["a","n","g","g","a","a","d","i","t","y","a"]}[39m
[35m[HTTP][39m [37m<-- POST /wd/hub/session/9dcf75c7-eb65-4704-81dc-f6209b634de1/element/00000000-0000-0124-0000-000400000005/value [39m[32m200[39m [90m101 ms - 14[39m
[35m[HTTP][39m [90m[39m
[35m[HTTP][39m [37m-->[39m [37mGET[39m [37m/wd/hub/session/9dcf75c7-eb65-4704-81dc-f6209b634de1/context[39m
[35m[HTTP][39m [90m{}[39m
[35m[HTTP][39m [37m<-- GET /wd/hub/session/9dcf75c7-eb65-4704-81dc-f6209b634de1/context [39m[32m200[39m [90m1 ms - 22[39m
[35m[HTTP][39m [90m[39m
[35m[HTTP][39m [37m-->[39m [37mGET[39m [37m/wd/hub/session/9dcf75c7-eb65-4704-81dc-f6209b634de1/contexts[39m
[35m[HTTP][39m [90m{}[39m
[35m[HTTP][39m [37m<-- GET /wd/hub/session/9dcf75c7-eb65-4704-81dc-f6209b634de1/contexts [39m[32m200[39m [90m200 ms - 24[39m
[35m[HTTP][39m [90m[39m
[35m[HTTP][39m [37m-->[39m [37mPOST[39m [37m/wd/hub/session/9dcf75c7-eb65-4704-81dc-f6209b634de1/context[39m
[35m[HTTP][39m [90m{"name":"NATIVE_APP"}[39m
[35m[HTTP][39m [37m<-- POST /wd/hub/session/9dcf75c7-eb65-4704-81dc-f6209b634de1/context [39m[32m200[39m [90m1 ms - 14[39m
[35m[HTTP][39m [90m[39m
[35m[HTTP][39m [37m-->[39m [37mPOST[39m [37m/wd/hub/session/9dcf75c7-eb65-4704-81dc-f6209b634de1/appium/device/hide_keyboard[39m
[35m[HTTP][39m [90m{}[39m
[35m[HTTP][39m [37m<-- POST /wd/hub/session/9dcf75c7-eb65-4704-81dc-f6209b634de1/appium/device/hide_keyboard [39m[32m200[39m [90m5190 ms - 14[39m
[35m[HTTP][39m [90m[39m
[35m[HTTP][39m [37m-->[39m [37mPOST[39m [37m/wd/hub/session/9dcf75c7-eb65-4704-81dc-f6209b634de1/context[39m
[35m[HTTP][39m [90m{"name":"NATIVE_APP"}[39m
[35m[HTTP][39m [37m<-- POST /wd/hub/session/9dcf75c7-eb65-4704-81dc-f6209b634de1/context [39m[32m200[39m [90m1 ms - 14[39m
[35m[HTTP][39m [90m[39m
[35m[HTTP][39m [37m-->[39m [37mPOST[39m [37m/wd/hub/session/9dcf75c7-eb65-4704-81dc-f6209b634de1/timeouts[39m
[35m[HTTP][39m [90m{"implicit":50}[39m
[35m[HTTP][39m [37m<-- POST /wd/hub/session/9dcf75c7-eb65-4704-81dc-f6209b634de1/timeouts [39m[32m200[39m [90m1 ms - 14[39m
[35m[HTTP][39m [90m[39m
[35m[HTTP][39m [37m-->[39m [37mGET[39m [37m/wd/hub/session/9dcf75c7-eb65-4704-81dc-f6209b634de1/window/rect[39m
[35m[HTTP][39m [90m{}[39m
[35m[HTTP][39m [37m<-- GET /wd/hub/session/9dcf75c7-eb65-4704-81dc-f6209b634de1/window/rect [39m[32m200[39m [90m18 ms - 49[39m
[35m[HTTP][39m [90m[39m
[35m[HTTP][39m [37m-->[39m [37mPOST[39m [37m/wd/hub/session/9dcf75c7-eb65-4704-81dc-f6209b634de1/elements[39m
[35m[HTTP][39m [90m{"using":"xpath","value":"//hierarchy/android.widget.FrameLayout[1]/android.widget.LinearLayout[1]/android.widget.FrameLayout[1]/android.widget.FrameLayout[1]/android.widget.FrameLayout[1]/android.widget.FrameLayout[1]/android.view.View[1]/android.view.View[1]/android.view.View[1]/android.view.View[1]/android.widget.EditText[2]"}[39m
[35m[HTTP][39m [37m<-- POST /wd/hub/session/9dcf75c7-eb65-4704-81dc-f6209b634de1/elements [39m[32m200[39m [90m128 ms - 139[39m
[35m[HTTP][39m [90m[39m
[35m[HTTP][39m [37m-->[39m [37mGET[39m [37m/wd/hub/session/9dcf75c7-eb65-4704-81dc-f6209b634de1/element/00000000-0000-0124-0000-000500000005/location[39m
[35m[HTTP][39m [90m{}[39m
[35m[W3C (9dcf75c7)][39m Driver proxy active, passing request on via HTTP proxy
[35m[WD Proxy][39m Replacing sessionId 0b1a9d20-022e-4a17-874d-8a908eb02755 with 9dcf75c7-eb65-4704-81dc-f6209b634de1
[35m[HTTP][39m [37m<-- GET /wd/hub/session/9dcf75c7-eb65-4704-81dc-f6209b634de1/element/00000000-0000-0124-0000-000500000005/location [39m[32m200[39m [90m28 ms - 77[39m
[35m[HTTP][39m [90m[39m
[35m[HTTP][39m [37m-->[39m [37mPOST[39m [37m/wd/hub/session/9dcf75c7-eb65-4704-81dc-f6209b634de1/timeouts[39m
[35m[HTTP][39m [90m{"implicit":60000}[39m
[35m[HTTP][39m [37m<-- POST /wd/hub/session/9dcf75c7-eb65-4704-81dc-f6209b634de1/timeouts [39m[32m200[39m [90m1 ms - 14[39m
[35m[HTTP][39m [90m[39m
[35m[HTTP][39m [37m-->[39m [37mPOST[39m [37m/wd/hub/session/9dcf75c7-eb65-4704-81dc-f6209b634de1/touch/perform[39m
[35m[HTTP][39m [90m{"actions":[{"action":"tap","options":{"x":1,"y":1,"element":"00000000-0000-0124-0000-000500000005"}},{"action":"release","options":{}}]}[39m
[35m[UiAutomator2][39m calling get location: 00000000-0000-0124-0000-000500000005
[35m[HTTP][39m [37m<-- POST /wd/hub/session/9dcf75c7-eb65-4704-81dc-f6209b634de1/touch/perform [39m[32m200[39m [90m206 ms - 14[39m
[35m[HTTP][39m [90m[39m
[35m[HTTP][39m [37m-->[39m [37mPOST[39m [37m/wd/hub/session/9dcf75c7-eb65-4704-81dc-f6209b634de1/timeouts[39m
[35m[HTTP][39m [90m{"implicit":50}[39m
[35m[HTTP][39m [37m<-- POST /wd/hub/session/9dcf75c7-eb65-4704-81dc-f6209b634de1/timeouts [39m[32m200[39m [90m1 ms - 14[39m
[35m[HTTP][39m [90m[39m
[35m[HTTP][39m [37m-->[39m [37mGET[39m [37m/wd/hub/session/9dcf75c7-eb65-4704-81dc-f6209b634de1/window/rect[39m
[35m[HTTP][39m [90m{}[39m
[35m[HTTP][39m [37m<-- GET /wd/hub/session/9dcf75c7-eb65-4704-81dc-f6209b634de1/window/rect [39m[32m200[39m [90m41 ms - 49[39m
[35m[HTTP][39m [90m[39m
[35m[HTTP][39m [37m-->[39m [37mPOST[39m [37m/wd/hub/session/9dcf75c7-eb65-4704-81dc-f6209b634de1/elements[39m
[35m[HTTP][39m [90m{"using":"xpath","value":"//hierarchy/android.widget.FrameLayout[1]/android.widget.LinearLayout[1]/android.widget.FrameLayout[1]/android.widget.FrameLayout[1]/android.widget.FrameLayout[1]/android.widget.FrameLayout[1]/android.view.View[1]/android.view.View[1]/android.view.View[1]/android.view.View[1]/android.widget.EditText[2]"}[39m
[35m[HTTP][39m [37m<-- POST /wd/hub/session/9dcf75c7-eb65-4704-81dc-f6209b634de1/elements [39m[32m200[39m [90m450 ms - 139[39m
[35m[HTTP][39m [90m[39m
[35m[HTTP][39m [37m-->[39m [37mGET[39m [37m/wd/hub/session/9dcf75c7-eb65-4704-81dc-f6209b634de1/element/00000000-0000-0124-0000-000500000005/location[39m
[35m[HTTP][39m [90m{}[39m
[35m[W3C (9dcf75c7)][39m Driver proxy active, passing request on via HTTP proxy
[35m[WD Proxy][39m Replacing sessionId 0b1a9d20-022e-4a17-874d-8a908eb02755 with 9dcf75c7-eb65-4704-81dc-f6209b634de1
[35m[HTTP][39m [37m<-- GET /wd/hub/session/9dcf75c7-eb65-4704-81dc-f6209b634de1/element/00000000-0000-0124-0000-000500000005/location [39m[32m200[39m [90m24 ms - 77[39m
[35m[HTTP][39m [90m[39m
[35m[HTTP][39m [37m-->[39m [37mPOST[39m [37m/wd/hub/session/9dcf75c7-eb65-4704-81dc-f6209b634de1/timeouts[39m
[35m[HTTP][39m [90m{"implicit":60000}[39m
[35m[HTTP][39m [37m<-- POST /wd/hub/session/9dcf75c7-eb65-4704-81dc-f6209b634de1/timeouts [39m[32m200[39m [90m1 ms - 14[39m
[35m[HTTP][39m [90m[39m
[35m[HTTP][39m [37m-->[39m [37mPOST[39m [37m/wd/hub/session/9dcf75c7-eb65-4704-81dc-f6209b634de1/element/00000000-0000-0124-0000-000500000005/clear[39m
[35m[HTTP][39m [90m{"id":"00000000-0000-0124-0000-000500000005"}[39m
[35m[HTTP][39m [37m<-- POST /wd/hub/session/9dcf75c7-eb65-4704-81dc-f6209b634de1/element/00000000-0000-0124-0000-000500000005/clear [39m[32m200[39m [90m40 ms - 14[39m
[35m[HTTP][39m [90m[39m
[35m[HTTP][39m [37m-->[39m [37mPOST[39m [37m/wd/hub/session/9dcf75c7-eb65-4704-81dc-f6209b634de1/element/00000000-0000-0124-0000-000500000005/value[39m
[35m[HTTP][39m [90m{"id":"00000000-0000-0124-0000-000500000005","text":"Shalawa18","value":["S","h","a","l","a","w","a","1","8"]}[39m
[35m[HTTP][39m [37m<-- POST /wd/hub/session/9dcf75c7-eb65-4704-81dc-f6209b634de1/element/00000000-0000-0124-0000-000500000005/value [39m[32m200[39m [90m60 ms - 14[39m
[35m[HTTP][39m [90m[39m
[35m[HTTP][39m [37m-->[39m [37mGET[39m [37m/wd/hub/session/9dcf75c7-eb65-4704-81dc-f6209b634de1/context[39m
[35m[HTTP][39m [90m{}[39m
[35m[HTTP][39m [37m<-- GET /wd/hub/session/9dcf75c7-eb65-4704-81dc-f6209b634de1/context [39m[32m200[39m [90m1 ms - 22[39m
[35m[HTTP][39m [90m[39m
[35m[HTTP][39m [37m-->[39m [37mGET[39m [37m/wd/hub/session/9dcf75c7-eb65-4704-81dc-f6209b634de1/contexts[39m
[35m[HTTP][39m [90m{}[39m
[35m[HTTP][39m [37m<-- GET /wd/hub/session/9dcf75c7-eb65-4704-81dc-f6209b634de1/contexts [39m[32m200[39m [90m202 ms - 24[39m
[35m[HTTP][39m [90m[39m
[35m[HTTP][39m [37m-->[39m [37mPOST[39m [37m/wd/hub/session/9dcf75c7-eb65-4704-81dc-f6209b634de1/context[39m
[35m[HTTP][39m [90m{"name":"NATIVE_APP"}[39m
[35m[HTTP][39m [37m<-- POST /wd/hub/session/9dcf75c7-eb65-4704-81dc-f6209b634de1/context [39m[32m200[39m [90m1 ms - 14[39m
[35m[HTTP][39m [90m[39m
[35m[HTTP][39m [37m-->[39m [37mPOST[39m [37m/wd/hub/session/9dcf75c7-eb65-4704-81dc-f6209b634de1/appium/device/hide_keyboard[39m
[35m[HTTP][39m [90m{}[39m
[35m[HTTP][39m [37m<-- POST /wd/hub/session/9dcf75c7-eb65-4704-81dc-f6209b634de1/appium/device/hide_keyboard [39m[32m200[39m [90m7335 ms - 14[39m
[35m[HTTP][39m [90m[39m
[35m[HTTP][39m [37m-->[39m [37mPOST[39m [37m/wd/hub/session/9dcf75c7-eb65-4704-81dc-f6209b634de1/context[39m
[35m[HTTP][39m [90m{"name":"NATIVE_APP"}[39m
[35m[HTTP][39m [37m<-- POST /wd/hub/session/9dcf75c7-eb65-4704-81dc-f6209b634de1/context [39m[32m200[39m [90m1 ms - 14[39m
[35m[HTTP][39m [90m[39m
[35m[HTTP][39m [37m-->[39m [37mPOST[39m [37m/wd/hub/session/9dcf75c7-eb65-4704-81dc-f6209b634de1/timeouts[39m
[35m[HTTP][39m [90m{"implicit":50}[39m
[35m[HTTP][39m [37m<-- POST /wd/hub/session/9dcf75c7-eb65-4704-81dc-f6209b634de1/timeouts [39m[32m200[39m [90m1 ms - 14[39m
[35m[HTTP][39m [90m[39m
[35m[HTTP][39m [37m-->[39m [37mGET[39m [37m/wd/hub/session/9dcf75c7-eb65-4704-81dc-f6209b634de1/window/rect[39m
[35m[HTTP][39m [90m{}[39m
[35m[HTTP][39m [37m<-- GET /wd/hub/session/9dcf75c7-eb65-4704-81dc-f6209b634de1/window/rect [39m[32m200[39m [90m21 ms - 49[39m
[35m[HTTP][39m [90m[39m
[35m[HTTP][39m [37m-->[39m [37mPOST[39m [37m/wd/hub/session/9dcf75c7-eb65-4704-81dc-f6209b634de1/elements[39m
[35m[HTTP][39m [90m{"using":"xpath","value":"//hierarchy/android.widget.FrameLayout[1]/android.widget.LinearLayout[1]/android.widget.FrameLayout[1]/android.widget.FrameLayout[1]/android.widget.FrameLayout[1]/android.widget.FrameLayout[1]/android.view.View[1]/android.view.View[1]/android.view.View[1]/android.view.View[1]/android.widget.Button[1]"}[39m
[35m[HTTP][39m [37m<-- POST /wd/hub/session/9dcf75c7-eb65-4704-81dc-f6209b634de1/elements [39m[32m200[39m [90m105 ms - 139[39m
[35m[HTTP][39m [90m[39m
[35m[HTTP][39m [37m-->[39m [37mGET[39m [37m/wd/hub/session/9dcf75c7-eb65-4704-81dc-f6209b634de1/element/00000000-0000-0124-0000-000700000005/location[39m
[35m[HTTP][39m [90m{}[39m
[35m[W3C (9dcf75c7)][39m Driver proxy active, passing request on via HTTP proxy
[35m[WD Proxy][39m Replacing sessionId 0b1a9d20-022e-4a17-874d-8a908eb02755 with 9dcf75c7-eb65-4704-81dc-f6209b634de1
[35m[HTTP][39m [37m<-- GET /wd/hub/session/9dcf75c7-eb65-4704-81dc-f6209b634de1/element/00000000-0000-0124-0000-000700000005/location [39m[32m200[39m [90m27 ms - 77[39m
[35m[HTTP][39m [90m[39m
[35m[HTTP][39m [37m-->[39m [37mPOST[39m [37m/wd/hub/session/9dcf75c7-eb65-4704-81dc-f6209b634de1/timeouts[39m
[35m[HTTP][39m [90m{"implicit":60000}[39m
[35m[HTTP][39m [37m<-- POST /wd/hub/session/9dcf75c7-eb65-4704-81dc-f6209b634de1/timeouts [39m[32m200[39m [90m1 ms - 14[39m
[35m[HTTP][39m [90m[39m
[35m[HTTP][39m [37m-->[39m [37mPOST[39m [37m/wd/hub/session/9dcf75c7-eb65-4704-81dc-f6209b634de1/touch/perform[39m
[35m[HTTP][39m [90m{"actions":[{"action":"tap","options":{"x":1,"y":1,"element":"00000000-0000-0124-0000-000700000005"}},{"action":"release","options":{}}]}[39m
[35m[UiAutomator2][39m calling get location: 00000000-0000-0124-0000-000700000005
[35m[HTTP][39m [37m<-- POST /wd/hub/session/9dcf75c7-eb65-4704-81dc-f6209b634de1/touch/perform [39m[32m200[39m [90m759 ms - 14[39m
[35m[HTTP][39m [90m[39m
[35m[HTTP][39m [37m-->[39m [37mPOST[39m [37m/wd/hub/session/9dcf75c7-eb65-4704-81dc-f6209b634de1/timeouts[39m
[35m[HTTP][39m [90m{"implicit":50}[39m
[35m[HTTP][39m [37m<-- POST /wd/hub/session/9dcf75c7-eb65-4704-81dc-f6209b634de1/timeouts [39m[32m200[39m [90m1 ms - 14[39m
[35m[HTTP][39m [90m[39m
[35m[HTTP][39m [37m-->[39m [37mGET[39m [37m/wd/hub/session/9dcf75c7-eb65-4704-81dc-f6209b634de1/window/rect[39m
[35m[HTTP][39m [90m{}[39m
[35m[HTTP][39m [37m<-- GET /wd/hub/session/9dcf75c7-eb65-4704-81dc-f6209b634de1/window/rect [39m[32m200[39m [90m26 ms - 49[39m
[35m[HTTP][39m [90m[39m
[35m[HTTP][39m [37m-->[39m [37mPOST[39m [37m/wd/hub/session/9dcf75c7-eb65-4704-81dc-f6209b634de1/elements[39m
[35m[HTTP][39m [90m{"using":"xpath","value":"//hierarchy/android.widget.FrameLayout[1]/android.widget.LinearLayout[1]/android.widget.FrameLayout[1]/android.widget.FrameLayout[1]/android.widget.FrameLayout[1]/android.widget.FrameLayout[1]/android.view.View[1]/android.view.View[1]/android.view.View[1]/android.view.View[1]/android.view.View[3]/android.widget.ImageView[3]"}[39m
[35m[HTTP][39m [37m<-- POST /wd/hub/session/9dcf75c7-eb65-4704-81dc-f6209b634de1/elements [39m[32m200[39m [90m1546 ms - 139[39m
[35m[HTTP][39m [90m[39m
[35m[HTTP][39m [37m-->[39m [37mGET[39m [37m/wd/hub/session/9dcf75c7-eb65-4704-81dc-f6209b634de1/element/00000000-0000-0124-0000-002000000005/location[39m
[35m[HTTP][39m [90m{}[39m
[35m[W3C (9dcf75c7)][39m Driver proxy active, passing request on via HTTP proxy
[35m[WD Proxy][39m Replacing sessionId 0b1a9d20-022e-4a17-874d-8a908eb02755 with 9dcf75c7-eb65-4704-81dc-f6209b634de1
[35m[HTTP][39m [37m<-- GET /wd/hub/session/9dcf75c7-eb65-4704-81dc-f6209b634de1/element/00000000-0000-0124-0000-002000000005/location [39m[32m200[39m [90m24 ms - 79[39m
[35m[HTTP][39m [90m[39m
[35m[HTTP][39m [37m-->[39m [37mPOST[39m [37m/wd/hub/session/9dcf75c7-eb65-4704-81dc-f6209b634de1/timeouts[39m
[35m[HTTP][39m [90m{"implicit":60000}[39m
[35m[HTTP][39m [37m<-- POST /wd/hub/session/9dcf75c7-eb65-4704-81dc-f6209b634de1/timeouts [39m[32m200[39m [90m1 ms - 14[39m
[35m[HTTP][39m [90m[39m
[35m[HTTP][39m [37m-->[39m [37mPOST[39m [37m/wd/hub/session/9dcf75c7-eb65-4704-81dc-f6209b634de1/touch/perform[39m
[35m[HTTP][39m [90m{"actions":[{"action":"tap","options":{"x":1,"y":1,"element":"00000000-0000-0124-0000-002000000005"}},{"action":"release","options":{}}]}[39m
[35m[UiAutomator2][39m calling get location: 00000000-0000-0124-0000-002000000005
[35m[HTTP][39m [37m<-- POST /wd/hub/session/9dcf75c7-eb65-4704-81dc-f6209b634de1/touch/perform [39m[32m200[39m [90m212 ms - 14[39m
[35m[HTTP][39m [90m[39m
[35m[HTTP][39m [37m-->[39m [37mPOST[39m [37m/wd/hub/session/9dcf75c7-eb65-4704-81dc-f6209b634de1/timeouts[39m
[35m[HTTP][39m [90m{"implicit":50}[39m
[35m[HTTP][39m [37m<-- POST /wd/hub/session/9dcf75c7-eb65-4704-81dc-f6209b634de1/timeouts [39m[32m200[39m [90m1 ms - 14[39m
[35m[HTTP][39m [90m[39m
[35m[HTTP][39m [37m-->[39m [37mGET[39m [37m/wd/hub/session/9dcf75c7-eb65-4704-81dc-f6209b634de1/window/rect[39m
[35m[HTTP][39m [90m{}[39m
[35m[HTTP][39m [37m<-- GET /wd/hub/session/9dcf75c7-eb65-4704-81dc-f6209b634de1/window/rect [39m[32m200[39m [90m29 ms - 49[39m
[35m[HTTP][39m [90m[39m
[35m[HTTP][39m [37m-->[39m [37mPOST[39m [37m/wd/hub/session/9dcf75c7-eb65-4704-81dc-f6209b634de1/elements[39m
[35m[HTTP][39m [90m{"using":"xpath","value":"//hierarchy/android.widget.FrameLayout[1]/android.widget.LinearLayout[1]/android.widget.FrameLayout[1]/android.widget.FrameLayout[1]/android.widget.FrameLayout[1]/android.widget.FrameLayout[1]/android.view.View[1]/android.view.View[1]/android.view.View[1]/android.view.View[1]/android.view.View[2]/android.view.View[1]/android.widget.HorizontalScrollView[1]/android.view.View[2]"}[39m
[35m[HTTP][39m [37m<-- POST /wd/hub/session/9dcf75c7-eb65-4704-81dc-f6209b634de1/elements [39m[32m200[39m [90m408 ms - 139[39m
[35m[HTTP][39m [90m[39m
[35m[HTTP][39m [37m-->[39m [37mGET[39m [37m/wd/hub/session/9dcf75c7-eb65-4704-81dc-f6209b634de1/element/00000000-0000-0124-0000-003c00000005/location[39m
[35m[HTTP][39m [90m{}[39m
[35m[W3C (9dcf75c7)][39m Driver proxy active, passing request on via HTTP proxy
[35m[WD Proxy][39m Replacing sessionId 0b1a9d20-022e-4a17-874d-8a908eb02755 with 9dcf75c7-eb65-4704-81dc-f6209b634de1
[35m[HTTP][39m [37m<-- GET /wd/hub/session/9dcf75c7-eb65-4704-81dc-f6209b634de1/element/00000000-0000-0124-0000-003c00000005/location [39m[32m200[39m [90m18 ms - 78[39m
[35m[HTTP][39m [90m[39m
[35m[HTTP][39m [37m-->[39m [37mPOST[39m [37m/wd/hub/session/9dcf75c7-eb65-4704-81dc-f6209b634de1/timeouts[39m
[35m[HTTP][39m [90m{"implicit":60000}[39m
[35m[HTTP][39m [37m<-- POST /wd/hub/session/9dcf75c7-eb65-4704-81dc-f6209b634de1/timeouts [39m[32m200[39m [90m1 ms - 14[39m
[35m[HTTP][39m [90m[39m
[35m[HTTP][39m [37m-->[39m [37mPOST[39m [37m/wd/hub/session/9dcf75c7-eb65-4704-81dc-f6209b634de1/touch/perform[39m
[35m[HTTP][39m [90m{"actions":[{"action":"tap","options":{"x":1,"y":1,"element":"00000000-0000-0124-0000-003c00000005"}},{"action":"release","options":{}}]}[39m
[35m[UiAutomator2][39m calling get location: 00000000-0000-0124-0000-003c00000005
[35m[HTTP][39m [37m<-- POST /wd/hub/session/9dcf75c7-eb65-4704-81dc-f6209b634de1/touch/perform [39m[32m200[39m [90m1259 ms - 14[39m
[35m[HTTP][39m [90m[39m
[35m[HTTP][39m [37m-->[39m [37mGET[39m [37m/wd/hub/session/9dcf75c7-eb65-4704-81dc-f6209b634de1/window/rect[39m
[35m[HTTP][39m [90m{}[39m
[35m[HTTP][39m [37m<-- GET /wd/hub/session/9dcf75c7-eb65-4704-81dc-f6209b634de1/window/rect [39m[32m200[39m [90m35 ms - 49[39m
[35m[HTTP][39m [90m[39m
[35m[HTTP][39m [37m-->[39m [37mPOST[39m [37m/wd/hub/session/9dcf75c7-eb65-4704-81dc-f6209b634de1/elements[39m
[35m[HTTP][39m [90m{"using":"xpath","value":"//hierarchy/android.widget.FrameLayout[1]/android.widget.LinearLayout[1]/android.widget.FrameLayout[1]/android.widget.FrameLayout[1]/android.widget.FrameLayout[1]/android.widget.FrameLayout[1]/android.view.View[1]/android.view.View[1]/android.view.View[1]/android.view.View[1]/android.view.View[2]/android.view.View[1]/android.view.View[2]/android.view.View[1]/android.view.View[1]/android.view.View[1]/android.view.View[1]/android.view.View[1]/android.view.View[1]/android.view.View[1]/android.view.View[1]/android.view.View[1]"}[39m
[35m[HTTP][39m [37m<-- POST /wd/hub/session/9dcf75c7-eb65-4704-81dc-f6209b634de1/elements [39m[32m-[39m [90m- ms - -[39m
[35m[HTTP][39m [90m[39m
[35m[BaseDriver][39m Shutting down because we waited 1800 seconds for a command
[35m[Appium][39m Closing session, cause was 'New Command Timeout of 1800 seconds expired. Try customizing the timeout using the 'newCommandTimeout' desired capability'
[35m[Appium][39m Removing session '808f325c-cd48-49d7-a186-3261f61cd105' from our master session list
[35m[UiAutomator2][39m Did not get confirmation UiAutomator2 deleteSession worked; Error was: UnknownError: An unknown server-side error occurred while processing the command. Original error: 'DELETE /' cannot be proxied to UiAutomator2 server because the instrumentation process is not running (probably crashed). Check the server log and/or the logcat output for more details
[35m[UiAutomator2][39m Restoring hidden api policy to the device default configuration
[35m[BaseDriver][39m Shutting down because we waited 1800 seconds for a command
[35m[Appium][39m Closing session, cause was 'New Command Timeout of 1800 seconds expired. Try customizing the timeout using the 'newCommandTimeout' desired capability'
[35m[Appium][39m Removing session '9dcf75c7-eb65-4704-81dc-f6209b634de1' from our master session list
[35m[UiAutomator2][39m Did not get confirmation UiAutomator2 deleteSession worked; Error was: UnknownError: An unknown server-side error occurred while processing the command. Original error: 'DELETE /' cannot be proxied to UiAutomator2 server because the instrumentation process is not running (probably crashed). Check the server log and/or the logcat output for more details
[35m[UiAutomator2][39m Restoring hidden api policy to the device default configuration
