[35m[Appium][39m Welcome to Appium v1.22.0
[35m[Appium][39m Non-default server args:
[35m[Appium][39m   port: 64039
[35m[Appium][39m   loglevel: info
[35m[Appium][39m   tmpDir: C:\Users\Owner\AppData\Local\Temp\\Katalon\Appium\Temp1640748835849
[35m[Appium][39m   chromedriverPort: 64040
[35m[Appium][39m Deprecated server args:
[35m[Appium][39m   [31m--chromedriver-port[39m => --default-capabilities
[35m[Appium][39m Default capabilities, which will be added to each request unless overridden by desired capabilities:
[35m[Appium][39m   chromedriverPort: 64040
[35m[Appium][39m Appium REST http interface listener started on 0.0.0.0:64039
[35m[HTTP][39m [37m-->[39m [37mGET[39m [37m/wd/hub/status[39m
[35m[HTTP][39m [90m{}[39m
[35m[HTTP][39m [37m<-- GET /wd/hub/status [39m[32m200[39m [90m12 ms - 68[39m
[35m[HTTP][39m [90m[39m
[35m[HTTP][39m [37m-->[39m [37mPOST[39m [37m/wd/hub/session[39m
[35m[HTTP][39m [90m{"desiredCapabilities":{"appActivity":".Settings","appPackage":"com.android.settings","newCommandTimeout":1800,"platformVersion":"11","automationName":"uiautomator2","autoGrantPermissions":true,"platformName":"Android","udid":"RR8M40C9AXE","deviceName":"samsung SM-A205F (Android 11)","platform":"ANDROID","systemPort":8211},"capabilities":{"firstMatch":[{"appium:appActivity":".Settings","appium:appPackage":"com.android.settings","appium:autoGrantPermissions":true,"appium:automationName":"uiautomator2","appium:deviceName":"samsung SM-A205F (Android 11)","appium:newCommandTimeout":1800,"platform":"ANDROID","platformName":"android","appium:platformVersion":"11","appium:systemPort":8211,"appium:udid":"RR8M40C9AXE"}]}}[39m
[35m[BaseDriver][39m The following capabilities are not standard capabilities and should have an extension prefix:
[35m[BaseDriver][39m   platform
[35m[BaseDriver][39m   chromedriverPort
[35m[Appium][39m Appium v1.22.0 creating new AndroidUiautomator2Driver (v1.69.0) session
[35m[BaseDriver][39m The following capabilities were provided, but are not recognized by Appium:
[35m[BaseDriver][39m   platform
[35m[BaseDriver][39m Session created with session id: 636bbbe0-b85a-4a62-af57-dedc60f228bd
[35m[UiAutomator2][39m Starting 'com.android.settings' directly on the device
[35m[ADB][39m Found 1 'build-tools' folders under 'C:\Users\Owner\.katalon\tools\android_sdk' (newest first):
[35m[ADB][39m     C:/Users/Owner/.katalon/tools/android_sdk/build-tools/29.0.3
[35m[ADB][39m Using 'adb.exe' from 'C:\Users\Owner\.katalon\tools\android_sdk\platform-tools\adb.exe'
[35m[AndroidDriver][39m Retrieving device list
[35m[AndroidDriver][39m Using device: RR8M40C9AXE
[35m[ADB][39m Using 'adb.exe' from 'C:\Users\Owner\.katalon\tools\android_sdk\platform-tools\adb.exe'
[35m[ADB][39m Getting device platform version
[35m[UiAutomator2][39m Relaxing hidden api policy
[35m[AndroidDriver][39m No app sent in, not parsing package/activity
[35m[ADB][39m Using 'apksigner.jar' from 'C:\Users\Owner\.katalon\tools\android_sdk\build-tools\29.0.3\lib\apksigner.jar'
[35m[ADB][39m 'C:\Users\Owner\AppData\Roaming\npm\node_modules\appium\node_modules\appium-uiautomator2-server\apks\appium-uiautomator2-server-v4.24.0.apk' is signed with the default certificate
[35m[ADB][39m 'C:\Users\Owner\AppData\Roaming\npm\node_modules\appium\node_modules\appium-uiautomator2-server\apks\appium-uiautomator2-server-debug-androidTest.apk' is signed with the default certificate
[35m[UiAutomator2][39m Server packages are not going to be (re)installed
[35m[ADB][39m Adding packages ["io.appium.settings","io.appium.uiautomator2.server","io.appium.uiautomator2.server.test"] to Doze whitelist
[35m[ADB][39m com.android.settings contains no permissions available for granting
[35m[UiAutomator2][39m Starting UIAutomator2 server 4.24.0
[35m[UiAutomator2][39m Using UIAutomator2 server from 'C:\Users\Owner\AppData\Roaming\npm\node_modules\appium\node_modules\appium-uiautomator2-server\apks\appium-uiautomator2-server-v4.24.0.apk' and test from 'C:\Users\Owner\AppData\Roaming\npm\node_modules\appium\node_modules\appium-uiautomator2-server\apks\appium-uiautomator2-server-debug-androidTest.apk'
[35m[UiAutomator2][39m Waiting up to 30000ms for UiAutomator2 to be online...
[35m[WD Proxy][39m socket hang up
[35m[WD Proxy][39m socket hang up
[35m[WD Proxy][39m socket hang up
[35m[WD Proxy][39m Determined the downstream protocol as 'W3C'
[35m[AndroidDriver][39m Screen already unlocked, doing nothing
[35m[UiAutomator2][39m Starting 'com.android.settings/.Settings and waiting for 'com.android.settings/.Settings'
[35m[Appium][39m New AndroidUiautomator2Driver session created successfully, session 636bbbe0-b85a-4a62-af57-dedc60f228bd added to master session list
[35m[HTTP][39m [37m<-- POST /wd/hub/session [39m[32m200[39m [90m12070 ms - 1155[39m
[35m[HTTP][39m [90m[39m
[35m[HTTP][39m [37m-->[39m [37mGET[39m [37m/wd/hub/session/636bbbe0-b85a-4a62-af57-dedc60f228bd[39m
[35m[HTTP][39m [90m{}[39m
[35m[HTTP][39m [37m<-- GET /wd/hub/session/636bbbe0-b85a-4a62-af57-dedc60f228bd [39m[32m200[39m [90m21 ms - 1109[39m
[35m[HTTP][39m [90m[39m
[35m[HTTP][39m [37m-->[39m [37mGET[39m [37m/wd/hub/session/636bbbe0-b85a-4a62-af57-dedc60f228bd[39m
[35m[HTTP][39m [90m{}[39m
[35m[HTTP][39m [37m<-- GET /wd/hub/session/636bbbe0-b85a-4a62-af57-dedc60f228bd [39m[32m200[39m [90m22 ms - 1109[39m
[35m[HTTP][39m [90m[39m
[35m[HTTP][39m [37m-->[39m [37mGET[39m [37m/wd/hub/status[39m
[35m[HTTP][39m [90m{}[39m
[35m[HTTP][39m [37m<-- GET /wd/hub/status [39m[32m200[39m [90m1 ms - 68[39m
[35m[HTTP][39m [90m[39m
[35m[HTTP][39m [37m-->[39m [37mPOST[39m [37m/wd/hub/session/636bbbe0-b85a-4a62-af57-dedc60f228bd/timeouts[39m
[35m[HTTP][39m [90m{"implicit":60000}[39m
[35m[HTTP][39m [37m<-- POST /wd/hub/session/636bbbe0-b85a-4a62-af57-dedc60f228bd/timeouts [39m[32m200[39m [90m2 ms - 14[39m
[35m[HTTP][39m [90m[39m
[35m[HTTP][39m [37m-->[39m [37mGET[39m [37m/wd/hub/session/636bbbe0-b85a-4a62-af57-dedc60f228bd/screenshot[39m
[35m[HTTP][39m [90m{}[39m
[35m[HTTP][39m [37m<-- GET /wd/hub/session/636bbbe0-b85a-4a62-af57-dedc60f228bd/screenshot [39m[32m200[39m [90m531 ms - 123922[39m
[35m[HTTP][39m [90m[39m
[35m[HTTP][39m [37m-->[39m [37mGET[39m [37m/wd/hub/session/636bbbe0-b85a-4a62-af57-dedc60f228bd/window/rect[39m
[35m[HTTP][39m [90m{}[39m
[35m[HTTP][39m [37m<-- GET /wd/hub/session/636bbbe0-b85a-4a62-af57-dedc60f228bd/window/rect [39m[32m200[39m [90m33 ms - 49[39m
[35m[HTTP][39m [90m[39m
[35m[HTTP][39m [37m-->[39m [37mGET[39m [37m/wd/hub/session/636bbbe0-b85a-4a62-af57-dedc60f228bd/appium/device/system_bars[39m
[35m[HTTP][39m [90m{}[39m
[35m[HTTP][39m [37m<-- GET /wd/hub/session/636bbbe0-b85a-4a62-af57-dedc60f228bd/appium/device/system_bars [39m[32m200[39m [90m185 ms - 145[39m
[35m[HTTP][39m [90m[39m
[35m[HTTP][39m [37m-->[39m [37mPOST[39m [37m/wd/hub/session/636bbbe0-b85a-4a62-af57-dedc60f228bd/appium/device/activate_app[39m
[35m[HTTP][39m [90m{"bundleId":"id.co.miraeasset.sageclub"}[39m
[35m[HTTP][39m [37m<-- POST /wd/hub/session/636bbbe0-b85a-4a62-af57-dedc60f228bd/appium/device/activate_app [39m[32m200[39m [90m1098 ms - 14[39m
[35m[HTTP][39m [90m[39m
[35m[HTTP][39m [37m-->[39m [37mPOST[39m [37m/wd/hub/session/636bbbe0-b85a-4a62-af57-dedc60f228bd/timeouts[39m
[35m[HTTP][39m [90m{"implicit":50}[39m
[35m[HTTP][39m [37m<-- POST /wd/hub/session/636bbbe0-b85a-4a62-af57-dedc60f228bd/timeouts [39m[32m200[39m [90m1 ms - 14[39m
[35m[HTTP][39m [90m[39m
[35m[HTTP][39m [37m-->[39m [37mGET[39m [37m/wd/hub/session/636bbbe0-b85a-4a62-af57-dedc60f228bd/window/rect[39m
[35m[HTTP][39m [90m{}[39m
[35m[HTTP][39m [37m<-- GET /wd/hub/session/636bbbe0-b85a-4a62-af57-dedc60f228bd/window/rect [39m[32m200[39m [90m41 ms - 49[39m
[35m[HTTP][39m [90m[39m
[35m[HTTP][39m [37m-->[39m [37mPOST[39m [37m/wd/hub/session/636bbbe0-b85a-4a62-af57-dedc60f228bd/elements[39m
[35m[HTTP][39m [90m{"using":"xpath","value":"//hierarchy/android.widget.FrameLayout[1]/android.widget.LinearLayout[1]/android.widget.FrameLayout[1]/android.widget.FrameLayout[1]/android.widget.FrameLayout[1]/android.widget.FrameLayout[1]/android.view.View[1]/android.view.View[1]/android.view.View[1]/android.view.View[1]/android.widget.Button[1]"}[39m
[35m[HTTP][39m [37m<-- POST /wd/hub/session/636bbbe0-b85a-4a62-af57-dedc60f228bd/elements [39m[32m200[39m [90m177 ms - 139[39m
[35m[HTTP][39m [90m[39m
[35m[HTTP][39m [37m-->[39m [37mGET[39m [37m/wd/hub/session/636bbbe0-b85a-4a62-af57-dedc60f228bd/element/00000000-0000-01e4-0000-000700000005/location[39m
[35m[HTTP][39m [90m{}[39m
[35m[W3C (636bbbe0)][39m Driver proxy active, passing request on via HTTP proxy
[35m[WD Proxy][39m Replacing sessionId 525edf77-0bd5-434b-b4f6-c4d681c98378 with 636bbbe0-b85a-4a62-af57-dedc60f228bd
[35m[HTTP][39m [37m<-- GET /wd/hub/session/636bbbe0-b85a-4a62-af57-dedc60f228bd/element/00000000-0000-01e4-0000-000700000005/location [39m[32m200[39m [90m31 ms - 77[39m
[35m[HTTP][39m [90m[39m
[35m[HTTP][39m [37m-->[39m [37mPOST[39m [37m/wd/hub/session/636bbbe0-b85a-4a62-af57-dedc60f228bd/timeouts[39m
[35m[HTTP][39m [90m{"implicit":60000}[39m
[35m[HTTP][39m [37m<-- POST /wd/hub/session/636bbbe0-b85a-4a62-af57-dedc60f228bd/timeouts [39m[32m200[39m [90m1 ms - 14[39m
[35m[HTTP][39m [90m[39m
[35m[HTTP][39m [37m-->[39m [37mPOST[39m [37m/wd/hub/session/636bbbe0-b85a-4a62-af57-dedc60f228bd/timeouts[39m
[35m[HTTP][39m [90m{"implicit":50}[39m
[35m[HTTP][39m [37m<-- POST /wd/hub/session/636bbbe0-b85a-4a62-af57-dedc60f228bd/timeouts [39m[32m200[39m [90m1 ms - 14[39m
[35m[HTTP][39m [90m[39m
[35m[HTTP][39m [37m-->[39m [37mGET[39m [37m/wd/hub/session/636bbbe0-b85a-4a62-af57-dedc60f228bd/window/rect[39m
[35m[HTTP][39m [90m{}[39m
[35m[HTTP][39m [37m<-- GET /wd/hub/session/636bbbe0-b85a-4a62-af57-dedc60f228bd/window/rect [39m[32m200[39m [90m20 ms - 49[39m
[35m[HTTP][39m [90m[39m
[35m[HTTP][39m [37m-->[39m [37mPOST[39m [37m/wd/hub/session/636bbbe0-b85a-4a62-af57-dedc60f228bd/elements[39m
[35m[HTTP][39m [90m{"using":"xpath","value":"//hierarchy/android.widget.FrameLayout[1]/android.widget.LinearLayout[1]/android.widget.FrameLayout[1]/android.widget.FrameLayout[1]/android.widget.FrameLayout[1]/android.widget.FrameLayout[1]/android.view.View[1]/android.view.View[1]/android.view.View[1]/android.view.View[1]/android.widget.EditText[1]"}[39m
[35m[HTTP][39m [37m<-- POST /wd/hub/session/636bbbe0-b85a-4a62-af57-dedc60f228bd/elements [39m[32m200[39m [90m111 ms - 139[39m
[35m[HTTP][39m [90m[39m
[35m[HTTP][39m [37m-->[39m [37mGET[39m [37m/wd/hub/session/636bbbe0-b85a-4a62-af57-dedc60f228bd/element/00000000-0000-01e4-0000-000400000005/location[39m
[35m[HTTP][39m [90m{}[39m
[35m[W3C (636bbbe0)][39m Driver proxy active, passing request on via HTTP proxy
[35m[WD Proxy][39m Replacing sessionId 525edf77-0bd5-434b-b4f6-c4d681c98378 with 636bbbe0-b85a-4a62-af57-dedc60f228bd
[35m[HTTP][39m [37m<-- GET /wd/hub/session/636bbbe0-b85a-4a62-af57-dedc60f228bd/element/00000000-0000-01e4-0000-000400000005/location [39m[32m200[39m [90m24 ms - 77[39m
[35m[HTTP][39m [90m[39m
[35m[HTTP][39m [37m-->[39m [37mPOST[39m [37m/wd/hub/session/636bbbe0-b85a-4a62-af57-dedc60f228bd/timeouts[39m
[35m[HTTP][39m [90m{"implicit":60000}[39m
[35m[HTTP][39m [37m<-- POST /wd/hub/session/636bbbe0-b85a-4a62-af57-dedc60f228bd/timeouts [39m[32m200[39m [90m1 ms - 14[39m
[35m[HTTP][39m [90m[39m
[35m[HTTP][39m [37m-->[39m [37mPOST[39m [37m/wd/hub/session/636bbbe0-b85a-4a62-af57-dedc60f228bd/touch/perform[39m
[35m[HTTP][39m [90m{"actions":[{"action":"tap","options":{"x":1,"y":1,"element":"00000000-0000-01e4-0000-000400000005"}},{"action":"release","options":{}}]}[39m
[35m[UiAutomator2][39m calling get location: 00000000-0000-01e4-0000-000400000005
[35m[HTTP][39m [37m<-- POST /wd/hub/session/636bbbe0-b85a-4a62-af57-dedc60f228bd/touch/perform [39m[32m200[39m [90m255 ms - 14[39m
[35m[HTTP][39m [90m[39m
[35m[HTTP][39m [37m-->[39m [37mPOST[39m [37m/wd/hub/session/636bbbe0-b85a-4a62-af57-dedc60f228bd/timeouts[39m
[35m[HTTP][39m [90m{"implicit":50}[39m
[35m[HTTP][39m [37m<-- POST /wd/hub/session/636bbbe0-b85a-4a62-af57-dedc60f228bd/timeouts [39m[32m200[39m [90m1 ms - 14[39m
[35m[HTTP][39m [90m[39m
[35m[HTTP][39m [37m-->[39m [37mGET[39m [37m/wd/hub/session/636bbbe0-b85a-4a62-af57-dedc60f228bd/window/rect[39m
[35m[HTTP][39m [90m{}[39m
[35m[HTTP][39m [37m<-- GET /wd/hub/session/636bbbe0-b85a-4a62-af57-dedc60f228bd/window/rect [39m[32m200[39m [90m43 ms - 49[39m
[35m[HTTP][39m [90m[39m
[35m[HTTP][39m [37m-->[39m [37mPOST[39m [37m/wd/hub/session/636bbbe0-b85a-4a62-af57-dedc60f228bd/elements[39m
[35m[HTTP][39m [90m{"using":"xpath","value":"//hierarchy/android.widget.FrameLayout[1]/android.widget.LinearLayout[1]/android.widget.FrameLayout[1]/android.widget.FrameLayout[1]/android.widget.FrameLayout[1]/android.widget.FrameLayout[1]/android.view.View[1]/android.view.View[1]/android.view.View[1]/android.view.View[1]/android.widget.EditText[1]"}[39m
[35m[HTTP][39m [37m<-- POST /wd/hub/session/636bbbe0-b85a-4a62-af57-dedc60f228bd/elements [39m[32m200[39m [90m472 ms - 139[39m
[35m[HTTP][39m [90m[39m
[35m[HTTP][39m [37m-->[39m [37mGET[39m [37m/wd/hub/session/636bbbe0-b85a-4a62-af57-dedc60f228bd/element/00000000-0000-01e4-0000-000400000005/location[39m
[35m[HTTP][39m [90m{}[39m
[35m[W3C (636bbbe0)][39m Driver proxy active, passing request on via HTTP proxy
[35m[WD Proxy][39m Replacing sessionId 525edf77-0bd5-434b-b4f6-c4d681c98378 with 636bbbe0-b85a-4a62-af57-dedc60f228bd
[35m[HTTP][39m [37m<-- GET /wd/hub/session/636bbbe0-b85a-4a62-af57-dedc60f228bd/element/00000000-0000-01e4-0000-000400000005/location [39m[32m200[39m [90m38 ms - 77[39m
[35m[HTTP][39m [90m[39m
[35m[HTTP][39m [37m-->[39m [37mPOST[39m [37m/wd/hub/session/636bbbe0-b85a-4a62-af57-dedc60f228bd/timeouts[39m
[35m[HTTP][39m [90m{"implicit":60000}[39m
[35m[HTTP][39m [37m<-- POST /wd/hub/session/636bbbe0-b85a-4a62-af57-dedc60f228bd/timeouts [39m[32m200[39m [90m1 ms - 14[39m
[35m[HTTP][39m [90m[39m
[35m[HTTP][39m [37m-->[39m [37mPOST[39m [37m/wd/hub/session/636bbbe0-b85a-4a62-af57-dedc60f228bd/element/00000000-0000-01e4-0000-000400000005/clear[39m
[35m[HTTP][39m [90m{"id":"00000000-0000-01e4-0000-000400000005"}[39m
[35m[HTTP][39m [37m<-- POST /wd/hub/session/636bbbe0-b85a-4a62-af57-dedc60f228bd/element/00000000-0000-01e4-0000-000400000005/clear [39m[32m200[39m [90m50 ms - 14[39m
[35m[HTTP][39m [90m[39m
[35m[HTTP][39m [37m-->[39m [37mPOST[39m [37m/wd/hub/session/636bbbe0-b85a-4a62-af57-dedc60f228bd/element/00000000-0000-01e4-0000-000400000005/value[39m
[35m[HTTP][39m [90m{"id":"00000000-0000-01e4-0000-000400000005","text":"anggaaditya","value":["a","n","g","g","a","a","d","i","t","y","a"]}[39m
[35m[HTTP][39m [37m<-- POST /wd/hub/session/636bbbe0-b85a-4a62-af57-dedc60f228bd/element/00000000-0000-01e4-0000-000400000005/value [39m[32m200[39m [90m88 ms - 14[39m
[35m[HTTP][39m [90m[39m
[35m[HTTP][39m [37m-->[39m [37mGET[39m [37m/wd/hub/session/636bbbe0-b85a-4a62-af57-dedc60f228bd/context[39m
[35m[HTTP][39m [90m{}[39m
[35m[HTTP][39m [37m<-- GET /wd/hub/session/636bbbe0-b85a-4a62-af57-dedc60f228bd/context [39m[32m200[39m [90m1 ms - 22[39m
[35m[HTTP][39m [90m[39m
[35m[HTTP][39m [37m-->[39m [37mGET[39m [37m/wd/hub/session/636bbbe0-b85a-4a62-af57-dedc60f228bd/contexts[39m
[35m[HTTP][39m [90m{}[39m
[35m[HTTP][39m [37m<-- GET /wd/hub/session/636bbbe0-b85a-4a62-af57-dedc60f228bd/contexts [39m[32m200[39m [90m153 ms - 24[39m
[35m[HTTP][39m [90m[39m
[35m[HTTP][39m [37m-->[39m [37mPOST[39m [37m/wd/hub/session/636bbbe0-b85a-4a62-af57-dedc60f228bd/context[39m
[35m[HTTP][39m [90m{"name":"NATIVE_APP"}[39m
[35m[HTTP][39m [37m<-- POST /wd/hub/session/636bbbe0-b85a-4a62-af57-dedc60f228bd/context [39m[32m200[39m [90m1 ms - 14[39m
[35m[HTTP][39m [90m[39m
[35m[HTTP][39m [37m-->[39m [37mPOST[39m [37m/wd/hub/session/636bbbe0-b85a-4a62-af57-dedc60f228bd/appium/device/hide_keyboard[39m
[35m[HTTP][39m [90m{}[39m
[35m[HTTP][39m [37m<-- POST /wd/hub/session/636bbbe0-b85a-4a62-af57-dedc60f228bd/appium/device/hide_keyboard [39m[32m200[39m [90m3477 ms - 14[39m
[35m[HTTP][39m [90m[39m
[35m[HTTP][39m [37m-->[39m [37mPOST[39m [37m/wd/hub/session/636bbbe0-b85a-4a62-af57-dedc60f228bd/context[39m
[35m[HTTP][39m [90m{"name":"NATIVE_APP"}[39m
[35m[HTTP][39m [37m<-- POST /wd/hub/session/636bbbe0-b85a-4a62-af57-dedc60f228bd/context [39m[32m200[39m [90m1 ms - 14[39m
[35m[HTTP][39m [90m[39m
[35m[HTTP][39m [37m-->[39m [37mPOST[39m [37m/wd/hub/session/636bbbe0-b85a-4a62-af57-dedc60f228bd/timeouts[39m
[35m[HTTP][39m [90m{"implicit":50}[39m
[35m[HTTP][39m [37m<-- POST /wd/hub/session/636bbbe0-b85a-4a62-af57-dedc60f228bd/timeouts [39m[32m200[39m [90m1 ms - 14[39m
[35m[HTTP][39m [90m[39m
[35m[HTTP][39m [37m-->[39m [37mGET[39m [37m/wd/hub/session/636bbbe0-b85a-4a62-af57-dedc60f228bd/window/rect[39m
[35m[HTTP][39m [90m{}[39m
[35m[HTTP][39m [37m<-- GET /wd/hub/session/636bbbe0-b85a-4a62-af57-dedc60f228bd/window/rect [39m[32m200[39m [90m23 ms - 49[39m
[35m[HTTP][39m [90m[39m
[35m[HTTP][39m [37m-->[39m [37mPOST[39m [37m/wd/hub/session/636bbbe0-b85a-4a62-af57-dedc60f228bd/elements[39m
[35m[HTTP][39m [90m{"using":"xpath","value":"//hierarchy/android.widget.FrameLayout[1]/android.widget.LinearLayout[1]/android.widget.FrameLayout[1]/android.widget.FrameLayout[1]/android.widget.FrameLayout[1]/android.widget.FrameLayout[1]/android.view.View[1]/android.view.View[1]/android.view.View[1]/android.view.View[1]/android.widget.EditText[2]"}[39m
[35m[HTTP][39m [37m<-- POST /wd/hub/session/636bbbe0-b85a-4a62-af57-dedc60f228bd/elements [39m[32m200[39m [90m112 ms - 139[39m
[35m[HTTP][39m [90m[39m
[35m[HTTP][39m [37m-->[39m [37mGET[39m [37m/wd/hub/session/636bbbe0-b85a-4a62-af57-dedc60f228bd/element/00000000-0000-01e4-0000-000500000005/location[39m
[35m[HTTP][39m [90m{}[39m
[35m[W3C (636bbbe0)][39m Driver proxy active, passing request on via HTTP proxy
[35m[WD Proxy][39m Replacing sessionId 525edf77-0bd5-434b-b4f6-c4d681c98378 with 636bbbe0-b85a-4a62-af57-dedc60f228bd
[35m[HTTP][39m [37m<-- GET /wd/hub/session/636bbbe0-b85a-4a62-af57-dedc60f228bd/element/00000000-0000-01e4-0000-000500000005/location [39m[32m200[39m [90m25 ms - 77[39m
[35m[HTTP][39m [90m[39m
[35m[HTTP][39m [37m-->[39m [37mPOST[39m [37m/wd/hub/session/636bbbe0-b85a-4a62-af57-dedc60f228bd/timeouts[39m
[35m[HTTP][39m [90m{"implicit":60000}[39m
[35m[HTTP][39m [37m<-- POST /wd/hub/session/636bbbe0-b85a-4a62-af57-dedc60f228bd/timeouts [39m[32m200[39m [90m1 ms - 14[39m
[35m[HTTP][39m [90m[39m
[35m[HTTP][39m [37m-->[39m [37mPOST[39m [37m/wd/hub/session/636bbbe0-b85a-4a62-af57-dedc60f228bd/touch/perform[39m
[35m[HTTP][39m [90m{"actions":[{"action":"tap","options":{"x":1,"y":1,"element":"00000000-0000-01e4-0000-000500000005"}},{"action":"release","options":{}}]}[39m
[35m[UiAutomator2][39m calling get location: 00000000-0000-01e4-0000-000500000005
[35m[HTTP][39m [37m<-- POST /wd/hub/session/636bbbe0-b85a-4a62-af57-dedc60f228bd/touch/perform [39m[32m200[39m [90m207 ms - 14[39m
[35m[HTTP][39m [90m[39m
[35m[HTTP][39m [37m-->[39m [37mPOST[39m [37m/wd/hub/session/636bbbe0-b85a-4a62-af57-dedc60f228bd/timeouts[39m
[35m[HTTP][39m [90m{"implicit":50}[39m
[35m[HTTP][39m [37m<-- POST /wd/hub/session/636bbbe0-b85a-4a62-af57-dedc60f228bd/timeouts [39m[32m200[39m [90m1 ms - 14[39m
[35m[HTTP][39m [90m[39m
[35m[HTTP][39m [37m-->[39m [37mGET[39m [37m/wd/hub/session/636bbbe0-b85a-4a62-af57-dedc60f228bd/window/rect[39m
[35m[HTTP][39m [90m{}[39m
[35m[HTTP][39m [37m<-- GET /wd/hub/session/636bbbe0-b85a-4a62-af57-dedc60f228bd/window/rect [39m[32m200[39m [90m27 ms - 49[39m
[35m[HTTP][39m [90m[39m
[35m[HTTP][39m [37m-->[39m [37mPOST[39m [37m/wd/hub/session/636bbbe0-b85a-4a62-af57-dedc60f228bd/elements[39m
[35m[HTTP][39m [90m{"using":"xpath","value":"//hierarchy/android.widget.FrameLayout[1]/android.widget.LinearLayout[1]/android.widget.FrameLayout[1]/android.widget.FrameLayout[1]/android.widget.FrameLayout[1]/android.widget.FrameLayout[1]/android.view.View[1]/android.view.View[1]/android.view.View[1]/android.view.View[1]/android.widget.EditText[2]"}[39m
[35m[HTTP][39m [37m<-- POST /wd/hub/session/636bbbe0-b85a-4a62-af57-dedc60f228bd/elements [39m[32m200[39m [90m395 ms - 139[39m
[35m[HTTP][39m [90m[39m
[35m[HTTP][39m [37m-->[39m [37mGET[39m [37m/wd/hub/session/636bbbe0-b85a-4a62-af57-dedc60f228bd/element/00000000-0000-01e4-0000-000500000005/location[39m
[35m[HTTP][39m [90m{}[39m
[35m[W3C (636bbbe0)][39m Driver proxy active, passing request on via HTTP proxy
[35m[WD Proxy][39m Replacing sessionId 525edf77-0bd5-434b-b4f6-c4d681c98378 with 636bbbe0-b85a-4a62-af57-dedc60f228bd
[35m[HTTP][39m [37m<-- GET /wd/hub/session/636bbbe0-b85a-4a62-af57-dedc60f228bd/element/00000000-0000-01e4-0000-000500000005/location [39m[32m200[39m [90m25 ms - 77[39m
[35m[HTTP][39m [90m[39m
[35m[HTTP][39m [37m-->[39m [37mPOST[39m [37m/wd/hub/session/636bbbe0-b85a-4a62-af57-dedc60f228bd/timeouts[39m
[35m[HTTP][39m [90m{"implicit":60000}[39m
[35m[HTTP][39m [37m<-- POST /wd/hub/session/636bbbe0-b85a-4a62-af57-dedc60f228bd/timeouts [39m[32m200[39m [90m1 ms - 14[39m
[35m[HTTP][39m [90m[39m
[35m[HTTP][39m [37m-->[39m [37mPOST[39m [37m/wd/hub/session/636bbbe0-b85a-4a62-af57-dedc60f228bd/element/00000000-0000-01e4-0000-000500000005/clear[39m
[35m[HTTP][39m [90m{"id":"00000000-0000-01e4-0000-000500000005"}[39m
[35m[HTTP][39m [37m<-- POST /wd/hub/session/636bbbe0-b85a-4a62-af57-dedc60f228bd/element/00000000-0000-01e4-0000-000500000005/clear [39m[32m200[39m [90m30 ms - 14[39m
[35m[HTTP][39m [90m[39m
[35m[HTTP][39m [37m-->[39m [37mPOST[39m [37m/wd/hub/session/636bbbe0-b85a-4a62-af57-dedc60f228bd/element/00000000-0000-01e4-0000-000500000005/value[39m
[35m[HTTP][39m [90m{"id":"00000000-0000-01e4-0000-000500000005","text":"Shalawa18","value":["S","h","a","l","a","w","a","1","8"]}[39m
[35m[HTTP][39m [37m<-- POST /wd/hub/session/636bbbe0-b85a-4a62-af57-dedc60f228bd/element/00000000-0000-01e4-0000-000500000005/value [39m[32m200[39m [90m80 ms - 14[39m
[35m[HTTP][39m [90m[39m
[35m[HTTP][39m [37m-->[39m [37mGET[39m [37m/wd/hub/session/636bbbe0-b85a-4a62-af57-dedc60f228bd/context[39m
[35m[HTTP][39m [90m{}[39m
[35m[HTTP][39m [37m<-- GET /wd/hub/session/636bbbe0-b85a-4a62-af57-dedc60f228bd/context [39m[32m200[39m [90m1 ms - 22[39m
[35m[HTTP][39m [90m[39m
[35m[HTTP][39m [37m-->[39m [37mGET[39m [37m/wd/hub/session/636bbbe0-b85a-4a62-af57-dedc60f228bd/contexts[39m
[35m[HTTP][39m [90m{}[39m
[35m[HTTP][39m [37m<-- GET /wd/hub/session/636bbbe0-b85a-4a62-af57-dedc60f228bd/contexts [39m[32m200[39m [90m154 ms - 24[39m
[35m[HTTP][39m [90m[39m
[35m[HTTP][39m [37m-->[39m [37mPOST[39m [37m/wd/hub/session/636bbbe0-b85a-4a62-af57-dedc60f228bd/context[39m
[35m[HTTP][39m [90m{"name":"NATIVE_APP"}[39m
[35m[HTTP][39m [37m<-- POST /wd/hub/session/636bbbe0-b85a-4a62-af57-dedc60f228bd/context [39m[32m200[39m [90m1 ms - 14[39m
[35m[HTTP][39m [90m[39m
[35m[HTTP][39m [37m-->[39m [37mPOST[39m [37m/wd/hub/session/636bbbe0-b85a-4a62-af57-dedc60f228bd/appium/device/hide_keyboard[39m
[35m[HTTP][39m [90m{}[39m
[35m[HTTP][39m [37m<-- POST /wd/hub/session/636bbbe0-b85a-4a62-af57-dedc60f228bd/appium/device/hide_keyboard [39m[32m200[39m [90m6145 ms - 14[39m
[35m[HTTP][39m [90m[39m
[35m[HTTP][39m [37m-->[39m [37mPOST[39m [37m/wd/hub/session/636bbbe0-b85a-4a62-af57-dedc60f228bd/context[39m
[35m[HTTP][39m [90m{"name":"NATIVE_APP"}[39m
[35m[HTTP][39m [37m<-- POST /wd/hub/session/636bbbe0-b85a-4a62-af57-dedc60f228bd/context [39m[32m200[39m [90m1 ms - 14[39m
[35m[HTTP][39m [90m[39m
[35m[HTTP][39m [37m-->[39m [37mPOST[39m [37m/wd/hub/session/636bbbe0-b85a-4a62-af57-dedc60f228bd/timeouts[39m
[35m[HTTP][39m [90m{"implicit":50}[39m
[35m[HTTP][39m [37m<-- POST /wd/hub/session/636bbbe0-b85a-4a62-af57-dedc60f228bd/timeouts [39m[32m200[39m [90m1 ms - 14[39m
[35m[HTTP][39m [90m[39m
[35m[HTTP][39m [37m-->[39m [37mGET[39m [37m/wd/hub/session/636bbbe0-b85a-4a62-af57-dedc60f228bd/window/rect[39m
[35m[HTTP][39m [90m{}[39m
[35m[HTTP][39m [37m<-- GET /wd/hub/session/636bbbe0-b85a-4a62-af57-dedc60f228bd/window/rect [39m[32m200[39m [90m46 ms - 49[39m
[35m[HTTP][39m [90m[39m
[35m[HTTP][39m [37m-->[39m [37mPOST[39m [37m/wd/hub/session/636bbbe0-b85a-4a62-af57-dedc60f228bd/elements[39m
[35m[HTTP][39m [90m{"using":"xpath","value":"//hierarchy/android.widget.FrameLayout[1]/android.widget.LinearLayout[1]/android.widget.FrameLayout[1]/android.widget.FrameLayout[1]/android.widget.FrameLayout[1]/android.widget.FrameLayout[1]/android.view.View[1]/android.view.View[1]/android.view.View[1]/android.view.View[1]/android.widget.Button[1]"}[39m
[35m[HTTP][39m [37m<-- POST /wd/hub/session/636bbbe0-b85a-4a62-af57-dedc60f228bd/elements [39m[32m200[39m [90m103 ms - 139[39m
[35m[HTTP][39m [90m[39m
[35m[HTTP][39m [37m-->[39m [37mGET[39m [37m/wd/hub/session/636bbbe0-b85a-4a62-af57-dedc60f228bd/element/00000000-0000-01e4-0000-000700000005/location[39m
[35m[HTTP][39m [90m{}[39m
[35m[W3C (636bbbe0)][39m Driver proxy active, passing request on via HTTP proxy
[35m[WD Proxy][39m Replacing sessionId 525edf77-0bd5-434b-b4f6-c4d681c98378 with 636bbbe0-b85a-4a62-af57-dedc60f228bd
[35m[HTTP][39m [37m<-- GET /wd/hub/session/636bbbe0-b85a-4a62-af57-dedc60f228bd/element/00000000-0000-01e4-0000-000700000005/location [39m[32m200[39m [90m29 ms - 77[39m
[35m[HTTP][39m [90m[39m
[35m[HTTP][39m [37m-->[39m [37mPOST[39m [37m/wd/hub/session/636bbbe0-b85a-4a62-af57-dedc60f228bd/timeouts[39m
[35m[HTTP][39m [90m{"implicit":60000}[39m
[35m[HTTP][39m [37m<-- POST /wd/hub/session/636bbbe0-b85a-4a62-af57-dedc60f228bd/timeouts [39m[32m200[39m [90m1 ms - 14[39m
[35m[HTTP][39m [90m[39m
[35m[HTTP][39m [37m-->[39m [37mPOST[39m [37m/wd/hub/session/636bbbe0-b85a-4a62-af57-dedc60f228bd/touch/perform[39m
[35m[HTTP][39m [90m{"actions":[{"action":"tap","options":{"x":1,"y":1,"element":"00000000-0000-01e4-0000-000700000005"}},{"action":"release","options":{}}]}[39m
[35m[UiAutomator2][39m calling get location: 00000000-0000-01e4-0000-000700000005
[35m[HTTP][39m [37m<-- POST /wd/hub/session/636bbbe0-b85a-4a62-af57-dedc60f228bd/touch/perform [39m[32m200[39m [90m735 ms - 14[39m
[35m[HTTP][39m [90m[39m
[35m[HTTP][39m [37m-->[39m [37mPOST[39m [37m/wd/hub/session/636bbbe0-b85a-4a62-af57-dedc60f228bd/timeouts[39m
[35m[HTTP][39m [90m{"implicit":50}[39m
[35m[HTTP][39m [37m<-- POST /wd/hub/session/636bbbe0-b85a-4a62-af57-dedc60f228bd/timeouts [39m[32m200[39m [90m1 ms - 14[39m
[35m[HTTP][39m [90m[39m
[35m[HTTP][39m [37m-->[39m [37mGET[39m [37m/wd/hub/session/636bbbe0-b85a-4a62-af57-dedc60f228bd/window/rect[39m
[35m[HTTP][39m [90m{}[39m
[35m[HTTP][39m [37m<-- GET /wd/hub/session/636bbbe0-b85a-4a62-af57-dedc60f228bd/window/rect [39m[32m200[39m [90m51 ms - 49[39m
[35m[HTTP][39m [90m[39m
[35m[HTTP][39m [37m-->[39m [37mPOST[39m [37m/wd/hub/session/636bbbe0-b85a-4a62-af57-dedc60f228bd/elements[39m
[35m[HTTP][39m [90m{"using":"xpath","value":"//hierarchy/android.widget.FrameLayout[1]/android.widget.LinearLayout[1]/android.widget.FrameLayout[1]/android.widget.FrameLayout[1]/android.widget.FrameLayout[1]/android.widget.FrameLayout[1]/android.view.View[1]/android.view.View[1]/android.view.View[1]/android.view.View[1]/android.view.View[3]/android.widget.ImageView[4]"}[39m
[35m[HTTP][39m [37m<-- POST /wd/hub/session/636bbbe0-b85a-4a62-af57-dedc60f228bd/elements [39m[32m200[39m [90m450 ms - 139[39m
[35m[HTTP][39m [90m[39m
[35m[HTTP][39m [37m-->[39m [37mGET[39m [37m/wd/hub/session/636bbbe0-b85a-4a62-af57-dedc60f228bd/element/00000000-0000-01e4-0000-002100000005/location[39m
[35m[HTTP][39m [90m{}[39m
[35m[W3C (636bbbe0)][39m Driver proxy active, passing request on via HTTP proxy
[35m[WD Proxy][39m Replacing sessionId 525edf77-0bd5-434b-b4f6-c4d681c98378 with 636bbbe0-b85a-4a62-af57-dedc60f228bd
[35m[HTTP][39m [37m<-- GET /wd/hub/session/636bbbe0-b85a-4a62-af57-dedc60f228bd/element/00000000-0000-01e4-0000-002100000005/location [39m[32m200[39m [90m35 ms - 79[39m
[35m[HTTP][39m [90m[39m
[35m[HTTP][39m [37m-->[39m [37mPOST[39m [37m/wd/hub/session/636bbbe0-b85a-4a62-af57-dedc60f228bd/timeouts[39m
[35m[HTTP][39m [90m{"implicit":60000}[39m
[35m[HTTP][39m [37m<-- POST /wd/hub/session/636bbbe0-b85a-4a62-af57-dedc60f228bd/timeouts [39m[32m200[39m [90m1 ms - 14[39m
[35m[HTTP][39m [90m[39m
[35m[HTTP][39m [37m-->[39m [37mPOST[39m [37m/wd/hub/session/636bbbe0-b85a-4a62-af57-dedc60f228bd/touch/perform[39m
[35m[HTTP][39m [90m{"actions":[{"action":"tap","options":{"x":1,"y":1,"element":"00000000-0000-01e4-0000-002100000005"}},{"action":"release","options":{}}]}[39m
[35m[UiAutomator2][39m calling get location: 00000000-0000-01e4-0000-002100000005
[35m[HTTP][39m [37m<-- POST /wd/hub/session/636bbbe0-b85a-4a62-af57-dedc60f228bd/touch/perform [39m[32m200[39m [90m244 ms - 14[39m
[35m[HTTP][39m [90m[39m
[35m[HTTP][39m [37m-->[39m [37mGET[39m [37m/wd/hub/session/636bbbe0-b85a-4a62-af57-dedc60f228bd/context[39m
[35m[HTTP][39m [90m{}[39m
[35m[HTTP][39m [37m<-- GET /wd/hub/session/636bbbe0-b85a-4a62-af57-dedc60f228bd/context [39m[32m200[39m [90m1 ms - 22[39m
[35m[HTTP][39m [90m[39m
[35m[HTTP][39m [37m-->[39m [37mGET[39m [37m/wd/hub/session/636bbbe0-b85a-4a62-af57-dedc60f228bd/contexts[39m
[35m[HTTP][39m [90m{}[39m
[35m[HTTP][39m [37m<-- GET /wd/hub/session/636bbbe0-b85a-4a62-af57-dedc60f228bd/contexts [39m[32m200[39m [90m144 ms - 24[39m
[35m[HTTP][39m [90m[39m
[35m[HTTP][39m [37m-->[39m [37mPOST[39m [37m/wd/hub/session/636bbbe0-b85a-4a62-af57-dedc60f228bd/context[39m
[35m[HTTP][39m [90m{"name":"NATIVE_APP"}[39m
[35m[HTTP][39m [37m<-- POST /wd/hub/session/636bbbe0-b85a-4a62-af57-dedc60f228bd/context [39m[32m200[39m [90m1 ms - 14[39m
[35m[HTTP][39m [90m[39m
[35m[HTTP][39m [37m-->[39m [37mGET[39m [37m/wd/hub/session/636bbbe0-b85a-4a62-af57-dedc60f228bd/window/rect[39m
[35m[HTTP][39m [90m{}[39m
[35m[HTTP][39m [37m<-- GET /wd/hub/session/636bbbe0-b85a-4a62-af57-dedc60f228bd/window/rect [39m[32m200[39m [90m26 ms - 49[39m
[35m[HTTP][39m [90m[39m
[35m[HTTP][39m [37m-->[39m [37mPOST[39m [37m/wd/hub/session/636bbbe0-b85a-4a62-af57-dedc60f228bd/context[39m
[35m[HTTP][39m [90m{"name":"NATIVE_APP"}[39m
[35m[HTTP][39m [37m<-- POST /wd/hub/session/636bbbe0-b85a-4a62-af57-dedc60f228bd/context [39m[32m200[39m [90m1 ms - 14[39m
[35m[HTTP][39m [90m[39m
[35m[HTTP][39m [37m-->[39m [37mGET[39m [37m/wd/hub/session/636bbbe0-b85a-4a62-af57-dedc60f228bd/context[39m
[35m[HTTP][39m [90m{}[39m
[35m[HTTP][39m [37m<-- GET /wd/hub/session/636bbbe0-b85a-4a62-af57-dedc60f228bd/context [39m[32m200[39m [90m1 ms - 22[39m
[35m[HTTP][39m [90m[39m
[35m[HTTP][39m [37m-->[39m [37mGET[39m [37m/wd/hub/session/636bbbe0-b85a-4a62-af57-dedc60f228bd/contexts[39m
[35m[HTTP][39m [90m{}[39m
[35m[HTTP][39m [37m<-- GET /wd/hub/session/636bbbe0-b85a-4a62-af57-dedc60f228bd/contexts [39m[32m200[39m [90m143 ms - 24[39m
[35m[HTTP][39m [90m[39m
[35m[HTTP][39m [37m-->[39m [37mPOST[39m [37m/wd/hub/session/636bbbe0-b85a-4a62-af57-dedc60f228bd/context[39m
[35m[HTTP][39m [90m{"name":"NATIVE_APP"}[39m
[35m[HTTP][39m [37m<-- POST /wd/hub/session/636bbbe0-b85a-4a62-af57-dedc60f228bd/context [39m[32m200[39m [90m1 ms - 14[39m
[35m[HTTP][39m [90m[39m
[35m[HTTP][39m [37m-->[39m [37mGET[39m [37m/wd/hub/session/636bbbe0-b85a-4a62-af57-dedc60f228bd/window/rect[39m
[35m[HTTP][39m [90m{}[39m
[35m[HTTP][39m [37m<-- GET /wd/hub/session/636bbbe0-b85a-4a62-af57-dedc60f228bd/window/rect [39m[32m200[39m [90m24 ms - 49[39m
[35m[HTTP][39m [90m[39m
[35m[HTTP][39m [37m-->[39m [37mPOST[39m [37m/wd/hub/session/636bbbe0-b85a-4a62-af57-dedc60f228bd/context[39m
[35m[HTTP][39m [90m{"name":"NATIVE_APP"}[39m
[35m[HTTP][39m [37m<-- POST /wd/hub/session/636bbbe0-b85a-4a62-af57-dedc60f228bd/context [39m[32m200[39m [90m1 ms - 14[39m
[35m[HTTP][39m [90m[39m
[35m[HTTP][39m [37m-->[39m [37mGET[39m [37m/wd/hub/session/636bbbe0-b85a-4a62-af57-dedc60f228bd/context[39m
[35m[HTTP][39m [90m{}[39m
[35m[HTTP][39m [37m<-- GET /wd/hub/session/636bbbe0-b85a-4a62-af57-dedc60f228bd/context [39m[32m200[39m [90m1 ms - 22[39m
[35m[HTTP][39m [90m[39m
[35m[HTTP][39m [37m-->[39m [37mGET[39m [37m/wd/hub/session/636bbbe0-b85a-4a62-af57-dedc60f228bd/contexts[39m
[35m[HTTP][39m [90m{}[39m
[35m[HTTP][39m [37m<-- GET /wd/hub/session/636bbbe0-b85a-4a62-af57-dedc60f228bd/contexts [39m[32m200[39m [90m142 ms - 24[39m
[35m[HTTP][39m [90m[39m
[35m[HTTP][39m [37m-->[39m [37mPOST[39m [37m/wd/hub/session/636bbbe0-b85a-4a62-af57-dedc60f228bd/context[39m
[35m[HTTP][39m [90m{"name":"NATIVE_APP"}[39m
[35m[HTTP][39m [37m<-- POST /wd/hub/session/636bbbe0-b85a-4a62-af57-dedc60f228bd/context [39m[32m200[39m [90m1 ms - 14[39m
[35m[HTTP][39m [90m[39m
[35m[HTTP][39m [37m-->[39m [37mPOST[39m [37m/wd/hub/session/636bbbe0-b85a-4a62-af57-dedc60f228bd/touch/perform[39m
[35m[HTTP][39m [90m{"actions":[{"action":"press","options":{"x":360,"y":1138}},{"action":"wait","options":{"ms":500}},{"action":"moveTo","options":{"x":360,"y":284}},{"action":"release","options":{}}]}[39m
[35m[HTTP][39m [37m<-- POST /wd/hub/session/636bbbe0-b85a-4a62-af57-dedc60f228bd/touch/perform [39m[32m200[39m [90m988 ms - 14[39m
[35m[HTTP][39m [90m[39m
[35m[HTTP][39m [37m-->[39m [37mPOST[39m [37m/wd/hub/session/636bbbe0-b85a-4a62-af57-dedc60f228bd/context[39m
[35m[HTTP][39m [90m{"name":"NATIVE_APP"}[39m
[35m[HTTP][39m [37m<-- POST /wd/hub/session/636bbbe0-b85a-4a62-af57-dedc60f228bd/context [39m[32m200[39m [90m1 ms - 14[39m
[35m[HTTP][39m [90m[39m
[35m[HTTP][39m [37m-->[39m [37mPOST[39m [37m/wd/hub/session/636bbbe0-b85a-4a62-af57-dedc60f228bd/appium/device/press_keycode[39m
[35m[HTTP][39m [90m{"keycode":187}[39m
[35m[HTTP][39m [37m<-- POST /wd/hub/session/636bbbe0-b85a-4a62-af57-dedc60f228bd/appium/device/press_keycode [39m[32m200[39m [90m116 ms - 14[39m
[35m[HTTP][39m [90m[39m
[35m[HTTP][39m [37m-->[39m [37mGET[39m [37m/wd/hub/session/636bbbe0-b85a-4a62-af57-dedc60f228bd/context[39m
[35m[HTTP][39m [90m{}[39m
[35m[HTTP][39m [37m<-- GET /wd/hub/session/636bbbe0-b85a-4a62-af57-dedc60f228bd/context [39m[32m200[39m [90m1 ms - 22[39m
[35m[HTTP][39m [90m[39m
[35m[HTTP][39m [37m-->[39m [37mGET[39m [37m/wd/hub/session/636bbbe0-b85a-4a62-af57-dedc60f228bd/contexts[39m
[35m[HTTP][39m [90m{}[39m
[35m[HTTP][39m [37m<-- GET /wd/hub/session/636bbbe0-b85a-4a62-af57-dedc60f228bd/contexts [39m[32m200[39m [90m138 ms - 24[39m
[35m[HTTP][39m [90m[39m
[35m[HTTP][39m [37m-->[39m [37mPOST[39m [37m/wd/hub/session/636bbbe0-b85a-4a62-af57-dedc60f228bd/context[39m
[35m[HTTP][39m [90m{"name":"NATIVE_APP"}[39m
[35m[HTTP][39m [37m<-- POST /wd/hub/session/636bbbe0-b85a-4a62-af57-dedc60f228bd/context [39m[32m200[39m [90m1 ms - 14[39m
[35m[HTTP][39m [90m[39m
[35m[HTTP][39m [37m-->[39m [37mGET[39m [37m/wd/hub/session/636bbbe0-b85a-4a62-af57-dedc60f228bd/window/rect[39m
[35m[HTTP][39m [90m{}[39m
[35m[HTTP][39m [37m<-- GET /wd/hub/session/636bbbe0-b85a-4a62-af57-dedc60f228bd/window/rect [39m[32m200[39m [90m15 ms - 49[39m
[35m[HTTP][39m [90m[39m
[35m[HTTP][39m [37m-->[39m [37mPOST[39m [37m/wd/hub/session/636bbbe0-b85a-4a62-af57-dedc60f228bd/context[39m
[35m[HTTP][39m [90m{"name":"NATIVE_APP"}[39m
[35m[HTTP][39m [37m<-- POST /wd/hub/session/636bbbe0-b85a-4a62-af57-dedc60f228bd/context [39m[32m200[39m [90m1 ms - 14[39m
[35m[HTTP][39m [90m[39m
[35m[HTTP][39m [37m-->[39m [37mGET[39m [37m/wd/hub/session/636bbbe0-b85a-4a62-af57-dedc60f228bd/context[39m
[35m[HTTP][39m [90m{}[39m
[35m[HTTP][39m [37m<-- GET /wd/hub/session/636bbbe0-b85a-4a62-af57-dedc60f228bd/context [39m[32m200[39m [90m1 ms - 22[39m
[35m[HTTP][39m [90m[39m
[35m[HTTP][39m [37m-->[39m [37mGET[39m [37m/wd/hub/session/636bbbe0-b85a-4a62-af57-dedc60f228bd/contexts[39m
[35m[HTTP][39m [90m{}[39m
[35m[HTTP][39m [37m<-- GET /wd/hub/session/636bbbe0-b85a-4a62-af57-dedc60f228bd/contexts [39m[32m200[39m [90m151 ms - 24[39m
[35m[HTTP][39m [90m[39m
[35m[HTTP][39m [37m-->[39m [37mPOST[39m [37m/wd/hub/session/636bbbe0-b85a-4a62-af57-dedc60f228bd/context[39m
[35m[HTTP][39m [90m{"name":"NATIVE_APP"}[39m
[35m[HTTP][39m [37m<-- POST /wd/hub/session/636bbbe0-b85a-4a62-af57-dedc60f228bd/context [39m[32m200[39m [90m1 ms - 14[39m
[35m[HTTP][39m [90m[39m
[35m[HTTP][39m [37m-->[39m [37mGET[39m [37m/wd/hub/session/636bbbe0-b85a-4a62-af57-dedc60f228bd/window/rect[39m
[35m[HTTP][39m [90m{}[39m
[35m[HTTP][39m [37m<-- GET /wd/hub/session/636bbbe0-b85a-4a62-af57-dedc60f228bd/window/rect [39m[32m200[39m [90m24 ms - 49[39m
[35m[HTTP][39m [90m[39m
[35m[HTTP][39m [37m-->[39m [37mPOST[39m [37m/wd/hub/session/636bbbe0-b85a-4a62-af57-dedc60f228bd/context[39m
[35m[HTTP][39m [90m{"name":"NATIVE_APP"}[39m
[35m[HTTP][39m [37m<-- POST /wd/hub/session/636bbbe0-b85a-4a62-af57-dedc60f228bd/context [39m[32m200[39m [90m1 ms - 14[39m
[35m[HTTP][39m [90m[39m
[35m[HTTP][39m [37m-->[39m [37mGET[39m [37m/wd/hub/session/636bbbe0-b85a-4a62-af57-dedc60f228bd/context[39m
[35m[HTTP][39m [90m{}[39m
[35m[HTTP][39m [37m<-- GET /wd/hub/session/636bbbe0-b85a-4a62-af57-dedc60f228bd/context [39m[32m200[39m [90m1 ms - 22[39m
[35m[HTTP][39m [90m[39m
[35m[HTTP][39m [37m-->[39m [37mGET[39m [37m/wd/hub/session/636bbbe0-b85a-4a62-af57-dedc60f228bd/contexts[39m
[35m[HTTP][39m [90m{}[39m
[35m[HTTP][39m [37m<-- GET /wd/hub/session/636bbbe0-b85a-4a62-af57-dedc60f228bd/contexts [39m[32m200[39m [90m151 ms - 24[39m
[35m[HTTP][39m [90m[39m
[35m[HTTP][39m [37m-->[39m [37mPOST[39m [37m/wd/hub/session/636bbbe0-b85a-4a62-af57-dedc60f228bd/context[39m
[35m[HTTP][39m [90m{"name":"NATIVE_APP"}[39m
[35m[HTTP][39m [37m<-- POST /wd/hub/session/636bbbe0-b85a-4a62-af57-dedc60f228bd/context [39m[32m200[39m [90m1 ms - 14[39m
[35m[HTTP][39m [90m[39m
[35m[HTTP][39m [37m-->[39m [37mPOST[39m [37m/wd/hub/session/636bbbe0-b85a-4a62-af57-dedc60f228bd/touch/perform[39m
[35m[HTTP][39m [90m{"actions":[{"action":"press","options":{"x":360,"y":853}},{"action":"wait","options":{"ms":500}},{"action":"moveTo","options":{"x":360,"y":142}},{"action":"release","options":{}}]}[39m
[35m[HTTP][39m [37m<-- POST /wd/hub/session/636bbbe0-b85a-4a62-af57-dedc60f228bd/touch/perform [39m[32m200[39m [90m1138 ms - 14[39m
[35m[HTTP][39m [90m[39m
[35m[HTTP][39m [37m-->[39m [37mPOST[39m [37m/wd/hub/session/636bbbe0-b85a-4a62-af57-dedc60f228bd/context[39m
[35m[HTTP][39m [90m{"name":"NATIVE_APP"}[39m
[35m[HTTP][39m [37m<-- POST /wd/hub/session/636bbbe0-b85a-4a62-af57-dedc60f228bd/context [39m[32m200[39m [90m1 ms - 14[39m
[35m[HTTP][39m [90m[39m
[35m[HTTP][39m [37m-->[39m [37mGET[39m [37m/wd/hub/session/636bbbe0-b85a-4a62-af57-dedc60f228bd/context[39m
[35m[HTTP][39m [90m{}[39m
[35m[HTTP][39m [37m<-- GET /wd/hub/session/636bbbe0-b85a-4a62-af57-dedc60f228bd/context [39m[32m200[39m [90m1 ms - 22[39m
[35m[HTTP][39m [90m[39m
[35m[HTTP][39m [37m-->[39m [37mGET[39m [37m/wd/hub/session/636bbbe0-b85a-4a62-af57-dedc60f228bd/contexts[39m
[35m[HTTP][39m [90m{}[39m
[35m[HTTP][39m [37m<-- GET /wd/hub/session/636bbbe0-b85a-4a62-af57-dedc60f228bd/contexts [39m[32m200[39m [90m140 ms - 24[39m
[35m[HTTP][39m [90m[39m
[35m[HTTP][39m [37m-->[39m [37mPOST[39m [37m/wd/hub/session/636bbbe0-b85a-4a62-af57-dedc60f228bd/context[39m
[35m[HTTP][39m [90m{"name":"NATIVE_APP"}[39m
[35m[HTTP][39m [37m<-- POST /wd/hub/session/636bbbe0-b85a-4a62-af57-dedc60f228bd/context [39m[32m200[39m [90m1 ms - 14[39m
[35m[HTTP][39m [90m[39m
[35m[HTTP][39m [37m-->[39m [37mPOST[39m [37m/wd/hub/session/636bbbe0-b85a-4a62-af57-dedc60f228bd/touch/perform[39m
[35m[HTTP][39m [90m{"actions":[{"action":"press","options":{"x":360,"y":853}},{"action":"wait","options":{"ms":500}},{"action":"moveTo","options":{"x":360,"y":142}},{"action":"release","options":{}}]}[39m
[35m[HTTP][39m [37m<-- POST /wd/hub/session/636bbbe0-b85a-4a62-af57-dedc60f228bd/touch/perform [39m[32m200[39m [90m1156 ms - 14[39m
[35m[HTTP][39m [90m[39m
[35m[HTTP][39m [37m-->[39m [37mPOST[39m [37m/wd/hub/session/636bbbe0-b85a-4a62-af57-dedc60f228bd/context[39m
[35m[HTTP][39m [90m{"name":"NATIVE_APP"}[39m
[35m[HTTP][39m [37m<-- POST /wd/hub/session/636bbbe0-b85a-4a62-af57-dedc60f228bd/context [39m[32m200[39m [90m1 ms - 14[39m
[35m[HTTP][39m [90m[39m
[35m[BaseDriver][39m Shutting down because we waited 1800 seconds for a command
[35m[Appium][39m Closing session, cause was 'New Command Timeout of 1800 seconds expired. Try customizing the timeout using the 'newCommandTimeout' desired capability'
[35m[Appium][39m Removing session '636bbbe0-b85a-4a62-af57-dedc60f228bd' from our master session list
[35m[UiAutomator2][39m Did not get confirmation UiAutomator2 deleteSession worked; Error was: UnknownError: An unknown server-side error occurred while processing the command. Original error: 'DELETE /' cannot be proxied to UiAutomator2 server because the instrumentation process is not running (probably crashed). Check the server log and/or the logcat output for more details
[35m[UiAutomator2][39m Restoring hidden api policy to the device default configuration
